[09:34:45] [test_log] [INFO] ----------------------------------------------------------------------------------[0m
[09:34:45] [test_log] [INFO] Epoch = 1,  loss = 1[0m
[31m[09:34:45] [test_log] [*] on train set correct[0m
[09:36:06] [test_log] [INFO] ----------------------------------------------------------------------------------[0m
[09:36:06] [test_log] [INFO] Epoch = 1,  loss = 1[0m
[31m[09:36:06] [test_log] [*] on train set correct[0m
[09:40:26] [__main__] [INFO] ----------------------------------------------------------------------------------[0m
[09:40:26] [__main__] [INFO] Epoch = 1,  loss = 1[0m
[31m[09:40:26] [__main__] [*] on train set correct[0m
[09:40:58] [__main__] [INFO] *******************************[0m
[09:40:58] [__main__] [INFO] Epoch = 1,  loss = 1[0m
[31m[09:40:58] [__main__] [*] on train set correct[0m
[09:43:52] [__main__] [INFO] *******************************[0m
[09:43:52] [__main__] [INFO] /datanew/hwb/FairMOT-master[0m
[09:43:52] [__main__] [INFO] Epoch = 1,  loss = 1[0m
[31m[09:43:52] [__main__] [*] on train set correct[0m
[33m[17:07:39] [SoftWare_main.py->main line:61] [!] The pid of mian() : 40059[0m
[33m[17:07:39] [SoftWare_main.py->main line:62] [!] The thread of mian() : <_MainThread(MainThread, started 140608034060032)>[0m
[33m[17:10:57] [SoftWare_main.py->main line:61] [!] The pid of mian() : 40669[0m
[33m[17:10:57] [SoftWare_main.py->main line:62] [!] The thread of mian() : <_MainThread(MainThread, started 139847339071232)>[0m
[33m[20:17:29] [SoftWare_main.py->main line:61] [!] The pid of mian() : 42861[0m
[33m[20:17:29] [SoftWare_main.py->main line:62] [!] The thread of mian() : <_MainThread(MainThread, started 140004084180736)>[0m
[33m[20:31:14] [SoftWare_main.py] [!] The pid of mian() : 44706[0m
[33m[20:31:14] [SoftWare_main.py] [!] The thread of mian() : <_MainThread(MainThread, started 139641567340288)>[0m
