[36m[09:46:09] [SoftWare_main.py] [>] The pid of Coordinate_transfer() : 18533[0m
[36m[09:46:09] [SoftWare_main.py] [>] The pid of Short_Track() : 18527[0m
[36m[09:47:43] [SoftWare_main.py] [>] The pid of Pose_Estimate() : 19375[0m
[36m[09:47:43] [SoftWare_main.py] [>] The pid of Coordinate_transfer() : 19364[0m
[36m[09:47:43] [SoftWare_main.py] [>] The pid of Short_Track() : 19358[0m
[36m[10:27:13] [SoftWare_main.py] [>] The pid of Pose_Estimate() : 20948[0m
[36m[10:27:13] [SoftWare_main.py] [>] The pid of Coordinate_transfer() : 20940[0m
[36m[10:27:13] [SoftWare_main.py] [>] The pid of Short_Track() : 20934[0m
[36m[10:30:05] [SoftWare_main.py] [>] The pid of Pose_Estimate() : 22165[0m
[36m[10:30:05] [SoftWare_main.py] [>] The pid of Coordinate_transfer() : 22152[0m
[36m[10:30:05] [SoftWare_main.py] [>] The pid of Short_Track() : 22146[0m
[36m[10:30:55] [SoftWare_main.py] [>] The pid of Pose_Estimate() : 23365[0m
[36m[10:30:55] [SoftWare_main.py] [>] The pid of Coordinate_transfer() : 23352[0m
[36m[10:30:55] [SoftWare_main.py] [>] The pid of Short_Track() : 23346[0m
[36m[10:45:17] [SoftWare_main.py] [>] The pid of Coordinate_transfer() : 25366[0m
[36m[10:45:17] [SoftWare_main.py] [>] The pid of Short_Track() : 25360[0m
[36m[10:45:17] [SoftWare_main.py] [>] The pid of Pose_Estimate() : 25379[0m
[36m[11:24:45] [SoftWare_main.py] [>] The pid of Pose_Estimate() : 27257[0m
[36m[11:24:45] [SoftWare_main.py] [>] The pid of Coordinate_transfer() : 27244[0m
[36m[11:24:45] [SoftWare_main.py] [>] The pid of Short_Track() : 27238[0m
[36m[11:51:58] [SoftWare_main.py] [>] The pid of Coordinate_transfer() : 28599[0m
[36m[11:51:58] [SoftWare_main.py] [>] The pid of Pose_Estimate() : 28600[0m
[36m[11:51:58] [SoftWare_main.py] [>] The pid of Short_Track() : 28598[0m
[36m[11:53:31] [SoftWare_main.py] [>] The pid of Pose_Estimate() : 29810[0m
[36m[11:53:31] [SoftWare_main.py] [>] The pid of Coordinate_transfer() : 29809[0m
[36m[11:53:31] [SoftWare_main.py] [>] The pid of Short_Track() : 29808[0m
[36m[11:54:45] [SoftWare_main.py] [>] The pid of Pose_Estimate() : 30988[0m
[36m[11:54:45] [SoftWare_main.py] [>] The pid of Coordinate_transfer() : 30987[0m
[36m[11:54:45] [SoftWare_main.py] [>] The pid of Short_Track() : 30986[0m
[36m[11:56:06] [SoftWare_main.py] [>] The pid of Short_Track() : 32423[0m
[36m[11:56:06] [SoftWare_main.py] [>] The pid of Pose_Estimate() : 32425[0m
[36m[11:56:06] [SoftWare_main.py] [>] The pid of Coordinate_transfer() : 32424[0m
[36m[11:56:33] [SoftWare_main.py] [>] The pid of Pose_Estimate() : 33533[0m
[36m[11:56:33] [SoftWare_main.py] [>] The pid of Short_Track() : 33531[0m
[36m[11:56:33] [SoftWare_main.py] [>] The pid of Coordinate_transfer() : 33532[0m
[36m[12:06:25] [SoftWare_main.py] [>] The pid of Pose_Estimate() : 37180[0m
[36m[12:06:25] [SoftWare_main.py] [>] The pid of Short_Track() : 37178[0m
[36m[12:06:25] [SoftWare_main.py] [>] The pid of Coordinate_transfer() : 37179[0m
[36m[12:08:51] [SoftWare_main.py] [>] The pid of Short_Track() : 38633[0m
[36m[12:08:51] [SoftWare_main.py] [>] The pid of Coordinate_transfer() : 38639[0m
[36m[12:08:51] [SoftWare_main.py] [>] The pid of Pose_Estimate() : 38647[0m
[36m[12:13:14] [SoftWare_main.py] [>] The pid of Short_Track() : 40392[0m
[36m[12:13:14] [SoftWare_main.py] [>] The pid of Coordinate_transfer() : 40393[0m
[36m[12:13:14] [SoftWare_main.py] [>] The pid of Pose_Estimate() : 40394[0m
[36m[15:51:37] [SoftWare_main.py] [>] The pid of Pose_Estimate() : 52846[0m
[36m[15:51:37] [SoftWare_main.py] [>] The pid of Short_Track() : 52826[0m
[36m[15:51:37] [SoftWare_main.py] [>] The pid of Coordinate_transfer() : 52833[0m
[36m[15:52:51] [SoftWare_main.py] [>] The pid of Coordinate_transfer() : 54120[0m
[36m[15:52:52] [SoftWare_main.py] [>] The pid of Short_Track() : 54119[0m
[36m[15:52:52] [SoftWare_main.py] [>] The pid of Pose_Estimate() : 54121[0m
[36m[15:54:11] [SoftWare_main.py] [>] The pid of Coordinate_transfer() : 55290[0m
[36m[15:54:11] [SoftWare_main.py] [>] The pid of Pose_Estimate() : 55291[0m
[36m[15:54:11] [SoftWare_main.py] [>] The pid of Short_Track() : 55289[0m
[34m[20:33:14] [SoftWare_main.py] [+] The pid of Pose_Estimate() : 7018[0m
[36m[20:33:14] [SoftWare_main.py] [>] The pid of Short_Track() : 7016[0m
[32m[20:33:14] [SoftWare_main.py] [-] The pid of Coordinate_transfer() : 7017[0m
[34m[20:38:54] [SoftWare_main.py] [+] The pid of Pose_Estimate() : 7870[0m
[36m[20:38:54] [SoftWare_main.py] [>] The pid of Short_Track() : 7868[0m
[32m[20:38:54] [SoftWare_main.py] [-] The pid of Coordinate_transfer() : 7869[0m
[32m[20:41:14] [SoftWare_main.py] [-] The pid of Coordinate_transfer() : 8705[0m
[36m[20:41:14] [SoftWare_main.py] [>] The pid of Short_Track() : 8704[0m
[34m[20:41:14] [SoftWare_main.py] [+] The pid of Pose_Estimate() : 8706[0m
[32m[20:42:22] [SoftWare_main.py] [-] The pid of Coordinate_transfer() : 9535[0m
[36m[20:42:22] [SoftWare_main.py] [>] The pid of Short_Track() : 9534[0m
[34m[20:42:22] [SoftWare_main.py] [+] The pid of Pose_Estimate() : 9536[0m
[34m[20:44:12] [SoftWare_main.py] [+] The pid of Pose_Estimate() : 10664[0m
[36m[20:44:12] [SoftWare_main.py] [>] The pid of Short_Track() : 10645[0m
[32m[20:44:12] [SoftWare_main.py] [-] The pid of Coordinate_transfer() : 10651[0m
[32m[20:46:28] [SoftWare_main.py] [-] The pid of Coordinate_transfer() : 12034[0m
[34m[20:46:28] [SoftWare_main.py] [+] The pid of Pose_Estimate() : 12047[0m
[36m[20:46:28] [SoftWare_main.py] [>] The pid of Short_Track() : 12028[0m
[32m[20:52:30] [SoftWare_main.py] [-] The pid of Coordinate_transfer() : 14389[0m
[34m[20:52:30] [SoftWare_main.py] [+] The pid of Pose_Estimate() : 14404[0m
[36m[20:52:30] [SoftWare_main.py] [>] The pid of Short_Track() : 14383[0m
[34m[20:57:27] [SoftWare_main.py] [+] The pid of Pose_Estimate() : 16468[0m
[36m[20:57:27] [SoftWare_main.py] [>] The pid of Short_Track() : 16449[0m
[32m[20:57:27] [SoftWare_main.py] [-] The pid of Coordinate_transfer() : 16455[0m
[32m[21:01:35] [SoftWare_main.py] [-] The pid of Coordinate_transfer() : 17323[0m
[34m[21:01:35] [SoftWare_main.py] [+] The pid of Pose_Estimate() : 17324[0m
[36m[21:01:35] [SoftWare_main.py] [>] The pid of Short_Track() : 17322[0m
[32m[21:03:56] [SoftWare_main.py] [-] The pid of Coordinate_transfer() : 18176[0m
[34m[21:03:56] [SoftWare_main.py] [+] The pid of Pose_Estimate() : 18177[0m
[36m[21:03:56] [SoftWare_main.py] [>] The pid of Short_Track() : 18175[0m
[36m[21:23:50] [SoftWare_main.py] [>] The pid of Short_Track() : 25400[0m
[34m[21:23:50] [SoftWare_main.py] [+] The pid of Pose_Estimate() : 25402[0m
[32m[21:23:50] [SoftWare_main.py] [-] The pid of Coordinate_transfer() : 25401[0m
[34m[21:24:58] [SoftWare_main.py] [+] The pid of Pose_Estimate() : 26241[0m
[36m[21:24:58] [SoftWare_main.py] [>] The pid of Short_Track() : 26239[0m
[32m[21:24:58] [SoftWare_main.py] [-] The pid of Coordinate_transfer() : 26240[0m
[32m[21:26:33] [SoftWare_main.py] [-] The pid of Coordinate_transfer() : 27082[0m
[34m[21:26:33] [SoftWare_main.py] [+] The pid of Pose_Estimate() : 27083[0m
[36m[21:26:33] [SoftWare_main.py] [>] The pid of Short_Track() : 27081[0m
[34m[21:29:08] [SoftWare_main.py] [+] The pid of Pose_Estimate() : 28653[0m
[36m[21:29:08] [SoftWare_main.py] [>] The pid of Short_Track() : 28651[0m
[32m[21:29:08] [SoftWare_main.py] [-] The pid of Coordinate_transfer() : 28652[0m
[36m[21:32:46] [SoftWare_main.py] [>] The pid of Short_Track() : 29651[0m
[34m[21:32:46] [SoftWare_main.py] [+] The pid of Pose_Estimate() : 29653[0m
[32m[21:32:46] [SoftWare_main.py] [-] The pid of Coordinate_transfer() : 29652[0m
[32m[21:41:47] [SoftWare_main.py] [-] The pid of Coordinate_transfer() : 30605[0m
[36m[21:41:47] [SoftWare_main.py] [>] The pid of Short_Track() : 30604[0m
[34m[21:41:47] [SoftWare_main.py] [+] The pid of Pose_Estimate() : 30606[0m
[36m[21:44:25] [SoftWare_main.py] [>] The pid of Short_Track() : 31467[0m
[34m[21:44:25] [SoftWare_main.py] [+] The pid of Pose_Estimate() : 31469[0m
[32m[21:44:25] [SoftWare_main.py] [-] The pid of Coordinate_transfer() : 31468[0m
[34m[21:45:24] [SoftWare_main.py] [+] The pid of Pose_Estimate() : 32311[0m
[36m[21:45:24] [SoftWare_main.py] [>] The pid of Short_Track() : 32309[0m
[32m[21:45:24] [SoftWare_main.py] [-] The pid of Coordinate_transfer() : 32310[0m
[36m[21:46:06] [SoftWare_main.py] [>] The pid of Short_Track() : 33206[0m
[34m[21:46:06] [SoftWare_main.py] [+] The pid of Pose_Estimate() : 33208[0m
[32m[21:46:06] [SoftWare_main.py] [-] The pid of Coordinate_transfer() : 33207[0m
[32m[21:46:55] [SoftWare_main.py] [-] The pid of Coordinate_transfer() : 34110[0m
[36m[21:46:55] [SoftWare_main.py] [>] The pid of Short_Track() : 34109[0m
[34m[21:46:55] [SoftWare_main.py] [+] The pid of Pose_Estimate() : 34111[0m
[36m[21:48:29] [SoftWare_main.py] [>] The pid of Short_Track() : 35006[0m
[32m[21:48:29] [SoftWare_main.py] [-] The pid of Coordinate_transfer() : 35007[0m
[34m[21:48:29] [SoftWare_main.py] [+] The pid of Pose_Estimate() : 35008[0m
[32m[21:48:52] [SoftWare_main.py] [-] The pid of Coordinate_transfer() : 35846[0m
[36m[21:48:52] [SoftWare_main.py] [>] The pid of Short_Track() : 35845[0m
[34m[21:48:52] [SoftWare_main.py] [+] The pid of Pose_Estimate() : 35847[0m
[34m[21:50:23] [SoftWare_main.py] [+] The pid of Pose_Estimate() : 36717[0m
[32m[21:50:23] [SoftWare_main.py] [-] The pid of Coordinate_transfer() : 36704[0m
[36m[21:50:23] [SoftWare_main.py] [>] The pid of Short_Track() : 36698[0m
[34m[21:51:35] [SoftWare_main.py] [+] The pid of Pose_Estimate() : 37610[0m
[32m[21:51:35] [SoftWare_main.py] [-] The pid of Coordinate_transfer() : 37597[0m
[36m[21:51:35] [SoftWare_main.py] [>] The pid of Short_Track() : 37589[0m
[36m[21:53:01] [SoftWare_main.py] [>] The pid of Short_Track() : 38499[0m
[34m[21:53:01] [SoftWare_main.py] [+] The pid of Pose_Estimate() : 38501[0m
[32m[21:53:01] [SoftWare_main.py] [-] The pid of Coordinate_transfer() : 38500[0m
[36m[21:53:06] [SoftWare_main.py] [>] The pid of Short_Track() : 38772[0m
[34m[21:53:06] [SoftWare_main.py] [+] The pid of Pose_Estimate() : 38774[0m
[32m[21:53:06] [SoftWare_main.py] [-] The pid of Coordinate_transfer() : 38773[0m
[32m[21:53:51] [SoftWare_main.py] [-] The pid of Coordinate_transfer() : 40327[0m
[34m[21:53:51] [SoftWare_main.py] [+] The pid of Pose_Estimate() : 40328[0m
[36m[21:53:51] [SoftWare_main.py] [>] The pid of Short_Track() : 40326[0m
[34m[21:54:19] [SoftWare_main.py] [+] The pid of Pose_Estimate() : 41405[0m
[32m[21:54:19] [SoftWare_main.py] [-] The pid of Coordinate_transfer() : 41404[0m
[36m[21:54:20] [SoftWare_main.py] [>] The pid of Short_Track() : 41403[0m
