[32m[11:43:14] [SoftWare_main.py] [-] The pid of Coordinate_transfer() : 17034[0m
[36m[11:43:14] [SoftWare_main.py] [>] The pid of Short_Track() : 17033[0m
[34m[11:43:15] [SoftWare_main.py] [+] The pid of Pose_Estimate() : 17035[0m
[32m[11:43:58] [SoftWare_main.py] [-] The pid of Coordinate_transfer() : 17911[0m
[34m[11:43:58] [SoftWare_main.py] [+] The pid of Pose_Estimate() : 17912[0m
[36m[11:43:59] [SoftWare_main.py] [>] The pid of Short_Track() : 17910[0m
[34m[11:47:09] [SoftWare_main.py] [+] The pid of Pose_Estimate() : 19354[0m
[32m[11:47:09] [SoftWare_main.py] [-] The pid of Coordinate_transfer() : 19353[0m
[36m[11:47:10] [SoftWare_main.py] [>] The pid of Short_Track() : 19352[0m
[34m[11:52:13] [SoftWare_main.py] [+] The pid of Pose_Estimate() : 21129[0m
[32m[11:52:13] [SoftWare_main.py] [-] The pid of Coordinate_transfer() : 21128[0m
[36m[11:52:13] [SoftWare_main.py] [>] The pid of Short_Track() : 21127[0m
[36m[11:59:40] [SoftWare_main.py] [>] The pid of Short_Track() : 23229[0m
[32m[11:59:40] [SoftWare_main.py] [-] The pid of Coordinate_transfer() : 23230[0m
[34m[11:59:40] [SoftWare_main.py] [+] The pid of Pose_Estimate() : 23231[0m
[34m[12:01:53] [SoftWare_main.py] [+] The pid of Pose_Estimate() : 24535[0m
[36m[12:01:53] [SoftWare_main.py] [>] The pid of Short_Track() : 24533[0m
[32m[12:01:53] [SoftWare_main.py] [-] The pid of Coordinate_transfer() : 24534[0m
[34m[12:22:57] [SoftWare_main.py] [+] The pid of Pose_Estimate() : 29173[0m
[36m[12:22:57] [SoftWare_main.py] [>] The pid of Short_Track() : 29171[0m
[32m[12:22:57] [SoftWare_main.py] [-] The pid of Coordinate_transfer() : 29172[0m
[36m[12:23:36] [SoftWare_main.py] [>] The pid of Short_Track() : 30084[0m
[32m[12:23:36] [SoftWare_main.py] [-] The pid of Coordinate_transfer() : 30085[0m
[34m[12:23:37] [SoftWare_main.py] [+] The pid of Pose_Estimate() : 30086[0m
[36m[12:24:52] [SoftWare_main.py] [>] The pid of Short_Track() : 31121[0m
[34m[12:24:53] [SoftWare_main.py] [+] The pid of Pose_Estimate() : 31123[0m
[32m[12:24:53] [SoftWare_main.py] [-] The pid of Coordinate_transfer() : 31122[0m
[32m[12:45:40] [SoftWare_main.py] [-] The pid of Coordinate_transfer() : 35857[0m
[34m[12:45:40] [SoftWare_main.py] [+] The pid of Pose_Estimate() : 35858[0m
[36m[12:45:41] [SoftWare_main.py] [>] The pid of Short_Track() : 35856[0m
[36m[12:46:15] [SoftWare_main.py] [>] The pid of Short_Track() : 36782[0m
[34m[12:46:15] [SoftWare_main.py] [+] The pid of Pose_Estimate() : 36784[0m
[32m[12:46:15] [SoftWare_main.py] [-] The pid of Coordinate_transfer() : 36783[0m
[32m[12:46:55] [SoftWare_main.py] [-] The pid of Coordinate_transfer() : 37784[0m
[36m[12:46:55] [SoftWare_main.py] [>] The pid of Short_Track() : 37783[0m
[34m[12:46:55] [SoftWare_main.py] [+] The pid of Pose_Estimate() : 37785[0m
[32m[12:47:29] [SoftWare_main.py] [-] The pid of Coordinate_transfer() : 38735[0m
[36m[12:47:30] [SoftWare_main.py] [>] The pid of Short_Track() : 38734[0m
[34m[12:47:30] [SoftWare_main.py] [+] The pid of Pose_Estimate() : 38736[0m
[34m[12:47:56] [SoftWare_main.py] [+] The pid of Pose_Estimate() : 39436[0m
[36m[12:47:56] [SoftWare_main.py] [>] The pid of Short_Track() : 39434[0m
[32m[12:47:57] [SoftWare_main.py] [-] The pid of Coordinate_transfer() : 39435[0m
[34m[12:48:18] [SoftWare_main.py] [+] The pid of Pose_Estimate() : 40137[0m
[36m[12:48:18] [SoftWare_main.py] [>] The pid of Short_Track() : 40135[0m
[32m[12:48:18] [SoftWare_main.py] [-] The pid of Coordinate_transfer() : 40136[0m
[36m[12:50:48] [SoftWare_main.py] [>] The pid of Short_Track() : 41176[0m
[32m[12:50:48] [SoftWare_main.py] [-] The pid of Coordinate_transfer() : 41177[0m
[34m[12:50:48] [SoftWare_main.py] [+] The pid of Pose_Estimate() : 41178[0m
[36m[12:53:36] [SoftWare_main.py] [>] The pid of Short_Track() : 42615[0m
[32m[12:53:36] [SoftWare_main.py] [-] The pid of Coordinate_transfer() : 42616[0m
[34m[12:53:36] [SoftWare_main.py] [+] The pid of Pose_Estimate() : 42617[0m
[34m[12:54:26] [SoftWare_main.py] [+] The pid of Pose_Estimate() : 43590[0m
[32m[12:54:26] [SoftWare_main.py] [-] The pid of Coordinate_transfer() : 43589[0m
[36m[12:54:26] [SoftWare_main.py] [>] The pid of Short_Track() : 43588[0m
[36m[12:54:42] [SoftWare_main.py] [>] The pid of Short_Track() : 44492[0m
[32m[12:54:42] [SoftWare_main.py] [-] The pid of Coordinate_transfer() : 44493[0m
[34m[12:54:42] [SoftWare_main.py] [+] The pid of Pose_Estimate() : 44494[0m
[34m[12:56:35] [SoftWare_main.py] [+] The pid of Pose_Estimate() : 45442[0m
[32m[12:56:35] [SoftWare_main.py] [-] The pid of Coordinate_transfer() : 45441[0m
[36m[12:56:35] [SoftWare_main.py] [>] The pid of Short_Track() : 45440[0m
[36m[12:57:08] [SoftWare_main.py] [>] The pid of Short_Track() : 46073[0m
[34m[12:57:08] [SoftWare_main.py] [+] The pid of Pose_Estimate() : 46075[0m
[32m[12:57:08] [SoftWare_main.py] [-] The pid of Coordinate_transfer() : 46074[0m
[34m[14:17:34] [SoftWare_main.py] [+] The pid of Pose_Estimate() : 46932[0m
[36m[14:17:34] [SoftWare_main.py] [>] The pid of Short_Track() : 46927[0m
[34m[14:17:34] [SoftWare_main.py] [+] The pid of Pose_Estimate() : 46931[0m
[32m[14:17:34] [SoftWare_main.py] [-] The pid of Coordinate_transfer() : 46930[0m
[32m[14:17:34] [SoftWare_main.py] [-] The pid of Coordinate_transfer() : 46929[0m
[36m[14:17:34] [SoftWare_main.py] [>] The pid of Short_Track() : 46928[0m
[34m[14:17:38] [SoftWare_main.py] [+] The pid of Pose_Estimate() : 46963[0m
[36m[14:17:38] [SoftWare_main.py] [>] The pid of Short_Track() : 46961[0m
[32m[14:17:38] [SoftWare_main.py] [-] The pid of Coordinate_transfer() : 46962[0m
[36m[14:19:09] [SoftWare_main.py] [>] The pid of Short_Track() : 49035[0m
[32m[14:19:09] [SoftWare_main.py] [-] The pid of Coordinate_transfer() : 49036[0m
[36m[14:19:09] [SoftWare_main.py] [>] The pid of Short_Track() : 49047[0m
[34m[14:19:09] [SoftWare_main.py] [+] The pid of Pose_Estimate() : 49037[0m
[32m[14:19:09] [SoftWare_main.py] [-] The pid of Coordinate_transfer() : 49049[0m
[34m[14:19:09] [SoftWare_main.py] [+] The pid of Pose_Estimate() : 49050[0m
[32m[14:19:15] [SoftWare_main.py] [-] The pid of Coordinate_transfer() : 50612[0m
[32m[14:19:15] [SoftWare_main.py] [-] The pid of Coordinate_transfer() : 50626[0m
[34m[14:19:15] [SoftWare_main.py] [+] The pid of Pose_Estimate() : 50627[0m
[36m[14:19:15] [SoftWare_main.py] [>] The pid of Short_Track() : 50611[0m
[34m[14:19:16] [SoftWare_main.py] [+] The pid of Pose_Estimate() : 50613[0m
[36m[14:19:16] [SoftWare_main.py] [>] The pid of Short_Track() : 50625[0m
[34m[14:36:20] [SoftWare_main.py] [+] The pid of Pose_Estimate() : 52275[0m
[32m[14:36:20] [SoftWare_main.py] [-] The pid of Coordinate_transfer() : 52274[0m
[36m[14:36:20] [SoftWare_main.py] [>] The pid of Short_Track() : 52273[0m
[32m[14:36:27] [SoftWare_main.py] [-] The pid of Coordinate_transfer() : 52521[0m
[36m[14:36:27] [SoftWare_main.py] [>] The pid of Short_Track() : 52520[0m
[34m[14:36:27] [SoftWare_main.py] [+] The pid of Pose_Estimate() : 52522[0m
[32m[15:50:31] [SoftWare_main.py] [-] The pid of Coordinate_transfer() : 54051[0m
[34m[15:50:31] [SoftWare_main.py] [+] The pid of Pose_Estimate() : 54053[0m
[36m[15:50:31] [SoftWare_main.py] [>] The pid of Short_Track() : 54049[0m
[32m[15:50:31] [SoftWare_main.py] [-] The pid of Coordinate_transfer() : 54052[0m
[36m[15:50:31] [SoftWare_main.py] [>] The pid of Short_Track() : 54050[0m
[34m[15:50:31] [SoftWare_main.py] [+] The pid of Pose_Estimate() : 54054[0m
[34m[15:50:38] [SoftWare_main.py] [+] The pid of Pose_Estimate() : 54657[0m
[32m[15:50:38] [SoftWare_main.py] [-] The pid of Coordinate_transfer() : 54656[0m
[36m[15:50:38] [SoftWare_main.py] [>] The pid of Short_Track() : 54655[0m
[36m[16:12:18] [SoftWare_main.py] [>] The pid of Short_Track() : 56693[0m
[34m[16:12:18] [SoftWare_main.py] [+] The pid of Pose_Estimate() : 56695[0m
[32m[16:12:18] [SoftWare_main.py] [-] The pid of Coordinate_transfer() : 56694[0m
[32m[16:31:24] [SoftWare_main.py] [-] The pid of Coordinate_transfer() : 622[0m
[36m[16:31:24] [SoftWare_main.py] [>] The pid of Short_Track() : 621[0m
[34m[16:31:24] [SoftWare_main.py] [+] The pid of Pose_Estimate() : 623[0m
[32m[16:32:00] [SoftWare_main.py] [-] The pid of Coordinate_transfer() : 1239[0m
[34m[16:32:00] [SoftWare_main.py] [+] The pid of Pose_Estimate() : 1240[0m
[36m[16:32:00] [SoftWare_main.py] [>] The pid of Short_Track() : 1238[0m
[32m[16:32:07] [SoftWare_main.py] [-] The pid of Coordinate_transfer() : 1775[0m
[34m[16:32:07] [SoftWare_main.py] [+] The pid of Pose_Estimate() : 1776[0m
[36m[16:32:07] [SoftWare_main.py] [>] The pid of Short_Track() : 1774[0m
[34m[16:32:11] [SoftWare_main.py] [+] The pid of Pose_Estimate() : 2106[0m
[32m[16:32:11] [SoftWare_main.py] [-] The pid of Coordinate_transfer() : 2105[0m
[36m[16:32:11] [SoftWare_main.py] [>] The pid of Short_Track() : 2104[0m
[32m[16:34:39] [SoftWare_main.py] [-] The pid of Coordinate_transfer() : 4132[0m
[34m[16:34:39] [SoftWare_main.py] [+] The pid of Pose_Estimate() : 4133[0m
[36m[16:34:39] [SoftWare_main.py] [>] The pid of Short_Track() : 4131[0m
[36m[16:36:37] [SoftWare_main.py] [>] The pid of Short_Track() : 4773[0m
[34m[16:36:37] [SoftWare_main.py] [+] The pid of Pose_Estimate() : 4775[0m
[32m[16:36:37] [SoftWare_main.py] [-] The pid of Coordinate_transfer() : 4774[0m
[36m[16:36:44] [SoftWare_main.py] [>] The pid of Short_Track() : 5560[0m
[34m[16:36:44] [SoftWare_main.py] [+] The pid of Pose_Estimate() : 5562[0m
[32m[16:36:44] [SoftWare_main.py] [-] The pid of Coordinate_transfer() : 5561[0m
[32m[16:36:51] [SoftWare_main.py] [-] The pid of Coordinate_transfer() : 6401[0m
[34m[16:36:52] [SoftWare_main.py] [+] The pid of Pose_Estimate() : 6402[0m
[36m[16:36:52] [SoftWare_main.py] [>] The pid of Short_Track() : 6400[0m
[36m[16:36:56] [SoftWare_main.py] [>] The pid of Short_Track() : 6426[0m
[34m[16:36:56] [SoftWare_main.py] [+] The pid of Pose_Estimate() : 6428[0m
[32m[16:36:56] [SoftWare_main.py] [-] The pid of Coordinate_transfer() : 6427[0m
[36m[16:55:10] [SoftWare_main.py] [>] The pid of Short_Track() : 8300[0m
[34m[16:55:10] [SoftWare_main.py] [+] The pid of Pose_Estimate() : 8302[0m
[32m[16:55:11] [SoftWare_main.py] [-] The pid of Coordinate_transfer() : 8301[0m
[36m[16:57:39] [SoftWare_main.py] [>] The pid of Short_Track() : 8894[0m
[32m[16:57:39] [SoftWare_main.py] [-] The pid of Coordinate_transfer() : 8895[0m
[34m[16:57:39] [SoftWare_main.py] [+] The pid of Pose_Estimate() : 8896[0m
[36m[17:24:57] [SoftWare_main.py] [>] The pid of Short_Track() : 9940[0m
[34m[17:24:57] [SoftWare_main.py] [+] The pid of Pose_Estimate() : 9942[0m
[32m[17:24:57] [SoftWare_main.py] [-] The pid of Coordinate_transfer() : 9941[0m
[34m[17:41:21] [SoftWare_main.py] [+] The pid of Pose_Estimate() : 10617[0m
[36m[17:41:21] [SoftWare_main.py] [>] The pid of Short_Track() : 10615[0m
[32m[17:41:21] [SoftWare_main.py] [-] The pid of Coordinate_transfer() : 10616[0m
[36m[17:41:30] [SoftWare_main.py] [>] The pid of Short_Track() : 11409[0m
[32m[17:41:30] [SoftWare_main.py] [-] The pid of Coordinate_transfer() : 11410[0m
[32m[17:41:30] [SoftWare_main.py] [-] The pid of Coordinate_transfer() : 11433[0m
[36m[17:41:30] [SoftWare_main.py] [>] The pid of Short_Track() : 11432[0m
[34m[17:41:30] [SoftWare_main.py] [+] The pid of Pose_Estimate() : 11411[0m
[34m[17:41:30] [SoftWare_main.py] [+] The pid of Pose_Estimate() : 11434[0m
[32m[18:48:37] [SoftWare_main.py] [-] The pid of Coordinate_transfer() : 13237[0m
[36m[18:48:37] [SoftWare_main.py] [>] The pid of Short_Track() : 13226[0m
[34m[18:48:37] [SoftWare_main.py] [+] The pid of Pose_Estimate() : 13228[0m
[34m[18:48:37] [SoftWare_main.py] [+] The pid of Pose_Estimate() : 13238[0m
[36m[18:48:37] [SoftWare_main.py] [>] The pid of Short_Track() : 13236[0m
[32m[18:48:37] [SoftWare_main.py] [-] The pid of Coordinate_transfer() : 13227[0m
[32m[19:34:26] [SoftWare_main.py] [-] The pid of Coordinate_transfer() : 15000[0m
[34m[19:34:26] [SoftWare_main.py] [+] The pid of Pose_Estimate() : 15001[0m
[36m[19:34:26] [SoftWare_main.py] [>] The pid of Short_Track() : 14999[0m
[32m[19:35:26] [SoftWare_main.py] [-] The pid of Coordinate_transfer() : 15608[0m
[34m[19:35:26] [SoftWare_main.py] [+] The pid of Pose_Estimate() : 15609[0m
[36m[19:35:26] [SoftWare_main.py] [>] The pid of Short_Track() : 15607[0m
[36m[19:44:37] [SoftWare_main.py] [>] The pid of Short_Track() : 16227[0m
[32m[19:44:37] [SoftWare_main.py] [-] The pid of Coordinate_transfer() : 16228[0m
[34m[19:44:37] [SoftWare_main.py] [+] The pid of Pose_Estimate() : 16229[0m
[34m[19:45:21] [SoftWare_main.py] [+] The pid of Pose_Estimate() : 17053[0m
[32m[19:45:21] [SoftWare_main.py] [-] The pid of Coordinate_transfer() : 17052[0m
[36m[19:45:21] [SoftWare_main.py] [>] The pid of Short_Track() : 17051[0m
[34m[20:01:59] [SoftWare_main.py] [+] The pid of Pose_Estimate() : 17943[0m
[36m[20:01:59] [SoftWare_main.py] [>] The pid of Short_Track() : 17941[0m
[32m[20:01:59] [SoftWare_main.py] [-] The pid of Coordinate_transfer() : 17942[0m
[34m[20:02:41] [SoftWare_main.py] [+] The pid of Pose_Estimate() : 18833[0m
[36m[20:02:41] [SoftWare_main.py] [>] The pid of Short_Track() : 18831[0m
[32m[20:02:41] [SoftWare_main.py] [-] The pid of Coordinate_transfer() : 18832[0m
[34m[20:10:02] [SoftWare_main.py] [+] The pid of Pose_Estimate() : 19723[0m
[32m[20:10:02] [SoftWare_main.py] [-] The pid of Coordinate_transfer() : 19722[0m
[36m[20:10:02] [SoftWare_main.py] [>] The pid of Short_Track() : 19721[0m
[36m[20:24:46] [SoftWare_main.py] [>] The pid of Short_Track() : 20618[0m
[32m[20:24:46] [SoftWare_main.py] [-] The pid of Coordinate_transfer() : 20619[0m
[34m[20:24:46] [SoftWare_main.py] [+] The pid of Pose_Estimate() : 20620[0m
[36m[20:24:59] [SoftWare_main.py] [>] ----------------Finished Tracker.t_update()----------------[0m
[36m[20:25:00] [SoftWare_main.py] [>] ----------------Finished Tracker.t_PostProcess() datalen = 221----------------[0m
[32m[20:25:26] [SoftWare_main.py] [-] ----------------Finished transfer.t_update()----------------[0m
[32m[20:25:35] [SoftWare_main.py] [-] ----------------Finished transfer.t_detect()----------------[0m
[32m[20:25:39] [SoftWare_main.py] [-] ----------------Finished transfer.t_PostProcess() datalen = 221----------------[0m
[34m[20:26:32] [SoftWare_main.py] [+] ----------------Finished Poser.t_posing_preprocess()----------------[0m
[36m[20:27:21] [SoftWare_main.py] [>] The pid of Short_Track() : 21506[0m
[34m[20:27:21] [SoftWare_main.py] [+] The pid of Pose_Estimate() : 21508[0m
[32m[20:27:21] [SoftWare_main.py] [-] The pid of Coordinate_transfer() : 21507[0m
[34m[20:27:23] [SoftWare_main.py] [+] ----------------Finished Poser.t_posing_detect()----------------[0m
[34m[20:27:23] [SoftWare_main.py] [+] ----------------Finished Poser.t_posing_postprocess() datalen = 221----------------[0m
[36m[20:27:33] [SoftWare_main.py] [>] ----------------Finished Tracker.t_update()----------------[0m
[36m[20:27:34] [SoftWare_main.py] [>] ----------------Finished Tracker.t_PostProcess() datalen = 221----------------[0m
[32m[20:28:03] [SoftWare_main.py] [-] ----------------Finished transfer.t_update()----------------[0m
[32m[20:28:12] [SoftWare_main.py] [-] ----------------Finished transfer.t_detect()----------------[0m
[32m[20:28:15] [SoftWare_main.py] [-] ----------------Finished transfer.t_PostProcess() datalen = 221----------------[0m
[34m[20:29:20] [SoftWare_main.py] [+] ----------------Finished Poser.t_posing_preprocess()----------------[0m
[34m[20:30:18] [SoftWare_main.py] [+] -------------Finished---Finished Poser.t_posing_detect()----------------[0m
[34m[20:30:18] [SoftWare_main.py] [+] ----------------Finished Poser.t_posing_postprocess() datalen = 221----------------[0m
[34m[20:37:32] [SoftWare_main.py] [+] The pid of Pose_Estimate() : 22470[0m
[36m[20:37:32] [SoftWare_main.py] [>] The pid of Short_Track() : 22468[0m
[32m[20:37:32] [SoftWare_main.py] [-] The pid of Coordinate_transfer() : 22469[0m
[36m[20:37:43] [SoftWare_main.py] [>] ----------------Finished Tracker.t_update()----------------[0m
[36m[20:37:44] [SoftWare_main.py] [>] ----------------Finished Tracker.t_PostProcess() datalen = 221----------------[0m
[32m[20:38:02] [SoftWare_main.py] [-] ----------------Finished transfer.t_update()----------------[0m
[32m[20:38:08] [SoftWare_main.py] [-] ----------------Finished transfer.t_detect()----------------[0m
[32m[20:38:10] [SoftWare_main.py] [-] ----------------Finished transfer.t_PostProcess() datalen = 221----------------[0m
[34m[20:38:10] [SoftWare_main.py] [+] ----------------Finished Poser.t_posing_preprocess()----------------[0m
[34m[20:38:11] [SoftWare_main.py] [+] -------------Finished---Finished Poser.t_posing_detect()----------------[0m
[34m[20:38:11] [SoftWare_main.py] [+] ----------------Finished Poser.t_posing_postprocess() datalen = 221----------------[0m
[32m[20:38:33] [SoftWare_main.py] [-] The pid of Coordinate_transfer() : 23365[0m
[34m[20:38:33] [SoftWare_main.py] [+] The pid of Pose_Estimate() : 23366[0m
[36m[20:38:33] [SoftWare_main.py] [>] The pid of Short_Track() : 23364[0m
[36m[20:38:45] [SoftWare_main.py] [>] ----------------Finished Tracker.t_update()----------------[0m
[36m[20:38:46] [SoftWare_main.py] [>] ----------------Finished Tracker.t_PostProcess() datalen = 221----------------[0m
[32m[20:39:03] [SoftWare_main.py] [-] ----------------Finished transfer.t_update()----------------[0m
[32m[20:39:10] [SoftWare_main.py] [-] ----------------Finished transfer.t_detect()----------------[0m
[32m[20:39:11] [SoftWare_main.py] [-] ----------------Finished transfer.t_PostProcess() datalen = 221----------------[0m
[34m[20:39:11] [SoftWare_main.py] [+] ----------------Finished Poser.t_posing_preprocess()----------------[0m
[34m[20:39:12] [SoftWare_main.py] [+] -------------Finished---Finished Poser.t_posing_detect()----------------[0m
[34m[20:39:12] [SoftWare_main.py] [+] ----------------Finished Poser.t_posing_postprocess() datalen = 221----------------[0m
[34m[20:40:48] [SoftWare_main.py] [+] The pid of Pose_Estimate() : 24261[0m
[36m[20:40:48] [SoftWare_main.py] [>] The pid of Short_Track() : 24259[0m
[32m[20:40:48] [SoftWare_main.py] [-] The pid of Coordinate_transfer() : 24260[0m
[36m[20:41:01] [SoftWare_main.py] [>] ----------------Finished Tracker.t_update()----------------[0m
[36m[20:41:02] [SoftWare_main.py] [>] ----------------Finished Tracker.t_PostProcess() datalen = 221----------------[0m
[32m[20:41:18] [SoftWare_main.py] [-] ----------------Finished transfer.t_update()----------------[0m
[32m[20:41:24] [SoftWare_main.py] [-] ----------------Finished transfer.t_detect()----------------[0m
[32m[20:41:26] [SoftWare_main.py] [-] ----------------Finished transfer.t_PostProcess() datalen = 221----------------[0m
[34m[20:41:26] [SoftWare_main.py] [+] ----------------Finished Poser.t_posing_preprocess()----------------[0m
[34m[20:41:27] [SoftWare_main.py] [+] -------------Finished---Finished Poser.t_posing_detect()----------------[0m
[34m[20:41:27] [SoftWare_main.py] [+] ----------------Finished Poser.t_posing_postprocess() datalen = 221----------------[0m
[36m[20:50:29] [SoftWare_main.py] [>] The pid of Short_Track() : 25151[0m
[34m[20:50:29] [SoftWare_main.py] [+] The pid of Pose_Estimate() : 25153[0m
[32m[20:50:29] [SoftWare_main.py] [-] The pid of Coordinate_transfer() : 25152[0m
[36m[20:50:38] [SoftWare_main.py] [>] ----------------Finished Tracker.t_update()----------------[0m
[36m[20:50:39] [SoftWare_main.py] [>] ----------------Finished Tracker.t_PostProcess() datalen = 221----------------[0m
[32m[20:50:56] [SoftWare_main.py] [-] ----------------Finished transfer.t_update()----------------[0m
[32m[20:51:02] [SoftWare_main.py] [-] ----------------Finished transfer.t_detect()----------------[0m
[32m[20:51:04] [SoftWare_main.py] [-] ----------------Finished transfer.t_PostProcess() datalen = 221----------------[0m
[34m[20:51:04] [SoftWare_main.py] [+] ----------------Finished Poser.t_posing_preprocess()----------------[0m
[34m[20:51:05] [SoftWare_main.py] [+] -------------Finished---Finished Poser.t_posing_detect()----------------[0m
[34m[20:51:05] [SoftWare_main.py] [+] ----------------Finished Poser.t_posing_postprocess() datalen = 221----------------[0m
[36m[20:51:07] [SoftWare_main.py] [>] The pid of Short_Track() : 26036[0m
[34m[20:51:07] [SoftWare_main.py] [+] The pid of Pose_Estimate() : 26038[0m
[32m[20:51:07] [SoftWare_main.py] [-] The pid of Coordinate_transfer() : 26037[0m
[36m[20:51:17] [SoftWare_main.py] [>] ----------------Finished Tracker.t_update()----------------[0m
[36m[20:51:17] [SoftWare_main.py] [>] ----------------Finished Tracker.t_PostProcess() datalen = 221----------------[0m
[32m[20:51:34] [SoftWare_main.py] [-] ----------------Finished transfer.t_update()----------------[0m
[32m[20:51:41] [SoftWare_main.py] [-] ----------------Finished transfer.t_detect()----------------[0m
[32m[20:51:42] [SoftWare_main.py] [-] ----------------Finished transfer.t_PostProcess() datalen = 221----------------[0m
[34m[20:51:42] [SoftWare_main.py] [+] ----------------Finished Poser.t_posing_preprocess()----------------[0m
[34m[20:51:43] [SoftWare_main.py] [+] -------------Finished---Finished Poser.t_posing_detect()----------------[0m
[34m[20:51:43] [SoftWare_main.py] [+] ----------------Finished Poser.t_posing_postprocess() datalen = 221----------------[0m
[36m[20:54:41] [SoftWare_main.py] [>] The pid of Short_Track() : 26933[0m
[32m[20:54:41] [SoftWare_main.py] [-] The pid of Coordinate_transfer() : 26934[0m
[36m[20:55:13] [SoftWare_main.py] [>] ----------------Finished Tracker.t_update()----------------[0m
[36m[20:55:14] [SoftWare_main.py] [>] ----------------Finished Tracker.t_PostProcess() datalen = 221----------------[0m
[36m[20:55:28] [SoftWare_main.py] [>] The pid of Short_Track() : 27733[0m
[36m[20:55:41] [SoftWare_main.py] [>] ----------------Finished Tracker.t_update()----------------[0m
[36m[20:55:42] [SoftWare_main.py] [>] ----------------Finished Tracker.t_PostProcess() datalen = 221----------------[0m
[36m[20:57:16] [SoftWare_main.py] [>] The pid of Short_Track() : 28221[0m
[32m[20:57:59] [SoftWare_main.py] [-] The pid of Coordinate_transfer() : 28642[0m
[36m[20:57:59] [SoftWare_main.py] [>] The pid of Short_Track() : 28641[0m
[36m[20:58:12] [SoftWare_main.py] [>] ----------------Finished Tracker.t_update()----------------[0m
[36m[20:58:13] [SoftWare_main.py] [>] ----------------Finished Tracker.t_PostProcess() datalen = 221----------------[0m
[36m[21:06:37] [SoftWare_main.py] [>] The pid of Short_Track() : 29435[0m
[36m[21:13:42] [SoftWare_main.py] [>] ----------------Finished Tracker.t_update()----------------[0m
[36m[21:13:43] [SoftWare_main.py] [>] ----------------Finished Tracker.t_PostProcess() datalen = 680----------------[0m
[36m[21:16:59] [SoftWare_main.py] [>] The pid of Short_Track() : 29855[0m
[32m[21:16:59] [SoftWare_main.py] [-] The pid of Coordinate_transfer() : 29856[0m
[36m[21:17:43] [SoftWare_main.py] [>] The pid of Short_Track() : 30647[0m
[36m[21:17:49] [SoftWare_main.py] [>] ----------------Finished Tracker.t_update()----------------[0m
[36m[21:17:50] [SoftWare_main.py] [>] ----------------Finished Tracker.t_PostProcess() datalen = 221----------------[0m
[36m[21:33:57] [SoftWare_main.py] [>] The pid of Short_Track() : 31114[0m
[32m[21:33:57] [SoftWare_main.py] [-] The pid of Coordinate_transfer() : 31115[0m
[36m[21:35:00] [SoftWare_main.py] [>] ----------------Finished Tracker.t_update()----------------[0m
[36m[21:35:01] [SoftWare_main.py] [>] ----------------Finished Tracker.t_PostProcess() datalen = 221----------------[0m
[36m[21:40:30] [SoftWare_main.py] [>] The pid of Short_Track() : 31949[0m
[36m[21:41:08] [SoftWare_main.py] [>] The pid of Short_Track() : 32389[0m
[36m[22:05:53] [SoftWare_main.py] [>] The pid of Short_Track() : 32824[0m
[36m[22:07:15] [SoftWare_main.py] [>] ----------------Finished Tracker.t_update()----------------[0m
[36m[22:07:15] [SoftWare_main.py] [>] ----------------Finished Tracker.t_PostProcess() datalen = 680----------------[0m
[36m[22:13:40] [SoftWare_main.py] [>] The pid of Short_Track() : 33298[0m
[36m[22:13:55] [SoftWare_main.py] [>] ----------------Finished Tracker.t_update()----------------[0m
[36m[22:13:56] [SoftWare_main.py] [>] ----------------Finished Tracker.t_PostProcess() datalen = 680----------------[0m
[36m[22:17:11] [SoftWare_main.py] [>] The pid of Short_Track() : 33719[0m
[36m[22:17:26] [SoftWare_main.py] [>] ----------------Finished Tracker.t_update()----------------[0m
[36m[22:17:26] [SoftWare_main.py] [>] ----------------Finished Tracker.t_PostProcess() datalen = 680----------------[0m
[36m[22:22:49] [SoftWare_main.py] [>] The pid of Short_Track() : 34136[0m
[36m[22:23:05] [SoftWare_main.py] [>] ----------------Finished Tracker.t_update()----------------[0m
[36m[22:23:05] [SoftWare_main.py] [>] ----------------Finished Tracker.t_PostProcess() datalen = 680----------------[0m
[36m[22:25:34] [SoftWare_main.py] [>] The pid of Short_Track() : 34559[0m
[36m[22:25:49] [SoftWare_main.py] [>] ----------------Finished Tracker.t_update()----------------[0m
[36m[22:25:49] [SoftWare_main.py] [>] ----------------Finished Tracker.t_PostProcess() datalen = 680-------[0m
[36m[22:27:14] [SoftWare_main.py] [>] The pid of Short_Track() : 35002[0m
[36m[22:27:43] [SoftWare_main.py] [>] ----------------Finished Tracker.t_update()----------------[0m
[36m[22:27:44] [SoftWare_main.py] [>] ----------------Finished Tracker.t_PostProcess() datalen = 221-------[0m
[36m[22:32:44] [SoftWare_main.py] [>] The pid of Short_Track() : 35453[0m
[36m[22:32:58] [SoftWare_main.py] [>] ----------------Finished Tracker.t_update()----------------[0m
[36m[22:32:58] [SoftWare_main.py] [>] ----------------Finished Tracker.t_PostProcess() datalen = 221-------[0m
[36m[22:35:53] [SoftWare_main.py] [>] The pid of Short_Track() : 35904[0m
[36m[22:36:11] [SoftWare_main.py] [>] ----------------Finished Tracker.t_update()----------------[0m
[36m[22:36:27] [SoftWare_main.py] [>] ----------------Finished Tracker.t_PostProcess() datalen = 221-------[0m
[36m[22:37:24] [SoftWare_main.py] [>] The pid of Short_Track() : 36373[0m
[36m[22:37:39] [SoftWare_main.py] [>] ----------------Finished Tracker.t_update()----------------[0m
[36m[22:37:39] [SoftWare_main.py] [>] ----------------Finished Tracker.t_PostProcess() datalen = 221-------[0m
[36m[22:38:24] [SoftWare_main.py] [>] The pid of Short_Track() : 36819[0m
[36m[22:38:39] [SoftWare_main.py] [>] ----------------Finished Tracker.t_update()----------------[0m
[36m[22:38:55] [SoftWare_main.py] [>] ----------------Finished Tracker.t_PostProcess() datalen = 221-------[0m
[36m[22:45:22] [SoftWare_main.py] [>] The pid of Short_Track() : 37269[0m
[36m[22:45:35] [SoftWare_main.py] [>] ----------------Finished Tracker.t_update()----------------[0m
[36m[22:45:35] [SoftWare_main.py] [>] ----------------Finished Tracker.t_PostProcess() datalen = 221-------[0m
[36m[22:47:54] [SoftWare_main.py] [>] The pid of Short_Track() : 37673[0m
[36m[22:48:08] [SoftWare_main.py] [>] ----------------Finished Tracker.t_update()----------------[0m
[36m[22:48:08] [SoftWare_main.py] [>] ----------------Finished Tracker.t_PostProcess() datalen = 221-------[0m
[36m[22:51:08] [SoftWare_main.py] [>] The pid of Short_Track() : 38072[0m
[36m[22:52:00] [SoftWare_main.py] [>] The pid of Short_Track() : 38489[0m
[32m[22:52:00] [SoftWare_main.py] [-] The pid of Coordinate_transfer() : 38490[0m
[36m[22:52:13] [SoftWare_main.py] [>] ----------------Finished Tracker.t_update()----------------[0m
[36m[22:52:14] [SoftWare_main.py] [>] ----------------Finished Tracker.t_PostProcess() datalen = 221-------[0m
[36m[22:52:46] [SoftWare_main.py] [>] The pid of Short_Track() : 39278[0m
[32m[22:52:46] [SoftWare_main.py] [-] The pid of Coordinate_transfer() : 39279[0m
[36m[22:52:59] [SoftWare_main.py] [>] ----------------Finished Tracker.t_update()----------------[0m
[36m[22:52:59] [SoftWare_main.py] [>] ----------------Finished Tracker.t_PostProcess() datalen = 221-------[0m
