[33m[17:11:02] [img_preprocess.py->update line:94] [!] The pid of Calibrate_transfer.update() : 40712[0m
[33m[17:11:02] [img_preprocess.py->detect line:171] [!] The pid of Calibrate_transfer.detect() : 40712[0m
[33m[17:11:02] [img_preprocess.py->postProcess line:212] [!] The pid of Calibrate_transfer.postProcess() : 40712[0m
[33m[17:11:02] [img_preprocess.py->update line:95] [!] The thread of Calibrate_transfer.update() : <Thread(Thread-1, started daemon 140219088344832)>[0m
[33m[17:11:02] [img_preprocess.py->detect line:172] [!] The thread of Calibrate_transfer.detect() : <Thread(Thread-2, started daemon 140219079952128)>[0m
[33m[17:11:02] [img_preprocess.py->postProcess line:213] [!] The thread of Calibrate_transfer.postProcess() : <Thread(Thread-3, started daemon 140219071559424)>[0m
[33m[20:17:44] [img_preprocess.py->update line:95] [!] The pid of Calibrate_transfer.update() : 42904[0m
[33m[20:17:44] [img_preprocess.py->detect line:176] [!] The pid of Calibrate_transfer.detect() : 42904[0m
[33m[20:17:44] [img_preprocess.py->postProcess line:224] [!] The pid of Calibrate_transfer.postProcess() : 42904[0m
[33m[20:17:44] [img_preprocess.py->update line:96] [!] The thread of Calibrate_transfer.update() : <Thread(Thread-1, started daemon 140205012203264)>[0m
[33m[20:17:44] [img_preprocess.py->detect line:177] [!] The thread of Calibrate_transfer.detect() : <Thread(Thread-2, started daemon 140205003810560)>[0m
[33m[20:17:44] [img_preprocess.py->postProcess line:225] [!] The thread of Calibrate_transfer.postProcess() : <Thread(Thread-3, started daemon 140204995417856)>[0m
[20:19:21] [img_preprocess.py->update line:133] [INFO] Calibrate_transfer.update() action 0 consums 97.28368091583252s[0m
[20:19:47] [img_preprocess.py->detect line:210] [INFO] Calibrate_transfer.detect() action 0 consums 123.109539270401s[0m
[20:19:47] [img_preprocess.py->postProcess line:274] [INFO] Calibrate_transfer.postProcess() action 0 consums 123.17472219467163s[0m
[20:20:13] [img_preprocess.py->update line:133] [INFO] Calibrate_transfer.update() action 1 consums 74.55335605144501s[0m
[20:20:30] [img_preprocess.py->detect line:210] [INFO] Calibrate_transfer.detect() action 1 consums 83.12384462356567s[0m
[20:20:30] [img_preprocess.py->postProcess line:274] [INFO] Calibrate_transfer.postProcess() action 1 consums 83.10057020187378s[0m
[20:21:06] [img_preprocess.py->update line:133] [INFO] Calibrate_transfer.update() action 2 consums 67.37169591585796s[0m
[20:21:23] [img_preprocess.py->detect line:210] [INFO] Calibrate_transfer.detect() action 2 consums 72.97159830729167s[0m
[20:21:23] [img_preprocess.py->postProcess line:274] [INFO] Calibrate_transfer.postProcess() action 2 consums 72.93073558807373s[0m
[20:22:16] [img_preprocess.py->update line:133] [INFO] Calibrate_transfer.update() action 3 consums 67.93752896785736s[0m
[20:22:37] [img_preprocess.py->detect line:210] [INFO] Calibrate_transfer.detect() action 3 consums 73.2988611459732s[0m
[20:22:37] [img_preprocess.py->postProcess line:274] [INFO] Calibrate_transfer.postProcess() action 3 consums 73.25138503313065s[0m
[20:23:14] [img_preprocess.py->update line:133] [INFO] Calibrate_transfer.update() action 4 consums 65.96315183639527s[0m
[20:23:33] [img_preprocess.py->detect line:210] [INFO] Calibrate_transfer.detect() action 4 consums 69.7288456916809s[0m
[20:23:33] [img_preprocess.py->postProcess line:274] [INFO] Calibrate_transfer.postProcess() action 4 consums 69.64149479866028s[0m
[20:24:27] [img_preprocess.py->update line:133] [INFO] Calibrate_transfer.update() action 5 consums 67.08919489383698s[0m
[20:24:51] [img_preprocess.py->detect line:210] [INFO] Calibrate_transfer.detect() action 5 consums 71.11713512738545s[0m
[20:24:51] [img_preprocess.py->postProcess line:274] [INFO] Calibrate_transfer.postProcess() action 5 consums 71.00248658657074s[0m
[20:25:20] [img_preprocess.py->update line:133] [INFO] Calibrate_transfer.update() action 6 consums 65.06976873534066s[0m
[20:25:43] [img_preprocess.py->detect line:210] [INFO] Calibrate_transfer.detect() action 6 consums 68.43715960638863s[0m
[20:25:43] [img_preprocess.py->postProcess line:274] [INFO] Calibrate_transfer.postProcess() action 6 consums 68.32478846822467s[0m
[20:26:16] [img_preprocess.py->update line:133] [INFO] Calibrate_transfer.update() action 7 consums 63.969417989254s[0m
[20:26:35] [img_preprocess.py->detect line:210] [INFO] Calibrate_transfer.detect() action 7 consums 66.37579295039177s[0m
[20:26:35] [img_preprocess.py->postProcess line:274] [INFO] Calibrate_transfer.postProcess() action 7 consums 66.26237544417381s[0m
[20:27:13] [img_preprocess.py->update line:133] [INFO] Calibrate_transfer.update() action 8 consums 63.238401068581474s[0m
[20:27:33] [img_preprocess.py->detect line:210] [INFO] Calibrate_transfer.detect() action 8 consums 65.42945215437148s[0m
[20:27:33] [img_preprocess.py->postProcess line:274] [INFO] Calibrate_transfer.postProcess() action 8 consums 65.32164020008511s[0m
[20:28:08] [img_preprocess.py->update line:133] [INFO] Calibrate_transfer.update() action 9 consums 62.399216294288635s[0m
[20:28:25] [img_preprocess.py->detect line:210] [INFO] Calibrate_transfer.detect() action 9 consums 64.06725311279297s[0m
[20:28:25] [img_preprocess.py->postProcess line:274] [INFO] Calibrate_transfer.postProcess() action 9 consums 63.962723064422605s[0m
[20:29:00] [img_preprocess.py->update line:133] [INFO] Calibrate_transfer.update() action 10 consums 61.411455327814274s[0m
[20:29:27] [img_preprocess.py->detect line:210] [INFO] Calibrate_transfer.detect() action 10 consums 63.89513056928461s[0m
[20:29:27] [img_preprocess.py->postProcess line:274] [INFO] Calibrate_transfer.postProcess() action 10 consums 63.79606528715654s[0m
[20:29:46] [img_preprocess.py->update line:133] [INFO] Calibrate_transfer.update() action 11 consums 60.12944610913595s[0m
[20:30:10] [img_preprocess.py->detect line:210] [INFO] Calibrate_transfer.detect() action 11 consums 62.17478688557943s[0m
[20:30:10] [img_preprocess.py->postProcess line:274] [INFO] Calibrate_transfer.postProcess() action 11 consums 62.07795498768488s[0m
[20:30:51] [img_preprocess.py->update line:133] [INFO] Calibrate_transfer.update() action 12 consums 60.5611217205341s[0m
[33m[20:31:19] [img_preprocess.py] [!] The pid of Calibrate_transfer.update() : 44713[0m
[33m[20:31:19] [img_preprocess.py] [!] The pid of Calibrate_transfer.detect() : 44713[0m
[33m[20:31:19] [img_preprocess.py] [!] The pid of Calibrate_transfer.postProcess() : 44713[0m
[33m[20:31:19] [img_preprocess.py] [!] The thread of Calibrate_transfer.update() : <Thread(Thread-1, started daemon 139677251311360)>[0m
[33m[20:31:19] [img_preprocess.py] [!] The thread of Calibrate_transfer.detect() : <Thread(Thread-2, started daemon 139677242918656)>[0m
[33m[20:31:19] [img_preprocess.py] [!] The thread of Calibrate_transfer.postProcess() : <Thread(Thread-3, started daemon 139677234525952)>[0m
[20:32:59] [img_preprocess.py] [INFO] Calibrate_transfer.update() action 0 consums 86.01426815986633s[0m
[20:33:26] [img_preprocess.py] [INFO] Calibrate_transfer.detect() action 0 consums 26.079817533493042s[0m
[20:33:26] [img_preprocess.py] [INFO] Calibrate_transfer.postProcess() action 0 consums 0.09882164001464844s[0m
[20:33:50] [img_preprocess.py] [INFO] Calibrate_transfer.update() action 1 consums 68.50982129573822s[0m
[20:34:07] [img_preprocess.py] [INFO] Calibrate_transfer.detect() action 1 consums 21.473732352256775s[0m
[20:34:07] [img_preprocess.py] [INFO] Calibrate_transfer.postProcess() action 1 consums 0.09620296955108643s[0m
[20:34:39] [img_preprocess.py] [INFO] Calibrate_transfer.update() action 2 consums 61.78709999720255s[0m
[20:34:55] [img_preprocess.py] [INFO] Calibrate_transfer.detect() action 2 consums 19.868913253148396s[0m
[20:34:56] [img_preprocess.py] [INFO] Calibrate_transfer.postProcess() action 2 consums 0.084960142771403s[0m
[20:35:42] [img_preprocess.py] [INFO] Calibrate_transfer.update() action 3 consums 62.076560735702515s[0m
[20:36:04] [img_preprocess.py] [INFO] Calibrate_transfer.detect() action 3 consums 20.461956799030304s[0m
[20:36:04] [img_preprocess.py] [INFO] Calibrate_transfer.postProcess() action 3 consums 0.07754623889923096s[0m
[20:36:38] [img_preprocess.py] [INFO] Calibrate_transfer.update() action 4 consums 60.812162446975705s[0m
[20:36:56] [img_preprocess.py] [INFO] Calibrate_transfer.detect() action 4 consums 20.079611015319824s[0m
[20:36:56] [img_preprocess.py] [INFO] Calibrate_transfer.postProcess() action 4 consums 0.07509584426879883s[0m
[20:37:48] [img_preprocess.py] [INFO] Calibrate_transfer.update() action 5 consums 62.47645537058512s[0m
[20:38:13] [img_preprocess.py] [INFO] Calibrate_transfer.detect() action 5 consums 20.75275186697642s[0m
[20:38:13] [img_preprocess.py] [INFO] Calibrate_transfer.postProcess() action 5 consums 0.07570083936055501s[0m
[20:38:41] [img_preprocess.py] [INFO] Calibrate_transfer.update() action 6 consums 61.03367410387312s[0m
[20:38:58] [img_preprocess.py] [INFO] Calibrate_transfer.detect() action 6 consums 20.278937578201294s[0m
[20:38:58] [img_preprocess.py] [INFO] Calibrate_transfer.postProcess() action 6 consums 0.07373884746006557s[0m
[20:39:37] [img_preprocess.py] [INFO] Calibrate_transfer.update() action 7 consums 60.375944435596466s[0m
[20:39:55] [img_preprocess.py] [INFO] Calibrate_transfer.detect() action 7 consums 20.102499812841415s[0m
[20:39:56] [img_preprocess.py] [INFO] Calibrate_transfer.postProcess() action 7 consums 0.07720556855201721s[0m
[20:40:34] [img_preprocess.py] [INFO] Calibrate_transfer.update() action 8 consums 60.05005293422275s[0m
[20:40:54] [img_preprocess.py] [INFO] Calibrate_transfer.detect() action 8 consums 20.0586932765113s[0m
[20:40:54] [img_preprocess.py] [INFO] Calibrate_transfer.postProcess() action 8 consums 0.07705073886447483s[0m
[20:41:23] [img_preprocess.py] [INFO] Calibrate_transfer.update() action 9 consums 58.95710299015045s[0m
[20:41:40] [img_preprocess.py] [INFO] Calibrate_transfer.detect() action 9 consums 19.7519944190979s[0m
[20:41:40] [img_preprocess.py] [INFO] Calibrate_transfer.postProcess() action 9 consums 0.07316663265228271s[0m
[20:42:12] [img_preprocess.py] [INFO] Calibrate_transfer.update() action 10 consums 58.05656333403154s[0m
[20:42:29] [img_preprocess.py] [INFO] Calibrate_transfer.detect() action 10 consums 19.482768925753508s[0m
[20:42:29] [img_preprocess.py] [INFO] Calibrate_transfer.postProcess() action 10 consums 0.07178061658685858s[0m
[20:42:57] [img_preprocess.py] [INFO] Calibrate_transfer.update() action 11 consums 56.95962210496267s[0m
[20:43:13] [img_preprocess.py] [INFO] Calibrate_transfer.detect() action 11 consums 19.15495451291402s[0m
[20:43:13] [img_preprocess.py] [INFO] Calibrate_transfer.postProcess() action 11 consums 0.06934523582458496s[0m
[20:44:03] [img_preprocess.py] [INFO] Calibrate_transfer.update() action 12 consums 57.61809776379512s[0m
[20:44:26] [img_preprocess.py] [INFO] Calibrate_transfer.detect() action 12 consums 19.460892017071064s[0m
[20:44:26] [img_preprocess.py] [INFO] Calibrate_transfer.postProcess() action 12 consums 0.06760997038621169s[0m
[20:44:27] [img_preprocess.py] [INFO] Calibrate_transfer.update() action 13 consums 55.219598974500386s[0m
[20:44:35] [img_preprocess.py] [INFO] Calibrate_transfer.detect() action 13 consums 18.697698252541677s[0m
[20:44:36] [img_preprocess.py] [INFO] Calibrate_transfer.postProcess() action 13 consums 0.06479454040527344s[0m
[20:45:09] [img_preprocess.py] [INFO] Calibrate_transfer.update() action 14 consums 54.36405119895935s[0m
[20:45:23] [img_preprocess.py] [INFO] Calibrate_transfer.detect() action 14 consums 18.402951924006143s[0m
[20:45:23] [img_preprocess.py] [INFO] Calibrate_transfer.postProcess() action 14 consums 0.06351335843404134s[0m
[20:45:27] [img_preprocess.py] [INFO] Calibrate_transfer.update() action 15 consums 52.06050908565521s[0m
[20:45:32] [img_preprocess.py] [INFO] Calibrate_transfer.detect() action 15 consums 17.61936990916729s[0m
[20:45:33] [img_preprocess.py] [INFO] Calibrate_transfer.postProcess() action 15 consums 0.060405418276786804s[0m
[20:46:02] [img_preprocess.py] [INFO] Calibrate_transfer.update() action 16 consums 51.094609442879175s[0m
[20:46:16] [img_preprocess.py] [INFO] Calibrate_transfer.detect() action 16 consums 17.398478732389563s[0m
[20:46:16] [img_preprocess.py] [INFO] Calibrate_transfer.postProcess() action 16 consums 0.05815264757941751s[0m
[20:46:18] [img_preprocess.py] [INFO] Calibrate_transfer.update() action 17 consums 49.11382010247972s[0m
[20:46:25] [img_preprocess.py] [INFO] Calibrate_transfer.detect() action 17 consums 16.81159614192115s[0m
[20:46:25] [img_preprocess.py] [INFO] Calibrate_transfer.postProcess() action 17 consums 0.05618535147772895s[0m
[20:47:01] [img_preprocess.py] [INFO] Calibrate_transfer.update() action 18 consums 48.82555423284832s[0m
[20:47:21] [img_preprocess.py] [INFO] Calibrate_transfer.detect() action 18 consums 16.954184092973406s[0m
[20:47:21] [img_preprocess.py] [INFO] Calibrate_transfer.postProcess() action 18 consums 0.05498751841093365s[0m
[20:47:45] [img_preprocess.py] [INFO] Calibrate_transfer.update() action 19 consums 48.57687367200852s[0m
[20:48:04] [img_preprocess.py] [INFO] Calibrate_transfer.detect() action 19 consums 17.02296621799469s[0m
[20:48:04] [img_preprocess.py] [INFO] Calibrate_transfer.postProcess() action 19 consums 0.05500150918960571s[0m
[20:48:34] [img_preprocess.py] [INFO] Calibrate_transfer.update() action 20 consums 48.601230223973594s[0m
[20:48:51] [img_preprocess.py] [INFO] Calibrate_transfer.detect() action 20 consums 17.01201964560009s[0m
[20:48:51] [img_preprocess.py] [INFO] Calibrate_transfer.postProcess() action 20 consums 0.05470170293535505s[0m
[20:49:25] [img_preprocess.py] [INFO] Calibrate_transfer.update() action 21 consums 48.68316493251107s[0m
[20:49:42] [img_preprocess.py] [INFO] Calibrate_transfer.detect() action 21 consums 17.007449160922658s[0m
[20:49:42] [img_preprocess.py] [INFO] Calibrate_transfer.postProcess() action 21 consums 0.05403839458118786s[0m
[20:49:53] [img_preprocess.py] [INFO] Calibrate_transfer.update() action 22 consums 47.80394556211389s[0m
[20:50:02] [img_preprocess.py] [INFO] Calibrate_transfer.detect() action 22 consums 16.67065195415331s[0m
[20:50:02] [img_preprocess.py] [INFO] Calibrate_transfer.postProcess() action 22 consums 0.05325311163197393s[0m
