[32m[10:03:10] [img_preprocess.py] [-]  Calibrate_transfer loads action 0 from Cache file [0m
[32m[10:03:29] [img_preprocess.py] [-] Calibrate_transfer.update() action 0 consums 18.323585510253906s[0m
[32m[10:03:41] [img_preprocess.py] [-] Calibrate_transfer.update() action 1 consums 15.524118900299072s[0m
[32m[10:03:45] [img_preprocess.py] [-] Calibrate_transfer.detect() action 0 consums 34.4154372215271s[0m
[32m[10:03:47] [img_preprocess.py] [-] Calibrate_transfer.postProcess() action 0 consums 1.8342351913452148s[0m
[32m[10:03:51] [img_preprocess.py] [-] Calibrate_transfer.detect() action 1 consums 20.371482372283936s[0m
[32m[10:03:53] [img_preprocess.py] [-] Calibrate_transfer.postProcess() action 1 consums 2.1055288314819336s[0m
[32m[10:03:54] [img_preprocess.py] [-] Calibrate_transfer.update() action 2 consums 14.618696451187134s[0m
[32m[10:04:04] [img_preprocess.py] [-] Calibrate_transfer.detect() action 2 consums 18.023511091868084s[0m
[32m[10:04:07] [img_preprocess.py] [-] Calibrate_transfer.postProcess() action 2 consums 2.1217850049336753s[0m
[32m[10:27:52] [img_preprocess.py] [-]  Calibrate_transfer loads action 0 from Cache file [0m
[32m[10:28:00] [img_preprocess.py] [-] Calibrate_transfer.update() action 0 consums 8.280420303344727s[0m
[32m[10:28:04] [img_preprocess.py] [-] Calibrate_transfer.update() action 1 consums 6.08798885345459s[0m
[32m[10:28:08] [img_preprocess.py] [-] Calibrate_transfer.update() action 2 consums 5.425130605697632s[0m
[32m[10:28:14] [img_preprocess.py] [-] Calibrate_transfer.update() action 3 consums 5.515031218528748s[0m
[32m[10:28:19] [img_preprocess.py] [-] Calibrate_transfer.detect() action 0 consums 27.38247537612915s[0m
[32m[10:28:19] [img_preprocess.py] [-] Calibrate_transfer.update() action 4 consums 5.511071300506591s[0m
[32m[10:28:22] [img_preprocess.py] [-] Calibrate_transfer.postProcess() action 0 consums 2.544605016708374s[0m
[32m[10:28:24] [img_preprocess.py] [-] Calibrate_transfer.update() action 5 consums 5.417981505393982s[0m
[32m[10:28:24] [img_preprocess.py] [-] Calibrate_transfer.detect() action 1 consums 16.271714687347412s[0m
[32m[10:28:25] [img_preprocess.py] [-] Calibrate_transfer.postProcess() action 1 consums 1.6299937963485718s[0m
[32m[10:28:28] [img_preprocess.py] [-] Calibrate_transfer.update() action 6 consums 5.236717428479876s[0m
[32m[10:28:29] [img_preprocess.py] [-] Calibrate_transfer.detect() action 2 consums 12.556512435277304s[0m
[32m[10:28:30] [img_preprocess.py] [-] Calibrate_transfer.postProcess() action 2 consums 1.360333522160848s[0m
[32m[10:28:33] [img_preprocess.py] [-] Calibrate_transfer.update() action 7 consums 5.135223776102066s[0m
[32m[10:28:35] [img_preprocess.py] [-] Calibrate_transfer.detect() action 3 consums 10.898620188236237s[0m
[32m[10:28:37] [img_preprocess.py] [-] Calibrate_transfer.postProcess() action 3 consums 1.3565696477890015s[0m
[32m[10:28:37] [img_preprocess.py] [-] Calibrate_transfer.update() action 8 consums 5.059727059470283s[0m
[32m[10:28:42] [img_preprocess.py] [-] Calibrate_transfer.update() action 9 consums 5.067545342445373s[0m
[32m[10:28:43] [img_preprocess.py] [-] Calibrate_transfer.detect() action 4 consums 10.309906578063964s[0m
[32m[10:28:45] [img_preprocess.py] [-] Calibrate_transfer.postProcess() action 4 consums 1.4947177410125732s[0m
[32m[10:28:47] [img_preprocess.py] [-] Calibrate_transfer.update() action 10 consums 5.013815489682284s[0m
[32m[10:28:51] [img_preprocess.py] [-] Calibrate_transfer.detect() action 5 consums 9.850735624631247s[0m
[32m[10:28:51] [img_preprocess.py] [-] Calibrate_transfer.update() action 11 consums 4.959970792134603s[0m
[32m[10:28:52] [img_preprocess.py] [-] Calibrate_transfer.postProcess() action 5 consums 1.4786697228749592s[0m
[32m[10:28:56] [img_preprocess.py] [-] Calibrate_transfer.update() action 12 consums 4.981224573575533s[0m
[32m[10:28:59] [img_preprocess.py] [-] Calibrate_transfer.detect() action 6 consums 9.574634041104998s[0m
[32m[10:29:00] [img_preprocess.py] [-] Calibrate_transfer.postProcess() action 6 consums 1.4726261751992362s[0m
[32m[10:29:01] [img_preprocess.py] [-] Calibrate_transfer.update() action 13 consums 4.927785549845014s[0m
[32m[10:29:05] [img_preprocess.py] [-] Calibrate_transfer.update() action 14 consums 4.87595550219218s[0m
[32m[10:29:06] [img_preprocess.py] [-] Calibrate_transfer.detect() action 7 consums 9.336305886507034s[0m
[32m[10:29:07] [img_preprocess.py] [-] Calibrate_transfer.postProcess() action 7 consums 1.3756146132946014s[0m
[32m[10:29:09] [img_preprocess.py] [-] Calibrate_transfer.update() action 15 consums 4.8317098170518875s[0m
[32m[10:29:13] [img_preprocess.py] [-] Calibrate_transfer.update() action 16 consums 4.786095170413747s[0m
[32m[10:29:15] [img_preprocess.py] [-] Calibrate_transfer.detect() action 8 consums 9.248897737926907s[0m
[32m[10:29:16] [img_preprocess.py] [-] Calibrate_transfer.postProcess() action 8 consums 1.3000978098975287s[0m
[32m[10:29:20] [img_preprocess.py] [-] Calibrate_transfer.detect() action 9 consums 8.837573480606078s[0m
[32m[10:29:22] [img_preprocess.py] [-] Calibrate_transfer.postProcess() action 9 consums 1.3295212268829346s[0m
[32m[10:29:25] [img_preprocess.py] [-] Calibrate_transfer.detect() action 10 consums 8.50334678996693s[0m
[32m[10:29:26] [img_preprocess.py] [-] Calibrate_transfer.postProcess() action 10 consums 1.3071240945295854s[0m
[32m[10:29:30] [img_preprocess.py] [-] Calibrate_transfer.detect() action 11 consums 8.155925631523132s[0m
[32m[10:29:31] [img_preprocess.py] [-] Calibrate_transfer.postProcess() action 11 consums 1.284242292245229s[0m
[32m[10:29:37] [img_preprocess.py] [-] Calibrate_transfer.detect() action 12 consums 8.072336545357338s[0m
[32m[10:29:39] [img_preprocess.py] [-] Calibrate_transfer.postProcess() action 12 consums 1.3958268899184008s[0m
[32m[10:29:40] [img_preprocess.py] [-] Calibrate_transfer.detect() action 13 consums 7.711452739579337s[0m
[32m[10:29:40] [img_preprocess.py] [-] Calibrate_transfer.postProcess() action 13 consums 1.3359741824013847s[0m
[32m[10:29:44] [img_preprocess.py] [-] Calibrate_transfer.detect() action 14 consums 7.490837399164835s[0m
[32m[10:29:45] [img_preprocess.py] [-] Calibrate_transfer.postProcess() action 14 consums 1.2823750495910644s[0m
[32m[10:29:47] [img_preprocess.py] [-] Calibrate_transfer.detect() action 15 consums 7.188505753874779s[0m
[32m[10:29:47] [img_preprocess.py] [-] Calibrate_transfer.postProcess() action 15 consums 1.2407076805830002s[0m
[32m[10:29:51] [img_preprocess.py] [-] Calibrate_transfer.detect() action 16 consums 7.036277518552892s[0m
[32m[10:29:53] [img_preprocess.py] [-] Calibrate_transfer.postProcess() action 16 consums 1.2407151671016918s[0m
[32m[10:34:09] [img_preprocess.py] [-]  Calibrate_transfer loads action 0 from Cache file [0m
[32m[10:34:17] [img_preprocess.py] [-] Calibrate_transfer.update() action 0 consums 7.307454347610474s[0m
[32m[10:34:21] [img_preprocess.py] [-] Calibrate_transfer.update() action 1 consums 5.695021867752075s[0m
[32m[10:34:25] [img_preprocess.py] [-] Calibrate_transfer.detect() action 0 consums 15.452656269073486s[0m
[32m[10:34:25] [img_preprocess.py] [-] Calibrate_transfer.update() action 2 consums 5.333851337432861s[0m
[32m[10:34:27] [img_preprocess.py] [-] Calibrate_transfer.postProcess() action 0 consums 2.019557476043701s[0m
[32m[10:34:30] [img_preprocess.py] [-] Calibrate_transfer.detect() action 1 consums 10.386724591255188s[0m
[32m[10:34:30] [img_preprocess.py] [-] Calibrate_transfer.update() action 3 consums 5.281601190567017s[0m
[32m[10:34:31] [img_preprocess.py] [-] Calibrate_transfer.postProcess() action 1 consums 1.3092830181121826s[0m
[32m[10:34:34] [img_preprocess.py] [-] Calibrate_transfer.update() action 4 consums 5.020627450942993s[0m
[32m[10:34:36] [img_preprocess.py] [-] Calibrate_transfer.detect() action 2 consums 8.734912236531576s[0m
[32m[10:34:36] [img_preprocess.py] [-] Calibrate_transfer.postProcess() action 2 consums 1.0862165292104085s[0m
[32m[10:34:38] [img_preprocess.py] [-] Calibrate_transfer.update() action 5 consums 4.83655305703481s[0m
[32m[10:34:42] [img_preprocess.py] [-] Calibrate_transfer.detect() action 3 consums 8.050287902355194s[0m
[32m[10:34:42] [img_preprocess.py] [-] Calibrate_transfer.update() action 6 consums 4.7203923634120395s[0m
[32m[10:34:42] [img_preprocess.py] [-] Calibrate_transfer.postProcess() action 3 consums 1.0398736000061035s[0m
[32m[10:34:47] [img_preprocess.py] [-] Calibrate_transfer.update() action 7 consums 4.67995485663414s[0m
[32m[10:34:50] [img_preprocess.py] [-] Calibrate_transfer.detect() action 4 consums 8.035407733917236s[0m
[32m[10:34:50] [img_preprocess.py] [-] Calibrate_transfer.update() action 8 consums 4.5596334139506025s[0m
[32m[10:34:51] [img_preprocess.py] [-] Calibrate_transfer.postProcess() action 4 consums 1.1294897079467774s[0m
[32m[10:34:54] [img_preprocess.py] [-] Calibrate_transfer.update() action 9 consums 4.478826355934143s[0m
[32m[10:34:57] [img_preprocess.py] [-] Calibrate_transfer.detect() action 5 consums 7.941215872764587s[0m
[32m[10:34:58] [img_preprocess.py] [-] Calibrate_transfer.postProcess() action 5 consums 1.1106517712275188s[0m
[32m[10:34:58] [img_preprocess.py] [-] Calibrate_transfer.update() action 10 consums 4.447487744418058s[0m
[32m[10:35:02] [img_preprocess.py] [-] Calibrate_transfer.update() action 11 consums 4.390163580576579s[0m
[32m[10:35:05] [img_preprocess.py] [-] Calibrate_transfer.detect() action 6 consums 7.903119836534772s[0m
[32m[10:35:06] [img_preprocess.py] [-] Calibrate_transfer.update() action 12 consums 4.335681126667903s[0m
[32m[10:35:06] [img_preprocess.py] [-] Calibrate_transfer.postProcess() action 6 consums 1.131913730076381s[0m
[32m[10:35:09] [img_preprocess.py] [-] Calibrate_transfer.update() action 13 consums 4.2749593768801s[0m
[32m[10:35:12] [img_preprocess.py] [-] Calibrate_transfer.detect() action 7 consums 7.769905120134354s[0m
[32m[10:35:12] [img_preprocess.py] [-] Calibrate_transfer.postProcess() action 7 consums 1.056011140346527s[0m
[32m[10:35:13] [img_preprocess.py] [-] Calibrate_transfer.update() action 14 consums 4.260259040196737s[0m
[32m[10:35:16] [img_preprocess.py] [-] Calibrate_transfer.update() action 15 consums 4.175793245434761s[0m
[32m[10:35:18] [img_preprocess.py] [-] Calibrate_transfer.detect() action 8 consums 7.675733221901788s[0m
[32m[10:35:19] [img_preprocess.py] [-] Calibrate_transfer.postProcess() action 8 consums 0.999744176864624s[0m
[32m[10:35:20] [img_preprocess.py] [-] Calibrate_transfer.update() action 16 consums 4.133555047652301s[0m
[32m[10:35:23] [img_preprocess.py] [-] Calibrate_transfer.update() action 17 consums 4.084988249672784s[0m
[32m[10:35:24] [img_preprocess.py] [-] Calibrate_transfer.detect() action 9 consums 7.430371212959289s[0m
[32m[10:35:25] [img_preprocess.py] [-] Calibrate_transfer.postProcess() action 9 consums 1.037436056137085s[0m
[32m[10:35:27] [img_preprocess.py] [-] Calibrate_transfer.update() action 18 consums 4.077602461764687s[0m
[32m[10:35:29] [img_preprocess.py] [-] Calibrate_transfer.detect() action 10 consums 7.2314558245918965s[0m
[32m[10:35:30] [img_preprocess.py] [-] Calibrate_transfer.postProcess() action 10 consums 1.0463357188484885s[0m
[32m[10:35:31] [img_preprocess.py] [-] Calibrate_transfer.update() action 19 consums 4.066013109683991s[0m
[32m[10:35:33] [img_preprocess.py] [-] Calibrate_transfer.detect() action 11 consums 6.993245939413707s[0m
[32m[10:35:34] [img_preprocess.py] [-] Calibrate_transfer.update() action 20 consums 4.049497604370117s[0m
[32m[10:35:34] [img_preprocess.py] [-] Calibrate_transfer.postProcess() action 11 consums 1.054046889146169s[0m
[32m[10:35:38] [img_preprocess.py] [-] Calibrate_transfer.update() action 22 consums 4.037334062836387s[0m
[32m[10:35:41] [img_preprocess.py] [-] Calibrate_transfer.detect() action 12 consums 7.014287343392005s[0m
[32m[10:35:42] [img_preprocess.py] [-] Calibrate_transfer.postProcess() action 12 consums 1.0814475096189058s[0m
[32m[10:35:43] [img_preprocess.py] [-] Calibrate_transfer.update() action 24 consums 4.09221307091091s[0m
[32m[10:35:44] [img_preprocess.py] [-] Calibrate_transfer.detect() action 13 consums 6.730815121105739s[0m
[32m[10:35:44] [img_preprocess.py] [-] Calibrate_transfer.postProcess() action 13 consums 1.0276485340935844s[0m
[32m[10:35:47] [img_preprocess.py] [-] Calibrate_transfer.update() action 25 consums 4.0848144590854645s[0m
[32m[10:35:48] [img_preprocess.py] [-] Calibrate_transfer.detect() action 14 consums 6.5849815845489506s[0m
[32m[10:35:49] [img_preprocess.py] [-] Calibrate_transfer.postProcess() action 14 consums 0.993110179901123s[0m
[32m[10:35:50] [img_preprocess.py] [-] Calibrate_transfer.update() action 26 consums 4.044757976531982s[0m
[32m[10:35:51] [img_preprocess.py] [-] Calibrate_transfer.detect() action 15 consums 6.344820469617844s[0m
[32m[10:35:51] [img_preprocess.py] [-] Calibrate_transfer.postProcess() action 15 consums 0.9674219787120819s[0m
[32m[10:35:54] [img_preprocess.py] [-] Calibrate_transfer.update() action 27 consums 4.018468966850867s[0m
[32m[10:35:56] [img_preprocess.py] [-] Calibrate_transfer.detect() action 16 consums 6.248786239063039s[0m
[32m[10:35:57] [img_preprocess.py] [-] Calibrate_transfer.postProcess() action 16 consums 0.9874373884762034s[0m
[32m[10:35:58] [img_preprocess.py] [-] Calibrate_transfer.update() action 29 consums 4.008411327997844s[0m
[32m[10:35:58] [img_preprocess.py] [-] Calibrate_transfer.detect() action 17 consums 6.048181520568s[0m
[32m[10:35:59] [img_preprocess.py] [-] Calibrate_transfer.postProcess() action 17 consums 0.9821092420154147s[0m
[32m[10:36:02] [img_preprocess.py] [-] Calibrate_transfer.update() action 30 consums 4.020523284162794s[0m
[32m[10:36:03] [img_preprocess.py] [-] Calibrate_transfer.detect() action 18 consums 6.006125738746242s[0m
[32m[10:36:05] [img_preprocess.py] [-] Calibrate_transfer.postProcess() action 18 consums 1.0077285264667712s[0m
[32m[10:36:06] [img_preprocess.py] [-] Calibrate_transfer.update() action 31 consums 4.0315465104990995s[0m
[32m[10:36:08] [img_preprocess.py] [-] Calibrate_transfer.detect() action 19 consums 5.946988832950592s[0m
[32m[10:36:10] [img_preprocess.py] [-] Calibrate_transfer.postProcess() action 19 consums 1.0252099990844727s[0m
[32m[10:36:10] [img_preprocess.py] [-] Calibrate_transfer.update() action 32 consums 4.013275527954102s[0m
[32m[10:36:12] [img_preprocess.py] [-] Calibrate_transfer.detect() action 20 consums 5.846326487404959s[0m
[32m[10:36:13] [img_preprocess.py] [-] Calibrate_transfer.postProcess() action 20 consums 1.0081811405363537s[0m
[32m[10:36:13] [img_preprocess.py] [-] Calibrate_transfer.update() action 33 consums 3.9987812349873204s[0m
[32m[10:36:15] [img_preprocess.py] [-] Calibrate_transfer.detect() action 22 consums 5.710185668685219s[0m
[32m[10:36:15] [img_preprocess.py] [-] Calibrate_transfer.postProcess() action 22 consums 0.9818357229232788s[0m
[32m[10:36:17] [img_preprocess.py] [-] Calibrate_transfer.update() action 34 consums 3.9753363728523254s[0m
[32m[10:36:20] [img_preprocess.py] [-] Calibrate_transfer.detect() action 24 consums 5.687422648720119s[0m
[32m[10:36:21] [img_preprocess.py] [-] Calibrate_transfer.update() action 35 consums 3.9809093114101524s[0m
[32m[10:36:22] [img_preprocess.py] [-] Calibrate_transfer.postProcess() action 24 consums 0.9991942073987878s[0m
[32m[10:36:24] [img_preprocess.py] [-] Calibrate_transfer.detect() action 25 consums 5.5996242960294085s[0m
[32m[10:36:24] [img_preprocess.py] [-] Calibrate_transfer.detect() action 26 consums 5.392909545898437s[0m
[32m[10:36:24] [img_preprocess.py] [-] Calibrate_transfer.postProcess() action 25 consums 0.9759808778762817s[0m
[32m[10:36:24] [img_preprocess.py] [-] Calibrate_transfer.postProcess() action 26 consums 0.940842866897583s[0m
[32m[10:36:25] [img_preprocess.py] [-] Calibrate_transfer.update() action 36 consums 3.9763991411994484s[0m
[32m[10:36:28] [img_preprocess.py] [-] Calibrate_transfer.update() action 38 consums 3.970718594959804s[0m
[32m[10:36:28] [img_preprocess.py] [-] Calibrate_transfer.detect() action 27 consums 5.347001662621131s[0m
[32m[10:36:29] [img_preprocess.py] [-] Calibrate_transfer.postProcess() action 27 consums 0.9448721225445087s[0m
[32m[10:36:32] [img_preprocess.py] [-] Calibrate_transfer.update() action 39 consums 3.951449473698934s[0m
[32m[10:36:33] [img_preprocess.py] [-] Calibrate_transfer.detect() action 29 consums 5.335508832225093s[0m
[32m[10:36:34] [img_preprocess.py] [-] Calibrate_transfer.postProcess() action 29 consums 0.941587386307893s[0m
[32m[10:36:35] [img_preprocess.py] [-] Calibrate_transfer.update() action 42 consums 3.9309121144784465s[0m
[32m[10:36:38] [img_preprocess.py] [-] Calibrate_transfer.update() action 43 consums 3.9099779442736975s[0m
[32m[10:36:38] [img_preprocess.py] [-] Calibrate_transfer.detect() action 30 consums 5.312882551125118s[0m
[32m[10:36:39] [img_preprocess.py] [-] Calibrate_transfer.postProcess() action 30 consums 0.9433884620666504s[0m
[32m[10:36:42] [img_preprocess.py] [-] Calibrate_transfer.update() action 44 consums 3.907227803499271s[0m
[32m[10:36:43] [img_preprocess.py] [-] Calibrate_transfer.detect() action 31 consums 5.287872643306337s[0m
[32m[10:36:44] [img_preprocess.py] [-] Calibrate_transfer.postProcess() action 31 consums 0.9398680966475914s[0m
[32m[10:36:46] [img_preprocess.py] [-] Calibrate_transfer.update() action 45 consums 3.9048278629779816s[0m
[32m[10:36:47] [img_preprocess.py] [-] Calibrate_transfer.detect() action 32 consums 5.256267921129862s[0m
[32m[10:36:48] [img_preprocess.py] [-] Calibrate_transfer.postProcess() action 32 consums 0.9514914671579997s[0m
[32m[10:36:49] [img_preprocess.py] [-] Calibrate_transfer.update() action 46 consums 3.8950494673193954s[0m
[32m[10:36:50] [img_preprocess.py] [-] Calibrate_transfer.detect() action 33 consums 5.187308388371622s[0m
[32m[10:36:51] [img_preprocess.py] [-] Calibrate_transfer.postProcess() action 33 consums 0.9463342466662007s[0m
[32m[10:36:53] [img_preprocess.py] [-] Calibrate_transfer.update() action 47 consums 3.8884029501960393s[0m
[32m[10:36:56] [img_preprocess.py] [-] Calibrate_transfer.detect() action 34 consums 5.221642255783081s[0m
[32m[10:36:57] [img_preprocess.py] [-] Calibrate_transfer.update() action 48 consums 3.8936784600102623s[0m
[32m[10:36:58] [img_preprocess.py] [-] Calibrate_transfer.postProcess() action 34 consums 0.9496417865157127s[0m
[32m[10:37:01] [img_preprocess.py] [-] Calibrate_transfer.update() action 49 consums 3.8897875113920732s[0m
[32m[10:37:02] [img_preprocess.py] [-] Calibrate_transfer.detect() action 35 consums 5.224297126134236s[0m
[32m[10:37:03] [img_preprocess.py] [-] Calibrate_transfer.postProcess() action 35 consums 0.954359516952977s[0m
[32m[10:37:04] [img_preprocess.py] [-] Calibrate_transfer.update() action 50 consums 3.8864732530381945s[0m
[32m[10:37:07] [img_preprocess.py] [-] Calibrate_transfer.detect() action 36 consums 5.225766097798067s[0m
[32m[10:37:08] [img_preprocess.py] [-] Calibrate_transfer.update() action 51 consums 3.883611984874891s[0m
[32m[10:37:08] [img_preprocess.py] [-] Calibrate_transfer.postProcess() action 36 consums 0.9593536152559168s[0m
[32m[10:37:11] [img_preprocess.py] [-] Calibrate_transfer.update() action 53 consums 3.869721143803698s[0m
[32m[10:37:12] [img_preprocess.py] [-] Calibrate_transfer.detect() action 38 consums 5.220886250904628s[0m
[32m[10:37:14] [img_preprocess.py] [-] Calibrate_transfer.postProcess() action 38 consums 0.9747873987470355s[0m
[32m[10:37:15] [img_preprocess.py] [-] Calibrate_transfer.update() action 54 consums 3.8615131030480065s[0m
[32m[10:37:18] [img_preprocess.py] [-] Calibrate_transfer.update() action 55 consums 3.8564638994177995s[0m
[32m[10:37:19] [img_preprocess.py] [-] Calibrate_transfer.detect() action 39 consums 5.25526789161894s[0m
[32m[10:37:20] [img_preprocess.py] [-] Calibrate_transfer.detect() action 42 consums 5.1559348493009s[0m
[32m[10:37:20] [img_preprocess.py] [-] Calibrate_transfer.postProcess() action 39 consums 0.9967233075035943s[0m
[32m[10:37:21] [img_preprocess.py] [-] Calibrate_transfer.postProcess() action 42 consums 0.9799206707928632s[0m
[32m[10:37:22] [img_preprocess.py] [-] Calibrate_transfer.update() action 56 consums 3.8544630336761476s[0m
[32m[10:37:22] [img_preprocess.py] [-] Calibrate_transfer.detect() action 43 consums 5.077075073593541s[0m
[32m[10:37:23] [img_preprocess.py] [-] Calibrate_transfer.postProcess() action 43 consums 0.969138365042837s[0m
[32m[10:37:26] [img_preprocess.py] [-] Calibrate_transfer.update() action 57 consums 3.8537493640301275s[0m
[32m[10:37:27] [img_preprocess.py] [-] Calibrate_transfer.detect() action 44 consums 5.0797642561105585s[0m
[32m[10:37:28] [img_preprocess.py] [-] Calibrate_transfer.postProcess() action 44 consums 0.9695430413270608s[0m
[32m[10:37:29] [img_preprocess.py] [-] Calibrate_transfer.update() action 58 consums 3.8427004539049587s[0m
[32m[10:37:33] [img_preprocess.py] [-] Calibrate_transfer.detect() action 45 consums 5.094093376398087s[0m
[32m[10:37:33] [img_preprocess.py] [-] Calibrate_transfer.update() action 59 consums 3.8452929370808153s[0m
[32m[10:37:34] [img_preprocess.py] [-] Calibrate_transfer.postProcess() action 45 consums 0.9770006597042084s[0m
[32m[10:37:36] [img_preprocess.py] [-] Calibrate_transfer.detect() action 46 consums 5.039711353255481s[0m
[32m[10:37:37] [img_preprocess.py] [-] Calibrate_transfer.update() action 60 consums 3.8386393653021917s[0m
[32m[10:37:37] [img_preprocess.py] [-] Calibrate_transfer.postProcess() action 46 consums 0.971018762123294s[0m
[32m[10:37:41] [img_preprocess.py] [-] Calibrate_transfer.update() action 61 consums 3.8399515585465864s[0m
[32m[10:37:43] [img_preprocess.py] [-] Calibrate_transfer.detect() action 47 consums 5.092300318536305s[0m
[32m[10:37:44] [img_preprocess.py] [-] Calibrate_transfer.update() action 62 consums 3.8385281605379924s[0m
[32m[10:37:45] [img_preprocess.py] [-] Calibrate_transfer.postProcess() action 47 consums 0.998969935235523s[0m
[32m[10:37:48] [img_preprocess.py] [-] Calibrate_transfer.update() action 63 consums 3.8283254054554723s[0m
[32m[10:37:51] [img_preprocess.py] [-] Calibrate_transfer.detect() action 48 consums 5.150383422541064s[0m
[32m[10:37:52] [img_preprocess.py] [-] Calibrate_transfer.update() action 64 consums 3.8319979289482378s[0m
[32m[10:37:53] [img_preprocess.py] [-] Calibrate_transfer.postProcess() action 48 consums 1.0211365444715632s[0m
[32m[10:37:55] [img_preprocess.py] [-] Calibrate_transfer.update() action 65 consums 3.8319246526491844s[0m
[32m[10:37:57] [img_preprocess.py] [-] Calibrate_transfer.detect() action 49 consums 5.162810320203954s[0m
[32m[10:37:58] [img_preprocess.py] [-] Calibrate_transfer.postProcess() action 49 consums 1.0265865488485857s[0m
[32m[10:38:00] [img_preprocess.py] [-] Calibrate_transfer.update() action 66 consums 3.83638334274292s[0m
[32m[10:38:01] [img_preprocess.py] [-] Calibrate_transfer.detect() action 50 consums 5.147904422548082s[0m
[32m[10:38:02] [img_preprocess.py] [-] Calibrate_transfer.postProcess() action 50 consums 1.0292878150939941s[0m
[32m[10:38:03] [img_preprocess.py] [-] Calibrate_transfer.update() action 67 consums 3.8325108621941237s[0m
[32m[10:38:04] [img_preprocess.py] [-] Calibrate_transfer.detect() action 51 consums 5.102690302807352s[0m
[32m[10:38:05] [img_preprocess.py] [-] Calibrate_transfer.postProcess() action 51 consums 1.0259546559789907s[0m
[32m[10:38:06] [img_preprocess.py] [-] Calibrate_transfer.update() action 68 consums 3.8197051478970434s[0m
[32m[10:38:07] [img_preprocess.py] [-] Calibrate_transfer.detect() action 53 consums 5.048242122568983s[0m
[32m[10:38:07] [img_preprocess.py] [-] Calibrate_transfer.postProcess() action 53 consums 1.0116495325210246s[0m
[32m[10:38:10] [img_preprocess.py] [-] Calibrate_transfer.update() action 69 consums 3.81674743833996s[0m
[32m[10:38:11] [img_preprocess.py] [-] Calibrate_transfer.detect() action 54 consums 5.040883183479309s[0m
[32m[10:38:12] [img_preprocess.py] [-] Calibrate_transfer.postProcess() action 54 consums 1.008516679207484s[0m
[32m[10:38:13] [img_preprocess.py] [-] Calibrate_transfer.update() action 70 consums 3.8143386840820312s[0m
[32m[10:38:16] [img_preprocess.py] [-] Calibrate_transfer.detect() action 55 consums 5.024857462668906s[0m
[32m[10:38:16] [img_preprocess.py] [-] Calibrate_transfer.postProcess() action 55 consums 0.9983486204731221s[0m
[32m[10:38:17] [img_preprocess.py] [-] Calibrate_transfer.update() action 71 consums 3.8152998007260837s[0m
[32m[10:38:21] [img_preprocess.py] [-] Calibrate_transfer.update() action 73 consums 3.8095216353734336s[0m
[32m[10:38:21] [img_preprocess.py] [-] Calibrate_transfer.detect() action 56 consums 5.029012126922607s[0m
[32m[10:38:22] [img_preprocess.py] [-] Calibrate_transfer.postProcess() action 56 consums 1.0005635929107666s[0m
[32m[10:38:24] [img_preprocess.py] [-] Calibrate_transfer.update() action 74 consums 3.7963656311604512s[0m
[32m[10:38:26] [img_preprocess.py] [-] Calibrate_transfer.detect() action 57 consums 5.03242156084846s[0m
[32m[10:38:27] [img_preprocess.py] [-] Calibrate_transfer.postProcess() action 57 consums 0.9952007041257971s[0m
[32m[10:38:27] [img_preprocess.py] [-] Calibrate_transfer.update() action 75 consums 3.790755608502556s[0m
[32m[10:38:29] [img_preprocess.py] [-] Calibrate_transfer.detect() action 58 consums 4.986181538838607s[0m
[32m[10:38:30] [img_preprocess.py] [-] Calibrate_transfer.postProcess() action 58 consums 0.994186520576477s[0m
[32m[10:38:30] [img_preprocess.py] [-] Calibrate_transfer.update() action 77 consums 3.7838210472162217s[0m
[32m[10:38:32] [img_preprocess.py] [-] Calibrate_transfer.detect() action 59 consums 4.95211846423599s[0m
[32m[10:38:33] [img_preprocess.py] [-] Calibrate_transfer.postProcess() action 59 consums 0.9905649131199099s[0m
[32m[10:38:34] [img_preprocess.py] [-] Calibrate_transfer.update() action 78 consums 3.7759736469813756s[0m
[32m[10:38:37] [img_preprocess.py] [-] Calibrate_transfer.update() action 79 consums 3.771527239974116s[0m
[32m[10:38:39] [img_preprocess.py] [-] Calibrate_transfer.detect() action 60 consums 4.9902400484791505s[0m
[32m[10:38:41] [img_preprocess.py] [-] Calibrate_transfer.postProcess() action 60 consums 1.0063546277858593s[0m
[32m[10:38:41] [img_preprocess.py] [-] Calibrate_transfer.update() action 80 consums 3.7746755282084146s[0m
[32m[10:38:45] [img_preprocess.py] [-] Calibrate_transfer.update() action 81 consums 3.7759600502170927s[0m
[32m[10:38:45] [img_preprocess.py] [-] Calibrate_transfer.detect() action 61 consums 5.018538462031971s[0m
[32m[10:38:47] [img_preprocess.py] [-] Calibrate_transfer.postProcess() action 61 consums 1.0090501221743498s[0m
[32m[10:38:49] [img_preprocess.py] [-] Calibrate_transfer.update() action 82 consums 3.77611569456152s[0m
[32m[10:38:53] [img_preprocess.py] [-] Calibrate_transfer.update() action 83 consums 3.775983750025431s[0m
[32m[10:38:53] [img_preprocess.py] [-] Calibrate_transfer.detect() action 62 consums 5.061017189707075s[0m
[32m[10:38:53] [img_preprocess.py] [-] Calibrate_transfer.detect() action 63 consums 4.983390385644478s[0m
[32m[10:38:55] [img_preprocess.py] [-] Calibrate_transfer.postProcess() action 62 consums 1.0254896155425481s[0m
[32m[10:38:55] [img_preprocess.py] [-] Calibrate_transfer.postProcess() action 63 consums 1.012293213292172s[0m
[32m[10:38:56] [img_preprocess.py] [-] Calibrate_transfer.update() action 84 consums 3.7713340960050883s[0m
[32m[10:39:00] [img_preprocess.py] [-] Calibrate_transfer.detect() action 64 consums 5.014571103556403s[0m
[32m[10:39:00] [img_preprocess.py] [-] Calibrate_transfer.update() action 85 consums 3.7780189699940867s[0m
[32m[10:39:02] [img_preprocess.py] [-] Calibrate_transfer.postProcess() action 64 consums 1.0213139920399106s[0m
[32m[10:39:04] [img_preprocess.py] [-] Calibrate_transfer.detect() action 65 consums 4.994301698975644s[0m
[32m[10:39:04] [img_preprocess.py] [-] Calibrate_transfer.update() action 86 consums 3.7832972819988546s[0m
[32m[10:39:05] [img_preprocess.py] [-] Calibrate_transfer.postProcess() action 65 consums 1.0151284266326388s[0m
[32m[10:39:09] [img_preprocess.py] [-] Calibrate_transfer.update() action 87 consums 3.7899380182918114s[0m
[32m[10:39:11] [img_preprocess.py] [-] Calibrate_transfer.detect() action 66 consums 5.034294275442759s[0m
[32m[10:39:13] [img_preprocess.py] [-] Calibrate_transfer.update() action 89 consums 3.791563609242439s[0m
[32m[10:39:13] [img_preprocess.py] [-] Calibrate_transfer.postProcess() action 66 consums 1.0264857172966004s[0m
[32m[10:39:16] [img_preprocess.py] [-] Calibrate_transfer.detect() action 67 consums 5.030934650389875s[0m
[32m[10:39:17] [img_preprocess.py] [-] Calibrate_transfer.postProcess() action 67 consums 1.0178757378312409s[0m
[32m[10:39:17] [img_preprocess.py] [-] Calibrate_transfer.update() action 90 consums 3.7978558746384987s[0m
[32m[10:39:19] [img_preprocess.py] [-] Calibrate_transfer.detect() action 68 consums 4.993728826122899s[0m
[32m[10:39:19] [img_preprocess.py] [-] Calibrate_transfer.postProcess() action 68 consums 1.0070134862776725s[0m
[32m[10:39:22] [img_preprocess.py] [-] Calibrate_transfer.update() action 91 consums 3.806622740699024s[0m
[32m[10:39:23] [img_preprocess.py] [-] Calibrate_transfer.detect() action 69 consums 4.9820457980746315s[0m
[32m[10:39:24] [img_preprocess.py] [-] Calibrate_transfer.postProcess() action 69 consums 1.0047223303053114s[0m
[32m[10:39:25] [img_preprocess.py] [-] Calibrate_transfer.update() action 92 consums 3.8070248523390435s[0m
[32m[10:39:29] [img_preprocess.py] [-] Calibrate_transfer.update() action 93 consums 3.8095921675364175s[0m
[32m[10:39:29] [img_preprocess.py] [-] Calibrate_transfer.detect() action 70 consums 5.000134844332933s[0m
[32m[10:39:31] [img_preprocess.py] [-] Calibrate_transfer.postProcess() action 70 consums 1.0157197192311287s[0m
[32m[10:39:38] [img_preprocess.py] [-] Calibrate_transfer.detect() action 71 consums 5.058014510228084s[0m
[32m[10:39:40] [img_preprocess.py] [-] Calibrate_transfer.detect() action 73 consums 5.009772315169826s[0m
[32m[10:39:41] [img_preprocess.py] [-] Calibrate_transfer.postProcess() action 71 consums 1.036908479837271s[0m
[32m[10:39:41] [img_preprocess.py] [-] Calibrate_transfer.postProcess() action 73 consums 1.0276482538743452s[0m
[32m[10:39:42] [img_preprocess.py] [-] Calibrate_transfer.detect() action 74 consums 4.961214282619419s[0m
[32m[10:39:43] [img_preprocess.py] [-] Calibrate_transfer.postProcess() action 74 consums 1.025820646713029s[0m
[32m[10:39:44] [img_preprocess.py] [-] Calibrate_transfer.detect() action 75 consums 4.9176448583602905s[0m
[32m[10:39:44] [img_preprocess.py] [-] Calibrate_transfer.postProcess() action 75 consums 1.020322273759281s[0m
[32m[10:39:48] [img_preprocess.py] [-] Calibrate_transfer.update() action 94 consums 3.9801022249109606s[0m
[32m[10:39:48] [img_preprocess.py] [-] Calibrate_transfer.detect() action 77 consums 4.907414864802706s[0m
[32m[10:44:43] [img_preprocess.py] [-]  Calibrate_transfer loads action 0 from Cache file [0m
[32m[10:44:58] [img_preprocess.py] [-] Calibrate_transfer.update() action 0 consums 15.07930612564087s[0m
[32m[10:45:08] [img_preprocess.py] [-] Calibrate_transfer.update() action 1 consums 12.248164415359497s[0m
[32m[10:45:08] [img_preprocess.py] [-] Calibrate_transfer.detect() action 0 consums 24.80336022377014s[0m
[32m[10:45:11] [img_preprocess.py] [-] Calibrate_transfer.postProcess() action 0 consums 2.6665561199188232s[0m
[32m[10:45:16] [img_preprocess.py] [-] Calibrate_transfer.detect() action 1 consums 16.48165762424469s[0m
[32m[10:45:17] [img_preprocess.py] [-] Calibrate_transfer.update() action 2 consums 11.20546269416809s[0m
[32m[10:45:19] [img_preprocess.py] [-] Calibrate_transfer.postProcess() action 1 consums 2.47463595867157s[0m
[32m[10:45:25] [img_preprocess.py] [-] Calibrate_transfer.detect() action 2 consums 13.926149209340414s[0m
[32m[10:45:27] [img_preprocess.py] [-] Calibrate_transfer.update() action 3 consums 10.984135150909424s[0m
[32m[10:45:28] [img_preprocess.py] [-] Calibrate_transfer.postProcess() action 2 consums 2.5930252075195312s[0m
[32m[10:45:35] [img_preprocess.py] [-] Calibrate_transfer.detect() action 3 consums 13.022597849369049s[0m
[32m[10:45:36] [img_preprocess.py] [-] Calibrate_transfer.update() action 4 consums 10.565039205551148s[0m
[32m[10:45:37] [img_preprocess.py] [-] Calibrate_transfer.postProcess() action 3 consums 2.391242027282715s[0m
[32m[10:45:44] [img_preprocess.py] [-] Calibrate_transfer.detect() action 4 consums 12.19732575416565s[0m
[32m[10:45:45] [img_preprocess.py] [-] Calibrate_transfer.update() action 5 consums 10.242219090461731s[0m
[32m[10:45:46] [img_preprocess.py] [-] Calibrate_transfer.postProcess() action 4 consums 2.2902462005615236s[0m
[32m[10:45:54] [img_preprocess.py] [-] Calibrate_transfer.detect() action 5 consums 11.835487405459086s[0m
[32m[10:45:55] [img_preprocess.py] [-] Calibrate_transfer.update() action 6 consums 10.234244278499059s[0m
[32m[10:45:58] [img_preprocess.py] [-] Calibrate_transfer.postProcess() action 5 consums 2.5448673168818154s[0m
[32m[10:46:06] [img_preprocess.py] [-] Calibrate_transfer.detect() action 6 consums 11.736521346228463s[0m
[32m[10:46:08] [img_preprocess.py] [-] Calibrate_transfer.postProcess() action 6 consums 2.528947353363037s[0m
[32m[10:46:10] [img_preprocess.py] [-] Calibrate_transfer.update() action 7 consums 10.881586521863937s[0m
[32m[10:46:19] [img_preprocess.py] [-] Calibrate_transfer.detect() action 7 consums 11.921017169952393s[0m
[32m[10:46:20] [img_preprocess.py] [-] Calibrate_transfer.update() action 8 consums 10.738448990715874s[0m
[32m[10:46:21] [img_preprocess.py] [-] Calibrate_transfer.postProcess() action 7 consums 2.5147311091423035s[0m
[32m[10:46:26] [img_preprocess.py] [-] Calibrate_transfer.detect() action 8 consums 11.345796664555868s[0m
[32m[10:46:27] [img_preprocess.py] [-] Calibrate_transfer.postProcess() action 8 consums 2.35392697652181s[0m
[32m[10:46:30] [img_preprocess.py] [-] Calibrate_transfer.update() action 9 consums 10.651851963996886s[0m
[32m[10:46:36] [img_preprocess.py] [-] Calibrate_transfer.detect() action 9 consums 11.219185543060302s[0m
[32m[10:46:37] [img_preprocess.py] [-] Calibrate_transfer.postProcess() action 9 consums 2.2277456521987915s[0m
[32m[10:46:40] [img_preprocess.py] [-] Calibrate_transfer.update() action 10 consums 10.611162055622447s[0m
[32m[10:46:43] [img_preprocess.py] [-] Calibrate_transfer.detect() action 10 consums 10.863318703391336s[0m
[32m[10:46:44] [img_preprocess.py] [-] Calibrate_transfer.postProcess() action 10 consums 2.0917287956584585s[0m
[32m[10:46:49] [img_preprocess.py] [-] Calibrate_transfer.update() action 11 consums 10.508205811182657s[0m
[32m[10:46:55] [img_preprocess.py] [-] Calibrate_transfer.detect() action 11 consums 10.984822849432627s[0m
[32m[10:46:57] [img_preprocess.py] [-] Calibrate_transfer.postProcess() action 11 consums 2.0308740536371865s[0m
[32m[10:47:00] [img_preprocess.py] [-] Calibrate_transfer.update() action 12 consums 10.4821195602417s[0m
[32m[10:47:02] [img_preprocess.py] [-] Calibrate_transfer.detect() action 12 consums 10.650682320961586s[0m
[32m[10:47:03] [img_preprocess.py] [-] Calibrate_transfer.postProcess() action 12 consums 1.9448674825521617s[0m
[32m[10:47:10] [img_preprocess.py] [-] Calibrate_transfer.update() action 13 consums 10.465987988880702s[0m
[32m[10:47:12] [img_preprocess.py] [-] Calibrate_transfer.detect() action 13 consums 10.58595437662942s[0m
[32m[10:47:12] [img_preprocess.py] [-] Calibrate_transfer.postProcess() action 13 consums 1.8552472931998116s[0m
[32m[10:47:20] [img_preprocess.py] [-] Calibrate_transfer.update() action 14 consums 10.441609541575113s[0m
[32m[10:47:26] [img_preprocess.py] [-] Calibrate_transfer.detect() action 14 consums 10.81068884531657s[0m
[32m[10:47:27] [img_preprocess.py] [-] Calibrate_transfer.postProcess() action 14 consums 1.8483700593312582s[0m
[32m[10:47:30] [img_preprocess.py] [-] Calibrate_transfer.update() action 15 consums 10.424475237727165s[0m
[32m[10:47:33] [img_preprocess.py] [-] Calibrate_transfer.detect() action 15 consums 10.569513082504272s[0m
[32m[10:47:33] [img_preprocess.py] [-] Calibrate_transfer.postProcess() action 15 consums 1.7559707462787628s[0m
[32m[10:47:40] [img_preprocess.py] [-] Calibrate_transfer.update() action 16 consums 10.395184054094202s[0m
[32m[10:47:47] [img_preprocess.py] [-] Calibrate_transfer.detect() action 16 consums 10.771835369222304s[0m
[32m[10:47:48] [img_preprocess.py] [-] Calibrate_transfer.postProcess() action 16 consums 1.7053985455456901s[0m
[32m[10:47:49] [img_preprocess.py] [-] Calibrate_transfer.update() action 17 consums 10.340775834189522s[0m
[32m[10:47:57] [img_preprocess.py] [-] Calibrate_transfer.detect() action 17 consums 10.73559976948632s[0m
[32m[10:47:58] [img_preprocess.py] [-] Calibrate_transfer.postProcess() action 17 consums 1.6797657410303752s[0m
[32m[10:47:59] [img_preprocess.py] [-] Calibrate_transfer.update() action 18 consums 10.295404823202835s[0m
[32m[10:48:05] [img_preprocess.py] [-] Calibrate_transfer.detect() action 18 consums 10.612723927748831s[0m
[32m[10:48:07] [img_preprocess.py] [-] Calibrate_transfer.postProcess() action 18 consums 1.6877080390327854s[0m
[32m[10:48:09] [img_preprocess.py] [-] Calibrate_transfer.update() action 19 consums 10.294359815120696s[0m
[32m[10:48:15] [img_preprocess.py] [-] Calibrate_transfer.detect() action 19 consums 10.591629898548126s[0m
[32m[10:48:17] [img_preprocess.py] [-] Calibrate_transfer.postProcess() action 19 consums 1.6849674940109254s[0m
[32m[10:48:19] [img_preprocess.py] [-] Calibrate_transfer.update() action 20 consums 10.27271368390038s[0m
[32m[10:48:27] [img_preprocess.py] [-] Calibrate_transfer.detect() action 20 consums 10.62145744051252s[0m
[32m[10:48:28] [img_preprocess.py] [-] Calibrate_transfer.postProcess() action 20 consums 1.664100067956107s[0m
[32m[10:48:29] [img_preprocess.py] [-] Calibrate_transfer.update() action 21 consums 10.252798308025707s[0m
[32m[10:48:37] [img_preprocess.py] [-] Calibrate_transfer.detect() action 21 consums 10.599862456321716s[0m
[32m[10:48:39] [img_preprocess.py] [-] Calibrate_transfer.postProcess() action 21 consums 1.671311075037176s[0m
[32m[10:48:40] [img_preprocess.py] [-] Calibrate_transfer.update() action 22 consums 10.278661085211713s[0m
[32m[10:48:46] [img_preprocess.py] [-] Calibrate_transfer.detect() action 22 consums 10.536031266917353s[0m
[32m[10:48:48] [img_preprocess.py] [-] Calibrate_transfer.postProcess() action 22 consums 1.679520441138226s[0m
[32m[10:48:49] [img_preprocess.py] [-] Calibrate_transfer.update() action 23 consums 10.220226009686789s[0m
[32m[10:48:53] [img_preprocess.py] [-] Calibrate_transfer.detect() action 23 consums 10.394482056299845s[0m
[32m[10:48:54] [img_preprocess.py] [-] Calibrate_transfer.postProcess() action 23 consums 1.6603488624095917s[0m
[32m[10:48:59] [img_preprocess.py] [-] Calibrate_transfer.update() action 24 consums 10.223905401229858s[0m
[32m[10:49:03] [img_preprocess.py] [-] Calibrate_transfer.detect() action 24 consums 10.378169984817506s[0m
[32m[10:49:04] [img_preprocess.py] [-] Calibrate_transfer.postProcess() action 24 consums 1.6174589061737061s[0m
[32m[10:49:09] [img_preprocess.py] [-] Calibrate_transfer.update() action 25 consums 10.204438383762653s[0m
[32m[10:49:13] [img_preprocess.py] [-] Calibrate_transfer.detect() action 25 consums 10.354557358301603s[0m
[32m[10:49:13] [img_preprocess.py] [-] Calibrate_transfer.postProcess() action 25 consums 1.575356098321768s[0m
[32m[10:49:19] [img_preprocess.py] [-] Calibrate_transfer.update() action 26 consums 10.209696248725608s[0m
[32m[10:49:25] [img_preprocess.py] [-] Calibrate_transfer.detect() action 26 consums 10.42514024840461s[0m
[32m[10:49:27] [img_preprocess.py] [-] Calibrate_transfer.postProcess() action 26 consums 1.5754405834056713s[0m
[32m[10:49:29] [img_preprocess.py] [-] Calibrate_transfer.update() action 27 consums 10.19564060653959s[0m
[32m[10:49:35] [img_preprocess.py] [-] Calibrate_transfer.detect() action 27 consums 10.39327095236097s[0m
[32m[10:49:36] [img_preprocess.py] [-] Calibrate_transfer.postProcess() action 27 consums 1.5736199957983834s[0m
[32m[10:49:39] [img_preprocess.py] [-] Calibrate_transfer.update() action 28 consums 10.181899284494333s[0m
[32m[10:49:44] [img_preprocess.py] [-] Calibrate_transfer.detect() action 28 consums 10.36904475606721s[0m
[32m[10:49:46] [img_preprocess.py] [-] Calibrate_transfer.postProcess() action 28 consums 1.5774578965943435s[0m
[32m[10:49:48] [img_preprocess.py] [-] Calibrate_transfer.update() action 29 consums 10.14888247648875s[0m
[32m[10:49:55] [img_preprocess.py] [-] Calibrate_transfer.detect() action 29 consums 10.362116106351216s[0m
[32m[10:49:56] [img_preprocess.py] [-] Calibrate_transfer.postProcess() action 29 consums 1.5575159549713136s[0m
[32m[10:49:57] [img_preprocess.py] [-] Calibrate_transfer.update() action 30 consums 10.132981707972865s[0m
[32m[10:50:06] [img_preprocess.py] [-] Calibrate_transfer.detect() action 30 consums 10.3954263271824s[0m
[32m[10:50:07] [img_preprocess.py] [-] Calibrate_transfer.update() action 31 consums 10.122588232159615s[0m
[32m[10:50:08] [img_preprocess.py] [-] Calibrate_transfer.postProcess() action 30 consums 1.5802850261811288s[0m
[32m[10:50:12] [img_preprocess.py] [-] Calibrate_transfer.detect() action 31 consums 10.2433425411582s[0m
[32m[10:50:13] [img_preprocess.py] [-] Calibrate_transfer.postProcess() action 31 consums 1.5616874024271965s[0m
[32m[10:50:17] [img_preprocess.py] [-] Calibrate_transfer.update() action 32 consums 10.103249651012998s[0m
[32m[10:50:21] [img_preprocess.py] [-] Calibrate_transfer.detect() action 32 consums 10.223540139920784s[0m
[32m[10:50:22] [img_preprocess.py] [-] Calibrate_transfer.postProcess() action 32 consums 1.5526890393459436s[0m
[32m[10:50:27] [img_preprocess.py] [-] Calibrate_transfer.update() action 33 consums 10.095768683096942s[0m
[32m[10:50:37] [img_preprocess.py] [-] Calibrate_transfer.detect() action 33 consums 10.38778427769156s[0m
[32m[10:50:37] [img_preprocess.py] [-] Calibrate_transfer.update() action 34 consums 10.10636111668178s[0m
[32m[10:50:40] [img_preprocess.py] [-] Calibrate_transfer.postProcess() action 33 consums 1.5974362878238453s[0m
[32m[10:50:47] [img_preprocess.py] [-] Calibrate_transfer.update() action 35 consums 10.098625010914272s[0m
[32m[10:50:47] [img_preprocess.py] [-] Calibrate_transfer.detect() action 34 consums 10.375669486182076s[0m
[32m[10:50:49] [img_preprocess.py] [-] Calibrate_transfer.postProcess() action 34 consums 1.6213661806924002s[0m
[32m[10:50:52] [img_preprocess.py] [-] Calibrate_transfer.detect() action 35 consums 10.218107011583117s[0m
[32m[10:50:53] [img_preprocess.py] [-] Calibrate_transfer.postProcess() action 35 consums 1.6090313461091783s[0m
[32m[10:50:57] [img_preprocess.py] [-] Calibrate_transfer.update() action 36 consums 10.105388286951426s[0m
[32m[10:51:01] [img_preprocess.py] [-] Calibrate_transfer.detect() action 36 consums 10.1896533192815s[0m
[32m[10:51:01] [img_preprocess.py] [-] Calibrate_transfer.postProcess() action 36 consums 1.5821912224228318s[0m
[32m[10:51:07] [img_preprocess.py] [-] Calibrate_transfer.update() action 37 consums 10.104747370669717s[0m
[32m[10:51:14] [img_preprocess.py] [-] Calibrate_transfer.detect() action 37 consums 10.257705111252633s[0m
[32m[10:51:16] [img_preprocess.py] [-] Calibrate_transfer.postProcess() action 37 consums 1.5986431648856716s[0m
[32m[10:51:18] [img_preprocess.py] [-] Calibrate_transfer.update() action 38 consums 10.125824842697535s[0m
[32m[10:51:26] [img_preprocess.py] [-] Calibrate_transfer.detect() action 38 consums 10.322393123920147s[0m
[32m[10:51:28] [img_preprocess.py] [-] Calibrate_transfer.update() action 39 consums 10.106768190860748s[0m
[32m[10:51:29] [img_preprocess.py] [-] Calibrate_transfer.postProcess() action 38 consums 1.6251759284581893s[0m
[32m[10:51:36] [img_preprocess.py] [-] Calibrate_transfer.detect() action 39 consums 10.304213851690292s[0m
[32m[10:51:38] [img_preprocess.py] [-] Calibrate_transfer.postProcess() action 39 consums 1.63007293343544s[0m
[32m[10:51:39] [img_preprocess.py] [-] Calibrate_transfer.update() action 40 consums 10.142412621800492s[0m
[32m[10:51:43] [img_preprocess.py] [-] Calibrate_transfer.detect() action 40 consums 10.22813331208578s[0m
[32m[10:51:44] [img_preprocess.py] [-] Calibrate_transfer.postProcess() action 40 consums 1.6170132509092006s[0m
[32m[10:51:48] [img_preprocess.py] [-] Calibrate_transfer.update() action 41 consums 10.121258366675605s[0m
[32m[10:51:49] [img_preprocess.py] [-] Calibrate_transfer.detect() action 41 consums 10.13037381853376s[0m
[32m[10:51:50] [img_preprocess.py] [-] Calibrate_transfer.postProcess() action 41 consums 1.5876405182338895s[0m
[32m[10:51:59] [img_preprocess.py] [-] Calibrate_transfer.update() action 42 consums 10.136272009028945s[0m
[32m[10:52:03] [img_preprocess.py] [-] Calibrate_transfer.detect() action 42 consums 10.20824078071949s[0m
[32m[10:52:04] [img_preprocess.py] [-] Calibrate_transfer.postProcess() action 42 consums 1.575692426326663s[0m
[32m[10:52:08] [img_preprocess.py] [-] Calibrate_transfer.update() action 43 consums 10.11682460524819s[0m
[32m[10:52:14] [img_preprocess.py] [-] Calibrate_transfer.detect() action 43 consums 10.219722368500449s[0m
[32m[10:52:15] [img_preprocess.py] [-] Calibrate_transfer.postProcess() action 43 consums 1.5690404989502647s[0m
[32m[10:52:19] [img_preprocess.py] [-] Calibrate_transfer.update() action 44 consums 10.136078071594238s[0m
[32m[10:52:21] [img_preprocess.py] [-] Calibrate_transfer.detect() action 44 consums 10.169419357511732s[0m
[32m[10:52:22] [img_preprocess.py] [-] Calibrate_transfer.postProcess() action 44 consums 1.5534953329298231s[0m
[32m[10:52:30] [img_preprocess.py] [-] Calibrate_transfer.update() action 45 consums 10.150454308675682s[0m
[32m[10:52:32] [img_preprocess.py] [-] Calibrate_transfer.detect() action 45 consums 10.184764504432678s[0m
[32m[10:52:33] [img_preprocess.py] [-] Calibrate_transfer.postProcess() action 45 consums 1.533591539963432s[0m
[32m[10:52:41] [img_preprocess.py] [-] Calibrate_transfer.update() action 46 consums 10.152280087166645s[0m
[32m[10:52:42] [img_preprocess.py] [-] Calibrate_transfer.detect() action 46 consums 10.180905945757603s[0m
[32m[10:52:43] [img_preprocess.py] [-] Calibrate_transfer.postProcess() action 46 consums 1.5148400753102405s[0m
[32m[10:52:52] [img_preprocess.py] [-] Calibrate_transfer.update() action 47 consums 10.171639810005823s[0m
[32m[10:52:54] [img_preprocess.py] [-] Calibrate_transfer.detect() action 47 consums 10.206785281499227s[0m
[32m[10:52:55] [img_preprocess.py] [-] Calibrate_transfer.postProcess() action 47 consums 1.4981734106938045s[0m
[32m[10:53:03] [img_preprocess.py] [-] Calibrate_transfer.update() action 48 consums 10.197096182375539s[0m
[32m[10:53:13] [img_preprocess.py] [-] Calibrate_transfer.update() action 49 consums 10.195114631652832s[0m
[32m[10:53:15] [img_preprocess.py] [-] Calibrate_transfer.detect() action 49 consums 10.24006681053006s[0m
[32m[10:53:15] [img_preprocess.py] [-] Calibrate_transfer.postProcess() action 49 consums 1.479558059147426s[0m
[32m[10:53:24] [img_preprocess.py] [-] Calibrate_transfer.update() action 50 consums 10.208793009028716s[0m
[32m[10:53:30] [img_preprocess.py] [-] Calibrate_transfer.detect() action 50 consums 10.329182796478271s[0m
[32m[10:53:31] [img_preprocess.py] [-] Calibrate_transfer.postProcess() action 50 consums 1.4825419902801513s[0m
[32m[10:53:35] [img_preprocess.py] [-] Calibrate_transfer.update() action 51 consums 10.233462870121002s[0m
[32m[10:53:37] [img_preprocess.py] [-] Calibrate_transfer.detect() action 51 consums 10.273483753204346s[0m
[32m[10:53:37] [img_preprocess.py] [-] Calibrate_transfer.postProcess() action 51 consums 1.4620732980615951s[0m
[32m[10:53:45] [img_preprocess.py] [-] Calibrate_transfer.update() action 52 consums 10.220935083785147s[0m
[32m[10:53:49] [img_preprocess.py] [-] Calibrate_transfer.detect() action 52 consums 10.311032153092897s[0m
[32m[10:53:50] [img_preprocess.py] [-] Calibrate_transfer.postProcess() action 52 consums 1.4528808410351093s[0m
[32m[10:53:56] [img_preprocess.py] [-] Calibrate_transfer.update() action 53 consums 10.239740985411185s[0m
[32m[10:53:58] [img_preprocess.py] [-] Calibrate_transfer.detect() action 53 consums 10.272968841048906s[0m
[32m[10:53:58] [img_preprocess.py] [-] Calibrate_transfer.postProcess() action 53 consums 1.4326370122297756s[0m
[32m[10:54:07] [img_preprocess.py] [-] Calibrate_transfer.update() action 54 consums 10.240979081934148s[0m
[32m[10:54:15] [img_preprocess.py] [-] Calibrate_transfer.detect() action 54 consums 10.397564821773106s[0m
[32m[10:54:17] [img_preprocess.py] [-] Calibrate_transfer.postProcess() action 54 consums 1.4455635415183172s[0m
[32m[10:54:17] [img_preprocess.py] [-] Calibrate_transfer.update() action 55 consums 10.238754710980825s[0m
[32m[10:54:22] [img_preprocess.py] [-] Calibrate_transfer.detect() action 55 consums 10.339750597693703s[0m
[32m[10:54:23] [img_preprocess.py] [-] Calibrate_transfer.postProcess() action 55 consums 1.4463210365988992s[0m
[32m[10:54:28] [img_preprocess.py] [-] Calibrate_transfer.update() action 56 consums 10.249673107214141s[0m
[32m[10:54:36] [img_preprocess.py] [-] Calibrate_transfer.detect() action 56 consums 10.4053256383964s[0m
[32m[10:54:37] [img_preprocess.py] [-] Calibrate_transfer.update() action 57 consums 10.234370149415115s[0m
[32m[10:54:37] [img_preprocess.py] [-] Calibrate_transfer.postProcess() action 56 consums 1.4479122630187444s[0m
[32m[10:54:39] [img_preprocess.py] [-] Calibrate_transfer.detect() action 57 consums 10.272554640184369s[0m
[32m[10:54:39] [img_preprocess.py] [-] Calibrate_transfer.postProcess() action 57 consums 1.4292583256437068s[0m
[32m[10:54:48] [img_preprocess.py] [-] Calibrate_transfer.update() action 58 consums 10.244176848460052s[0m
[32m[10:54:53] [img_preprocess.py] [-] Calibrate_transfer.detect() action 58 consums 10.346711413613681s[0m
[32m[10:54:54] [img_preprocess.py] [-] Calibrate_transfer.postProcess() action 58 consums 1.4229372945325127s[0m
[32m[10:54:57] [img_preprocess.py] [-] Calibrate_transfer.update() action 59 consums 10.233674323558807s[0m
[32m[10:55:04] [img_preprocess.py] [-] Calibrate_transfer.detect() action 59 consums 10.346590288614822s[0m
[32m[10:55:05] [img_preprocess.py] [-] Calibrate_transfer.postProcess() action 59 consums 1.4284085500038277s[0m
[32m[10:55:08] [img_preprocess.py] [-] Calibrate_transfer.update() action 60 consums 10.236932938216162s[0m
[32m[10:55:16] [img_preprocess.py] [-] Calibrate_transfer.detect() action 60 consums 10.381212210655212s[0m
[32m[10:55:17] [img_preprocess.py] [-] Calibrate_transfer.update() action 61 consums 10.217810077051963s[0m
[32m[10:55:18] [img_preprocess.py] [-] Calibrate_transfer.postProcess() action 60 consums 1.4429093718528747s[0m
[32m[10:55:20] [img_preprocess.py] [-] Calibrate_transfer.detect() action 61 consums 10.268467660810126s[0m
[32m[10:55:20] [img_preprocess.py] [-] Calibrate_transfer.postProcess() action 61 consums 1.4314747403879635s[0m
[32m[10:55:27] [img_preprocess.py] [-] Calibrate_transfer.update() action 62 consums 10.218914232556783s[0m
[32m[10:55:31] [img_preprocess.py] [-] Calibrate_transfer.detect() action 62 consums 10.291820991423823s[0m
[32m[10:55:32] [img_preprocess.py] [-] Calibrate_transfer.postProcess() action 62 consums 1.4217836510750554s[0m
[32m[10:55:36] [img_preprocess.py] [-] Calibrate_transfer.update() action 63 consums 10.198754198849201s[0m
[32m[10:55:40] [img_preprocess.py] [-] Calibrate_transfer.detect() action 63 consums 10.264467122062804s[0m
[32m[10:55:40] [img_preprocess.py] [-] Calibrate_transfer.postProcess() action 63 consums 1.4083628957233731s[0m
[32m[10:55:47] [img_preprocess.py] [-] Calibrate_transfer.update() action 64 consums 10.205543030225314s[0m
[32m[10:55:52] [img_preprocess.py] [-] Calibrate_transfer.detect() action 64 consums 10.287552267313004s[0m
[32m[10:55:52] [img_preprocess.py] [-] Calibrate_transfer.postProcess() action 64 consums 1.4000358693301678s[0m
[32m[10:55:56] [img_preprocess.py] [-] Calibrate_transfer.update() action 65 consums 10.190668134978324s[0m
[32m[10:56:02] [img_preprocess.py] [-] Calibrate_transfer.detect() action 65 consums 10.29221222950862s[0m
[32m[10:56:03] [img_preprocess.py] [-] Calibrate_transfer.postProcess() action 65 consums 1.3923070210676927s[0m
[32m[10:56:06] [img_preprocess.py] [-] Calibrate_transfer.update() action 66 consums 10.192321716849484s[0m
[32m[10:56:13] [img_preprocess.py] [-] Calibrate_transfer.detect() action 66 consums 10.303088907039527s[0m
[32m[10:56:14] [img_preprocess.py] [-] Calibrate_transfer.postProcess() action 66 consums 1.384814396049037s[0m
[32m[10:56:16] [img_preprocess.py] [-] Calibrate_transfer.update() action 67 consums 10.185461440507103s[0m
[32m[10:56:20] [img_preprocess.py] [-] Calibrate_transfer.detect() action 67 consums 10.24614040887178s[0m
[32m[10:56:20] [img_preprocess.py] [-] Calibrate_transfer.postProcess() action 67 consums 1.3751341656072815s[0m
[32m[10:56:26] [img_preprocess.py] [-] Calibrate_transfer.update() action 68 consums 10.17813451393791s[0m
[32m[10:56:29] [img_preprocess.py] [-] Calibrate_transfer.detect() action 68 consums 10.237819296472212s[0m
[32m[10:56:30] [img_preprocess.py] [-] Calibrate_transfer.postProcess() action 68 consums 1.365324385025922s[0m
[32m[10:56:36] [img_preprocess.py] [-] Calibrate_transfer.update() action 69 consums 10.17537649359022s[0m
[32m[10:56:42] [img_preprocess.py] [-] Calibrate_transfer.detect() action 69 consums 10.265348296234572s[0m
[32m[10:56:43] [img_preprocess.py] [-] Calibrate_transfer.postProcess() action 69 consums 1.3603728750477666s[0m
[32m[10:56:46] [img_preprocess.py] [-] Calibrate_transfer.update() action 70 consums 10.175710701606643s[0m
[32m[10:56:52] [img_preprocess.py] [-] Calibrate_transfer.detect() action 70 consums 10.263572222845895s[0m
[32m[10:56:53] [img_preprocess.py] [-] Calibrate_transfer.postProcess() action 70 consums 1.3575452259608678s[0m
[32m[10:56:56] [img_preprocess.py] [-] Calibrate_transfer.update() action 71 consums 10.180448061890072s[0m
[32m[10:57:00] [img_preprocess.py] [-] Calibrate_transfer.detect() action 71 consums 10.22830583679844s[0m
[32m[10:57:00] [img_preprocess.py] [-] Calibrate_transfer.postProcess() action 71 consums 1.3503667334435692s[0m
[32m[10:57:06] [img_preprocess.py] [-] Calibrate_transfer.update() action 72 consums 10.178216989726236s[0m
[32m[10:57:10] [img_preprocess.py] [-] Calibrate_transfer.detect() action 72 consums 10.225134488609102s[0m
[32m[10:57:10] [img_preprocess.py] [-] Calibrate_transfer.postProcess() action 72 consums 1.3431611094209883s[0m
[32m[10:57:16] [img_preprocess.py] [-] Calibrate_transfer.update() action 73 consums 10.173508109273138s[0m
[32m[10:57:20] [img_preprocess.py] [-] Calibrate_transfer.detect() action 73 consums 10.2305025923742s[0m
[32m[10:57:21] [img_preprocess.py] [-] Calibrate_transfer.postProcess() action 73 consums 1.3360444584937945s[0m
[32m[10:57:26] [img_preprocess.py] [-] Calibrate_transfer.update() action 74 consums 10.166555010477701s[0m
[32m[10:57:32] [img_preprocess.py] [-] Calibrate_transfer.detect() action 74 consums 10.250021815299988s[0m
[32m[10:57:34] [img_preprocess.py] [-] Calibrate_transfer.postProcess() action 74 consums 1.3423867064553339s[0m
[32m[10:57:36] [img_preprocess.py] [-] Calibrate_transfer.update() action 75 consums 10.164380785666014s[0m
[32m[10:57:42] [img_preprocess.py] [-] Calibrate_transfer.detect() action 75 consums 10.249969361623128s[0m
[32m[10:57:44] [img_preprocess.py] [-] Calibrate_transfer.postProcess() action 75 consums 1.347903054555257s[0m
[32m[10:57:45] [img_preprocess.py] [-] Calibrate_transfer.update() action 76 consums 10.151126437372975s[0m
[32m[10:57:51] [img_preprocess.py] [-] Calibrate_transfer.detect() action 76 consums 10.233089883076516s[0m
[32m[10:57:53] [img_preprocess.py] [-] Calibrate_transfer.postProcess() action 76 consums 1.3526037680475336s[0m
[32m[10:57:55] [img_preprocess.py] [-] Calibrate_transfer.update() action 77 consums 10.151244435554895s[0m
[32m[10:58:01] [img_preprocess.py] [-] Calibrate_transfer.detect() action 77 consums 10.228252479008265s[0m
[32m[10:58:02] [img_preprocess.py] [-] Calibrate_transfer.postProcess() action 77 consums 1.3491519085772625s[0m
[32m[10:58:04] [img_preprocess.py] [-] Calibrate_transfer.update() action 78 consums 10.133392825911317s[0m
[32m[10:58:09] [img_preprocess.py] [-] Calibrate_transfer.detect() action 78 consums 10.204935709635416s[0m
[32m[10:58:11] [img_preprocess.py] [-] Calibrate_transfer.postProcess() action 78 consums 1.3526360744085066s[0m
[32m[10:58:15] [img_preprocess.py] [-] Calibrate_transfer.update() action 79 consums 10.141659688949584s[0m
[32m[10:58:21] [img_preprocess.py] [-] Calibrate_transfer.detect() action 79 consums 10.216776730139044s[0m
[32m[10:58:22] [img_preprocess.py] [-] Calibrate_transfer.postProcess() action 79 consums 1.3547494049313702s[0m
[32m[10:58:24] [img_preprocess.py] [-] Calibrate_transfer.update() action 80 consums 10.125024895609162s[0m
[32m[10:58:30] [img_preprocess.py] [-] Calibrate_transfer.detect() action 80 consums 10.203052598237992s[0m
[32m[10:58:31] [img_preprocess.py] [-] Calibrate_transfer.postProcess() action 80 consums 1.3606879591941834s[0m
[32m[10:58:34] [img_preprocess.py] [-] Calibrate_transfer.update() action 81 consums 10.126763047241583s[0m
[32m[10:58:36] [img_preprocess.py] [-] Calibrate_transfer.detect() action 81 consums 10.15457464441841s[0m
[32m[10:58:36] [img_preprocess.py] [-] Calibrate_transfer.postProcess() action 81 consums 1.3505039303391069s[0m
[32m[10:58:44] [img_preprocess.py] [-] Calibrate_transfer.update() action 82 consums 10.128033152545791s[0m
[32m[10:58:44] [img_preprocess.py] [-] Calibrate_transfer.detect() action 82 consums 10.13401161752096s[0m
[32m[10:58:44] [img_preprocess.py] [-] Calibrate_transfer.postProcess() action 82 consums 1.3351962711752914s[0m
[32m[10:58:53] [img_preprocess.py] [-] Calibrate_transfer.update() action 83 consums 10.11154389949072s[0m
[32m[10:58:58] [img_preprocess.py] [-] Calibrate_transfer.detect() action 83 consums 10.170581674001303s[0m
[32m[10:58:59] [img_preprocess.py] [-] Calibrate_transfer.postProcess() action 83 consums 1.3312139712184308s[0m
[32m[10:59:04] [img_preprocess.py] [-] Calibrate_transfer.update() action 84 consums 10.122889720692354s[0m
[32m[10:59:06] [img_preprocess.py] [-] Calibrate_transfer.detect() action 84 consums 10.153563204265776s[0m
[32m[10:59:07] [img_preprocess.py] [-] Calibrate_transfer.postProcess() action 84 consums 1.3224115712302071s[0m
[32m[10:59:13] [img_preprocess.py] [-] Calibrate_transfer.update() action 85 consums 10.113702208496804s[0m
[32m[10:59:17] [img_preprocess.py] [-] Calibrate_transfer.detect() action 85 consums 10.160855725232292s[0m
[32m[10:59:18] [img_preprocess.py] [-] Calibrate_transfer.postProcess() action 85 consums 1.316754248562981s[0m
[32m[10:59:23] [img_preprocess.py] [-] Calibrate_transfer.update() action 86 consums 10.11264269653408s[0m
[32m[10:59:27] [img_preprocess.py] [-] Calibrate_transfer.detect() action 86 consums 10.162429682044095s[0m
[32m[10:59:28] [img_preprocess.py] [-] Calibrate_transfer.postProcess() action 86 consums 1.3105487629424695s[0m
[32m[10:59:33] [img_preprocess.py] [-] Calibrate_transfer.update() action 87 consums 10.104368115013296s[0m
[32m[10:59:42] [img_preprocess.py] [-] Calibrate_transfer.detect() action 87 consums 10.21841348998848s[0m
[32m[10:59:43] [img_preprocess.py] [-] Calibrate_transfer.update() action 88 consums 10.102488860655367s[0m
[32m[10:59:45] [img_preprocess.py] [-] Calibrate_transfer.postProcess() action 87 consums 1.3271181254551327s[0m
[32m[10:59:49] [img_preprocess.py] [-] Calibrate_transfer.detect() action 88 consums 10.172354744239287s[0m
[32m[10:59:50] [img_preprocess.py] [-] Calibrate_transfer.postProcess() action 88 consums 1.3296647613698787s[0m
[32m[10:59:52] [img_preprocess.py] [-] Calibrate_transfer.update() action 89 consums 10.095073750283984s[0m
[32m[10:59:58] [img_preprocess.py] [-] Calibrate_transfer.detect() action 89 consums 10.161713380492136s[0m
[32m[11:00:00] [img_preprocess.py] [-] Calibrate_transfer.postProcess() action 89 consums 1.3333341968193482s[0m
[32m[11:00:01] [img_preprocess.py] [-] Calibrate_transfer.update() action 90 consums 10.078817412093445s[0m
[32m[11:00:07] [img_preprocess.py] [-] Calibrate_transfer.detect() action 90 consums 10.14749187098609s[0m
[32m[11:00:08] [img_preprocess.py] [-] Calibrate_transfer.postProcess() action 90 consums 1.336881340874566s[0m
[32m[11:00:11] [img_preprocess.py] [-] Calibrate_transfer.update() action 91 consums 10.084002007608829s[0m
[32m[11:00:20] [img_preprocess.py] [-] Calibrate_transfer.detect() action 91 consums 10.182879743995247s[0m
[32m[11:00:20] [img_preprocess.py] [-] Calibrate_transfer.update() action 92 consums 10.073766180264052s[0m
[32m[11:00:21] [img_preprocess.py] [-] Calibrate_transfer.detect() action 92 consums 10.079444019690804s[0m
[32m[11:00:22] [img_preprocess.py] [-] Calibrate_transfer.postProcess() action 91 consums 1.3422667194198776s[0m
[32m[11:00:22] [img_preprocess.py] [-] Calibrate_transfer.postProcess() action 92 consums 1.327994862328405s[0m
[32m[11:00:29] [img_preprocess.py] [-] Calibrate_transfer.update() action 93 consums 10.063314077701975s[0m
[32m[11:00:35] [img_preprocess.py] [-] Calibrate_transfer.detect() action 93 consums 10.121096503350042s[0m
[32m[11:00:36] [img_preprocess.py] [-] Calibrate_transfer.postProcess() action 93 consums 1.3268640528443039s[0m
[32m[11:00:39] [img_preprocess.py] [-] Calibrate_transfer.update() action 94 consums 10.059459523150796s[0m
[32m[11:00:42] [img_preprocess.py] [-] Calibrate_transfer.detect() action 94 consums 10.086278679523062s[0m
[32m[11:00:42] [img_preprocess.py] [-] Calibrate_transfer.postProcess() action 94 consums 1.3210295007583943s[0m
[32m[11:00:50] [img_preprocess.py] [-] Calibrate_transfer.update() action 95 consums 10.06944445023934s[0m
[32m[11:00:53] [img_preprocess.py] [-] Calibrate_transfer.detect() action 95 consums 10.10462777740077s[0m
[32m[11:00:54] [img_preprocess.py] [-] Calibrate_transfer.postProcess() action 95 consums 1.3103703599227101s[0m
[32m[11:01:42] [img_preprocess.py] [-] Calibrate_transfer.update() action 96 consums 10.50077541587279s[0m
[32m[11:01:48] [img_preprocess.py] [-] Calibrate_transfer.detect() action 96 consums 10.56236483156681s[0m
[32m[11:01:48] [img_preprocess.py] [-] Calibrate_transfer.postProcess() action 96 consums 1.3046804641683896s[0m
[32m[11:02:45] [img_preprocess.py] [-] Calibrate_transfer.update() action 97 consums 11.040456866731448s[0m
[32m[11:02:52] [img_preprocess.py] [-] Calibrate_transfer.detect() action 97 consums 11.11897189100993s[0m
[32m[11:02:54] [img_preprocess.py] [-] Calibrate_transfer.postProcess() action 97 consums 1.3060248193052626s[0m
[32m[11:03:48] [img_preprocess.py] [-] Calibrate_transfer.update() action 98 consums 11.560994584150988s[0m
[32m[11:03:52] [img_preprocess.py] [-] Calibrate_transfer.detect() action 98 consums 11.62103978225163s[0m
[32m[11:03:53] [img_preprocess.py] [-] Calibrate_transfer.postProcess() action 98 consums 1.3011124717945954s[0m
[32m[15:11:46] [img_preprocess.py] [-]  Calibrate_transfer loads action 328 from Cache file [0m
[32m[15:12:03] [img_preprocess.py] [-] Calibrate_transfer.update() action 329 consums 17.028509616851807s[0m
[32m[15:12:07] [img_preprocess.py] [-] Calibrate_transfer.detect() action 329 consums 21.29962730407715s[0m
[32m[15:12:09] [img_preprocess.py] [-] Calibrate_transfer.postProcess() action 329 consums 1.652125597000122s[0m
[32m[15:12:14] [img_preprocess.py] [-] Calibrate_transfer.update() action 330 consums 13.752245545387268s[0m
[32m[15:12:17] [img_preprocess.py] [-] Calibrate_transfer.detect() action 330 consums 15.494997262954712s[0m
[32m[15:12:17] [img_preprocess.py] [-] Calibrate_transfer.postProcess() action 330 consums 0.9883570671081543s[0m
[32m[15:12:24] [img_preprocess.py] [-] Calibrate_transfer.update() action 331 consums 12.753053267796835s[0m
[32m[15:12:29] [img_preprocess.py] [-] Calibrate_transfer.detect() action 331 consums 14.411661386489868s[0m
[32m[15:12:30] [img_preprocess.py] [-] Calibrate_transfer.postProcess() action 331 consums 0.9423293272654215s[0m
[32m[15:12:34] [img_preprocess.py] [-] Calibrate_transfer.update() action 332 consums 12.040843546390533s[0m
[32m[15:12:38] [img_preprocess.py] [-] Calibrate_transfer.detect() action 332 consums 13.0726637840271s[0m
[32m[15:12:40] [img_preprocess.py] [-] Calibrate_transfer.postProcess() action 332 consums 0.9985594153404236s[0m
[32m[15:12:45] [img_preprocess.py] [-] Calibrate_transfer.update() action 333 consums 11.765380144119263s[0m
[32m[15:12:51] [img_preprocess.py] [-] Calibrate_transfer.detect() action 333 consums 12.965541315078735s[0m
[32m[15:12:53] [img_preprocess.py] [-] Calibrate_transfer.postProcess() action 333 consums 1.1717355728149415s[0m
[32m[15:12:55] [img_preprocess.py] [-] Calibrate_transfer.update() action 334 consums 11.436655521392822s[0m
[32m[15:13:00] [img_preprocess.py] [-] Calibrate_transfer.detect() action 334 consums 12.360685586929321s[0m
[32m[15:13:01] [img_preprocess.py] [-] Calibrate_transfer.postProcess() action 334 consums 1.150200366973877s[0m
[32m[15:13:07] [img_preprocess.py] [-] Calibrate_transfer.update() action 335 consums 11.525857891355242s[0m
[32m[15:13:09] [img_preprocess.py] [-] Calibrate_transfer.detect() action 335 consums 11.888985804149083s[0m
[32m[15:13:10] [img_preprocess.py] [-] Calibrate_transfer.postProcess() action 335 consums 1.0504270962306432s[0m
[32m[15:13:18] [img_preprocess.py] [-] Calibrate_transfer.update() action 336 consums 11.44127881526947s[0m
[32m[15:13:24] [img_preprocess.py] [-] Calibrate_transfer.detect() action 336 consums 12.211618423461914s[0m
[32m[15:13:25] [img_preprocess.py] [-] Calibrate_transfer.postProcess() action 336 consums 1.1231935620307922s[0m
[32m[15:13:28] [img_preprocess.py] [-] Calibrate_transfer.update() action 337 consums 11.358732991748386s[0m
[32m[15:13:34] [img_preprocess.py] [-] Calibrate_transfer.detect() action 337 consums 11.965431372324625s[0m
[32m[15:13:35] [img_preprocess.py] [-] Calibrate_transfer.postProcess() action 337 consums 1.1645715236663818s[0m
[32m[15:13:38] [img_preprocess.py] [-] Calibrate_transfer.update() action 338 consums 11.20724172592163s[0m
[32m[15:13:41] [img_preprocess.py] [-] Calibrate_transfer.detect() action 338 consums 11.452506136894225s[0m
[32m[15:13:41] [img_preprocess.py] [-] Calibrate_transfer.postProcess() action 338 consums 1.1254419565200806s[0m
[32m[15:13:49] [img_preprocess.py] [-] Calibrate_transfer.update() action 339 consums 11.154531955718994s[0m
[32m[15:13:53] [img_preprocess.py] [-] Calibrate_transfer.detect() action 339 consums 11.527384779670022s[0m
[32m[15:13:54] [img_preprocess.py] [-] Calibrate_transfer.postProcess() action 339 consums 1.1416438059373335s[0m
[32m[15:14:00] [img_preprocess.py] [-] Calibrate_transfer.update() action 340 consums 11.167284150918325s[0m
[32m[15:14:06] [img_preprocess.py] [-] Calibrate_transfer.detect() action 340 consums 11.679961184660593s[0m
[32m[15:14:08] [img_preprocess.py] [-] Calibrate_transfer.postProcess() action 340 consums 1.2214198311169941s[0m
[32m[15:14:11] [img_preprocess.py] [-] Calibrate_transfer.update() action 341 consums 11.179192891487709s[0m
[32m[15:14:17] [img_preprocess.py] [-] Calibrate_transfer.detect() action 341 consums 11.621164010121273s[0m
[32m[15:14:19] [img_preprocess.py] [-] Calibrate_transfer.postProcess() action 341 consums 1.2547578444847693s[0m
[32m[15:14:22] [img_preprocess.py] [-] Calibrate_transfer.update() action 342 consums 11.167096495628357s[0m
[32m[15:14:27] [img_preprocess.py] [-] Calibrate_transfer.detect() action 342 consums 11.466225283486503s[0m
[32m[15:14:28] [img_preprocess.py] [-] Calibrate_transfer.postProcess() action 342 consums 1.239610195159912s[0m
[32m[15:14:32] [img_preprocess.py] [-] Calibrate_transfer.update() action 343 consums 11.088875071207683s[0m
[32m[15:14:37] [img_preprocess.py] [-] Calibrate_transfer.detect() action 343 consums 11.372273826599121s[0m
[32m[15:14:38] [img_preprocess.py] [-] Calibrate_transfer.postProcess() action 343 consums 1.2285449981689454s[0m
[32m[15:14:43] [img_preprocess.py] [-] Calibrate_transfer.update() action 344 consums 11.055701166391373s[0m
[32m[15:14:47] [img_preprocess.py] [-] Calibrate_transfer.detect() action 344 consums 11.317198634147644s[0m
[32m[15:14:48] [img_preprocess.py] [-] Calibrate_transfer.postProcess() action 344 consums 1.227427363395691s[0m
[32m[15:14:54] [img_preprocess.py] [-] Calibrate_transfer.update() action 345 consums 11.033255240496468s[0m
[32m[15:14:59] [img_preprocess.py] [-] Calibrate_transfer.detect() action 345 consums 11.351054682451135s[0m
[32m[15:15:00] [img_preprocess.py] [-] Calibrate_transfer.postProcess() action 345 consums 1.2165068177615894s[0m
[32m[15:15:04] [img_preprocess.py] [-] Calibrate_transfer.update() action 346 consums 10.983860307269627s[0m
[32m[15:15:12] [img_preprocess.py] [-] Calibrate_transfer.detect() action 346 consums 11.448228875796s[0m
[32m[15:15:14] [img_preprocess.py] [-] Calibrate_transfer.update() action 347 consums 10.93213024892305s[0m
[32m[15:15:15] [img_preprocess.py] [-] Calibrate_transfer.postProcess() action 346 consums 1.2815823157628377s[0m
[32m[15:15:19] [img_preprocess.py] [-] Calibrate_transfer.detect() action 347 consums 11.189095409292923s[0m
[32m[15:15:20] [img_preprocess.py] [-] Calibrate_transfer.postProcess() action 347 consums 1.2711982225116931s[0m
[32m[15:15:25] [img_preprocess.py] [-] Calibrate_transfer.update() action 348 consums 10.928363513946532s[0m
[32m[15:15:30] [img_preprocess.py] [-] Calibrate_transfer.detect() action 348 consums 11.176954078674317s[0m
[32m[15:15:31] [img_preprocess.py] [-] Calibrate_transfer.postProcess() action 348 consums 1.2614144444465638s[0m
[32m[15:15:35] [img_preprocess.py] [-] Calibrate_transfer.update() action 349 consums 10.908525149027506s[0m
[32m[15:15:41] [img_preprocess.py] [-] Calibrate_transfer.detect() action 349 consums 11.202852226438976s[0m
[32m[15:15:43] [img_preprocess.py] [-] Calibrate_transfer.postProcess() action 349 consums 1.2792418797810872s[0m
[32m[15:15:46] [img_preprocess.py] [-] Calibrate_transfer.update() action 350 consums 10.890316432172602s[0m
[32m[15:15:54] [img_preprocess.py] [-] Calibrate_transfer.detect() action 350 consums 11.267299803820523s[0m
[32m[15:15:55] [img_preprocess.py] [-] Calibrate_transfer.update() action 351 consums 10.844157146370929s[0m
[32m[15:15:56] [img_preprocess.py] [-] Calibrate_transfer.postProcess() action 350 consums 1.3272571997209028s[0m
[32m[15:16:01] [img_preprocess.py] [-] Calibrate_transfer.detect() action 351 consums 11.062348894450976s[0m
[32m[15:16:02] [img_preprocess.py] [-] Calibrate_transfer.postProcess() action 351 consums 1.310257631799449s[0m
[32m[15:16:05] [img_preprocess.py] [-] Calibrate_transfer.update() action 352 consums 10.801889191071192s[0m
[32m[15:16:11] [img_preprocess.py] [-] Calibrate_transfer.detect() action 352 consums 11.038529396057129s[0m
[32m[15:16:13] [img_preprocess.py] [-] Calibrate_transfer.postProcess() action 352 consums 1.3382512032985687s[0m
[32m[15:16:14] [img_preprocess.py] [-] Calibrate_transfer.update() action 353 consums 10.73048448562622s[0m
[32m[15:16:20] [img_preprocess.py] [-] Calibrate_transfer.detect() action 353 consums 10.964829540252685s[0m
[32m[15:16:22] [img_preprocess.py] [-] Calibrate_transfer.postProcess() action 353 consums 1.359556360244751s[0m
[32m[15:16:24] [img_preprocess.py] [-] Calibrate_transfer.update() action 354 consums 10.699860572814941s[0m
[32m[15:16:30] [img_preprocess.py] [-] Calibrate_transfer.detect() action 354 consums 10.894866090554457s[0m
[32m[15:16:31] [img_preprocess.py] [-] Calibrate_transfer.postProcess() action 354 consums 1.361269052212055s[0m
[32m[15:16:34] [img_preprocess.py] [-] Calibrate_transfer.update() action 355 consums 10.66760586809229s[0m
[32m[15:16:37] [img_preprocess.py] [-] Calibrate_transfer.detect() action 355 consums 10.77631311946445s[0m
[32m[15:16:38] [img_preprocess.py] [-] Calibrate_transfer.postProcess() action 355 consums 1.334842531769364s[0m
[32m[15:16:43] [img_preprocess.py] [-] Calibrate_transfer.update() action 356 consums 10.613472197737012s[0m
[32m[15:16:49] [img_preprocess.py] [-] Calibrate_transfer.detect() action 356 consums 10.795326071126121s[0m
[32m[15:16:50] [img_preprocess.py] [-] Calibrate_transfer.postProcess() action 356 consums 1.3406882456370763s[0m
[32m[15:16:54] [img_preprocess.py] [-] Calibrate_transfer.update() action 357 consums 10.615874972836725s[0m
[32m[15:16:59] [img_preprocess.py] [-] Calibrate_transfer.detect() action 357 consums 10.795775775251718s[0m
[32m[15:17:01] [img_preprocess.py] [-] Calibrate_transfer.postProcess() action 357 consums 1.3383090496063232s[0m
[32m[15:17:04] [img_preprocess.py] [-] Calibrate_transfer.update() action 358 consums 10.581406776110331s[0m
[32m[15:17:09] [img_preprocess.py] [-] Calibrate_transfer.detect() action 358 consums 10.740074292818706s[0m
[32m[15:17:10] [img_preprocess.py] [-] Calibrate_transfer.postProcess() action 358 consums 1.3436137755711874s[0m
[32m[15:17:13] [img_preprocess.py] [-] Calibrate_transfer.update() action 359 consums 10.54865559454887s[0m
[32m[15:17:21] [img_preprocess.py] [-] Calibrate_transfer.detect() action 359 consums 10.78218122451536s[0m
[32m[15:17:23] [img_preprocess.py] [-] Calibrate_transfer.postProcess() action 359 consums 1.3643372366505284s[0m
[32m[15:17:23] [img_preprocess.py] [-] Calibrate_transfer.update() action 360 consums 10.532402493059635s[0m
[32m[15:17:32] [img_preprocess.py] [-] Calibrate_transfer.detect() action 360 consums 10.787312023341656s[0m
[32m[15:17:32] [img_preprocess.py] [-] Calibrate_transfer.update() action 361 consums 10.472515734759243s[0m
[32m[15:17:34] [img_preprocess.py] [-] Calibrate_transfer.postProcess() action 360 consums 1.3859193250536919s[0m
[32m[15:17:39] [img_preprocess.py] [-] Calibrate_transfer.detect() action 361 consums 10.687894329880223s[0m
[32m[15:17:41] [img_preprocess.py] [-] Calibrate_transfer.postProcess() action 361 consums 1.3951763456518s[0m
[32m[15:17:42] [img_preprocess.py] [-] Calibrate_transfer.update() action 362 consums 10.460537061971777s[0m
[32m[15:17:50] [img_preprocess.py] [-] Calibrate_transfer.detect() action 362 consums 10.688806316431831s[0m
[32m[15:17:50] [img_preprocess.py] [-] Calibrate_transfer.update() action 363 consums 10.405380208151682s[0m
[32m[15:17:52] [img_preprocess.py] [-] Calibrate_transfer.postProcess() action 362 consums 1.4058718891704785s[0m
[32m[15:17:59] [img_preprocess.py] [-] Calibrate_transfer.detect() action 363 consums 10.638606541497367s[0m
[32m[15:18:00] [img_preprocess.py] [-] Calibrate_transfer.postProcess() action 363 consums 1.4042967660086496s[0m
[32m[15:18:00] [img_preprocess.py] [-] Calibrate_transfer.update() action 364 consums 10.399344490634071s[0m
[32m[15:18:08] [img_preprocess.py] [-] Calibrate_transfer.detect() action 364 consums 10.60573077864117s[0m
[32m[15:18:10] [img_preprocess.py] [-] Calibrate_transfer.postProcess() action 364 consums 1.4066770142979093s[0m
[32m[15:18:10] [img_preprocess.py] [-] Calibrate_transfer.update() action 365 consums 10.377013966843888s[0m
[32m[15:18:16] [img_preprocess.py] [-] Calibrate_transfer.detect() action 365 consums 10.535719375352603s[0m
[32m[15:18:17] [img_preprocess.py] [-] Calibrate_transfer.postProcess() action 365 consums 1.39832109373969s[0m
[32m[15:18:21] [img_preprocess.py] [-] Calibrate_transfer.update() action 366 consums 10.383114344195315s[0m
[32m[15:18:25] [img_preprocess.py] [-] Calibrate_transfer.detect() action 366 consums 10.489286592132167s[0m
[32m[15:18:26] [img_preprocess.py] [-] Calibrate_transfer.postProcess() action 366 consums 1.3869966080314236s[0m
[32m[15:18:29] [img_preprocess.py] [-] Calibrate_transfer.update() action 367 consums 10.339627327063145s[0m
[32m[15:18:36] [img_preprocess.py] [-] Calibrate_transfer.detect() action 367 consums 10.494988734905537s[0m
[32m[15:18:37] [img_preprocess.py] [-] Calibrate_transfer.postProcess() action 367 consums 1.392668876892481s[0m
[32m[15:18:40] [img_preprocess.py] [-] Calibrate_transfer.update() action 368 consums 10.340295082330703s[0m
[32m[15:18:47] [img_preprocess.py] [-] Calibrate_transfer.detect() action 368 consums 10.517760789394378s[0m
[32m[15:18:49] [img_preprocess.py] [-] Calibrate_transfer.postProcess() action 368 consums 1.3943585872650146s[0m
[32m[15:18:49] [img_preprocess.py] [-] Calibrate_transfer.update() action 369 consums 10.310463195893822s[0m
[32m[15:18:53] [img_preprocess.py] [-] Calibrate_transfer.detect() action 369 consums 10.40411385675756s[0m
[32m[15:18:54] [img_preprocess.py] [-] Calibrate_transfer.postProcess() action 369 consums 1.3849445668662466s[0m
[32m[15:18:59] [img_preprocess.py] [-] Calibrate_transfer.update() action 370 consums 10.302836560067677s[0m
[32m[15:19:03] [img_preprocess.py] [-] Calibrate_transfer.detect() action 370 consums 10.39258653209323s[0m
[32m[15:19:04] [img_preprocess.py] [-] Calibrate_transfer.postProcess() action 370 consums 1.3705554405848186s[0m
[32m[15:19:08] [img_preprocess.py] [-] Calibrate_transfer.update() action 371 consums 10.266854186390722s[0m
[32m[15:19:17] [img_preprocess.py] [-] Calibrate_transfer.detect() action 371 consums 10.470823088357616s[0m
[32m[15:19:18] [img_preprocess.py] [-] Calibrate_transfer.update() action 372 consums 10.271930038928986s[0m
[32m[15:19:19] [img_preprocess.py] [-] Calibrate_transfer.postProcess() action 371 consums 1.3821955946988838s[0m
[32m[15:19:27] [img_preprocess.py] [-] Calibrate_transfer.update() action 373 consums 10.253130557801988s[0m
[32m[15:19:28] [img_preprocess.py] [-] Calibrate_transfer.detect() action 372 consums 10.486492883075368s[0m
[32m[15:19:30] [img_preprocess.py] [-] Calibrate_transfer.postProcess() action 372 consums 1.3921146501194348s[0m
[32m[15:19:37] [img_preprocess.py] [-] Calibrate_transfer.detect() action 373 consums 10.453019836213853s[0m
[32m[15:19:38] [img_preprocess.py] [-] Calibrate_transfer.update() action 374 consums 10.258148830869924s[0m
[32m[15:19:39] [img_preprocess.py] [-] Calibrate_transfer.postProcess() action 373 consums 1.406243806415134s[0m
[32m[15:19:47] [img_preprocess.py] [-] Calibrate_transfer.update() action 375 consums 10.229502236589472s[0m
[32m[15:19:48] [img_preprocess.py] [-] Calibrate_transfer.detect() action 374 consums 10.470492751702018s[0m
[32m[15:19:50] [img_preprocess.py] [-] Calibrate_transfer.postProcess() action 374 consums 1.4212735269380652s[0m
[32m[15:19:52] [img_preprocess.py] [-] Calibrate_transfer.detect() action 375 consums 10.336877690984847s[0m
[32m[15:19:53] [img_preprocess.py] [-] Calibrate_transfer.postProcess() action 375 consums 1.4116316602585164s[0m
[32m[15:19:57] [img_preprocess.py] [-] Calibrate_transfer.update() action 376 consums 10.234304055571556s[0m
[32m[15:20:06] [img_preprocess.py] [-] Calibrate_transfer.detect() action 376 consums 10.400209983189901s[0m
[32m[15:20:07] [img_preprocess.py] [-] Calibrate_transfer.update() action 377 consums 10.220053074311236s[0m
[32m[15:20:08] [img_preprocess.py] [-] Calibrate_transfer.postProcess() action 376 consums 1.4315891762574513s[0m
[32m[15:20:15] [img_preprocess.py] [-] Calibrate_transfer.detect() action 377 consums 10.369890037848025s[0m
[32m[15:20:17] [img_preprocess.py] [-] Calibrate_transfer.postProcess() action 377 consums 1.4462687288011824s[0m
[32m[15:20:17] [img_preprocess.py] [-] Calibrate_transfer.update() action 378 consums 10.226632275581359s[0m
[32m[15:20:26] [img_preprocess.py] [-] Calibrate_transfer.detect() action 378 consums 10.379765644073487s[0m
[32m[15:20:27] [img_preprocess.py] [-] Calibrate_transfer.update() action 379 consums 10.204594499924603s[0m
[32m[15:20:28] [img_preprocess.py] [-] Calibrate_transfer.postProcess() action 378 consums 1.457235288619995s[0m
[32m[15:20:29] [img_preprocess.py] [-] Calibrate_transfer.detect() action 379 consums 10.250703087040023s[0m
[32m[15:20:30] [img_preprocess.py] [-] Calibrate_transfer.postProcess() action 379 consums 1.4418205279929965s[0m
[32m[15:20:37] [img_preprocess.py] [-] Calibrate_transfer.update() action 380 consums 10.21875371841284s[0m
[32m[15:20:41] [img_preprocess.py] [-] Calibrate_transfer.detect() action 380 consums 10.270142642351297s[0m
[32m[15:20:41] [img_preprocess.py] [-] Calibrate_transfer.postProcess() action 380 consums 1.4301907420158386s[0m
[32m[15:20:47] [img_preprocess.py] [-] Calibrate_transfer.update() action 381 consums 10.203510869224116s[0m
[32m[15:20:52] [img_preprocess.py] [-] Calibrate_transfer.detect() action 381 consums 10.291784871299312s[0m
[32m[15:20:53] [img_preprocess.py] [-] Calibrate_transfer.postProcess() action 381 consums 1.4293371551441696s[0m
[32m[15:20:58] [img_preprocess.py] [-] Calibrate_transfer.update() action 382 consums 10.217298516520747s[0m
[32m[15:21:04] [img_preprocess.py] [-] Calibrate_transfer.detect() action 382 consums 10.3155752464577s[0m
[32m[15:21:05] [img_preprocess.py] [-] Calibrate_transfer.postProcess() action 382 consums 1.4314345121383667s[0m
[32m[15:21:07] [img_preprocess.py] [-] Calibrate_transfer.update() action 383 consums 10.206650027361784s[0m
[32m[15:21:13] [img_preprocess.py] [-] Calibrate_transfer.detect() action 383 consums 10.30381110798229s[0m
[32m[15:21:15] [img_preprocess.py] [-] Calibrate_transfer.postProcess() action 383 consums 1.4329485373063522s[0m
[32m[15:21:19] [img_preprocess.py] [-] Calibrate_transfer.update() action 384 consums 10.223165541887283s[0m
[32m[15:21:27] [img_preprocess.py] [-] Calibrate_transfer.update() action 385 consums 10.198784493563467s[0m
[32m[15:21:28] [img_preprocess.py] [-] Calibrate_transfer.detect() action 384 consums 10.381248542240687s[0m
[32m[15:21:30] [img_preprocess.py] [-] Calibrate_transfer.postProcess() action 384 consums 1.4372339929853166s[0m
[32m[15:21:36] [img_preprocess.py] [-] Calibrate_transfer.detect() action 385 consums 10.336659418909173s[0m
[32m[15:21:37] [img_preprocess.py] [-] Calibrate_transfer.postProcess() action 385 consums 1.4342476443240517s[0m
[32m[15:21:39] [img_preprocess.py] [-] Calibrate_transfer.update() action 386 consums 10.215101295504077s[0m
[32m[15:21:47] [img_preprocess.py] [-] Calibrate_transfer.update() action 387 consums 10.191259072998823s[0m
[32m[15:21:48] [img_preprocess.py] [-] Calibrate_transfer.detect() action 386 consums 10.369675101905033s[0m
[32m[15:21:50] [img_preprocess.py] [-] Calibrate_transfer.postProcess() action 386 consums 1.444498481421635s[0m
[32m[15:21:56] [img_preprocess.py] [-] Calibrate_transfer.detect() action 387 consums 10.33385387113539s[0m
[32m[15:21:57] [img_preprocess.py] [-] Calibrate_transfer.update() action 388 consums 10.178919553756714s[0m
[32m[15:21:58] [img_preprocess.py] [-] Calibrate_transfer.postProcess() action 387 consums 1.4553745358677235s[0m
[32m[15:22:03] [img_preprocess.py] [-] Calibrate_transfer.detect() action 388 consums 10.27490025361379s[0m
[32m[15:22:05] [img_preprocess.py] [-] Calibrate_transfer.postProcess() action 388 consums 1.4607638120651245s[0m
[32m[15:22:07] [img_preprocess.py] [-] Calibrate_transfer.update() action 389 consums 10.185860829275162s[0m
[32m[15:22:16] [img_preprocess.py] [-] Calibrate_transfer.detect() action 389 consums 10.313078536361944s[0m
[32m[15:22:16] [img_preprocess.py] [-] Calibrate_transfer.update() action 390 consums 10.155259166994403s[0m
[32m[15:22:18] [img_preprocess.py] [-] Calibrate_transfer.postProcess() action 389 consums 1.474880847774568s[0m
[32m[15:22:24] [img_preprocess.py] [-] Calibrate_transfer.detect() action 390 consums 10.279477619355724s[0m
[32m[15:22:26] [img_preprocess.py] [-] Calibrate_transfer.postProcess() action 390 consums 1.4849776760224374s[0m
[32m[15:22:26] [img_preprocess.py] [-] Calibrate_transfer.update() action 391 consums 10.160635380517869s[0m
[32m[15:22:33] [img_preprocess.py] [-] Calibrate_transfer.detect() action 391 consums 10.262474067627437s[0m
[32m[15:22:34] [img_preprocess.py] [-] Calibrate_transfer.postProcess() action 391 consums 1.4817549576835027s[0m
[32m[15:22:35] [img_preprocess.py] [-] Calibrate_transfer.update() action 392 consums 10.138611558824778s[0m
[32m[15:22:41] [img_preprocess.py] [-] Calibrate_transfer.detect() action 392 consums 10.217654015868902s[0m
[32m[15:22:42] [img_preprocess.py] [-] Calibrate_transfer.postProcess() action 392 consums 1.4839838184416294s[0m
[32m[15:22:44] [img_preprocess.py] [-] Calibrate_transfer.update() action 393 consums 10.120507603425246s[0m
[32m[15:22:52] [img_preprocess.py] [-] Calibrate_transfer.detect() action 393 consums 10.240633274958684s[0m
[32m[15:22:54] [img_preprocess.py] [-] Calibrate_transfer.postProcess() action 393 consums 1.4865039128523607s[0m
[32m[15:22:55] [img_preprocess.py] [-] Calibrate_transfer.update() action 394 consums 10.134475946426392s[0m
[32m[15:23:03] [img_preprocess.py] [-] Calibrate_transfer.detect() action 394 consums 10.251473856694771s[0m
[32m[15:23:04] [img_preprocess.py] [-] Calibrate_transfer.update() action 395 consums 10.114190720800144s[0m
[32m[15:23:05] [img_preprocess.py] [-] Calibrate_transfer.postProcess() action 394 consums 1.4948230439966375s[0m
[32m[15:23:06] [img_preprocess.py] [-] Calibrate_transfer.detect() action 395 consums 10.133301290113534s[0m
[32m[15:23:06] [img_preprocess.py] [-] Calibrate_transfer.postProcess() action 395 consums 1.4811105301131064s[0m
[32m[15:23:14] [img_preprocess.py] [-] Calibrate_transfer.update() action 396 consums 10.112738164032207s[0m
[32m[15:23:16] [img_preprocess.py] [-] Calibrate_transfer.detect() action 396 consums 10.13518311696894s[0m
[32m[15:23:17] [img_preprocess.py] [-] Calibrate_transfer.postProcess() action 396 consums 1.4706022844595068s[0m
[32m[15:23:24] [img_preprocess.py] [-] Calibrate_transfer.update() action 397 consums 10.121364462202873s[0m
[32m[15:23:31] [img_preprocess.py] [-] Calibrate_transfer.detect() action 397 consums 10.202491411264392s[0m
[32m[15:23:32] [img_preprocess.py] [-] Calibrate_transfer.postProcess() action 397 consums 1.4656912589418716s[0m
[32m[15:23:34] [img_preprocess.py] [-] Calibrate_transfer.update() action 398 consums 10.111669169153487s[0m
[32m[15:23:40] [img_preprocess.py] [-] Calibrate_transfer.detect() action 398 consums 10.18947662285396s[0m
[32m[15:23:41] [img_preprocess.py] [-] Calibrate_transfer.postProcess() action 398 consums 1.4645907504217965s[0m
[32m[15:23:45] [img_preprocess.py] [-] Calibrate_transfer.update() action 399 consums 10.121888734924962s[0m
[32m[15:23:51] [img_preprocess.py] [-] Calibrate_transfer.detect() action 399 consums 10.195826540530568s[0m
[32m[15:23:52] [img_preprocess.py] [-] Calibrate_transfer.postProcess() action 399 consums 1.4681434026906188s[0m
[32m[15:23:53] [img_preprocess.py] [-] Calibrate_transfer.update() action 400 consums 10.098356932401657s[0m
[32m[15:23:59] [img_preprocess.py] [-] Calibrate_transfer.detect() action 400 consums 10.171149233977s[0m
[32m[15:24:01] [img_preprocess.py] [-] Calibrate_transfer.postProcess() action 400 consums 1.4721666375796s[0m
[32m[15:24:04] [img_preprocess.py] [-] Calibrate_transfer.update() action 401 consums 10.107435422400906s[0m
[32m[15:24:12] [img_preprocess.py] [-] Calibrate_transfer.detect() action 401 consums 10.209756838132257s[0m
[32m[15:24:13] [img_preprocess.py] [-] Calibrate_transfer.postProcess() action 401 consums 1.4676300140276348s[0m
[32m[15:24:39] [img_preprocess.py] [-] Calibrate_transfer.update() action 402 consums 10.44151014250678s[0m
[32m[15:24:47] [img_preprocess.py] [-] Calibrate_transfer.detect() action 402 consums 10.538780724680102s[0m
[32m[15:24:48] [img_preprocess.py] [-] Calibrate_transfer.postProcess() action 402 consums 1.4708527906520947s[0m
[32m[15:29:20] [img_preprocess.py] [-]  Calibrate_transfer loads action 532 from Cache file [0m
[32m[15:29:37] [img_preprocess.py] [-] Calibrate_transfer.update() action 533 consums 16.730425357818604s[0m
[32m[15:29:41] [img_preprocess.py] [-] Calibrate_transfer.detect() action 533 consums 21.184029817581177s[0m
[32m[15:29:42] [img_preprocess.py] [-] Calibrate_transfer.postProcess() action 533 consums 0.5168178081512451s[0m
[32m[15:33:16] [img_preprocess.py] [-]  Calibrate_transfer loads action 401 from Cache file [0m
[32m[15:33:33] [img_preprocess.py] [-] Calibrate_transfer.update() action 402 consums 17.091344594955444s[0m
[32m[15:33:42] [img_preprocess.py] [-] Calibrate_transfer.update() action 403 consums 13.018988490104675s[0m
[32m[15:33:51] [img_preprocess.py] [-] Calibrate_transfer.update() action 404 consums 11.742632945378622s[0m
[32m[15:34:01] [img_preprocess.py] [-] Calibrate_transfer.update() action 405 consums 11.34744280576706s[0m
[32m[15:34:10] [img_preprocess.py] [-] Calibrate_transfer.update() action 406 consums 10.951061677932739s[0m
[32m[15:34:20] [img_preprocess.py] [-] Calibrate_transfer.update() action 407 consums 10.641605973243713s[0m
[32m[15:34:29] [img_preprocess.py] [-] Calibrate_transfer.update() action 408 consums 10.489109550203596s[0m
[32m[15:34:40] [img_preprocess.py] [-] Calibrate_transfer.update() action 409 consums 10.583840429782867s[0m
[32m[15:34:51] [img_preprocess.py] [-] Calibrate_transfer.update() action 410 consums 10.632821453942192s[0m
[32m[15:35:03] [img_preprocess.py] [-] Calibrate_transfer.update() action 411 consums 10.709863233566285s[0m
[32m[15:35:13] [img_preprocess.py] [-] Calibrate_transfer.update() action 412 consums 10.638044985857876s[0m
[32m[15:35:22] [img_preprocess.py] [-] Calibrate_transfer.update() action 413 consums 10.486605286598206s[0m
[32m[15:35:31] [img_preprocess.py] [-] Calibrate_transfer.update() action 414 consums 10.41229614844689s[0m
[32m[15:35:42] [img_preprocess.py] [-] Calibrate_transfer.update() action 415 consums 10.482786774635315s[0m
[32m[15:35:51] [img_preprocess.py] [-] Calibrate_transfer.update() action 416 consums 10.372046248118084s[0m
[32m[15:36:00] [img_preprocess.py] [-] Calibrate_transfer.update() action 417 consums 10.269033178687096s[0m
[32m[15:36:12] [img_preprocess.py] [-] Calibrate_transfer.update() action 418 consums 10.376620404860553s[0m
[32m[15:36:22] [img_preprocess.py] [-] Calibrate_transfer.update() action 419 consums 10.345635188950432s[0m
[32m[15:36:31] [img_preprocess.py] [-] Calibrate_transfer.update() action 420 consums 10.278033143595644s[0m
[32m[15:36:41] [img_preprocess.py] [-] Calibrate_transfer.update() action 421 consums 10.250652408599853s[0m
[32m[15:36:52] [img_preprocess.py] [-] Calibrate_transfer.update() action 422 consums 10.295239584786552s[0m
[32m[15:37:01] [img_preprocess.py] [-] Calibrate_transfer.update() action 423 consums 10.260714715177363s[0m
[32m[15:37:12] [img_preprocess.py] [-] Calibrate_transfer.update() action 424 consums 10.263852803603463s[0m
[32m[15:37:22] [img_preprocess.py] [-] Calibrate_transfer.update() action 426 consums 10.247025489807129s[0m
[32m[15:37:32] [img_preprocess.py] [-] Calibrate_transfer.update() action 427 consums 10.246479148864745s[0m
[32m[15:37:42] [img_preprocess.py] [-] Calibrate_transfer.update() action 428 consums 10.256507680966305s[0m
[32m[15:37:53] [img_preprocess.py] [-] Calibrate_transfer.update() action 429 consums 10.261025322808159s[0m
[32m[15:38:04] [img_preprocess.py] [-] Calibrate_transfer.update() action 430 consums 10.281874418258667s[0m
[32m[15:38:13] [img_preprocess.py] [-] Calibrate_transfer.update() action 431 consums 10.250430279764636s[0m
[32m[15:38:23] [img_preprocess.py] [-] Calibrate_transfer.update() action 432 consums 10.24922742843628s[0m
[32m[15:38:33] [img_preprocess.py] [-] Calibrate_transfer.update() action 433 consums 10.236804616066717s[0m
[32m[15:38:43] [img_preprocess.py] [-] Calibrate_transfer.update() action 434 consums 10.230810679495335s[0m
[32m[15:38:53] [img_preprocess.py] [-] Calibrate_transfer.update() action 435 consums 10.226650122440223s[0m
[32m[15:39:04] [img_preprocess.py] [-] Calibrate_transfer.update() action 436 consums 10.233422966564403s[0m
[32m[15:39:16] [img_preprocess.py] [-] Calibrate_transfer.update() action 437 consums 10.280404022761754s[0m
[32m[15:39:26] [img_preprocess.py] [-] Calibrate_transfer.update() action 438 consums 10.278839257028368s[0m
[32m[15:39:36] [img_preprocess.py] [-] Calibrate_transfer.update() action 439 consums 10.264734577488255s[0m
[32m[15:39:46] [img_preprocess.py] [-] Calibrate_transfer.update() action 440 consums 10.267912011397513s[0m
[32m[15:39:56] [img_preprocess.py] [-] Calibrate_transfer.update() action 441 consums 10.263234095695692s[0m
[32m[15:40:06] [img_preprocess.py] [-] Calibrate_transfer.update() action 442 consums 10.269219028949738s[0m
[32m[15:40:17] [img_preprocess.py] [-] Calibrate_transfer.update() action 443 consums 10.277513201643782s[0m
[32m[15:40:27] [img_preprocess.py] [-] Calibrate_transfer.update() action 444 consums 10.25690385841188s[0m
[32m[15:40:37] [img_preprocess.py] [-] Calibrate_transfer.update() action 445 consums 10.26761570087699s[0m
[32m[15:40:47] [img_preprocess.py] [-] Calibrate_transfer.update() action 446 consums 10.257592775604941s[0m
[32m[15:40:57] [img_preprocess.py] [-] Calibrate_transfer.update() action 447 consums 10.259855026668973s[0m
[32m[15:41:07] [img_preprocess.py] [-] Calibrate_transfer.update() action 448 consums 10.242787672125775s[0m
[32m[15:41:17] [img_preprocess.py] [-] Calibrate_transfer.update() action 449 consums 10.248955001222326s[0m
[32m[15:41:27] [img_preprocess.py] [-] Calibrate_transfer.update() action 450 consums 10.230839729309082s[0m
[32m[15:41:36] [img_preprocess.py] [-] Calibrate_transfer.update() action 451 consums 10.218771355492729s[0m
[32m[15:41:47] [img_preprocess.py] [-] Calibrate_transfer.update() action 452 consums 10.216926035881043s[0m
[32m[15:41:56] [img_preprocess.py] [-] Calibrate_transfer.update() action 453 consums 10.2013587437424s[0m
[32m[15:42:06] [img_preprocess.py] [-] Calibrate_transfer.update() action 454 consums 10.20217420046146s[0m
[32m[15:42:25] [img_preprocess.py] [-] Calibrate_transfer.update() action 455 consums 10.36839821653546s[0m
[32m[15:43:05] [img_preprocess.py] [-] Calibrate_transfer.update() action 456 consums 10.90900151376371s[0m
