[33m[15:41:33] [Loader.py] [!] The pid of update_() : 35786[0m
[33m[15:41:33] [Loader.py] [!] The pid of self.PostProcess : 35786[0m
[33m[15:41:33] [Loader.py] [!] The thread of update() : <Thread(Thread-1, started daemon 140260813207296)>[0m
[33m[15:41:33] [Loader.py] [!] The thread of self.PostProcess : <Thread(Thread-2, started daemon 140260804814592)>[0m
[33m[15:41:33] [Loader.py] [!] self.datalen  : <Thread(Thread-1, started daemon 140260813207296)>[0m
[15:41:44] [Loader.py] [INFO]  FMLoader.update action 0 consumes 10.530519723892212s[0m
[15:41:52] [Loader.py] [INFO]  FMLoader.update action 1 consumes 9.494905710220337s[0m
[15:42:00] [Loader.py] [INFO]  FMLoader.update action 2 consumes 8.91604216893514s[0m
[15:42:09] [Loader.py] [INFO]  FMLoader.update action 3 consumes 8.822167932987213s[0m
[33m[15:44:02] [Loader.py] [!] The pid of update_() : 36688[0m
[33m[15:44:02] [Loader.py] [!] The pid of self.PostProcess : 36688[0m
[33m[15:44:02] [Loader.py] [!] The thread of update() : <Thread(Thread-1, started daemon 139690865985280)>[0m
[33m[15:44:02] [Loader.py] [!] The thread of self.PostProcess : <Thread(Thread-2, started daemon 139690857592576)>[0m
[33m[15:44:02] [Loader.py] [!] self.datalen  : <Thread(Thread-1, started daemon 139690865985280)>[0m
[15:44:12] [Loader.py] [INFO]  FMLoader.update action 0 consumes 9.870564699172974s[0m
[15:44:21] [Loader.py] [INFO]  FMLoader.update action 1 consumes 9.172830581665039s[0m
[15:44:29] [Loader.py] [INFO]  FMLoader.update action 2 consumes 8.735033591588339s[0m
[15:44:37] [Loader.py] [INFO]  FMLoader.update action 3 consumes 8.657967507839203s[0m
[15:44:45] [Loader.py] [INFO]  FMLoader.update action 4 consumes 8.603504371643066s[0m
[15:44:54] [Loader.py] [INFO]  FMLoader.update action 5 consumes 8.608229080835978s[0m
[15:45:02] [Loader.py] [INFO]  FMLoader.update action 6 consumes 8.57903790473938s[0m
[15:45:11] [Loader.py] [INFO]  FMLoader.update action 7 consumes 8.568432807922363s[0m
[33m[15:45:23] [Loader.py] [!] The pid of update_() : 37521[0m
[33m[15:45:23] [Loader.py] [!] The pid of self.PostProcess : 37521[0m
[33m[15:45:23] [Loader.py] [!] The thread of update() : <Thread(Thread-1, started daemon 139679684015872)>[0m
[33m[15:45:23] [Loader.py] [!] The thread of self.PostProcess : <Thread(Thread-2, started daemon 139679675623168)>[0m
[33m[15:45:23] [Loader.py] [!] self.datalen  : <Thread(Thread-1, started daemon 139679684015872)>[0m
[15:45:33] [Loader.py] [INFO]  FMLoader.update action 0 consumes 9.7843177318573s[0m
[15:45:34] [Loader.py] [INFO] FMLoader.PostProcess action 0 consumes 1.3316872119903564s [0m
[33m[15:48:35] [Loader.py] [!] The pid of update_() : 38409[0m
[33m[15:48:35] [Loader.py] [!] The pid of self.PostProcess : 38409[0m
[33m[15:48:35] [Loader.py] [!] The thread of update() : <Thread(Thread-1, started daemon 140258035615488)>[0m
[33m[15:48:35] [Loader.py] [!] The thread of self.PostProcess : <Thread(Thread-2, started daemon 140258027222784)>[0m
[33m[15:48:35] [Loader.py] [!] self.datalen  : <Thread(Thread-1, started daemon 140258035615488)>[0m
[15:48:45] [Loader.py] [INFO]  FMLoader.update action 0 consumes 9.859160900115967s[0m
[15:48:46] [Loader.py] [INFO] FMLoader.PostProcess action 0 consumes 1.325676441192627s [0m
[15:48:53] [Loader.py] [INFO]  FMLoader.update action 1 consumes 9.320837259292603s[0m
[15:48:55] [Loader.py] [INFO] FMLoader.PostProcess action 1 consumes 1.315266489982605s [0m
[15:49:04] [Loader.py] [INFO]  FMLoader.update action 2 consumes 9.826359272003174s[0m
[15:49:05] [Loader.py] [INFO] FMLoader.PostProcess action 2 consumes 1.3022754987080891s [0m
[15:49:17] [Loader.py] [INFO]  FMLoader.update action 3 consumes 10.511687278747559s[0m
[15:49:18] [Loader.py] [INFO] FMLoader.PostProcess action 3 consumes 1.3288742303848267s [0m
[15:49:30] [Loader.py] [INFO]  FMLoader.update action 4 consumes 10.996560382843018s[0m
[15:49:31] [Loader.py] [INFO] FMLoader.PostProcess action 4 consumes 1.2744107723236084s [0m
[15:49:42] [Loader.py] [INFO]  FMLoader.update action 5 consumes 11.22135559717814s[0m
[15:49:43] [Loader.py] [INFO] FMLoader.PostProcess action 5 consumes 1.2833956082661946s [0m
[15:49:54] [Loader.py] [INFO]  FMLoader.update action 6 consumes 11.341594423566546s[0m
[15:49:55] [Loader.py] [INFO] FMLoader.PostProcess action 6 consumes 1.2215379306248255s [0m
[15:50:06] [Loader.py] [INFO]  FMLoader.update action 7 consumes 11.463745802640915s[0m
[15:50:08] [Loader.py] [INFO] FMLoader.PostProcess action 7 consumes 1.213010996580124s [0m
[15:50:19] [Loader.py] [INFO]  FMLoader.update action 8 consumes 11.567246834437052s[0m
[15:50:20] [Loader.py] [INFO] FMLoader.PostProcess action 8 consumes 1.2132184240553114s [0m
[15:50:31] [Loader.py] [INFO]  FMLoader.update action 9 consumes 11.642610907554626s[0m
[15:50:32] [Loader.py] [INFO] FMLoader.PostProcess action 9 consumes 1.2228479385375977s [0m
[15:50:43] [Loader.py] [INFO]  FMLoader.update action 10 consumes 11.661696238951249s[0m
[15:50:44] [Loader.py] [INFO] FMLoader.PostProcess action 10 consumes 1.2310458096590908s [0m
[15:50:55] [Loader.py] [INFO]  FMLoader.update action 11 consumes 11.714125394821167s[0m
[15:50:56] [Loader.py] [INFO] FMLoader.PostProcess action 11 consumes 1.2251499493916829s [0m
[15:51:08] [Loader.py] [INFO]  FMLoader.update action 12 consumes 11.768170595169067s[0m
[15:51:09] [Loader.py] [INFO] FMLoader.PostProcess action 12 consumes 1.2388746188237116s [0m
[15:51:20] [Loader.py] [INFO]  FMLoader.update action 13 consumes 11.79182996068682s[0m
[15:51:21] [Loader.py] [INFO] FMLoader.PostProcess action 13 consumes 1.2026509557451521s [0m
[15:51:32] [Loader.py] [INFO]  FMLoader.update action 14 consumes 11.811752780278523s[0m
[15:51:33] [Loader.py] [INFO] FMLoader.PostProcess action 14 consumes 1.1950677553812663s [0m
[15:51:44] [Loader.py] [INFO]  FMLoader.update action 15 consumes 11.84023380279541s[0m
[15:51:45] [Loader.py] [INFO] FMLoader.PostProcess action 15 consumes 1.155362218618393s [0m
[15:51:56] [Loader.py] [INFO]  FMLoader.update action 16 consumes 11.859843843123492s[0m
[15:51:57] [Loader.py] [INFO] FMLoader.PostProcess action 16 consumes 1.1434599511763628s [0m
[15:52:09] [Loader.py] [INFO]  FMLoader.update action 17 consumes 11.893557654486763s[0m
[15:52:09] [Loader.py] [INFO] FMLoader.PostProcess action 17 consumes 1.1082430283228557s [0m
[15:52:21] [Loader.py] [INFO]  FMLoader.update action 18 consumes 11.913894854093853s[0m
[15:52:22] [Loader.py] [INFO] FMLoader.PostProcess action 18 consumes 1.1096617799056203s [0m
[15:52:33] [Loader.py] [INFO]  FMLoader.update action 19 consumes 11.92762930393219s[0m
[15:52:34] [Loader.py] [INFO] FMLoader.PostProcess action 19 consumes 1.1094407439231873s [0m
[15:52:46] [Loader.py] [INFO]  FMLoader.update action 20 consumes 11.951665163040161s[0m
[15:52:46] [Loader.py] [INFO] FMLoader.PostProcess action 20 consumes 1.0899041720799036s [0m
[15:52:58] [Loader.py] [INFO]  FMLoader.update action 21 consumes 11.969888069412924s[0m
[15:52:58] [Loader.py] [INFO] FMLoader.PostProcess action 21 consumes 1.040487376126376s [0m
[15:53:11] [Loader.py] [INFO]  FMLoader.update action 22 consumes 11.993348847264828s[0m
[15:53:11] [Loader.py] [INFO] FMLoader.PostProcess action 22 consumes 1.0220259998155676s [0m
[15:53:23] [Loader.py] [INFO]  FMLoader.update action 23 consumes 12.01114453872045s[0m
[15:53:23] [Loader.py] [INFO] FMLoader.PostProcess action 23 consumes 0.9795921246210734s [0m
[15:53:36] [Loader.py] [INFO]  FMLoader.update action 24 consumes 12.050202484130859s[0m
[15:53:37] [Loader.py] [INFO] FMLoader.PostProcess action 24 consumes 0.9913592338562012s [0m
[15:53:48] [Loader.py] [INFO]  FMLoader.update action 25 consumes 12.061078722660358s[0m
[15:53:49] [Loader.py] [INFO] FMLoader.PostProcess action 25 consumes 0.990407026731051s [0m
[15:54:01] [Loader.py] [INFO]  FMLoader.update action 26 consumes 12.097371092549077s[0m
[15:54:02] [Loader.py] [INFO] FMLoader.PostProcess action 26 consumes 0.957669284608629s [0m
[15:54:14] [Loader.py] [INFO]  FMLoader.update action 27 consumes 12.116959384509496s[0m
[15:54:15] [Loader.py] [INFO] FMLoader.PostProcess action 27 consumes 0.9583380903516497s [0m
[15:54:26] [Loader.py] [INFO]  FMLoader.update action 28 consumes 12.11515761243886s[0m
[15:54:26] [Loader.py] [INFO] FMLoader.PostProcess action 28 consumes 0.925342370723856s [0m
[15:54:38] [Loader.py] [INFO]  FMLoader.update action 29 consumes 12.095054197311402s[0m
[15:54:39] [Loader.py] [INFO] FMLoader.PostProcess action 29 consumes 0.9390279293060303s [0m
[15:54:45] [Loader.py] [INFO]  FMLoader.update action 30 consumes 11.956644835010652s[0m
[15:54:46] [Loader.py] [INFO] FMLoader.PostProcess action 30 consumes 0.9379439046305995s [0m
[15:54:54] [Loader.py] [INFO]  FMLoader.update action 31 consumes 11.849039025604725s[0m
[15:54:55] [Loader.py] [INFO] FMLoader.PostProcess action 31 consumes 0.9427035301923752s [0m
[15:55:02] [Loader.py] [INFO]  FMLoader.update action 32 consumes 11.74112942724517s[0m
[15:55:03] [Loader.py] [INFO] FMLoader.PostProcess action 32 consumes 0.9489076426534941s [0m
[15:55:11] [Loader.py] [INFO]  FMLoader.update action 33 consumes 11.644353614133948s[0m
[15:55:12] [Loader.py] [INFO] FMLoader.PostProcess action 33 consumes 0.9521777910344741s [0m
[15:55:20] [Loader.py] [INFO]  FMLoader.update action 34 consumes 11.565196010044643s[0m
[15:55:21] [Loader.py] [INFO] FMLoader.PostProcess action 34 consumes 0.9640169620513916s [0m
[15:55:28] [Loader.py] [INFO]  FMLoader.update action 35 consumes 11.46613652838601s[0m
[15:55:29] [Loader.py] [INFO] FMLoader.PostProcess action 35 consumes 0.9777256846427917s [0m
[15:55:36] [Loader.py] [INFO]  FMLoader.update action 36 consumes 11.38279585580568s[0m
[15:55:37] [Loader.py] [INFO] FMLoader.PostProcess action 36 consumes 0.9790743621619972s [0m
[15:55:45] [Loader.py] [INFO]  FMLoader.update action 37 consumes 11.308178380915994s[0m
[15:55:45] [Loader.py] [INFO] FMLoader.PostProcess action 37 consumes 0.9533601058156866s [0m
[15:55:53] [Loader.py] [INFO]  FMLoader.update action 38 consumes 11.234750900513086s[0m
[15:55:54] [Loader.py] [INFO] FMLoader.PostProcess action 38 consumes 0.9523206246204865s [0m
[15:56:01] [Loader.py] [INFO]  FMLoader.update action 39 consumes 11.147449773550033s[0m
[15:56:02] [Loader.py] [INFO] FMLoader.PostProcess action 39 consumes 0.9533491492271423s [0m
[15:56:09] [Loader.py] [INFO]  FMLoader.update action 40 consumes 11.07617587578006s[0m
[15:56:09] [Loader.py] [INFO] FMLoader.PostProcess action 40 consumes 0.9301402510666266s [0m
[15:56:17] [Loader.py] [INFO]  FMLoader.update action 41 consumes 11.006291690326872s[0m
[15:56:17] [Loader.py] [INFO] FMLoader.PostProcess action 41 consumes 0.9080349377223423s [0m
[15:56:25] [Loader.py] [INFO]  FMLoader.update action 42 consumes 10.937944950059403s[0m
[15:56:26] [Loader.py] [INFO] FMLoader.PostProcess action 42 consumes 0.9100880179294321s [0m
[15:56:33] [Loader.py] [INFO]  FMLoader.update action 43 consumes 10.872705632990057s[0m
[15:56:34] [Loader.py] [INFO] FMLoader.PostProcess action 43 consumes 0.916124165058136s [0m
[15:56:41] [Loader.py] [INFO]  FMLoader.update action 44 consumes 10.813957505755955s[0m
[15:56:43] [Loader.py] [INFO] FMLoader.PostProcess action 44 consumes 0.9191391150156657s [0m
[15:56:50] [Loader.py] [INFO]  FMLoader.update action 45 consumes 10.757570888685143s[0m
[15:56:51] [Loader.py] [INFO] FMLoader.PostProcess action 45 consumes 0.9314020146494326s [0m
[15:56:58] [Loader.py] [INFO]  FMLoader.update action 46 consumes 10.707263931314996s[0m
[15:56:59] [Loader.py] [INFO] FMLoader.PostProcess action 46 consumes 0.9367797679089486s [0m
[15:57:07] [Loader.py] [INFO]  FMLoader.update action 47 consumes 10.662914857268333s[0m
[15:57:08] [Loader.py] [INFO] FMLoader.PostProcess action 47 consumes 0.9418600499629974s [0m
[15:57:15] [Loader.py] [INFO]  FMLoader.update action 48 consumes 10.616372556102519s[0m
[15:57:16] [Loader.py] [INFO] FMLoader.PostProcess action 48 consumes 0.9434615300626171s [0m
[15:57:23] [Loader.py] [INFO]  FMLoader.update action 49 consumes 10.56647696018219s[0m
[15:57:24] [Loader.py] [INFO] FMLoader.PostProcess action 49 consumes 0.9416186952590943s [0m
[15:57:31] [Loader.py] [INFO]  FMLoader.update action 50 consumes 10.51917181295507s[0m
[15:57:32] [Loader.py] [INFO] FMLoader.PostProcess action 50 consumes 0.9419414436115938s [0m
[15:57:40] [Loader.py] [INFO]  FMLoader.update action 51 consumes 10.47686001429191s[0m
[15:57:41] [Loader.py] [INFO] FMLoader.PostProcess action 51 consumes 0.9430107978674082s [0m
[15:57:49] [Loader.py] [INFO]  FMLoader.update action 52 consumes 10.447888824174989s[0m
[15:57:49] [Loader.py] [INFO] FMLoader.PostProcess action 52 consumes 0.9252539130876649s [0m
[15:57:57] [Loader.py] [INFO]  FMLoader.update action 53 consumes 10.40438034357848s[0m
[15:57:58] [Loader.py] [INFO] FMLoader.PostProcess action 53 consumes 0.9271674421098497s [0m
[15:58:05] [Loader.py] [INFO]  FMLoader.update action 54 consumes 10.358245121348988s[0m
[15:58:06] [Loader.py] [INFO] FMLoader.PostProcess action 54 consumes 0.9282839341597123s [0m
[15:58:13] [Loader.py] [INFO]  FMLoader.update action 55 consumes 10.32485983627183s[0m
[15:58:14] [Loader.py] [INFO] FMLoader.PostProcess action 55 consumes 0.9303187429904938s [0m
[15:58:21] [Loader.py] [INFO]  FMLoader.update action 56 consumes 10.287209929081431s[0m
[15:58:23] [Loader.py] [INFO] FMLoader.PostProcess action 56 consumes 0.9369002978006998s [0m
[15:58:30] [Loader.py] [INFO]  FMLoader.update action 57 consumes 10.254721423675274s[0m
[15:58:31] [Loader.py] [INFO] FMLoader.PostProcess action 57 consumes 0.9402766762108639s [0m
[15:58:38] [Loader.py] [INFO]  FMLoader.update action 58 consumes 10.224575822636233s[0m
[15:58:39] [Loader.py] [INFO] FMLoader.PostProcess action 58 consumes 0.936960644641165s [0m
[15:58:46] [Loader.py] [INFO]  FMLoader.update action 59 consumes 10.192645068963369s[0m
[15:58:48] [Loader.py] [INFO] FMLoader.PostProcess action 59 consumes 0.9414997696876526s [0m
[15:58:54] [Loader.py] [INFO]  FMLoader.update action 60 consumes 10.154764671794704s[0m
[15:58:55] [Loader.py] [INFO] FMLoader.PostProcess action 60 consumes 0.9436464231522357s [0m
[15:59:03] [Loader.py] [INFO]  FMLoader.update action 61 consumes 10.123585797125294s[0m
[15:59:03] [Loader.py] [INFO] FMLoader.PostProcess action 61 consumes 0.9437979036761869s [0m
[15:59:11] [Loader.py] [INFO]  FMLoader.update action 62 consumes 10.090997987323338s[0m
[15:59:12] [Loader.py] [INFO] FMLoader.PostProcess action 62 consumes 0.9458116463252476s [0m
[15:59:19] [Loader.py] [INFO]  FMLoader.update action 63 consumes 10.06148624047637s[0m
[15:59:19] [Loader.py] [INFO] FMLoader.PostProcess action 63 consumes 0.9326196983456612s [0m
[15:59:27] [Loader.py] [INFO]  FMLoader.update action 64 consumes 10.0363904439486s[0m
[15:59:28] [Loader.py] [INFO] FMLoader.PostProcess action 64 consumes 0.9338784694671631s [0m
[15:59:35] [Loader.py] [INFO]  FMLoader.update action 65 consumes 10.001441251147877s[0m
[15:59:36] [Loader.py] [INFO] FMLoader.PostProcess action 65 consumes 0.9376922809716427s [0m
[15:59:43] [Loader.py] [INFO]  FMLoader.update action 66 consumes 9.977564003930164s[0m
[15:59:45] [Loader.py] [INFO] FMLoader.PostProcess action 66 consumes 0.9425944712624621s [0m
[15:59:51] [Loader.py] [INFO]  FMLoader.update action 67 consumes 9.950216037385603s[0m
[15:59:53] [Loader.py] [INFO] FMLoader.PostProcess action 67 consumes 0.9459026280571433s [0m
[16:00:00] [Loader.py] [INFO]  FMLoader.update action 68 consumes 9.930873508038728s[0m
[16:00:01] [Loader.py] [INFO] FMLoader.PostProcess action 68 consumes 0.9468144368434298s [0m
[16:00:08] [Loader.py] [INFO]  FMLoader.update action 69 consumes 9.905687315123421s[0m
[16:00:09] [Loader.py] [INFO] FMLoader.PostProcess action 69 consumes 0.9399431330817086s [0m
[16:00:16] [Loader.py] [INFO]  FMLoader.update action 70 consumes 9.879470284556s[0m
[16:00:17] [Loader.py] [INFO] FMLoader.PostProcess action 70 consumes 0.9381991943842928s [0m
[16:00:25] [Loader.py] [INFO]  FMLoader.update action 71 consumes 9.856094323926502s[0m
[16:00:26] [Loader.py] [INFO] FMLoader.PostProcess action 71 consumes 0.9419350292947557s [0m
[16:00:33] [Loader.py] [INFO]  FMLoader.update action 72 consumes 9.834088962372036s[0m
[16:00:33] [Loader.py] [INFO] FMLoader.PostProcess action 72 consumes 0.9290562492527373s [0m
[16:00:41] [Loader.py] [INFO]  FMLoader.update action 73 consumes 9.817571382264834s[0m
[16:00:42] [Loader.py] [INFO] FMLoader.PostProcess action 73 consumes 0.9242723568065746s [0m
[16:00:49] [Loader.py] [INFO]  FMLoader.update action 74 consumes 9.79087022781372s[0m
[16:00:50] [Loader.py] [INFO] FMLoader.PostProcess action 74 consumes 0.917940435409546s [0m
[16:00:57] [Loader.py] [INFO]  FMLoader.update action 75 consumes 9.767407837666964s[0m
[16:00:58] [Loader.py] [INFO] FMLoader.PostProcess action 75 consumes 0.9122466507710909s [0m
[16:01:05] [Loader.py] [INFO]  FMLoader.update action 76 consumes 9.7443074994273s[0m
[16:01:05] [Loader.py] [INFO] FMLoader.PostProcess action 76 consumes 0.9004209010632007s [0m
[16:01:13] [Loader.py] [INFO]  FMLoader.update action 77 consumes 9.722637552481432s[0m
[16:01:14] [Loader.py] [INFO] FMLoader.PostProcess action 77 consumes 0.9018419828170385s [0m
[16:01:21] [Loader.py] [INFO]  FMLoader.update action 78 consumes 9.69822902015493s[0m
[16:01:22] [Loader.py] [INFO] FMLoader.PostProcess action 78 consumes 0.8990337033815021s [0m
[16:01:29] [Loader.py] [INFO]  FMLoader.update action 79 consumes 9.679268994927407s[0m
[16:01:30] [Loader.py] [INFO] FMLoader.PostProcess action 79 consumes 0.8921538025140763s [0m
[16:01:38] [Loader.py] [INFO]  FMLoader.update action 80 consumes 9.661949805271478s[0m
[16:01:38] [Loader.py] [INFO] FMLoader.PostProcess action 80 consumes 0.8929802164619352s [0m
[16:01:45] [Loader.py] [INFO]  FMLoader.update action 81 consumes 9.639240965610597s[0m
[16:01:46] [Loader.py] [INFO] FMLoader.PostProcess action 81 consumes 0.8922016824164042s [0m
[16:01:53] [Loader.py] [INFO]  FMLoader.update action 82 consumes 9.621265793421182s[0m
[16:01:55] [Loader.py] [INFO] FMLoader.PostProcess action 82 consumes 0.896986929767103s [0m
[16:02:02] [Loader.py] [INFO]  FMLoader.update action 83 consumes 9.605739346572332s[0m
[16:02:03] [Loader.py] [INFO] FMLoader.PostProcess action 83 consumes 0.903420627117157s [0m
[16:02:10] [Loader.py] [INFO]  FMLoader.update action 84 consumes 9.589620545331169s[0m
[16:02:11] [Loader.py] [INFO] FMLoader.PostProcess action 84 consumes 0.899408940707936s [0m
[16:02:18] [Loader.py] [INFO]  FMLoader.update action 85 consumes 9.57441049121147s[0m
[16:02:19] [Loader.py] [INFO] FMLoader.PostProcess action 85 consumes 0.8975158181301383s [0m
[16:02:26] [Loader.py] [INFO]  FMLoader.update action 86 consumes 9.554872482672504s[0m
[16:02:27] [Loader.py] [INFO] FMLoader.PostProcess action 86 consumes 0.8996080721931896s [0m
[16:02:35] [Loader.py] [INFO]  FMLoader.update action 87 consumes 9.54080771858042s[0m
[16:02:36] [Loader.py] [INFO] FMLoader.PostProcess action 87 consumes 0.900681116364219s [0m
[16:02:43] [Loader.py] [INFO]  FMLoader.update action 88 consumes 9.526239555873229s[0m
[16:02:43] [Loader.py] [INFO] FMLoader.PostProcess action 88 consumes 0.8905771501948324s [0m
[16:02:51] [Loader.py] [INFO]  FMLoader.update action 89 consumes 9.512463606728447s[0m
[16:02:51] [Loader.py] [INFO] FMLoader.PostProcess action 89 consumes 0.8849498510360718s [0m
[16:02:59] [Loader.py] [INFO]  FMLoader.update action 90 consumes 9.49086112504477s[0m
[16:03:00] [Loader.py] [INFO] FMLoader.PostProcess action 90 consumes 0.8907285365429554s [0m
[16:03:07] [Loader.py] [INFO]  FMLoader.update action 91 consumes 9.47419303137323s[0m
[16:03:08] [Loader.py] [INFO] FMLoader.PostProcess action 91 consumes 0.8954312619955643s [0m
[16:03:15] [Loader.py] [INFO]  FMLoader.update action 92 consumes 9.463558368785407s[0m
[16:03:16] [Loader.py] [INFO] FMLoader.PostProcess action 92 consumes 0.8943630239014985s [0m
[16:03:23] [Loader.py] [INFO]  FMLoader.update action 93 consumes 9.4498869916226s[0m
[16:03:24] [Loader.py] [INFO] FMLoader.PostProcess action 93 consumes 0.8969250131160655s [0m
[16:03:31] [Loader.py] [INFO]  FMLoader.update action 94 consumes 9.435883238441066s[0m
[16:03:33] [Loader.py] [INFO] FMLoader.PostProcess action 94 consumes 0.9014813975283974s [0m
[16:03:40] [Loader.py] [INFO]  FMLoader.update action 95 consumes 9.424036763608456s[0m
[16:03:41] [Loader.py] [INFO] FMLoader.PostProcess action 95 consumes 0.9051047340035439s [0m
[16:03:48] [Loader.py] [INFO]  FMLoader.update action 96 consumes 9.411171591158995s[0m
[16:03:49] [Loader.py] [INFO] FMLoader.PostProcess action 96 consumes 0.906529743646838s [0m
[16:03:56] [Loader.py] [INFO]  FMLoader.update action 97 consumes 9.400395660984273s[0m
[16:03:57] [Loader.py] [INFO] FMLoader.PostProcess action 97 consumes 0.9070653574807304s [0m
[16:04:04] [Loader.py] [INFO]  FMLoader.update action 98 consumes 9.387263245052761s[0m
[16:04:06] [Loader.py] [INFO] FMLoader.PostProcess action 98 consumes 0.9114643564127912s [0m
[16:04:12] [Loader.py] [INFO]  FMLoader.update action 99 consumes 9.374650552272797s[0m
[16:04:12] [Loader.py] [INFO] FMLoader.PostProcess action 99 consumes 0.9023652410507202s [0m
[16:04:21] [Loader.py] [INFO]  FMLoader.update action 100 consumes 9.36447837801263s[0m
[16:04:22] [Loader.py] [INFO] FMLoader.PostProcess action 100 consumes 0.9023769491969948s [0m
[16:04:29] [Loader.py] [INFO]  FMLoader.update action 101 consumes 9.351085443122715s[0m
[16:04:30] [Loader.py] [INFO] FMLoader.PostProcess action 101 consumes 0.9045955059575099s [0m
[16:04:37] [Loader.py] [INFO]  FMLoader.update action 102 consumes 9.342988819751925s[0m
[16:04:38] [Loader.py] [INFO] FMLoader.PostProcess action 102 consumes 0.9050582010769149s [0m
[16:04:46] [Loader.py] [INFO]  FMLoader.update action 103 consumes 9.332540337855999s[0m
[16:04:46] [Loader.py] [INFO] FMLoader.PostProcess action 103 consumes 0.9044803358041323s [0m
[16:04:54] [Loader.py] [INFO]  FMLoader.update action 104 consumes 9.32120144707816s[0m
[16:04:55] [Loader.py] [INFO] FMLoader.PostProcess action 104 consumes 0.9055499871571858s [0m
[16:05:02] [Loader.py] [INFO]  FMLoader.update action 105 consumes 9.31191558657952s[0m
[16:05:03] [Loader.py] [INFO] FMLoader.PostProcess action 105 consumes 0.9075342124363162s [0m
[16:05:10] [Loader.py] [INFO]  FMLoader.update action 106 consumes 9.303081352019978s[0m
[16:05:12] [Loader.py] [INFO] FMLoader.PostProcess action 106 consumes 0.9096195720066534s [0m
[16:05:18] [Loader.py] [INFO]  FMLoader.update action 107 consumes 9.291576504707336s[0m
[16:05:20] [Loader.py] [INFO] FMLoader.PostProcess action 107 consumes 0.9117405966476158s [0m
[16:05:27] [Loader.py] [INFO]  FMLoader.update action 108 consumes 9.281948975466808s[0m
[16:05:28] [Loader.py] [INFO] FMLoader.PostProcess action 108 consumes 0.9138980568002123s [0m
[16:05:35] [Loader.py] [INFO]  FMLoader.update action 109 consumes 9.273476115140047s[0m
[16:05:36] [Loader.py] [INFO] FMLoader.PostProcess action 109 consumes 0.9181539232080633s [0m
[16:05:43] [Loader.py] [INFO]  FMLoader.update action 110 consumes 9.263316796706603s[0m
[16:05:45] [Loader.py] [INFO] FMLoader.PostProcess action 110 consumes 0.9220603178213308s [0m
[16:05:52] [Loader.py] [INFO]  FMLoader.update action 111 consumes 9.258502992136139s[0m
[16:05:53] [Loader.py] [INFO] FMLoader.PostProcess action 111 consumes 0.9236330879586083s [0m
[16:06:01] [Loader.py] [INFO]  FMLoader.update action 112 consumes 9.25535172698772s[0m
[16:06:02] [Loader.py] [INFO] FMLoader.PostProcess action 112 consumes 0.924257063232692s [0m
[16:06:09] [Loader.py] [INFO]  FMLoader.update action 113 consumes 9.245811303456625s[0m
[16:06:10] [Loader.py] [INFO] FMLoader.PostProcess action 113 consumes 0.9205381493819388s [0m
[16:06:17] [Loader.py] [INFO]  FMLoader.update action 114 consumes 9.236473943876183s[0m
[16:06:18] [Loader.py] [INFO] FMLoader.PostProcess action 114 consumes 0.921249132571013s [0m
[16:06:25] [Loader.py] [INFO]  FMLoader.update action 115 consumes 9.225811886376349s[0m
[16:06:25] [Loader.py] [INFO] FMLoader.PostProcess action 115 consumes 0.91332307149624s [0m
[16:06:33] [Loader.py] [INFO]  FMLoader.update action 116 consumes 9.217578602652264s[0m
[16:06:34] [Loader.py] [INFO] FMLoader.PostProcess action 116 consumes 0.9108163148928912s [0m
[16:06:41] [Loader.py] [INFO]  FMLoader.update action 117 consumes 9.203540852514363s[0m
[16:06:41] [Loader.py] [INFO] FMLoader.PostProcess action 117 consumes 0.903108667519133s [0m
[16:06:49] [Loader.py] [INFO]  FMLoader.update action 118 consumes 9.193439239213447s[0m
[16:06:50] [Loader.py] [INFO] FMLoader.PostProcess action 118 consumes 0.9070049674571061s [0m
[16:06:57] [Loader.py] [INFO]  FMLoader.update action 119 consumes 9.180234257380167s[0m
[16:06:57] [Loader.py] [INFO] FMLoader.PostProcess action 119 consumes 0.9044468144575755s [0m
[16:07:05] [Loader.py] [INFO]  FMLoader.update action 120 consumes 9.172655340068596s[0m
[16:07:05] [Loader.py] [INFO] FMLoader.PostProcess action 120 consumes 0.896992336619984s [0m
[16:07:13] [Loader.py] [INFO]  FMLoader.update action 121 consumes 9.163910934182464s[0m
[16:07:14] [Loader.py] [INFO] FMLoader.PostProcess action 121 consumes 0.8959886949570453s [0m
[16:07:21] [Loader.py] [INFO]  FMLoader.update action 122 consumes 9.152934692739471s[0m
[16:07:22] [Loader.py] [INFO] FMLoader.PostProcess action 122 consumes 0.8991211139089693s [0m
[16:07:29] [Loader.py] [INFO]  FMLoader.update action 123 consumes 9.146416954455837s[0m
[16:07:29] [Loader.py] [INFO] FMLoader.PostProcess action 123 consumes 0.8926860632434968s [0m
[16:07:38] [Loader.py] [INFO]  FMLoader.update action 124 consumes 9.142213247299194s[0m
[16:07:39] [Loader.py] [INFO] FMLoader.PostProcess action 124 consumes 0.8919545230865479s [0m
[16:07:46] [Loader.py] [INFO]  FMLoader.update action 125 consumes 9.133625679545933s[0m
[16:07:47] [Loader.py] [INFO] FMLoader.PostProcess action 125 consumes 0.8909755301853967s [0m
[16:07:54] [Loader.py] [INFO]  FMLoader.update action 126 consumes 9.12657523718406s[0m
[16:07:55] [Loader.py] [INFO] FMLoader.PostProcess action 126 consumes 0.8914918054745892s [0m
[16:08:02] [Loader.py] [INFO]  FMLoader.update action 127 consumes 9.119521355256438s[0m
[16:08:03] [Loader.py] [INFO] FMLoader.PostProcess action 127 consumes 0.8905276041477919s [0m
[16:08:10] [Loader.py] [INFO]  FMLoader.update action 128 consumes 9.11001369195391s[0m
[16:08:11] [Loader.py] [INFO] FMLoader.PostProcess action 128 consumes 0.8918682623279187s [0m
[16:08:18] [Loader.py] [INFO]  FMLoader.update action 129 consumes 9.101499082491948s[0m
[16:08:19] [Loader.py] [INFO] FMLoader.PostProcess action 129 consumes 0.8942951569190392s [0m
[16:08:26] [Loader.py] [INFO]  FMLoader.update action 130 consumes 9.093172446462034s[0m
[16:08:27] [Loader.py] [INFO] FMLoader.PostProcess action 130 consumes 0.893032366992863s [0m
[16:08:35] [Loader.py] [INFO]  FMLoader.update action 131 consumes 9.087904267238848s[0m
[16:08:35] [Loader.py] [INFO] FMLoader.PostProcess action 131 consumes 0.889037878224344s [0m
[16:08:43] [Loader.py] [INFO]  FMLoader.update action 132 consumes 9.07925846522912s[0m
[16:08:43] [Loader.py] [INFO] FMLoader.PostProcess action 132 consumes 0.8889654973395785s [0m
[16:08:51] [Loader.py] [INFO]  FMLoader.update action 133 consumes 9.071795767812587s[0m
[16:08:51] [Loader.py] [INFO] FMLoader.PostProcess action 133 consumes 0.8823463898986134s [0m
[16:08:59] [Loader.py] [INFO]  FMLoader.update action 134 consumes 9.06645523177253s[0m
[16:08:59] [Loader.py] [INFO] FMLoader.PostProcess action 134 consumes 0.8794985400305854s [0m
[16:09:07] [Loader.py] [INFO]  FMLoader.update action 135 consumes 9.058219602879356s[0m
[16:09:07] [Loader.py] [INFO] FMLoader.PostProcess action 135 consumes 0.8746652831049526s [0m
[16:09:15] [Loader.py] [INFO]  FMLoader.update action 136 consumes 9.050472551888793s[0m
[16:09:16] [Loader.py] [INFO] FMLoader.PostProcess action 136 consumes 0.8740735523892145s [0m
[16:09:23] [Loader.py] [INFO]  FMLoader.update action 137 consumes 9.042229063269021s[0m
[16:09:23] [Loader.py] [INFO] FMLoader.PostProcess action 137 consumes 0.8706752217334249s [0m
[16:09:31] [Loader.py] [INFO]  FMLoader.update action 138 consumes 9.034191183049044s[0m
[16:09:32] [Loader.py] [INFO] FMLoader.PostProcess action 138 consumes 0.8740086143822978s [0m
[16:09:39] [Loader.py] [INFO]  FMLoader.update action 139 consumes 9.028128457069396s[0m
[16:09:40] [Loader.py] [INFO] FMLoader.PostProcess action 139 consumes 0.8730616535459246s [0m
[16:09:47] [Loader.py] [INFO]  FMLoader.update action 140 consumes 9.024006234838607s[0m
[16:09:48] [Loader.py] [INFO] FMLoader.PostProcess action 140 consumes 0.873840886650356s [0m
[16:09:55] [Loader.py] [INFO]  FMLoader.update action 141 consumes 9.01692851328514s[0m
[16:09:57] [Loader.py] [INFO] FMLoader.PostProcess action 141 consumes 0.8765689336078267s [0m
[16:10:04] [Loader.py] [INFO]  FMLoader.update action 142 consumes 9.010326833991737s[0m
[16:10:05] [Loader.py] [INFO] FMLoader.PostProcess action 142 consumes 0.8812221697160414s [0m
[16:10:12] [Loader.py] [INFO]  FMLoader.update action 143 consumes 9.008252713415358s[0m
[16:10:14] [Loader.py] [INFO] FMLoader.PostProcess action 143 consumes 0.8853025154934989s [0m
[16:10:21] [Loader.py] [INFO]  FMLoader.update action 144 consumes 9.003685966031306s[0m
[16:10:22] [Loader.py] [INFO] FMLoader.PostProcess action 144 consumes 0.8887906945984939s [0m
[16:10:29] [Loader.py] [INFO]  FMLoader.update action 145 consumes 9.001216062127728s[0m
[16:10:31] [Loader.py] [INFO] FMLoader.PostProcess action 145 consumes 0.8920134893835407s [0m
[16:10:38] [Loader.py] [INFO]  FMLoader.update action 146 consumes 8.998245010570605s[0m
[16:10:39] [Loader.py] [INFO] FMLoader.PostProcess action 146 consumes 0.8941498143332345s [0m
[16:10:46] [Loader.py] [INFO]  FMLoader.update action 147 consumes 8.99537180082218s[0m
[16:10:48] [Loader.py] [INFO] FMLoader.PostProcess action 147 consumes 0.8979023131164344s [0m
[16:10:55] [Loader.py] [INFO]  FMLoader.update action 148 consumes 8.991266092198007s[0m
[16:10:56] [Loader.py] [INFO] FMLoader.PostProcess action 148 consumes 0.8997246755049533s [0m
[16:11:03] [Loader.py] [INFO]  FMLoader.update action 149 consumes 8.986527366638184s[0m
[16:11:04] [Loader.py] [INFO] FMLoader.PostProcess action 149 consumes 0.9019447072347005s [0m
[16:11:11] [Loader.py] [INFO]  FMLoader.update action 150 consumes 8.981012652251895s[0m
[16:11:12] [Loader.py] [INFO] FMLoader.PostProcess action 150 consumes 0.9019456841298287s [0m
[16:11:20] [Loader.py] [INFO]  FMLoader.update action 151 consumes 8.980910465905541s[0m
[16:11:20] [Loader.py] [INFO] FMLoader.PostProcess action 151 consumes 0.8960238820628116s [0m
[16:11:29] [Loader.py] [INFO]  FMLoader.update action 152 consumes 8.978230213028153s[0m
[16:11:30] [Loader.py] [INFO] FMLoader.PostProcess action 152 consumes 0.896691317651786s [0m
[16:11:37] [Loader.py] [INFO]  FMLoader.update action 153 consumes 8.970825641186206s[0m
[16:11:37] [Loader.py] [INFO] FMLoader.PostProcess action 153 consumes 0.8967966863087246s [0m
[16:11:45] [Loader.py] [INFO]  FMLoader.update action 154 consumes 8.965123741088375s[0m
[16:11:45] [Loader.py] [INFO] FMLoader.PostProcess action 154 consumes 0.895488259100145s [0m
[16:11:53] [Loader.py] [INFO]  FMLoader.update action 155 consumes 8.961450613462008s[0m
[16:11:54] [Loader.py] [INFO] FMLoader.PostProcess action 155 consumes 0.8970625690924816s [0m
[16:12:01] [Loader.py] [INFO]  FMLoader.update action 156 consumes 8.954430879301325s[0m
[16:12:02] [Loader.py] [INFO] FMLoader.PostProcess action 156 consumes 0.8994749761690759s [0m
[16:12:09] [Loader.py] [INFO]  FMLoader.update action 157 consumes 8.949647600137734s[0m
[16:12:10] [Loader.py] [INFO] FMLoader.PostProcess action 157 consumes 0.8993701587749433s [0m
[16:12:17] [Loader.py] [INFO]  FMLoader.update action 158 consumes 8.945863075976101s[0m
[16:12:17] [Loader.py] [INFO] FMLoader.PostProcess action 158 consumes 0.893722192296442s [0m
[16:12:26] [Loader.py] [INFO]  FMLoader.update action 159 consumes 8.940498700737953s[0m
[16:12:26] [Loader.py] [INFO] FMLoader.PostProcess action 159 consumes 0.8881467625498771s [0m
[16:12:34] [Loader.py] [INFO]  FMLoader.update action 160 consumes 8.935223822267899s[0m
[16:12:34] [Loader.py] [INFO] FMLoader.PostProcess action 160 consumes 0.8878152192749592s [0m
[16:12:41] [Loader.py] [INFO]  FMLoader.update action 161 consumes 8.928244552494567s[0m
[16:12:43] [Loader.py] [INFO] FMLoader.PostProcess action 161 consumes 0.8895993321030228s [0m
[16:12:50] [Loader.py] [INFO]  FMLoader.update action 162 consumes 8.924423678520998s[0m
[16:12:51] [Loader.py] [INFO] FMLoader.PostProcess action 162 consumes 0.89159019885619s [0m
[16:12:58] [Loader.py] [INFO]  FMLoader.update action 163 consumes 8.921301203530009s[0m
[16:13:00] [Loader.py] [INFO] FMLoader.PostProcess action 163 consumes 0.8943599186292509s [0m
[16:13:07] [Loader.py] [INFO]  FMLoader.update action 164 consumes 8.920043650540439s[0m
[16:13:07] [Loader.py] [INFO] FMLoader.PostProcess action 164 consumes 0.892092144128048s [0m
[16:13:16] [Loader.py] [INFO]  FMLoader.update action 165 consumes 8.920452112174896s[0m
[16:13:17] [Loader.py] [INFO] FMLoader.PostProcess action 165 consumes 0.8930803063404129s [0m
[16:13:24] [Loader.py] [INFO]  FMLoader.update action 166 consumes 8.91563971171122s[0m
[16:13:25] [Loader.py] [INFO] FMLoader.PostProcess action 166 consumes 0.8931037423139561s [0m
[16:13:32] [Loader.py] [INFO]  FMLoader.update action 167 consumes 8.910512577919732s[0m
[16:13:33] [Loader.py] [INFO] FMLoader.PostProcess action 167 consumes 0.8945340769631522s [0m
[16:13:40] [Loader.py] [INFO]  FMLoader.update action 168 consumes 8.905918887381018s[0m
[16:13:41] [Loader.py] [INFO] FMLoader.PostProcess action 168 consumes 0.8962376526826937s [0m
[16:13:49] [Loader.py] [INFO]  FMLoader.update action 169 consumes 8.903026132022633s[0m
[16:13:50] [Loader.py] [INFO] FMLoader.PostProcess action 169 consumes 0.8962202619103824s [0m
[16:13:57] [Loader.py] [INFO]  FMLoader.update action 170 consumes 8.901495872185244s[0m
[16:13:58] [Loader.py] [INFO] FMLoader.PostProcess action 170 consumes 0.8980236053466797s [0m
[16:14:10] [Loader.py] [INFO]  FMLoader.update action 171 consumes 8.923449915508892s[0m
[16:14:11] [Loader.py] [INFO] FMLoader.PostProcess action 171 consumes 0.9002840588259142s [0m
[16:14:43] [Loader.py] [INFO]  FMLoader.update action 172 consumes 9.061799647491103s[0m
[16:14:44] [Loader.py] [INFO] FMLoader.PostProcess action 172 consumes 0.9028592164805859s [0m
[16:15:10] [Loader.py] [INFO]  FMLoader.update action 173 consumes 9.164632982221143s[0m
[16:15:11] [Loader.py] [INFO] FMLoader.PostProcess action 173 consumes 0.9034249631837866s [0m
[16:15:32] [Loader.py] [INFO]  FMLoader.update action 174 consumes 9.239546728134155s[0m
[16:15:34] [Loader.py] [INFO] FMLoader.PostProcess action 174 consumes 0.9073228372846331s [0m
[16:15:57] [Loader.py] [INFO]  FMLoader.update action 175 consumes 9.32967645065351s[0m
[16:15:58] [Loader.py] [INFO] FMLoader.PostProcess action 175 consumes 0.9052687964656136s [0m
