[33m[17:07:43] [Loader.py->update line:120] [!] The pid of update_() : 40099[0m
[33m[17:07:43] [Loader.py->PostProcess line:185] [!] The pid of self.PostProcess : 40099[0m
[33m[17:07:43] [Loader.py->update line:121] [!] The thread of update() : <Thread(Thread-1, started daemon 140681366898432)>[0m
[33m[17:07:43] [Loader.py->PostProcess line:186] [!] The thread of self.PostProcess : <Thread(Thread-2, started daemon 140681358505728)>[0m
[33m[17:07:43] [Loader.py->update line:122] [!] self.datalen  : <Thread(Thread-1, started daemon 140681366898432)>[0m
[33m[17:11:01] [Loader.py->update line:120] [!] The pid of update_() : 40711[0m
[33m[17:11:01] [Loader.py->PostProcess line:185] [!] The pid of self.PostProcess : 40711[0m
[33m[17:11:01] [Loader.py->update line:121] [!] The thread of update() : <Thread(Thread-1, started daemon 140504032515840)>[0m
[33m[17:11:01] [Loader.py->PostProcess line:186] [!] The thread of self.PostProcess : <Thread(Thread-2, started daemon 140504024123136)>[0m
[33m[17:11:01] [Loader.py->update line:122] [!] self.datalen  : <Thread(Thread-1, started daemon 140504032515840)>[0m
[33m[20:17:44] [Loader.py->update line:121] [!] The pid of update_() : 42903[0m
[33m[20:17:44] [Loader.py->PostProcess line:192] [!] The pid of self.PostProcess : 42903[0m
[33m[20:17:44] [Loader.py->update line:122] [!] The thread of update() : <Thread(Thread-1, started daemon 139916754487040)>[0m
[33m[20:17:44] [Loader.py->PostProcess line:193] [!] The thread of self.PostProcess : <Thread(Thread-2, started daemon 139916746094336)>[0m
[33m[20:17:44] [Loader.py->update line:123] [!] self.datalen  : <Thread(Thread-1, started daemon 139916754487040)>[0m
[20:17:56] [Loader.py->update line:180] [INFO]  FMLoader.update action 0 consumes 11.86030125617981s[0m
[20:17:56] [Loader.py->PostProcess line:260] [INFO] FMLoader.PostProcess action 0 consumes 11.864473819732666s [0m
[20:18:04] [Loader.py->update line:180] [INFO]  FMLoader.update action 1 consumes 10.148147702217102s[0m
[20:18:04] [Loader.py->PostProcess line:260] [INFO] FMLoader.PostProcess action 1 consumes 10.095486402511597s [0m
[20:18:12] [Loader.py->update line:180] [INFO]  FMLoader.update action 2 consumes 9.418435970942179s[0m
[20:18:12] [Loader.py->PostProcess line:260] [INFO] FMLoader.PostProcess action 2 consumes 9.359259923299154s [0m
[20:18:20] [Loader.py->update line:180] [INFO]  FMLoader.update action 3 consumes 8.992181062698364s[0m
[20:18:20] [Loader.py->PostProcess line:260] [INFO] FMLoader.PostProcess action 3 consumes 8.948334217071533s [0m
[20:18:28] [Loader.py->update line:180] [INFO]  FMLoader.update action 4 consumes 8.85811505317688s[0m
[20:18:28] [Loader.py->PostProcess line:260] [INFO] FMLoader.PostProcess action 4 consumes 8.823469591140746s [0m
[20:18:37] [Loader.py->update line:180] [INFO]  FMLoader.update action 5 consumes 8.827832341194153s[0m
[20:18:37] [Loader.py->PostProcess line:260] [INFO] FMLoader.PostProcess action 5 consumes 8.799335837364197s [0m
[20:18:46] [Loader.py->update line:180] [INFO]  FMLoader.update action 6 consumes 8.837105921336583s[0m
[20:18:46] [Loader.py->PostProcess line:260] [INFO] FMLoader.PostProcess action 6 consumes 8.81301498413086s [0m
[20:18:55] [Loader.py->update line:180] [INFO]  FMLoader.update action 7 consumes 8.81611517071724s[0m
[20:18:55] [Loader.py->PostProcess line:260] [INFO] FMLoader.PostProcess action 7 consumes 8.795308470726013s [0m
[20:19:03] [Loader.py->update line:180] [INFO]  FMLoader.update action 8 consumes 8.745794905556572s[0m
[20:19:03] [Loader.py->PostProcess line:260] [INFO] FMLoader.PostProcess action 8 consumes 8.727293703291151s [0m
[20:19:11] [Loader.py->update line:180] [INFO]  FMLoader.update action 9 consumes 8.71080141067505s[0m
[20:19:11] [Loader.py->PostProcess line:260] [INFO] FMLoader.PostProcess action 9 consumes 8.69443700313568s [0m
[20:19:20] [Loader.py->update line:180] [INFO]  FMLoader.update action 10 consumes 8.680599451065063s[0m
[20:19:20] [Loader.py->PostProcess line:260] [INFO] FMLoader.PostProcess action 10 consumes 8.666051799600774s [0m
[20:19:31] [Loader.py->update line:180] [INFO]  FMLoader.update action 11 consumes 8.921591202418009s[0m
[20:19:31] [Loader.py->PostProcess line:260] [INFO] FMLoader.PostProcess action 11 consumes 8.908207853635153s [0m
[20:19:45] [Loader.py->update line:180] [INFO]  FMLoader.update action 12 consumes 9.261433436320377s[0m
[20:19:45] [Loader.py->PostProcess line:260] [INFO] FMLoader.PostProcess action 12 consumes 9.249361698444073s [0m
[20:19:54] [Loader.py->update line:180] [INFO]  FMLoader.update action 13 consumes 9.256341661725726s[0m
[20:19:54] [Loader.py->PostProcess line:260] [INFO] FMLoader.PostProcess action 13 consumes 9.2451251915523s [0m
[20:20:02] [Loader.py->update line:180] [INFO]  FMLoader.update action 14 consumes 9.209664646784464s[0m
[20:20:02] [Loader.py->PostProcess line:260] [INFO] FMLoader.PostProcess action 14 consumes 9.199268054962157s [0m
[20:20:10] [Loader.py->update line:180] [INFO]  FMLoader.update action 15 consumes 9.143171191215515s[0m
[20:20:10] [Loader.py->PostProcess line:260] [INFO] FMLoader.PostProcess action 15 consumes 9.13354341685772s [0m
[20:20:22] [Loader.py->update line:180] [INFO]  FMLoader.update action 16 consumes 9.257788223378798s[0m
[20:20:22] [Loader.py->PostProcess line:260] [INFO] FMLoader.PostProcess action 16 consumes 9.248960242551917s [0m
[20:20:33] [Loader.py->update line:180] [INFO]  FMLoader.update action 17 consumes 9.351131598154703s[0m
[20:20:33] [Loader.py->PostProcess line:260] [INFO] FMLoader.PostProcess action 17 consumes 9.342762139108446s [0m
[20:20:41] [Loader.py->update line:180] [INFO]  FMLoader.update action 18 consumes 9.297819476378592s[0m
[20:20:41] [Loader.py->PostProcess line:260] [INFO] FMLoader.PostProcess action 18 consumes 9.29003718024806s [0m
[20:20:49] [Loader.py->update line:180] [INFO]  FMLoader.update action 19 consumes 9.235222554206848s[0m
[20:20:49] [Loader.py->PostProcess line:260] [INFO] FMLoader.PostProcess action 19 consumes 9.227845478057862s [0m
[20:20:57] [Loader.py->update line:180] [INFO]  FMLoader.update action 20 consumes 9.203771432240805s[0m
[20:20:57] [Loader.py->PostProcess line:260] [INFO] FMLoader.PostProcess action 20 consumes 9.196884893235707s [0m
[20:21:06] [Loader.py->update line:180] [INFO]  FMLoader.update action 21 consumes 9.165680766105652s[0m
[20:21:06] [Loader.py->PostProcess line:260] [INFO] FMLoader.PostProcess action 21 consumes 9.159211874008179s [0m
[20:21:18] [Loader.py->update line:180] [INFO]  FMLoader.update action 22 consumes 9.307186251101287s[0m
[20:21:18] [Loader.py->PostProcess line:260] [INFO] FMLoader.PostProcess action 22 consumes 9.301142578539642s [0m
[20:21:28] [Loader.py->update line:180] [INFO]  FMLoader.update action 23 consumes 9.340210199356079s[0m
[20:21:28] [Loader.py->PostProcess line:260] [INFO] FMLoader.PostProcess action 23 consumes 9.334437241156897s [0m
[20:21:37] [Loader.py->update line:180] [INFO]  FMLoader.update action 24 consumes 9.3259095287323s[0m
[20:21:37] [Loader.py->PostProcess line:260] [INFO] FMLoader.PostProcess action 24 consumes 9.320491409301757s [0m
[20:21:45] [Loader.py->update line:180] [INFO]  FMLoader.update action 25 consumes 9.269546362069937s[0m
[20:21:45] [Loader.py->PostProcess line:260] [INFO] FMLoader.PostProcess action 25 consumes 9.264322611001822s [0m
[20:21:54] [Loader.py->update line:180] [INFO]  FMLoader.update action 26 consumes 9.242493258582222s[0m
[20:21:54] [Loader.py->PostProcess line:260] [INFO] FMLoader.PostProcess action 26 consumes 9.237454776410702s [0m
[20:22:02] [Loader.py->update line:180] [INFO]  FMLoader.update action 27 consumes 9.198487750121526s[0m
[20:22:02] [Loader.py->PostProcess line:260] [INFO] FMLoader.PostProcess action 27 consumes 9.193844727107457s [0m
[20:22:09] [Loader.py->update line:180] [INFO]  FMLoader.update action 28 consumes 9.14530477030524s[0m
[20:22:09] [Loader.py->PostProcess line:260] [INFO] FMLoader.PostProcess action 28 consumes 9.140878496498898s [0m
[20:22:19] [Loader.py->update line:180] [INFO]  FMLoader.update action 29 consumes 9.15022688706716s[0m
[20:22:19] [Loader.py->PostProcess line:260] [INFO] FMLoader.PostProcess action 29 consumes 9.145895751317342s [0m
[20:22:31] [Loader.py->update line:180] [INFO]  FMLoader.update action 30 consumes 9.264821667825021s[0m
[20:22:31] [Loader.py->PostProcess line:260] [INFO] FMLoader.PostProcess action 30 consumes 9.260710423992526s [0m
[20:22:42] [Loader.py->update line:180] [INFO]  FMLoader.update action 31 consumes 9.306998781859875s[0m
[20:22:42] [Loader.py->PostProcess line:260] [INFO] FMLoader.PostProcess action 31 consumes 9.303046256303787s [0m
[20:22:50] [Loader.py->update line:180] [INFO]  FMLoader.update action 32 consumes 9.276603677056052s[0m
[20:22:50] [Loader.py->PostProcess line:260] [INFO] FMLoader.PostProcess action 32 consumes 9.272868741642345s [0m
[20:22:59] [Loader.py->update line:180] [INFO]  FMLoader.update action 33 consumes 9.25024834801169s[0m
[20:22:59] [Loader.py->PostProcess line:260] [INFO] FMLoader.PostProcess action 33 consumes 9.246629504596486s [0m
[20:23:08] [Loader.py->update line:180] [INFO]  FMLoader.update action 34 consumes 9.2511743749891s[0m
[20:23:08] [Loader.py->PostProcess line:260] [INFO] FMLoader.PostProcess action 34 consumes 9.24778221675328s [0m
[20:23:17] [Loader.py->update line:180] [INFO]  FMLoader.update action 35 consumes 9.254567583401998s[0m
[20:23:17] [Loader.py->PostProcess line:260] [INFO] FMLoader.PostProcess action 35 consumes 9.251275565889147s [0m
[20:23:30] [Loader.py->update line:180] [INFO]  FMLoader.update action 36 consumes 9.34905464584763s[0m
[20:23:30] [Loader.py->PostProcess line:260] [INFO] FMLoader.PostProcess action 36 consumes 9.345918339651984s [0m
[20:23:40] [Loader.py->update line:180] [INFO]  FMLoader.update action 37 consumes 9.354313530420002s[0m
[20:23:40] [Loader.py->PostProcess line:260] [INFO] FMLoader.PostProcess action 37 consumes 9.351296556623359s [0m
[20:23:48] [Loader.py->update line:180] [INFO]  FMLoader.update action 38 consumes 9.32786358319796s[0m
[20:23:48] [Loader.py->PostProcess line:260] [INFO] FMLoader.PostProcess action 38 consumes 9.324922482172648s [0m
[20:23:56] [Loader.py->update line:180] [INFO]  FMLoader.update action 39 consumes 9.302114915847778s[0m
[20:23:56] [Loader.py->PostProcess line:260] [INFO] FMLoader.PostProcess action 39 consumes 9.29929227232933s [0m
[20:24:05] [Loader.py->update line:180] [INFO]  FMLoader.update action 40 consumes 9.280427147702474s[0m
[20:24:05] [Loader.py->PostProcess line:260] [INFO] FMLoader.PostProcess action 40 consumes 9.277761284897966s [0m
[20:24:13] [Loader.py->update line:180] [INFO]  FMLoader.update action 41 consumes 9.25776884101686s[0m
[20:24:13] [Loader.py->PostProcess line:260] [INFO] FMLoader.PostProcess action 41 consumes 9.255176464716593s [0m
[20:24:22] [Loader.py->update line:180] [INFO]  FMLoader.update action 42 consumes 9.240732863891957s[0m
[20:24:22] [Loader.py->PostProcess line:260] [INFO] FMLoader.PostProcess action 42 consumes 9.238252756207489s [0m
[20:24:32] [Loader.py->update line:180] [INFO]  FMLoader.update action 43 consumes 9.263880502093922s[0m
[20:24:32] [Loader.py->PostProcess line:260] [INFO] FMLoader.PostProcess action 43 consumes 9.261482574722983s [0m
[20:24:44] [Loader.py->update line:180] [INFO]  FMLoader.update action 44 consumes 9.336435519324409s[0m
[20:24:44] [Loader.py->PostProcess line:260] [INFO] FMLoader.PostProcess action 44 consumes 9.334128793080648s [0m
[20:24:55] [Loader.py->update line:180] [INFO]  FMLoader.update action 45 consumes 9.362250400626142s[0m
[20:24:55] [Loader.py->PostProcess line:260] [INFO] FMLoader.PostProcess action 45 consumes 9.360030490419138s [0m
[20:25:04] [Loader.py->update line:180] [INFO]  FMLoader.update action 46 consumes 9.34888687539608s[0m
[20:25:04] [Loader.py->PostProcess line:260] [INFO] FMLoader.PostProcess action 46 consumes 9.346782156761657s [0m
[20:25:17] [Loader.py->update line:180] [INFO]  FMLoader.update action 47 consumes 9.424943958719572s[0m
[20:25:17] [Loader.py->PostProcess line:260] [INFO] FMLoader.PostProcess action 47 consumes 9.422918056448301s [0m
[20:25:33] [Loader.py->update line:180] [INFO]  FMLoader.update action 48 consumes 9.570448228291102s[0m
[20:25:33] [Loader.py->PostProcess line:260] [INFO] FMLoader.PostProcess action 48 consumes 9.568488510287537s [0m
[20:25:45] [Loader.py->update line:180] [INFO]  FMLoader.update action 49 consumes 9.61738287448883s[0m
[20:25:45] [Loader.py->PostProcess line:260] [INFO] FMLoader.PostProcess action 49 consumes 9.615510168075561s [0m
[20:25:54] [Loader.py->update line:180] [INFO]  FMLoader.update action 50 consumes 9.594794053657383s[0m
[20:25:54] [Loader.py->PostProcess line:260] [INFO] FMLoader.PostProcess action 50 consumes 9.59296056803535s [0m
[20:26:06] [Loader.py->update line:180] [INFO]  FMLoader.update action 51 consumes 9.653768392709585s[0m
[20:26:06] [Loader.py->PostProcess line:260] [INFO] FMLoader.PostProcess action 51 consumes 9.652035020864927s [0m
[20:26:17] [Loader.py->update line:180] [INFO]  FMLoader.update action 52 consumes 9.667090744342444s[0m
[20:26:17] [Loader.py->PostProcess line:260] [INFO] FMLoader.PostProcess action 52 consumes 9.665407086318394s [0m
[20:26:29] [Loader.py->update line:180] [INFO]  FMLoader.update action 53 consumes 9.719341807895237s[0m
[20:26:29] [Loader.py->PostProcess line:260] [INFO] FMLoader.PostProcess action 53 consumes 9.717741387861746s [0m
[20:26:40] [Loader.py->update line:180] [INFO]  FMLoader.update action 54 consumes 9.732549758390947s[0m
[20:26:40] [Loader.py->PostProcess line:260] [INFO] FMLoader.PostProcess action 54 consumes 9.73100451556119s [0m
[20:26:49] [Loader.py->update line:180] [INFO]  FMLoader.update action 55 consumes 9.720356834786278s[0m
[20:26:49] [Loader.py->PostProcess line:260] [INFO] FMLoader.PostProcess action 55 consumes 9.718895941972733s [0m
[20:27:02] [Loader.py->update line:180] [INFO]  FMLoader.update action 56 consumes 9.778941351070738s[0m
[20:27:02] [Loader.py->PostProcess line:260] [INFO] FMLoader.PostProcess action 56 consumes 9.777488444980822s [0m
[20:27:11] [Loader.py->update line:180] [INFO]  FMLoader.update action 57 consumes 9.765339510194186s[0m
[20:27:11] [Loader.py->PostProcess line:260] [INFO] FMLoader.PostProcess action 57 consumes 9.763934636938162s [0m
[20:27:22] [Loader.py->update line:180] [INFO]  FMLoader.update action 58 consumes 9.79478311134597s[0m
[20:27:22] [Loader.py->PostProcess line:260] [INFO] FMLoader.PostProcess action 58 consumes 9.793443667686592s [0m
[20:27:34] [Loader.py->update line:180] [INFO]  FMLoader.update action 59 consumes 9.83528614838918s[0m
[20:27:34] [Loader.py->PostProcess line:260] [INFO] FMLoader.PostProcess action 59 consumes 9.834019895394643s [0m
[20:27:43] [Loader.py->update line:180] [INFO]  FMLoader.update action 60 consumes 9.80914520826496s[0m
[20:27:43] [Loader.py->PostProcess line:260] [INFO] FMLoader.PostProcess action 60 consumes 9.807952310218186s [0m
[20:27:51] [Loader.py->update line:180] [INFO]  FMLoader.update action 61 consumes 9.788267993157909s[0m
[20:27:51] [Loader.py->PostProcess line:260] [INFO] FMLoader.PostProcess action 61 consumes 9.787131259518285s [0m
[20:28:00] [Loader.py->update line:180] [INFO]  FMLoader.update action 62 consumes 9.773049119919065s[0m
[20:28:00] [Loader.py->PostProcess line:260] [INFO] FMLoader.PostProcess action 62 consumes 9.771919398080735s [0m
[20:28:09] [Loader.py->update line:180] [INFO]  FMLoader.update action 63 consumes 9.763491779565811s[0m
[20:28:09] [Loader.py->PostProcess line:260] [INFO] FMLoader.PostProcess action 63 consumes 9.76239450648427s [0m
[20:28:22] [Loader.py->update line:180] [INFO]  FMLoader.update action 64 consumes 9.810632786383996s[0m
[20:28:22] [Loader.py->PostProcess line:260] [INFO] FMLoader.PostProcess action 64 consumes 9.80957569709191s [0m
[20:28:31] [Loader.py->update line:180] [INFO]  FMLoader.update action 65 consumes 9.796559669754721s[0m
[20:28:31] [Loader.py->PostProcess line:260] [INFO] FMLoader.PostProcess action 65 consumes 9.795537959445607s [0m
[20:28:39] [Loader.py->update line:180] [INFO]  FMLoader.update action 66 consumes 9.77844779882858s[0m
[20:28:39] [Loader.py->PostProcess line:260] [INFO] FMLoader.PostProcess action 66 consumes 9.777488423817193s [0m
[20:28:48] [Loader.py->update line:180] [INFO]  FMLoader.update action 67 consumes 9.762970566749573s[0m
[20:28:48] [Loader.py->PostProcess line:260] [INFO] FMLoader.PostProcess action 67 consumes 9.762035548686981s [0m
[20:28:59] [Loader.py->update line:180] [INFO]  FMLoader.update action 68 consumes 9.78495766805566s[0m
[20:28:59] [Loader.py->PostProcess line:260] [INFO] FMLoader.PostProcess action 68 consumes 9.784085726392442s [0m
[20:29:17] [Loader.py->update line:180] [INFO]  FMLoader.update action 69 consumes 9.889121300833565s[0m
[20:29:17] [Loader.py->PostProcess line:260] [INFO] FMLoader.PostProcess action 69 consumes 9.888268504823957s [0m
[20:29:31] [Loader.py->update line:180] [INFO]  FMLoader.update action 70 consumes 9.952251551856458s[0m
[20:29:31] [Loader.py->PostProcess line:260] [INFO] FMLoader.PostProcess action 70 consumes 9.951461345377103s [0m
[20:29:39] [Loader.py->update line:180] [INFO]  FMLoader.update action 71 consumes 9.932342602146996s[0m
[20:29:39] [Loader.py->PostProcess line:260] [INFO] FMLoader.PostProcess action 71 consumes 9.931590384907192s [0m
[20:29:49] [Loader.py->update line:180] [INFO]  FMLoader.update action 72 consumes 9.93051241521966s[0m
[20:29:49] [Loader.py->PostProcess line:260] [INFO] FMLoader.PostProcess action 72 consumes 9.929827396183798s [0m
[20:30:07] [Loader.py->update line:180] [INFO]  FMLoader.update action 73 consumes 10.037398206221091s[0m
[20:30:07] [Loader.py->PostProcess line:260] [INFO] FMLoader.PostProcess action 73 consumes 10.036735760199058s [0m
[20:30:18] [Loader.py->update line:180] [INFO]  FMLoader.update action 74 consumes 10.047105696996054s[0m
[20:30:18] [Loader.py->PostProcess line:260] [INFO] FMLoader.PostProcess action 74 consumes 10.0464724000295s [0m
[20:30:26] [Loader.py->update line:180] [INFO]  FMLoader.update action 75 consumes 10.023662087164427s[0m
[20:30:26] [Loader.py->PostProcess line:260] [INFO] FMLoader.PostProcess action 75 consumes 10.023066439126668s [0m
[20:30:35] [Loader.py->update line:180] [INFO]  FMLoader.update action 76 consumes 10.002958759084924s[0m
[20:30:35] [Loader.py->PostProcess line:260] [INFO] FMLoader.PostProcess action 76 consumes 10.002385922840663s [0m
[20:30:45] [Loader.py->update line:180] [INFO]  FMLoader.update action 77 consumes 10.002413596862402s[0m
[20:30:45] [Loader.py->PostProcess line:260] [INFO] FMLoader.PostProcess action 77 consumes 10.001876259461428s [0m
[20:30:59] [Loader.py->update line:180] [INFO]  FMLoader.update action 78 consumes 10.062037676195555s[0m
[20:30:59] [Loader.py->PostProcess line:260] [INFO] FMLoader.PostProcess action 78 consumes 10.061546328701551s [0m
[33m[20:31:19] [Loader.py] [!] The pid of update_() : 44712[0m
[33m[20:31:19] [Loader.py] [!] The pid of self.PostProcess : 44712[0m
[33m[20:31:19] [Loader.py] [!] The thread of update() : <Thread(Thread-1, started daemon 140608646809344)>[0m
[33m[20:31:19] [Loader.py] [!] The thread of self.PostProcess : <Thread(Thread-2, started daemon 140608638416640)>[0m
[33m[20:31:19] [Loader.py] [!] self.datalen  : <Thread(Thread-1, started daemon 140608646809344)>[0m
[20:31:33] [Loader.py] [INFO]  FMLoader.update action 0 consumes 14.5162832736969s[0m
[20:31:33] [Loader.py] [INFO] FMLoader.PostProcess action 0 consumes 0.002590656280517578s [0m
[20:31:43] [Loader.py] [INFO]  FMLoader.update action 1 consumes 11.83613109588623s[0m
[20:31:43] [Loader.py] [INFO] FMLoader.PostProcess action 1 consumes 0.010359764099121094s [0m
[20:31:51] [Loader.py] [INFO]  FMLoader.update action 2 consumes 10.70643949508667s[0m
[20:31:51] [Loader.py] [INFO] FMLoader.PostProcess action 2 consumes 0.007758617401123047s [0m
[20:31:59] [Loader.py] [INFO]  FMLoader.update action 3 consumes 9.96188634634018s[0m
[20:31:59] [Loader.py] [INFO] FMLoader.PostProcess action 3 consumes 0.006119370460510254s [0m
[20:32:07] [Loader.py] [INFO]  FMLoader.update action 4 consumes 9.618664979934692s[0m
[20:32:07] [Loader.py] [INFO] FMLoader.PostProcess action 4 consumes 0.0052127838134765625s [0m
[20:32:15] [Loader.py] [INFO]  FMLoader.update action 5 consumes 9.428450107574463s[0m
[20:32:15] [Loader.py] [INFO] FMLoader.PostProcess action 5 consumes 0.004573305447896321s [0m
[20:32:24] [Loader.py] [INFO]  FMLoader.update action 6 consumes 9.243898527962822s[0m
[20:32:24] [Loader.py] [INFO] FMLoader.PostProcess action 6 consumes 0.004167522702898298s [0m
[20:32:33] [Loader.py] [INFO]  FMLoader.update action 7 consumes 9.247166693210602s[0m
[20:32:33] [Loader.py] [INFO] FMLoader.PostProcess action 7 consumes 0.00392526388168335s [0m
[20:32:45] [Loader.py] [INFO]  FMLoader.update action 8 consumes 9.600634627872044s[0m
[20:32:45] [Loader.py] [INFO] FMLoader.PostProcess action 8 consumes 0.0037340588039822048s [0m
[20:32:56] [Loader.py] [INFO]  FMLoader.update action 9 consumes 9.68397364616394s[0m
[20:32:56] [Loader.py] [INFO] FMLoader.PostProcess action 9 consumes 0.003610968589782715s [0m
[20:33:06] [Loader.py] [INFO]  FMLoader.update action 10 consumes 9.756690047004007s[0m
[20:33:06] [Loader.py] [INFO] FMLoader.PostProcess action 10 consumes 0.00349415432323109s [0m
[20:33:19] [Loader.py] [INFO]  FMLoader.update action 11 consumes 9.979145268599192s[0m
[20:33:19] [Loader.py] [INFO] FMLoader.PostProcess action 11 consumes 0.003308375676472982s [0m
[20:33:29] [Loader.py] [INFO]  FMLoader.update action 12 consumes 10.030124187469482s[0m
[20:33:29] [Loader.py] [INFO] FMLoader.PostProcess action 12 consumes 0.0032335428091195915s [0m
[20:33:37] [Loader.py] [INFO]  FMLoader.update action 13 consumes 9.884510176522392s[0m
[20:33:37] [Loader.py] [INFO] FMLoader.PostProcess action 13 consumes 0.00315770081111363s [0m
[20:33:45] [Loader.py] [INFO]  FMLoader.update action 14 consumes 9.761622905731201s[0m
[20:33:45] [Loader.py] [INFO] FMLoader.PostProcess action 14 consumes 0.0030909061431884767s [0m
[20:33:55] [Loader.py] [INFO]  FMLoader.update action 15 consumes 9.745910689234734s[0m
[20:33:55] [Loader.py] [INFO] FMLoader.PostProcess action 15 consumes 0.0029816478490829468s [0m
[20:34:07] [Loader.py] [INFO]  FMLoader.update action 16 consumes 9.880080910289989s[0m
[20:34:07] [Loader.py] [INFO] FMLoader.PostProcess action 16 consumes 0.0029117920819450825s [0m
[20:34:15] [Loader.py] [INFO]  FMLoader.update action 17 consumes 9.761724882655674s[0m
[20:34:15] [Loader.py] [INFO] FMLoader.PostProcess action 17 consumes 0.0028032859166463218s [0m
[20:34:23] [Loader.py] [INFO]  FMLoader.update action 18 consumes 9.676332235336304s[0m
[20:34:23] [Loader.py] [INFO] FMLoader.PostProcess action 18 consumes 0.00275211585195441s [0m
[20:34:31] [Loader.py] [INFO]  FMLoader.update action 19 consumes 9.5889524102211s[0m
[20:34:31] [Loader.py] [INFO] FMLoader.PostProcess action 19 consumes 0.002721107006072998s [0m
[20:34:39] [Loader.py] [INFO]  FMLoader.update action 20 consumes 9.549743663697015s[0m
[20:34:39] [Loader.py] [INFO] FMLoader.PostProcess action 20 consumes 0.0026827199118477957s [0m
[20:34:52] [Loader.py] [INFO]  FMLoader.update action 21 consumes 9.67023958943107s[0m
[20:34:52] [Loader.py] [INFO] FMLoader.PostProcess action 21 consumes 0.0026302554390647197s [0m
[20:35:01] [Loader.py] [INFO]  FMLoader.update action 22 consumes 9.668864706288213s[0m
[20:35:01] [Loader.py] [INFO] FMLoader.PostProcess action 22 consumes 0.0025524989418361497s [0m
[20:35:10] [Loader.py] [INFO]  FMLoader.update action 23 consumes 9.621872107187906s[0m
[20:35:10] [Loader.py] [INFO] FMLoader.PostProcess action 23 consumes 0.0024920900662740073s [0m
[20:35:19] [Loader.py] [INFO]  FMLoader.update action 24 consumes 9.593866090774537s[0m
[20:35:19] [Loader.py] [INFO] FMLoader.PostProcess action 24 consumes 0.0024960994720458984s [0m
[20:35:27] [Loader.py] [INFO]  FMLoader.update action 25 consumes 9.526571879020103s[0m
[20:35:27] [Loader.py] [INFO] FMLoader.PostProcess action 25 consumes 0.002446266321035532s [0m
[20:35:35] [Loader.py] [INFO]  FMLoader.update action 26 consumes 9.48485658786915s[0m
[20:35:35] [Loader.py] [INFO] FMLoader.PostProcess action 26 consumes 0.0023987293243408203s [0m
[20:35:43] [Loader.py] [INFO]  FMLoader.update action 27 consumes 9.44363020999091s[0m
[20:35:43] [Loader.py] [INFO] FMLoader.PostProcess action 27 consumes 0.002354494162968227s [0m
[20:35:55] [Loader.py] [INFO]  FMLoader.update action 28 consumes 9.530177535681888s[0m
[20:35:55] [Loader.py] [INFO] FMLoader.PostProcess action 28 consumes 0.0023553618069352775s [0m
[20:36:06] [Loader.py] [INFO]  FMLoader.update action 29 consumes 9.574750876426696s[0m
[20:36:06] [Loader.py] [INFO] FMLoader.PostProcess action 29 consumes 0.002365748087565104s [0m
[20:36:19] [Loader.py] [INFO]  FMLoader.update action 30 consumes 9.673555743309759s[0m
[20:36:19] [Loader.py] [INFO] FMLoader.PostProcess action 30 consumes 0.0023424625396728516s [0m
[20:36:32] [Loader.py] [INFO]  FMLoader.update action 31 consumes 9.776823170483112s[0m
[20:36:32] [Loader.py] [INFO] FMLoader.PostProcess action 31 consumes 0.0023149624466896057s [0m
[20:36:41] [Loader.py] [INFO]  FMLoader.update action 32 consumes 9.76083608829614s[0m
[20:36:41] [Loader.py] [INFO] FMLoader.PostProcess action 32 consumes 0.0022899598786325164s [0m
[20:36:53] [Loader.py] [INFO]  FMLoader.update action 33 consumes 9.837875436334048s[0m
[20:36:53] [Loader.py] [INFO] FMLoader.PostProcess action 33 consumes 0.0022807752384858973s [0m
[20:37:03] [Loader.py] [INFO]  FMLoader.update action 34 consumes 9.831654834747315s[0m
[20:37:03] [Loader.py] [INFO] FMLoader.PostProcess action 34 consumes 0.002274996893746512s [0m
[20:37:11] [Loader.py] [INFO]  FMLoader.update action 35 consumes 9.780046674940321s[0m
[20:37:11] [Loader.py] [INFO] FMLoader.PostProcess action 35 consumes 0.002269446849822998s [0m
[20:37:19] [Loader.py] [INFO]  FMLoader.update action 36 consumes 9.741821469487371s[0m
[20:37:19] [Loader.py] [INFO] FMLoader.PostProcess action 36 consumes 0.0022683916865168393s [0m
[20:37:28] [Loader.py] [INFO]  FMLoader.update action 37 consumes 9.708028134546781s[0m
[20:37:28] [Loader.py] [INFO] FMLoader.PostProcess action 37 consumes 0.002255508774205258s [0m
[20:37:36] [Loader.py] [INFO]  FMLoader.update action 38 consumes 9.668084065119425s[0m
[20:37:36] [Loader.py] [INFO] FMLoader.PostProcess action 38 consumes 0.0022466304974678233s [0m
[20:37:44] [Loader.py] [INFO]  FMLoader.update action 39 consumes 9.631552517414093s[0m
[20:37:44] [Loader.py] [INFO] FMLoader.PostProcess action 39 consumes 0.002221345901489258s [0m
[20:37:54] [Loader.py] [INFO]  FMLoader.update action 40 consumes 9.644732201971658s[0m
[20:37:54] [Loader.py] [INFO] FMLoader.PostProcess action 40 consumes 0.002197963435475419s [0m
[20:38:07] [Loader.py] [INFO]  FMLoader.update action 41 consumes 9.71113155569349s[0m
[20:38:07] [Loader.py] [INFO] FMLoader.PostProcess action 41 consumes 0.002193814232235863s [0m
[20:38:17] [Loader.py] [INFO]  FMLoader.update action 42 consumes 9.721395076707353s[0m
[20:38:17] [Loader.py] [INFO] FMLoader.PostProcess action 42 consumes 0.0021931016167929004s [0m
[20:38:25] [Loader.py] [INFO]  FMLoader.update action 43 consumes 9.687666947191412s[0m
[20:38:25] [Loader.py] [INFO] FMLoader.PostProcess action 43 consumes 0.002186520533128218s [0m
[20:38:33] [Loader.py] [INFO]  FMLoader.update action 44 consumes 9.653300099902683s[0m
[20:38:33] [Loader.py] [INFO] FMLoader.PostProcess action 44 consumes 0.0021699905395507813s [0m
[20:38:42] [Loader.py] [INFO]  FMLoader.update action 45 consumes 9.627173325289851s[0m
[20:38:42] [Loader.py] [INFO] FMLoader.PostProcess action 45 consumes 0.002162907434546429s [0m
[20:38:54] [Loader.py] [INFO]  FMLoader.update action 46 consumes 9.687360986750177s[0m
[20:38:54] [Loader.py] [INFO] FMLoader.PostProcess action 46 consumes 0.0021737534949120055s [0m
[20:39:04] [Loader.py] [INFO]  FMLoader.update action 47 consumes 9.683239276210466s[0m
[20:39:04] [Loader.py] [INFO] FMLoader.PostProcess action 47 consumes 0.002155924836794535s [0m
[20:39:12] [Loader.py] [INFO]  FMLoader.update action 48 consumes 9.65950784877855s[0m
[20:39:12] [Loader.py] [INFO] FMLoader.PostProcess action 48 consumes 0.002162184034075056s [0m
[20:39:21] [Loader.py] [INFO]  FMLoader.update action 49 consumes 9.63186680316925s[0m
[20:39:21] [Loader.py] [INFO] FMLoader.PostProcess action 49 consumes 0.002143650054931641s [0m
[20:39:29] [Loader.py] [INFO]  FMLoader.update action 50 consumes 9.604052006029615s[0m
[20:39:29] [Loader.py] [INFO] FMLoader.PostProcess action 50 consumes 0.0021222572700650083s [0m
[20:39:37] [Loader.py] [INFO]  FMLoader.update action 51 consumes 9.575284843261425s[0m
[20:39:37] [Loader.py] [INFO] FMLoader.PostProcess action 51 consumes 0.0021127829184898962s [0m
[20:39:50] [Loader.py] [INFO]  FMLoader.update action 52 consumes 9.643905131322033s[0m
[20:39:50] [Loader.py] [INFO] FMLoader.PostProcess action 52 consumes 0.002094381260422041s [0m
[20:40:00] [Loader.py] [INFO]  FMLoader.update action 53 consumes 9.647724306141889s[0m
[20:40:00] [Loader.py] [INFO] FMLoader.PostProcess action 53 consumes 0.002099151964540835s [0m
[20:40:08] [Loader.py] [INFO]  FMLoader.update action 54 consumes 9.61669718135487s[0m
[20:40:08] [Loader.py] [INFO] FMLoader.PostProcess action 54 consumes 0.0020947066220370204s [0m
[20:40:16] [Loader.py] [INFO]  FMLoader.update action 55 consumes 9.59116849728993s[0m
[20:40:16] [Loader.py] [INFO] FMLoader.PostProcess action 55 consumes 0.0021023707730429514s [0m
[20:40:24] [Loader.py] [INFO]  FMLoader.update action 56 consumes 9.563315161487512s[0m
[20:40:24] [Loader.py] [INFO] FMLoader.PostProcess action 56 consumes 0.0021071183054070723s [0m
[20:40:32] [Loader.py] [INFO]  FMLoader.update action 57 consumes 9.540127610338144s[0m
[20:40:32] [Loader.py] [INFO] FMLoader.PostProcess action 57 consumes 0.0021190191137379615s [0m
[20:40:44] [Loader.py] [INFO]  FMLoader.update action 58 consumes 9.572451943058079s[0m
[20:40:44] [Loader.py] [INFO] FMLoader.PostProcess action 58 consumes 0.0021201756040928727s [0m
[20:40:56] [Loader.py] [INFO]  FMLoader.update action 59 consumes 9.60851864417394s[0m
[20:40:56] [Loader.py] [INFO] FMLoader.PostProcess action 59 consumes 0.0021150986353556315s [0m
[20:41:03] [Loader.py] [INFO]  FMLoader.update action 60 consumes 9.578431043468537s[0m
[20:41:03] [Loader.py] [INFO] FMLoader.PostProcess action 60 consumes 0.002112365159832063s [0m
[20:41:11] [Loader.py] [INFO]  FMLoader.update action 61 consumes 9.553385899912927s[0m
[20:41:11] [Loader.py] [INFO] FMLoader.PostProcess action 61 consumes 0.0021119425373692666s [0m
[20:41:19] [Loader.py] [INFO]  FMLoader.update action 62 consumes 9.52948488507952s[0m
[20:41:19] [Loader.py] [INFO] FMLoader.PostProcess action 62 consumes 0.0021105418129572793s [0m
[20:41:30] [Loader.py] [INFO]  FMLoader.update action 63 consumes 9.540030173957348s[0m
[20:41:30] [Loader.py] [INFO] FMLoader.PostProcess action 63 consumes 0.002091042697429657s [0m
[20:41:42] [Loader.py] [INFO]  FMLoader.update action 64 consumes 9.576967140344474s[0m
[20:41:42] [Loader.py] [INFO] FMLoader.PostProcess action 64 consumes 0.002077601506159856s [0m
[20:41:49] [Loader.py] [INFO]  FMLoader.update action 65 consumes 9.550770575349981s[0m
[20:41:49] [Loader.py] [INFO] FMLoader.PostProcess action 65 consumes 0.0020669120730775776s [0m
[20:41:58] [Loader.py] [INFO]  FMLoader.update action 66 consumes 9.53325782249223s[0m
[20:41:58] [Loader.py] [INFO] FMLoader.PostProcess action 66 consumes 0.0020775652643459947s [0m
[20:42:06] [Loader.py] [INFO]  FMLoader.update action 67 consumes 9.51324032685336s[0m
[20:42:06] [Loader.py] [INFO] FMLoader.PostProcess action 67 consumes 0.002065118621377384s [0m
[20:42:15] [Loader.py] [INFO]  FMLoader.update action 68 consumes 9.510533274083897s[0m
[20:42:15] [Loader.py] [INFO] FMLoader.PostProcess action 68 consumes 0.0020621617635091147s [0m
[20:42:28] [Loader.py] [INFO]  FMLoader.update action 69 consumes 9.548583936691283s[0m
[20:42:28] [Loader.py] [INFO] FMLoader.PostProcess action 69 consumes 0.002054647036961147s [0m
[20:42:36] [Loader.py] [INFO]  FMLoader.update action 70 consumes 9.533428182064647s[0m
[20:42:36] [Loader.py] [INFO] FMLoader.PostProcess action 70 consumes 0.002042038339964101s [0m
[20:42:44] [Loader.py] [INFO]  FMLoader.update action 71 consumes 9.516959710253609s[0m
[20:42:44] [Loader.py] [INFO] FMLoader.PostProcess action 71 consumes 0.0020479891035291883s [0m
[20:42:52] [Loader.py] [INFO]  FMLoader.update action 72 consumes 9.495140216121936s[0m
[20:42:52] [Loader.py] [INFO] FMLoader.PostProcess action 72 consumes 0.002042440518940965s [0m
[20:43:02] [Loader.py] [INFO]  FMLoader.update action 73 consumes 9.501101625932229s[0m
[20:43:02] [Loader.py] [INFO] FMLoader.PostProcess action 73 consumes 0.002039384197544407s [0m
[20:43:14] [Loader.py] [INFO]  FMLoader.update action 74 consumes 9.533890981674194s[0m
[20:43:14] [Loader.py] [INFO] FMLoader.PostProcess action 74 consumes 0.0020269425710042316s [0m
[20:43:22] [Loader.py] [INFO]  FMLoader.update action 75 consumes 9.51266595878099s[0m
[20:43:22] [Loader.py] [INFO] FMLoader.PostProcess action 75 consumes 0.0020160863274022154s [0m
[20:43:30] [Loader.py] [INFO]  FMLoader.update action 76 consumes 9.493362519648167s[0m
[20:43:30] [Loader.py] [INFO] FMLoader.PostProcess action 76 consumes 0.0020004805032309s [0m
[20:43:38] [Loader.py] [INFO]  FMLoader.update action 77 consumes 9.472020485462286s[0m
[20:43:38] [Loader.py] [INFO] FMLoader.PostProcess action 77 consumes 0.0020105808209150266s [0m
[20:43:46] [Loader.py] [INFO]  FMLoader.update action 78 consumes 9.450211123575139s[0m
[20:43:46] [Loader.py] [INFO] FMLoader.PostProcess action 78 consumes 0.0020095185388492635s [0m
[20:43:54] [Loader.py] [INFO]  FMLoader.update action 79 consumes 9.435028618574142s[0m
[20:43:54] [Loader.py] [INFO] FMLoader.PostProcess action 79 consumes 0.002005302906036377s [0m
[20:44:02] [Loader.py] [INFO]  FMLoader.update action 80 consumes 9.420622699054672s[0m
[20:44:02] [Loader.py] [INFO] FMLoader.PostProcess action 80 consumes 0.0019995724713360824s [0m
[20:44:15] [Loader.py] [INFO]  FMLoader.update action 81 consumes 9.455858312002043s[0m
[20:44:15] [Loader.py] [INFO] FMLoader.PostProcess action 81 consumes 0.0019897920329396317s [0m
[20:44:27] [Loader.py] [INFO]  FMLoader.update action 82 consumes 9.48661720321839s[0m
[20:44:27] [Loader.py] [INFO] FMLoader.PostProcess action 82 consumes 0.0019975742661809347s [0m
[20:44:38] [Loader.py] [INFO]  FMLoader.update action 83 consumes 9.505931119124094s[0m
[20:44:38] [Loader.py] [INFO] FMLoader.PostProcess action 83 consumes 0.002005327315557571s [0m
[20:44:46] [Loader.py] [INFO]  FMLoader.update action 84 consumes 9.488894549538108s[0m
[20:44:46] [Loader.py] [INFO] FMLoader.PostProcess action 84 consumes 0.0019951539881089154s [0m
[20:44:54] [Loader.py] [INFO]  FMLoader.update action 85 consumes 9.47741165826487s[0m
[20:44:54] [Loader.py] [INFO] FMLoader.PostProcess action 85 consumes 0.0019924696101698766s [0m
[20:45:02] [Loader.py] [INFO]  FMLoader.update action 86 consumes 9.460040846090207s[0m
[20:45:02] [Loader.py] [INFO] FMLoader.PostProcess action 86 consumes 0.001992894315171516s [0m
[20:45:11] [Loader.py] [INFO]  FMLoader.update action 87 consumes 9.451539028774608s[0m
[20:45:11] [Loader.py] [INFO] FMLoader.PostProcess action 87 consumes 0.001996687867424705s [0m
[20:45:24] [Loader.py] [INFO]  FMLoader.update action 88 consumes 9.486834276927992s[0m
[20:45:24] [Loader.py] [INFO] FMLoader.PostProcess action 88 consumes 0.001988118953919143s [0m
[20:45:34] [Loader.py] [INFO]  FMLoader.update action 89 consumes 9.495722124311659s[0m
[20:45:34] [Loader.py] [INFO] FMLoader.PostProcess action 89 consumes 0.001980982886420356s [0m
[20:45:41] [Loader.py] [INFO]  FMLoader.update action 90 consumes 9.476035081423246s[0m
[20:45:42] [Loader.py] [INFO] FMLoader.PostProcess action 90 consumes 0.0019910230741396057s [0m
[20:45:50] [Loader.py] [INFO]  FMLoader.update action 91 consumes 9.461716926616171s[0m
[20:45:50] [Loader.py] [INFO] FMLoader.PostProcess action 91 consumes 0.001985894597094992s [0m
[20:46:00] [Loader.py] [INFO]  FMLoader.update action 92 consumes 9.47313892200429s[0m
[20:46:00] [Loader.py] [INFO] FMLoader.PostProcess action 92 consumes 0.001990154225339172s [0m
[20:46:14] [Loader.py] [INFO]  FMLoader.update action 93 consumes 9.514384721187835s[0m
[20:46:14] [Loader.py] [INFO] FMLoader.PostProcess action 93 consumes 0.0019905567169189453s [0m
[20:46:27] [Loader.py] [INFO]  FMLoader.update action 94 consumes 9.55238625626815s[0m
[20:46:27] [Loader.py] [INFO] FMLoader.PostProcess action 94 consumes 0.0019881399054276316s [0m
[20:46:35] [Loader.py] [INFO]  FMLoader.update action 95 consumes 9.54256392021974s[0m
[20:46:35] [Loader.py] [INFO] FMLoader.PostProcess action 95 consumes 0.001982112725575765s [0m
[20:46:46] [Loader.py] [INFO]  FMLoader.update action 96 consumes 9.553693424795092s[0m
[20:46:46] [Loader.py] [INFO] FMLoader.PostProcess action 96 consumes 0.0019797074426080763s [0m
[20:46:55] [Loader.py] [INFO]  FMLoader.update action 97 consumes 9.54573436172641s[0m
[20:46:55] [Loader.py] [INFO] FMLoader.PostProcess action 97 consumes 0.0019807499282214107s [0m
[20:47:07] [Loader.py] [INFO]  FMLoader.update action 98 consumes 9.572003068345966s[0m
[20:47:07] [Loader.py] [INFO] FMLoader.PostProcess action 98 consumes 0.0019751558400163747s [0m
[20:47:22] [Loader.py] [INFO]  FMLoader.update action 99 consumes 9.631457002162934s[0m
[20:47:22] [Loader.py] [INFO] FMLoader.PostProcess action 99 consumes 0.0019678115844726563s [0m
[20:47:31] [Loader.py] [INFO]  FMLoader.update action 100 consumes 9.623214830266367s[0m
[20:47:31] [Loader.py] [INFO] FMLoader.PostProcess action 100 consumes 0.0019668659361282196s [0m
[20:47:41] [Loader.py] [INFO]  FMLoader.update action 101 consumes 9.625990374415528s[0m
[20:47:41] [Loader.py] [INFO] FMLoader.PostProcess action 101 consumes 0.001963351287093817s [0m
[20:47:53] [Loader.py] [INFO]  FMLoader.update action 102 consumes 9.648688017743305s[0m
[20:47:53] [Loader.py] [INFO] FMLoader.PostProcess action 102 consumes 0.0019593192535696676s [0m
[20:48:05] [Loader.py] [INFO]  FMLoader.update action 103 consumes 9.671009957790375s[0m
[20:48:05] [Loader.py] [INFO] FMLoader.PostProcess action 103 consumes 0.0019653187348292423s [0m
[20:48:13] [Loader.py] [INFO]  FMLoader.update action 104 consumes 9.658738817487444s[0m
[20:48:13] [Loader.py] [INFO] FMLoader.PostProcess action 104 consumes 0.0019655704498291017s [0m
[20:48:22] [Loader.py] [INFO]  FMLoader.update action 105 consumes 9.646024506047087s[0m
[20:48:22] [Loader.py] [INFO] FMLoader.PostProcess action 105 consumes 0.0019627562109029517s [0m
[20:48:30] [Loader.py] [INFO]  FMLoader.update action 106 consumes 9.635994106809669s[0m
[20:48:30] [Loader.py] [INFO] FMLoader.PostProcess action 106 consumes 0.0019700170677398967s [0m
[20:48:40] [Loader.py] [INFO]  FMLoader.update action 107 consumes 9.641080611281925s[0m
[20:48:40] [Loader.py] [INFO] FMLoader.PostProcess action 107 consumes 0.0019696376941822193s [0m
[20:48:53] [Loader.py] [INFO]  FMLoader.update action 108 consumes 9.664075188680526s[0m
[20:48:53] [Loader.py] [INFO] FMLoader.PostProcess action 108 consumes 0.001975020137401896s [0m
[20:49:01] [Loader.py] [INFO]  FMLoader.update action 109 consumes 9.652411842346192s[0m
[20:49:01] [Loader.py] [INFO] FMLoader.PostProcess action 109 consumes 0.0019789955832741476s [0m
[20:49:09] [Loader.py] [INFO]  FMLoader.update action 110 consumes 9.64125691018663s[0m
[20:49:09] [Loader.py] [INFO] FMLoader.PostProcess action 110 consumes 0.0019841365986042196s [0m
[20:49:18] [Loader.py] [INFO]  FMLoader.update action 111 consumes 9.635046426739011s[0m
[20:49:18] [Loader.py] [INFO] FMLoader.PostProcess action 111 consumes 0.0019814797810145785s [0m
[20:49:28] [Loader.py] [INFO]  FMLoader.update action 112 consumes 9.637234263715492s[0m
[20:49:28] [Loader.py] [INFO] FMLoader.PostProcess action 112 consumes 0.001977555519711655s [0m
[20:49:41] [Loader.py] [INFO]  FMLoader.update action 113 consumes 9.661975318925423s[0m
[20:49:41] [Loader.py] [INFO] FMLoader.PostProcess action 113 consumes 0.0019697034568117375s [0m
[20:49:49] [Loader.py] [INFO]  FMLoader.update action 114 consumes 9.652832033323206s[0m
[20:49:49] [Loader.py] [INFO] FMLoader.PostProcess action 114 consumes 0.0019731977711553157s [0m
[20:50:00] [Loader.py] [INFO]  FMLoader.update action 115 consumes 9.659532814190305s[0m
[20:50:00] [Loader.py] [INFO] FMLoader.PostProcess action 115 consumes 0.00196977319388554s [0m
[20:50:09] [Loader.py] [INFO]  FMLoader.update action 116 consumes 9.65361406456711s[0m
[20:50:09] [Loader.py] [INFO] FMLoader.PostProcess action 116 consumes 0.0019695330888797077s [0m
[20:50:16] [Loader.py] [INFO]  FMLoader.update action 117 consumes 9.635149127345974s[0m
[20:50:16] [Loader.py] [INFO] FMLoader.PostProcess action 117 consumes 0.001963518433651682s [0m
[20:50:24] [Loader.py] [INFO]  FMLoader.update action 118 consumes 9.620818078017034s[0m
[20:50:24] [Loader.py] [INFO] FMLoader.PostProcess action 118 consumes 0.001968459922726415s [0m
[20:50:32] [Loader.py] [INFO]  FMLoader.update action 119 consumes 9.602570641040803s[0m
[20:50:32] [Loader.py] [INFO] FMLoader.PostProcess action 119 consumes 0.0019641478856404623s [0m
[20:50:40] [Loader.py] [INFO]  FMLoader.update action 120 consumes 9.592195122695166s[0m
[20:50:40] [Loader.py] [INFO] FMLoader.PostProcess action 120 consumes 0.0019620745635229695s [0m
[20:50:48] [Loader.py] [INFO]  FMLoader.update action 121 consumes 9.57872935592151s[0m
[20:50:48] [Loader.py] [INFO] FMLoader.PostProcess action 121 consumes 0.0019673558532214554s [0m
[20:50:56] [Loader.py] [INFO]  FMLoader.update action 122 consumes 9.56464177030858s[0m
[20:50:56] [Loader.py] [INFO] FMLoader.PostProcess action 122 consumes 0.0019773099480605706s [0m
[20:51:04] [Loader.py] [INFO]  FMLoader.update action 123 consumes 9.555624325429239s[0m
[20:51:04] [Loader.py] [INFO] FMLoader.PostProcess action 123 consumes 0.0019709890888583276s [0m
[20:51:13] [Loader.py] [INFO]  FMLoader.update action 124 consumes 9.546147264480592s[0m
[20:51:13] [Loader.py] [INFO] FMLoader.PostProcess action 124 consumes 0.0019689273834228517s [0m
[20:51:21] [Loader.py] [INFO]  FMLoader.update action 125 consumes 9.53671257458036s[0m
[20:51:21] [Loader.py] [INFO] FMLoader.PostProcess action 125 consumes 0.001967301444401817s [0m
[20:51:29] [Loader.py] [INFO]  FMLoader.update action 126 consumes 9.52653339528662s[0m
[20:51:29] [Loader.py] [INFO] FMLoader.PostProcess action 126 consumes 0.0019660915915421613s [0m
[20:51:38] [Loader.py] [INFO]  FMLoader.update action 127 consumes 9.51767060905695s[0m
[20:51:38] [Loader.py] [INFO] FMLoader.PostProcess action 127 consumes 0.001971375197172165s [0m
[20:51:46] [Loader.py] [INFO]  FMLoader.update action 128 consumes 9.507236545400103s[0m
[20:51:46] [Loader.py] [INFO] FMLoader.PostProcess action 128 consumes 0.00197164772092834s [0m
[20:51:54] [Loader.py] [INFO]  FMLoader.update action 129 consumes 9.496632836415218s[0m
[20:51:54] [Loader.py] [INFO] FMLoader.PostProcess action 129 consumes 0.0019732915438138523s [0m
[20:52:02] [Loader.py] [INFO]  FMLoader.update action 130 consumes 9.486013164957061s[0m
[20:52:02] [Loader.py] [INFO] FMLoader.PostProcess action 130 consumes 0.0019699944794633007s [0m
[20:52:10] [Loader.py] [INFO]  FMLoader.update action 131 consumes 9.476891846367806s[0m
[20:52:10] [Loader.py] [INFO] FMLoader.PostProcess action 131 consumes 0.001963429378740715s [0m
[20:52:18] [Loader.py] [INFO]  FMLoader.update action 132 consumes 9.465395554564052s[0m
[20:52:18] [Loader.py] [INFO] FMLoader.PostProcess action 132 consumes 0.0019560469720596657s [0m
[20:52:26] [Loader.py] [INFO]  FMLoader.update action 133 consumes 9.456393700927052s[0m
[20:52:26] [Loader.py] [INFO] FMLoader.PostProcess action 133 consumes 0.0019516891507960078s [0m
[20:52:35] [Loader.py] [INFO]  FMLoader.update action 134 consumes 9.44581873151991s[0m
[20:52:35] [Loader.py] [INFO] FMLoader.PostProcess action 134 consumes 0.001949010071931062s [0m
[20:52:43] [Loader.py] [INFO]  FMLoader.update action 135 consumes 9.43552762795897s[0m
[20:52:43] [Loader.py] [INFO] FMLoader.PostProcess action 135 consumes 0.0019426258171305938s [0m
[20:52:51] [Loader.py] [INFO]  FMLoader.update action 136 consumes 9.424726059837063s[0m
[20:52:51] [Loader.py] [INFO] FMLoader.PostProcess action 136 consumes 0.0019366323512836094s [0m
[20:52:58] [Loader.py] [INFO]  FMLoader.update action 137 consumes 9.41189067951147s[0m
[20:52:58] [Loader.py] [INFO] FMLoader.PostProcess action 137 consumes 0.001930839773537456s [0m
[20:53:06] [Loader.py] [INFO]  FMLoader.update action 138 consumes 9.399788506597066s[0m
[20:53:06] [Loader.py] [INFO] FMLoader.PostProcess action 138 consumes 0.0019356844236524842s [0m
[20:53:14] [Loader.py] [INFO]  FMLoader.update action 139 consumes 9.38960701567786s[0m
[20:53:14] [Loader.py] [INFO] FMLoader.PostProcess action 139 consumes 0.001934467043195452s [0m
[20:53:23] [Loader.py] [INFO]  FMLoader.update action 140 consumes 9.385454658075428s[0m
[20:53:23] [Loader.py] [INFO] FMLoader.PostProcess action 140 consumes 0.0019341597320340204s [0m
[20:53:31] [Loader.py] [INFO]  FMLoader.update action 141 consumes 9.379111897777504s[0m
[20:53:31] [Loader.py] [INFO] FMLoader.PostProcess action 141 consumes 0.001936309774157027s [0m
[20:53:40] [Loader.py] [INFO]  FMLoader.update action 142 consumes 9.372284887553928s[0m
[20:53:40] [Loader.py] [INFO] FMLoader.PostProcess action 142 consumes 0.0019439400492848216s [0m
[20:53:48] [Loader.py] [INFO]  FMLoader.update action 143 consumes 9.367098942399025s[0m
[20:53:48] [Loader.py] [INFO] FMLoader.PostProcess action 143 consumes 0.0019474046097861396s [0m
[20:53:57] [Loader.py] [INFO]  FMLoader.update action 144 consumes 9.362304777934634s[0m
[20:53:57] [Loader.py] [INFO] FMLoader.PostProcess action 144 consumes 0.0019486410864468279s [0m
[20:54:05] [Loader.py] [INFO]  FMLoader.update action 145 consumes 9.356218684209535s[0m
[20:54:05] [Loader.py] [INFO] FMLoader.PostProcess action 145 consumes 0.001953917006923728s [0m
[20:54:14] [Loader.py] [INFO]  FMLoader.update action 146 consumes 9.349628502008866s[0m
[20:54:14] [Loader.py] [INFO] FMLoader.PostProcess action 146 consumes 0.0019537267230805896s [0m
[20:54:22] [Loader.py] [INFO]  FMLoader.update action 147 consumes 9.343835837132222s[0m
[20:54:22] [Loader.py] [INFO] FMLoader.PostProcess action 147 consumes 0.0019574197562965186s [0m
[20:54:31] [Loader.py] [INFO]  FMLoader.update action 148 consumes 9.338211478802982s[0m
[20:54:31] [Loader.py] [INFO] FMLoader.PostProcess action 148 consumes 0.001958867847519433s [0m
[20:54:39] [Loader.py] [INFO]  FMLoader.update action 149 consumes 9.332635906537375s[0m
[20:54:39] [Loader.py] [INFO] FMLoader.PostProcess action 149 consumes 0.0019606717427571615s [0m
[20:54:47] [Loader.py] [INFO]  FMLoader.update action 150 consumes 9.324834531506166s[0m
[20:54:47] [Loader.py] [INFO] FMLoader.PostProcess action 150 consumes 0.0019639075197131427s [0m
[20:54:56] [Loader.py] [INFO]  FMLoader.update action 151 consumes 9.321162882604098s[0m
[20:54:56] [Loader.py] [INFO] FMLoader.PostProcess action 151 consumes 0.001957022830059654s [0m
[20:55:05] [Loader.py] [INFO]  FMLoader.update action 152 consumes 9.31666140307009s[0m
[20:55:05] [Loader.py] [INFO] FMLoader.PostProcess action 152 consumes 0.0019598459106644774s [0m
[20:55:13] [Loader.py] [INFO]  FMLoader.update action 153 consumes 9.306507499187024s[0m
[20:55:13] [Loader.py] [INFO] FMLoader.PostProcess action 153 consumes 0.0019616817499135994s [0m
[20:55:23] [Loader.py] [INFO]  FMLoader.update action 154 consumes 9.311976449720321s[0m
[20:55:23] [Loader.py] [INFO] FMLoader.PostProcess action 154 consumes 0.0019616588469474547s [0m
[20:55:32] [Loader.py] [INFO]  FMLoader.update action 155 consumes 9.314093760955029s[0m
[20:55:32] [Loader.py] [INFO] FMLoader.PostProcess action 155 consumes 0.0019666598393366886s [0m
[20:55:41] [Loader.py] [INFO]  FMLoader.update action 156 consumes 9.309186426697263s[0m
[20:55:41] [Loader.py] [INFO] FMLoader.PostProcess action 156 consumes 0.001966333693000162s [0m
[20:55:51] [Loader.py] [INFO]  FMLoader.update action 157 consumes 9.311332023596462s[0m
[20:55:51] [Loader.py] [INFO] FMLoader.PostProcess action 157 consumes 0.001964090745660323s [0m
[20:55:59] [Loader.py] [INFO]  FMLoader.update action 158 consumes 9.307299290063247s[0m
[20:55:59] [Loader.py] [INFO] FMLoader.PostProcess action 158 consumes 0.001960040638281864s [0m
[20:56:09] [Loader.py] [INFO]  FMLoader.update action 159 consumes 9.31211197823286s[0m
[20:56:09] [Loader.py] [INFO] FMLoader.PostProcess action 159 consumes 0.00195637047290802s [0m
[20:56:18] [Loader.py] [INFO]  FMLoader.update action 160 consumes 9.30942261885412s[0m
[20:56:18] [Loader.py] [INFO] FMLoader.PostProcess action 160 consumes 0.0019602612679049097s [0m
[20:56:27] [Loader.py] [INFO]  FMLoader.update action 161 consumes 9.304098472183133s[0m
[20:56:27] [Loader.py] [INFO] FMLoader.PostProcess action 161 consumes 0.0019596682654486764s [0m
[20:56:37] [Loader.py] [INFO]  FMLoader.update action 162 consumes 9.31030332237665s[0m
[20:56:37] [Loader.py] [INFO] FMLoader.PostProcess action 162 consumes 0.0019579679688061674s [0m
[20:56:46] [Loader.py] [INFO]  FMLoader.update action 163 consumes 9.30922802337786s[0m
[20:56:46] [Loader.py] [INFO] FMLoader.PostProcess action 163 consumes 0.0019587772648508956s [0m
[20:56:57] [Loader.py] [INFO]  FMLoader.update action 164 consumes 9.316146630951852s[0m
[20:56:57] [Loader.py] [INFO] FMLoader.PostProcess action 164 consumes 0.001963353879524s [0m
[20:57:06] [Loader.py] [INFO]  FMLoader.update action 165 consumes 9.31904968296189s[0m
[20:57:06] [Loader.py] [INFO] FMLoader.PostProcess action 165 consumes 0.0019633540187973574s [0m
[20:57:14] [Loader.py] [INFO]  FMLoader.update action 166 consumes 9.310078174054265s[0m
[20:57:14] [Loader.py] [INFO] FMLoader.PostProcess action 166 consumes 0.001961249791219563s [0m
[20:57:22] [Loader.py] [INFO]  FMLoader.update action 167 consumes 9.301740913164048s[0m
[20:57:22] [Loader.py] [INFO] FMLoader.PostProcess action 167 consumes 0.001967170408793858s [0m
[20:57:30] [Loader.py] [INFO]  FMLoader.update action 168 consumes 9.294368597177359s[0m
[20:57:30] [Loader.py] [INFO] FMLoader.PostProcess action 168 consumes 0.0019746630854860564s [0m
[20:57:49] [Loader.py] [INFO]  FMLoader.update action 169 consumes 9.347745146470912s[0m
[20:57:49] [Loader.py] [INFO] FMLoader.PostProcess action 169 consumes 0.0023098034017226274s [0m
[20:57:58] [Loader.py] [INFO]  FMLoader.update action 170 consumes 9.34897222156413s[0m
[20:57:58] [Loader.py] [INFO] FMLoader.PostProcess action 170 consumes 0.0023101867988095646s [0m
[20:58:06] [Loader.py] [INFO]  FMLoader.update action 171 consumes 9.341466285461603s[0m
[20:58:06] [Loader.py] [INFO] FMLoader.PostProcess action 171 consumes 0.0023085752198862474s [0m
[20:58:15] [Loader.py] [INFO]  FMLoader.update action 172 consumes 9.337576567093071s[0m
[20:58:15] [Loader.py] [INFO] FMLoader.PostProcess action 172 consumes 0.002307230337506774s [0m
[20:58:23] [Loader.py] [INFO]  FMLoader.update action 173 consumes 9.332840722182702s[0m
[20:58:23] [Loader.py] [INFO] FMLoader.PostProcess action 173 consumes 0.0023073190930245936s [0m
[20:58:32] [Loader.py] [INFO]  FMLoader.update action 174 consumes 9.327911885125296s[0m
[20:58:32] [Loader.py] [INFO] FMLoader.PostProcess action 174 consumes 0.0023022706168038505s [0m
[20:58:40] [Loader.py] [INFO]  FMLoader.update action 175 consumes 9.32099352370609s[0m
[20:58:40] [Loader.py] [INFO] FMLoader.PostProcess action 175 consumes 0.0023023025556044145s [0m
[20:58:48] [Loader.py] [INFO]  FMLoader.update action 176 consumes 9.31564352876049s[0m
[20:58:48] [Loader.py] [INFO] FMLoader.PostProcess action 176 consumes 0.0023016323477534923s [0m
[20:58:57] [Loader.py] [INFO]  FMLoader.update action 177 consumes 9.313698453849621s[0m
[20:58:57] [Loader.py] [INFO] FMLoader.PostProcess action 177 consumes 0.0023027055718925563s [0m
[20:59:19] [Loader.py] [INFO]  FMLoader.update action 178 consumes 9.381945736581386s[0m
[20:59:19] [Loader.py] [INFO] FMLoader.PostProcess action 178 consumes 0.0023024708199101455s [0m
