[36m[10:02:57] [Loader.py] [>] ___________________ä¸€å…±æœ‰ 221 æ¡æ•°æ®_______________[0m
[36m[10:03:30] [Loader.py] [>]  FMLoader loads action 219 from Cache file [0m
[36m[10:03:30] [Loader.py] [>] self.datalen  : 221[0m
[36m[10:03:36] [Loader.py] [>] ___________________ä¸€å…±æœ‰ 534 æ¡æ•°æ®_______________[0m
[36m[10:03:41] [Loader.py] [>] FMLoader.update() action 220 consums 10.579213857650757s[0m
[36m[10:03:42] [Loader.py] [>] FMLoader.PostProcess() action 220 consums 11.430801153182983s[0m
[36m[10:04:07] [Loader.py] [>]  FMLoader loads action 532 from Cache file [0m
[36m[10:04:07] [Loader.py] [>] self.datalen  : 534[0m
[36m[10:04:14] [Loader.py] [>] FMLoader.update() action 533 consums 6.906665802001953s[0m
[36m[10:04:14] [Loader.py] [>] FMLoader.PostProcess() action 533 consums 7.716050863265991s[0m
[36m[10:06:56] [Loader.py] [>] ___________________ä¸€å…±æœ‰ 534 æ¡æ•°æ®_______________[0m
[36m[10:06:58] [Loader.py] [>]  FMLoader loads action 0 from Cache file [0m
[36m[10:06:58] [Loader.py] [>] self.datalen  : 534[0m
[36m[10:07:05] [Loader.py] [>] FMLoader.update() action 0 consums 6.457594513893127s[0m
[36m[10:07:06] [Loader.py] [>] FMLoader.PostProcess() action 0 consums 7.338369607925415s[0m
[36m[10:07:10] [Loader.py] [>] FMLoader.update() action 1 consums 5.836653649806976s[0m
[36m[10:07:11] [Loader.py] [>] FMLoader.PostProcess() action 1 consums 6.218687057495117s[0m
[36m[10:07:14] [Loader.py] [>] FMLoader.update() action 2 consums 5.43597952524821s[0m
[36m[10:07:15] [Loader.py] [>] FMLoader.PostProcess() action 2 consums 5.700722138086955s[0m
[36m[10:07:21] [Loader.py] [>] FMLoader.update() action 3 consums 5.602544039487839s[0m
[36m[10:07:21] [Loader.py] [>] FMLoader.PostProcess() action 3 consums 5.823672950267792s[0m
[36m[10:07:25] [Loader.py] [>] FMLoader.update() action 4 consums 5.319068241119385s[0m
[36m[10:07:26] [Loader.py] [>] FMLoader.PostProcess() action 4 consums 5.490915441513062s[0m
[36m[10:07:30] [Loader.py] [>] FMLoader.update() action 5 consums 5.277635494867961s[0m
[36m[10:07:31] [Loader.py] [>] FMLoader.PostProcess() action 5 consums 5.390512108802795s[0m
[36m[10:07:35] [Loader.py] [>] FMLoader.update() action 6 consums 5.200913820947919s[0m
[36m[10:07:35] [Loader.py] [>] FMLoader.PostProcess() action 6 consums 5.302883863449097s[0m
[36m[10:07:39] [Loader.py] [>] FMLoader.update() action 7 consums 5.128757759928703s[0m
[36m[10:07:40] [Loader.py] [>] FMLoader.PostProcess() action 7 consums 5.208848625421524s[0m
[36m[10:07:44] [Loader.py] [>] FMLoader.update() action 8 consums 5.067889597680834s[0m
[36m[10:07:44] [Loader.py] [>] FMLoader.PostProcess() action 8 consums 5.128067466947767s[0m
[36m[10:07:50] [Loader.py] [>] FMLoader.update() action 9 consums 5.154143857955932s[0m
[36m[10:07:50] [Loader.py] [>] FMLoader.PostProcess() action 9 consums 5.214021396636963s[0m
[36m[10:07:54] [Loader.py] [>] FMLoader.update() action 10 consums 5.078241304917769s[0m
[36m[10:07:54] [Loader.py] [>] FMLoader.PostProcess() action 10 consums 5.115999698638916s[0m
[36m[10:07:59] [Loader.py] [>] FMLoader.update() action 11 consums 5.063819189866384s[0m
[36m[10:08:00] [Loader.py] [>] FMLoader.PostProcess() action 11 consums 5.122365514437358s[0m
[36m[10:08:05] [Loader.py] [>] FMLoader.update() action 12 consums 5.157836849872883s[0m
[36m[10:08:06] [Loader.py] [>] FMLoader.PostProcess() action 12 consums 5.211968440275926s[0m
[36m[10:08:10] [Loader.py] [>] FMLoader.update() action 13 consums 5.162629919392722s[0m
[36m[10:08:11] [Loader.py] [>] FMLoader.PostProcess() action 13 consums 5.214363966669355s[0m
[36m[10:08:15] [Loader.py] [>] FMLoader.update() action 14 consums 5.12910811106364s[0m
[36m[10:08:16] [Loader.py] [>] FMLoader.PostProcess() action 14 consums 5.172908608118693s[0m
[36m[10:08:20] [Loader.py] [>] FMLoader.update() action 15 consums 5.101642325520515s[0m
[36m[10:08:20] [Loader.py] [>] FMLoader.PostProcess() action 15 consums 5.140814229846001s[0m
[36m[10:08:25] [Loader.py] [>] FMLoader.update() action 16 consums 5.088315830511205s[0m
[36m[10:08:25] [Loader.py] [>] FMLoader.PostProcess() action 16 consums 5.119489010642557s[0m
[36m[10:08:30] [Loader.py] [>] FMLoader.update() action 17 consums 5.076416101720598s[0m
[36m[10:08:30] [Loader.py] [>] FMLoader.PostProcess() action 17 consums 5.118777871131897s[0m
[36m[10:08:34] [Loader.py] [>] FMLoader.update() action 18 consums 5.058004084386323s[0m
[36m[10:08:35] [Loader.py] [>] FMLoader.PostProcess() action 18 consums 5.092411216936614s[0m
[36m[10:08:39] [Loader.py] [>] FMLoader.update() action 19 consums 5.040638524293899s[0m
[36m[10:08:40] [Loader.py] [>] FMLoader.PostProcess() action 19 consums 5.072207367420196s[0m
[36m[10:08:44] [Loader.py] [>] FMLoader.update() action 20 consums 5.026503228005909s[0m
[36m[10:08:44] [Loader.py] [>] FMLoader.PostProcess() action 20 consums 5.058892011642456s[0m
[36m[10:08:50] [Loader.py] [>] FMLoader.update() action 21 consums 5.094084761359475s[0m
[36m[10:08:51] [Loader.py] [>] FMLoader.PostProcess() action 21 consums 5.124291907657277s[0m
[36m[10:08:56] [Loader.py] [>] FMLoader.update() action 22 consums 5.106530008108719s[0m
[36m[10:08:56] [Loader.py] [>] FMLoader.PostProcess() action 22 consums 5.128083550411722s[0m
[36m[10:09:01] [Loader.py] [>] FMLoader.update() action 23 consums 5.0972986569007235s[0m
[36m[10:09:01] [Loader.py] [>] FMLoader.PostProcess() action 23 consums 5.12186066309611s[0m
[36m[10:09:06] [Loader.py] [>] FMLoader.update() action 24 consums 5.090663223266602s[0m
[36m[10:09:06] [Loader.py] [>] FMLoader.PostProcess() action 24 consums 5.116258897781372s[0m
[36m[10:09:10] [Loader.py] [>] FMLoader.update() action 25 consums 5.080607790213365s[0m
[36m[10:09:11] [Loader.py] [>] FMLoader.PostProcess() action 25 consums 5.112688468052791s[0m
[36m[10:09:15] [Loader.py] [>] FMLoader.update() action 26 consums 5.081651820076837s[0m
[36m[10:09:16] [Loader.py] [>] FMLoader.PostProcess() action 26 consums 5.10786987234045s[0m
[36m[10:09:20] [Loader.py] [>] FMLoader.update() action 27 consums 5.066879021269934s[0m
[36m[10:09:21] [Loader.py] [>] FMLoader.PostProcess() action 27 consums 5.089213481971195s[0m
[36m[10:09:25] [Loader.py] [>] FMLoader.update() action 28 consums 5.049886177326071s[0m
[36m[10:09:25] [Loader.py] [>] FMLoader.PostProcess() action 28 consums 5.076140033787694s[0m
[36m[10:09:29] [Loader.py] [>] FMLoader.update() action 29 consums 5.037218976020813s[0m
[36m[10:09:30] [Loader.py] [>] FMLoader.PostProcess() action 29 consums 5.059188016255697s[0m
[36m[10:09:35] [Loader.py] [>] FMLoader.update() action 30 consums 5.040811550232672s[0m
[36m[10:09:35] [Loader.py] [>] FMLoader.PostProcess() action 30 consums 5.0660451689074115s[0m
[36m[10:09:39] [Loader.py] [>] FMLoader.update() action 31 consums 5.036909844726324s[0m
[36m[10:09:40] [Loader.py] [>] FMLoader.PostProcess() action 31 consums 5.051027067005634s[0m
[36m[10:09:44] [Loader.py] [>] FMLoader.update() action 32 consums 5.02724746501807s[0m
[36m[10:09:45] [Loader.py] [>] FMLoader.PostProcess() action 32 consums 5.041968446789366s[0m
[36m[10:09:49] [Loader.py] [>] FMLoader.update() action 33 consums 5.015888634849997s[0m
[36m[10:09:49] [Loader.py] [>] FMLoader.PostProcess() action 33 consums 5.0385158622966095s[0m
[36m[10:09:53] [Loader.py] [>] FMLoader.update() action 34 consums 4.991163550104414s[0m
[36m[10:09:54] [Loader.py] [>] FMLoader.PostProcess() action 34 consums 5.011559629440308s[0m
[36m[10:09:58] [Loader.py] [>] FMLoader.update() action 35 consums 4.981322159369786s[0m
[36m[10:09:58] [Loader.py] [>] FMLoader.PostProcess() action 35 consums 5.001413252618578s[0m
[36m[10:10:02] [Loader.py] [>] FMLoader.update() action 36 consums 4.970177547351734s[0m
[36m[10:10:03] [Loader.py] [>] FMLoader.PostProcess() action 36 consums 4.984956722001772s[0m
[36m[10:10:07] [Loader.py] [>] FMLoader.update() action 37 consums 4.969205338703959s[0m
[36m[10:10:08] [Loader.py] [>] FMLoader.PostProcess() action 37 consums 4.991849284423025s[0m
[36m[10:10:12] [Loader.py] [>] FMLoader.update() action 38 consums 4.961273294228774s[0m
[36m[10:10:12] [Loader.py] [>] FMLoader.PostProcess() action 38 consums 4.979044425181853s[0m
[36m[10:10:17] [Loader.py] [>] FMLoader.update() action 39 consums 4.958359926939011s[0m
[36m[10:10:17] [Loader.py] [>] FMLoader.PostProcess() action 39 consums 4.977501797676086s[0m
[36m[10:10:21] [Loader.py] [>] FMLoader.update() action 40 consums 4.945715476826924s[0m
[36m[10:10:22] [Loader.py] [>] FMLoader.PostProcess() action 40 consums 4.959777890182123s[0m
[36m[10:10:26] [Loader.py] [>] FMLoader.update() action 41 consums 4.936468589873541s[0m
[36m[10:10:26] [Loader.py] [>] FMLoader.PostProcess() action 41 consums 4.947836455844698s[0m
[36m[10:10:30] [Loader.py] [>] FMLoader.update() action 42 consums 4.929549727328988s[0m
[36m[10:10:31] [Loader.py] [>] FMLoader.PostProcess() action 42 consums 4.950031080911326s[0m
[36m[10:10:35] [Loader.py] [>] FMLoader.update() action 43 consums 4.914016008377075s[0m
[36m[10:10:35] [Loader.py] [>] FMLoader.PostProcess() action 43 consums 4.929996311664581s[0m
[36m[10:10:39] [Loader.py] [>] FMLoader.update() action 44 consums 4.9046348518795435s[0m
[36m[10:10:40] [Loader.py] [>] FMLoader.PostProcess() action 44 consums 4.921348089641995s[0m
[36m[10:10:43] [Loader.py] [>] FMLoader.update() action 45 consums 4.891026564266371s[0m
[36m[10:10:44] [Loader.py] [>] FMLoader.PostProcess() action 45 consums 4.909567433854808s[0m
[36m[10:10:48] [Loader.py] [>] FMLoader.update() action 46 consums 4.8828307643849795s[0m
[36m[10:10:48] [Loader.py] [>] FMLoader.PostProcess() action 46 consums 4.898603926313684s[0m
[36m[10:10:53] [Loader.py] [>] FMLoader.update() action 47 consums 4.8803894718488054s[0m
[36m[10:10:53] [Loader.py] [>] FMLoader.PostProcess() action 47 consums 4.893820544083913s[0m
[36m[10:10:59] [Loader.py] [>] FMLoader.update() action 48 consums 4.907944779006803s[0m
[36m[10:10:59] [Loader.py] [>] FMLoader.PostProcess() action 48 consums 4.920012230775794s[0m
[36m[10:11:04] [Loader.py] [>] FMLoader.update() action 49 consums 4.905518198013306s[0m
[36m[10:11:04] [Loader.py] [>] FMLoader.PostProcess() action 49 consums 4.9123008346557615s[0m
[36m[10:11:08] [Loader.py] [>] FMLoader.update() action 50 consums 4.8977369420668655s[0m
[36m[10:11:09] [Loader.py] [>] FMLoader.PostProcess() action 50 consums 4.911976561826818s[0m
[36m[10:11:13] [Loader.py] [>] FMLoader.update() action 51 consums 4.890889369524443s[0m
[36m[10:11:13] [Loader.py] [>] FMLoader.PostProcess() action 51 consums 4.8973746208044195s[0m
[36m[10:11:17] [Loader.py] [>] FMLoader.update() action 52 consums 4.888476434743629s[0m
[36m[10:11:18] [Loader.py] [>] FMLoader.PostProcess() action 52 consums 4.899014391989078s[0m
[36m[10:11:22] [Loader.py] [>] FMLoader.update() action 53 consums 4.880431303271541s[0m
[36m[10:11:22] [Loader.py] [>] FMLoader.PostProcess() action 53 consums 4.885964746828432s[0m
[36m[10:11:27] [Loader.py] [>] FMLoader.update() action 54 consums 4.877834556319497s[0m
[36m[10:11:27] [Loader.py] [>] FMLoader.PostProcess() action 54 consums 4.891010899977251s[0m
[36m[10:11:31] [Loader.py] [>] FMLoader.update() action 55 consums 4.872803656118257s[0m
[36m[10:11:32] [Loader.py] [>] FMLoader.PostProcess() action 55 consums 4.882457711866924s[0m
[36m[10:11:36] [Loader.py] [>] FMLoader.update() action 56 consums 4.872692336115921s[0m
[36m[10:11:37] [Loader.py] [>] FMLoader.PostProcess() action 56 consums 4.886018581557692s[0m
[36m[10:11:41] [Loader.py] [>] FMLoader.update() action 57 consums 4.876009869164434s[0m
[36m[10:11:41] [Loader.py] [>] FMLoader.PostProcess() action 57 consums 4.883146470990674s[0m
[36m[10:11:46] [Loader.py] [>] FMLoader.update() action 58 consums 4.875528711383626s[0m
[36m[10:11:47] [Loader.py] [>] FMLoader.PostProcess() action 58 consums 4.887654538881981s[0m
[36m[10:11:51] [Loader.py] [>] FMLoader.update() action 59 consums 4.8711817761262255s[0m
[36m[10:11:51] [Loader.py] [>] FMLoader.PostProcess() action 59 consums 4.881925026575725s[0m
[36m[10:11:55] [Loader.py] [>] FMLoader.update() action 60 consums 4.868639199460139s[0m
[36m[10:11:56] [Loader.py] [>] FMLoader.PostProcess() action 60 consums 4.88312693111232s[0m
[36m[10:12:00] [Loader.py] [>] FMLoader.update() action 61 consums 4.866256290866483s[0m
[36m[10:12:00] [Loader.py] [>] FMLoader.PostProcess() action 61 consums 4.873915426192745s[0m
[36m[10:12:05] [Loader.py] [>] FMLoader.update() action 62 consums 4.860767084454733s[0m
[36m[10:12:05] [Loader.py] [>] FMLoader.PostProcess() action 62 consums 4.872952711014521s[0m
[36m[10:12:09] [Loader.py] [>] FMLoader.update() action 63 consums 4.85389675013721s[0m
[36m[10:12:09] [Loader.py] [>] FMLoader.PostProcess() action 63 consums 4.862856507301331s[0m
[36m[10:12:14] [Loader.py] [>] FMLoader.update() action 64 consums 4.850451605136578s[0m
[36m[10:12:14] [Loader.py] [>] FMLoader.PostProcess() action 64 consums 4.86049286035391s[0m
[36m[10:12:18] [Loader.py] [>] FMLoader.update() action 65 consums 4.846925632520155s[0m
[36m[10:12:19] [Loader.py] [>] FMLoader.PostProcess() action 65 consums 4.85932752941594s[0m
[36m[10:12:23] [Loader.py] [>] FMLoader.update() action 66 consums 4.84300068243226s[0m
[36m[10:12:23] [Loader.py] [>] FMLoader.PostProcess() action 66 consums 4.8527164886246865s[0m
[36m[10:12:27] [Loader.py] [>] FMLoader.update() action 67 consums 4.835899314459632s[0m
[36m[10:12:28] [Loader.py] [>] FMLoader.PostProcess() action 67 consums 4.844306696863735s[0m
[36m[10:12:32] [Loader.py] [>] FMLoader.update() action 68 consums 4.829367965891741s[0m
[36m[10:12:32] [Loader.py] [>] FMLoader.PostProcess() action 68 consums 4.837275795314623s[0m
[36m[10:12:36] [Loader.py] [>] FMLoader.update() action 69 consums 4.822407707146236s[0m
[36m[10:12:37] [Loader.py] [>] FMLoader.PostProcess() action 69 consums 4.83464035987854s[0m
[36m[10:12:40] [Loader.py] [>] FMLoader.update() action 70 consums 4.817233863011213s[0m
[36m[10:12:41] [Loader.py] [>] FMLoader.PostProcess() action 70 consums 4.830011038713052s[0m
[36m[10:12:45] [Loader.py] [>] FMLoader.update() action 71 consums 4.818239317999946s[0m
[36m[10:12:46] [Loader.py] [>] FMLoader.PostProcess() action 71 consums 4.82429517308871s[0m
[36m[10:12:50] [Loader.py] [>] FMLoader.update() action 72 consums 4.811066745078727s[0m
[36m[10:12:50] [Loader.py] [>] FMLoader.PostProcess() action 72 consums 4.817890951078232s[0m
[36m[10:12:54] [Loader.py] [>] FMLoader.update() action 73 consums 4.807954551400365s[0m
[36m[10:12:55] [Loader.py] [>] FMLoader.PostProcess() action 73 consums 4.816238071467425s[0m
[36m[10:12:59] [Loader.py] [>] FMLoader.update() action 74 consums 4.8046999343236285s[0m
[36m[10:12:59] [Loader.py] [>] FMLoader.PostProcess() action 74 consums 4.816702836354573s[0m
[36m[10:13:03] [Loader.py] [>] FMLoader.update() action 75 consums 4.801907343299765s[0m
[36m[10:13:04] [Loader.py] [>] FMLoader.PostProcess() action 75 consums 4.812430701757732s[0m
[36m[10:13:08] [Loader.py] [>] FMLoader.update() action 76 consums 4.795461493653137s[0m
[36m[10:13:08] [Loader.py] [>] FMLoader.PostProcess() action 76 consums 4.807228398013424s[0m
[36m[10:13:12] [Loader.py] [>] FMLoader.update() action 77 consums 4.791742572417626s[0m
[36m[10:13:13] [Loader.py] [>] FMLoader.PostProcess() action 77 consums 4.80085165378375s[0m
[36m[10:13:17] [Loader.py] [>] FMLoader.update() action 78 consums 4.785459960563274s[0m
[36m[10:13:17] [Loader.py] [>] FMLoader.PostProcess() action 78 consums 4.79510006421729s[0m
[36m[10:13:21] [Loader.py] [>] FMLoader.update() action 79 consums 4.781315749883651s[0m
[36m[10:13:21] [Loader.py] [>] FMLoader.PostProcess() action 79 consums 4.7911175191402435s[0m
[36m[10:13:26] [Loader.py] [>] FMLoader.update() action 80 consums 4.778582480218676s[0m
[36m[10:13:26] [Loader.py] [>] FMLoader.PostProcess() action 80 consums 4.788985396608894s[0m
[36m[10:13:30] [Loader.py] [>] FMLoader.update() action 81 consums 4.780736465279649s[0m
[36m[10:13:31] [Loader.py] [>] FMLoader.PostProcess() action 81 consums 4.788185759288509s[0m
[36m[10:13:35] [Loader.py] [>] FMLoader.update() action 82 consums 4.776968137327447s[0m
[36m[10:13:35] [Loader.py] [>] FMLoader.PostProcess() action 82 consums 4.781998838286802s[0m
[36m[10:13:39] [Loader.py] [>] FMLoader.update() action 83 consums 4.771265424433208s[0m
[36m[10:13:40] [Loader.py] [>] FMLoader.PostProcess() action 83 consums 4.780354508331844s[0m
[36m[10:13:44] [Loader.py] [>] FMLoader.update() action 84 consums 4.768407890375923s[0m
[36m[10:13:44] [Loader.py] [>] FMLoader.PostProcess() action 84 consums 4.775244126600378s[0m
[36m[10:13:49] [Loader.py] [>] FMLoader.update() action 85 consums 4.768829735212548s[0m
[36m[10:13:49] [Loader.py] [>] FMLoader.PostProcess() action 85 consums 4.778890221617942s[0m
[36m[10:13:53] [Loader.py] [>] FMLoader.update() action 86 consums 4.768529178082258s[0m
[36m[10:13:54] [Loader.py] [>] FMLoader.PostProcess() action 86 consums 4.779999831627155s[0m
[36m[10:13:58] [Loader.py] [>] FMLoader.update() action 87 consums 4.763638872991908s[0m
[36m[10:13:58] [Loader.py] [>] FMLoader.PostProcess() action 87 consums 4.775564031167463s[0m
[36m[10:14:03] [Loader.py] [>] FMLoader.update() action 88 consums 4.767727732658386s[0m
[36m[10:14:03] [Loader.py] [>] FMLoader.PostProcess() action 88 consums 4.776948435922687s[0m
[36m[10:14:07] [Loader.py] [>] FMLoader.update() action 89 consums 4.765895736217499s[0m
[36m[10:14:08] [Loader.py] [>] FMLoader.PostProcess() action 89 consums 4.774941523869832s[0m
[36m[10:14:12] [Loader.py] [>] FMLoader.update() action 90 consums 4.7630971905949355s[0m
[36m[10:14:13] [Loader.py] [>] FMLoader.PostProcess() action 90 consums 4.7744157654898505s[0m
[36m[10:14:17] [Loader.py] [>] FMLoader.update() action 91 consums 4.763069970452267s[0m
[36m[10:14:17] [Loader.py] [>] FMLoader.PostProcess() action 91 consums 4.773542220177858s[0m
[36m[10:14:22] [Loader.py] [>] FMLoader.update() action 92 consums 4.768528456329017s[0m
[36m[10:14:22] [Loader.py] [>] FMLoader.PostProcess() action 92 consums 4.7730914033869265s[0m
[36m[10:14:27] [Loader.py] [>] FMLoader.update() action 93 consums 4.76868085785115s[0m
[36m[10:14:27] [Loader.py] [>] FMLoader.PostProcess() action 93 consums 4.7790376937135735s[0m
[36m[10:14:31] [Loader.py] [>] FMLoader.update() action 94 consums 4.7650750511570985s[0m
[36m[10:14:32] [Loader.py] [>] FMLoader.PostProcess() action 94 consums 4.774549594678377s[0m
[36m[10:14:36] [Loader.py] [>] FMLoader.update() action 95 consums 4.764742251485586s[0m
[36m[10:14:36] [Loader.py] [>] FMLoader.PostProcess() action 95 consums 4.772903263568878s[0m
[36m[10:14:40] [Loader.py] [>] FMLoader.update() action 96 consums 4.759292152739063s[0m
[36m[10:14:41] [Loader.py] [>] FMLoader.PostProcess() action 96 consums 4.7668181276813s[0m
[36m[10:14:45] [Loader.py] [>] FMLoader.update() action 97 consums 4.758539327553341s[0m
[36m[10:14:46] [Loader.py] [>] FMLoader.PostProcess() action 97 consums 4.768351435661316s[0m
[36m[10:14:50] [Loader.py] [>] FMLoader.update() action 98 consums 4.7588644605694395s[0m
[36m[10:14:50] [Loader.py] [>] FMLoader.PostProcess() action 98 consums 4.767159849706323s[0m
[36m[10:14:54] [Loader.py] [>] FMLoader.update() action 99 consums 4.758253955841065s[0m
[36m[10:14:55] [Loader.py] [>] FMLoader.PostProcess() action 99 consums 4.768767664432525s[0m
[36m[10:14:59] [Loader.py] [>] FMLoader.update() action 100 consums 4.7577780555970595s[0m
[36m[10:15:00] [Loader.py] [>] FMLoader.PostProcess() action 100 consums 4.766011667723703s[0m
[36m[10:15:04] [Loader.py] [>] FMLoader.update() action 101 consums 4.754440136984283s[0m
[36m[10:15:04] [Loader.py] [>] FMLoader.PostProcess() action 101 consums 4.763859638980791s[0m
[36m[10:15:08] [Loader.py] [>] FMLoader.update() action 102 consums 4.752265221864274s[0m
[36m[10:15:08] [Loader.py] [>] FMLoader.PostProcess() action 102 consums 4.7599919027495154s[0m
[36m[10:15:13] [Loader.py] [>] FMLoader.update() action 103 consums 4.752206338139681s[0m
[36m[10:15:13] [Loader.py] [>] FMLoader.PostProcess() action 103 consums 4.760507530890978s[0m
[36m[10:15:18] [Loader.py] [>] FMLoader.update() action 104 consums 4.753353761491321s[0m
[36m[10:15:18] [Loader.py] [>] FMLoader.PostProcess() action 104 consums 4.762886569613502s[0m
[36m[10:15:22] [Loader.py] [>] FMLoader.update() action 105 consums 4.750653754990056s[0m
[36m[10:15:23] [Loader.py] [>] FMLoader.PostProcess() action 105 consums 4.760640405259043s[0m
[36m[10:15:26] [Loader.py] [>] FMLoader.update() action 106 consums 4.746705651283264s[0m
[36m[10:15:27] [Loader.py] [>] FMLoader.PostProcess() action 106 consums 4.75580535425204s[0m
[36m[10:15:31] [Loader.py] [>] FMLoader.update() action 107 consums 4.746393372615178s[0m
[36m[10:15:32] [Loader.py] [>] FMLoader.PostProcess() action 107 consums 4.755475805865394s[0m
[36m[10:15:35] [Loader.py] [>] FMLoader.update() action 108 consums 4.741831200932144s[0m
[36m[10:15:41] [Loader.py] [>] FMLoader.update() action 109 consums 4.745486467534845s[0m
[36m[10:15:41] [Loader.py] [>] FMLoader.PostProcess() action 109 consums 4.7626957740258735s[0m
[36m[10:15:46] [Loader.py] [>] FMLoader.update() action 110 consums 4.7472258688093305s[0m
[36m[10:15:46] [Loader.py] [>] FMLoader.PostProcess() action 110 consums 4.764364036646756s[0m
[36m[10:15:50] [Loader.py] [>] FMLoader.update() action 111 consums 4.743334606289864s[0m
[36m[10:15:51] [Loader.py] [>] FMLoader.PostProcess() action 111 consums 4.763593377293767s[0m
[36m[10:15:55] [Loader.py] [>] FMLoader.update() action 112 consums 4.7460877072494645s[0m
[36m[10:15:55] [Loader.py] [>] FMLoader.PostProcess() action 112 consums 4.7625981484140665s[0m
[36m[10:15:59] [Loader.py] [>] FMLoader.update() action 113 consums 4.743802662481341s[0m
[36m[10:16:00] [Loader.py] [>] FMLoader.PostProcess() action 113 consums 4.7615590222113955s[0m
[36m[10:16:04] [Loader.py] [>] FMLoader.update() action 114 consums 4.74059201427128s[0m
[36m[10:16:04] [Loader.py] [>] FMLoader.PostProcess() action 114 consums 4.758494784957485s[0m
[36m[10:16:08] [Loader.py] [>] FMLoader.update() action 115 consums 4.740043575393742s[0m
[36m[10:16:09] [Loader.py] [>] FMLoader.PostProcess() action 115 consums 4.75919917355413s[0m
[36m[10:16:13] [Loader.py] [>] FMLoader.update() action 116 consums 4.735913585393857s[0m
[36m[10:16:13] [Loader.py] [>] FMLoader.PostProcess() action 116 consums 4.755108765487013s[0m
[36m[10:16:17] [Loader.py] [>] FMLoader.update() action 117 consums 4.735615989919436s[0m
[36m[10:16:18] [Loader.py] [>] FMLoader.PostProcess() action 117 consums 4.755300864195212s[0m
[36m[10:16:22] [Loader.py] [>] FMLoader.update() action 118 consums 4.735208516361332s[0m
[36m[10:16:23] [Loader.py] [>] FMLoader.PostProcess() action 118 consums 4.752799593796165s[0m
[36m[10:16:27] [Loader.py] [>] FMLoader.update() action 119 consums 4.732500040531159s[0m
[36m[10:16:27] [Loader.py] [>] FMLoader.PostProcess() action 119 consums 4.751881108564489s[0m
[36m[10:16:31] [Loader.py] [>] FMLoader.update() action 120 consums 4.73234136439552s[0m
[36m[10:16:32] [Loader.py] [>] FMLoader.PostProcess() action 120 consums 4.750263333320618s[0m
[36m[10:16:36] [Loader.py] [>] FMLoader.update() action 121 consums 4.728899727102186s[0m
[36m[10:16:36] [Loader.py] [>] FMLoader.PostProcess() action 121 consums 4.747389261387596s[0m
[36m[10:16:40] [Loader.py] [>] FMLoader.update() action 122 consums 4.727704804118087s[0m
[36m[10:16:41] [Loader.py] [>] FMLoader.PostProcess() action 122 consums 4.74726866894081s[0m
[36m[10:16:45] [Loader.py] [>] FMLoader.update() action 123 consums 4.727448770115452s[0m
[36m[10:16:45] [Loader.py] [>] FMLoader.PostProcess() action 123 consums 4.744403618138011s[0m
[36m[10:16:49] [Loader.py] [>] FMLoader.update() action 124 consums 4.723567189216614s[0m
[36m[10:16:50] [Loader.py] [>] FMLoader.PostProcess() action 124 consums 4.740431368350983s[0m
[36m[10:16:54] [Loader.py] [>] FMLoader.update() action 125 consums 4.7217130367718045s[0m
[36m[10:16:54] [Loader.py] [>] FMLoader.PostProcess() action 125 consums 4.736423818588257s[0m
[36m[10:16:59] [Loader.py] [>] FMLoader.update() action 126 consums 4.723763320389695s[0m
[36m[10:16:59] [Loader.py] [>] FMLoader.PostProcess() action 126 consums 4.741753284893338s[0m
[36m[10:17:03] [Loader.py] [>] FMLoader.update() action 127 consums 4.723007692955434s[0m
[36m[10:17:04] [Loader.py] [>] FMLoader.PostProcess() action 127 consums 4.740903050880733s[0m
[36m[10:17:08] [Loader.py] [>] FMLoader.update() action 128 consums 4.723459566286368s[0m
[36m[10:17:09] [Loader.py] [>] FMLoader.PostProcess() action 128 consums 4.740123273804784s[0m
[36m[10:17:12] [Loader.py] [>] FMLoader.update() action 129 consums 4.721289718151093s[0m
[36m[10:17:13] [Loader.py] [>] FMLoader.PostProcess() action 129 consums 4.7386484220046405s[0m
[36m[10:17:17] [Loader.py] [>] FMLoader.update() action 130 consums 4.721685222087015s[0m
[36m[10:17:18] [Loader.py] [>] FMLoader.PostProcess() action 130 consums 4.738722588465764s[0m
[36m[10:17:22] [Loader.py] [>] FMLoader.update() action 131 consums 4.722639111858426s[0m
[36m[10:17:23] [Loader.py] [>] FMLoader.PostProcess() action 131 consums 4.7393114384804065s[0m
[36m[10:17:27] [Loader.py] [>] FMLoader.update() action 132 consums 4.722757874574876s[0m
[36m[10:17:27] [Loader.py] [>] FMLoader.PostProcess() action 132 consums 4.739539502245007s[0m
[36m[10:17:31] [Loader.py] [>] FMLoader.update() action 133 consums 4.719926732689587s[0m
[36m[10:17:32] [Loader.py] [>] FMLoader.PostProcess() action 133 consums 4.736387708133325s[0m
[36m[10:17:36] [Loader.py] [>] FMLoader.update() action 134 consums 4.7178916542618365s[0m
[36m[10:17:36] [Loader.py] [>] FMLoader.PostProcess() action 134 consums 4.731846989090763s[0m
[36m[10:17:40] [Loader.py] [>] FMLoader.update() action 135 consums 4.7175554203636505s[0m
[36m[10:17:41] [Loader.py] [>] FMLoader.PostProcess() action 135 consums 4.734278768963284s[0m
[36m[10:17:45] [Loader.py] [>] FMLoader.update() action 136 consums 4.717355172999584s[0m
[36m[10:17:46] [Loader.py] [>] FMLoader.PostProcess() action 136 consums 4.733205679584952s[0m
[36m[10:17:50] [Loader.py] [>] FMLoader.update() action 137 consums 4.718232057232788s[0m
[36m[10:17:54] [Loader.py] [>] FMLoader.update() action 138 consums 4.716467245877218s[0m
[36m[10:17:55] [Loader.py] [>] FMLoader.PostProcess() action 138 consums 4.736398146970429s[0m
[36m[10:17:59] [Loader.py] [>] FMLoader.update() action 139 consums 4.718148475885391s[0m
[36m[10:18:00] [Loader.py] [>] FMLoader.PostProcess() action 139 consums 4.736968052560004s[0m
[36m[10:18:04] [Loader.py] [>] FMLoader.update() action 140 consums 4.714832935772889s[0m
[36m[10:18:04] [Loader.py] [>] FMLoader.PostProcess() action 140 consums 4.734345367486529s[0m
[36m[10:18:08] [Loader.py] [>] FMLoader.update() action 141 consums 4.713021379121592s[0m
[36m[10:18:08] [Loader.py] [>] FMLoader.PostProcess() action 141 consums 4.7308954051562715s[0m
[36m[10:18:13] [Loader.py] [>] FMLoader.update() action 142 consums 4.711807908711734s[0m
[36m[10:18:13] [Loader.py] [>] FMLoader.PostProcess() action 142 consums 4.730573207774061s[0m
[36m[10:18:17] [Loader.py] [>] FMLoader.update() action 143 consums 4.709764305088255s[0m
[36m[10:18:18] [Loader.py] [>] FMLoader.PostProcess() action 143 consums 4.729447791274165s[0m
[36m[10:18:22] [Loader.py] [>] FMLoader.update() action 144 consums 4.708754634857177s[0m
[36m[10:18:22] [Loader.py] [>] FMLoader.PostProcess() action 144 consums 4.727117178323385s[0m
[36m[10:18:26] [Loader.py] [>] FMLoader.update() action 145 consums 4.7062000158714925s[0m
[36m[10:18:26] [Loader.py] [>] FMLoader.PostProcess() action 145 consums 4.724569726321432s[0m
[36m[10:18:30] [Loader.py] [>] FMLoader.update() action 146 consums 4.704063470671777s[0m
[36m[10:18:31] [Loader.py] [>] FMLoader.PostProcess() action 146 consums 4.722215608070637s[0m
[36m[10:18:35] [Loader.py] [>] FMLoader.update() action 147 consums 4.704695889273205s[0m
[36m[10:18:35] [Loader.py] [>] FMLoader.PostProcess() action 147 consums 4.72144518486441s[0m
[36m[10:18:39] [Loader.py] [>] FMLoader.update() action 148 consums 4.701091954372073s[0m
[36m[10:18:40] [Loader.py] [>] FMLoader.PostProcess() action 148 consums 4.719232906289652s[0m
[36m[10:18:44] [Loader.py] [>] FMLoader.update() action 149 consums 4.699046237468719s[0m
[36m[10:18:44] [Loader.py] [>] FMLoader.PostProcess() action 149 consums 4.716522128195376s[0m
[36m[10:18:48] [Loader.py] [>] FMLoader.update() action 150 consums 4.698812434215419s[0m
[36m[10:18:49] [Loader.py] [>] FMLoader.PostProcess() action 150 consums 4.717351673433445s[0m
[36m[10:18:53] [Loader.py] [>] FMLoader.update() action 151 consums 4.696158327554402s[0m
[36m[10:18:53] [Loader.py] [>] FMLoader.PostProcess() action 151 consums 4.715214069684347s[0m
[36m[10:18:57] [Loader.py] [>] FMLoader.update() action 152 consums 4.694142961813734s[0m
[36m[10:18:58] [Loader.py] [>] FMLoader.PostProcess() action 152 consums 4.7115763102146175s[0m
[36m[10:19:02] [Loader.py] [>] FMLoader.update() action 153 consums 4.693523876852804s[0m
[36m[10:19:02] [Loader.py] [>] FMLoader.PostProcess() action 153 consums 4.711783457743494s[0m
[36m[10:19:06] [Loader.py] [>] FMLoader.update() action 154 consums 4.6908094729146645s[0m
[36m[10:19:06] [Loader.py] [>] FMLoader.PostProcess() action 154 consums 4.707968830283171s[0m
[36m[10:19:11] [Loader.py] [>] FMLoader.update() action 155 consums 4.692470744634286s[0m
[36m[10:19:11] [Loader.py] [>] FMLoader.PostProcess() action 155 consums 4.709016807667621s[0m
[36m[10:19:16] [Loader.py] [>] FMLoader.update() action 156 consums 4.695039337607706s[0m
[36m[10:19:17] [Loader.py] [>] FMLoader.PostProcess() action 156 consums 4.7130080376901935s[0m
[36m[10:19:21] [Loader.py] [>] FMLoader.update() action 157 consums 4.695007005824318s[0m
[36m[10:19:21] [Loader.py] [>] FMLoader.PostProcess() action 157 consums 4.712671970709776s[0m
[36m[10:19:25] [Loader.py] [>] FMLoader.update() action 158 consums 4.6943439994967955s[0m
[36m[10:19:26] [Loader.py] [>] FMLoader.PostProcess() action 158 consums 4.711209947136557s[0m
[36m[10:19:30] [Loader.py] [>] FMLoader.update() action 159 consums 4.694690261036158s[0m
[36m[10:19:31] [Loader.py] [>] FMLoader.PostProcess() action 159 consums 4.712086866173563s[0m
[36m[10:19:34] [Loader.py] [>] FMLoader.update() action 160 consums 4.691484769679004s[0m
[36m[10:19:38] [Loader.py] [>] FMLoader.update() action 161 consums 4.6879176541611s[0m
[36m[10:19:38] [Loader.py] [>] FMLoader.PostProcess() action 161 consums 4.7095676428117095s[0m
[36m[10:19:43] [Loader.py] [>] FMLoader.update() action 162 consums 4.688561885634814s[0m
[36m[10:19:44] [Loader.py] [>] FMLoader.PostProcess() action 162 consums 4.713660515844822s[0m
[36m[10:19:48] [Loader.py] [>] FMLoader.update() action 163 consums 4.688357254353965s[0m
[36m[10:19:48] [Loader.py] [>] FMLoader.PostProcess() action 163 consums 4.712402250455773s[0m
[36m[10:19:52] [Loader.py] [>] FMLoader.update() action 164 consums 4.686251008149349s[0m
[36m[10:19:53] [Loader.py] [>] FMLoader.PostProcess() action 164 consums 4.71084545865471s[0m
[36m[10:19:57] [Loader.py] [>] FMLoader.update() action 165 consums 4.685764783118144s[0m
[36m[10:19:57] [Loader.py] [>] FMLoader.PostProcess() action 165 consums 4.709614904380284s[0m
[36m[10:20:01] [Loader.py] [>] FMLoader.update() action 166 consums 4.686368569642484s[0m
[36m[10:20:02] [Loader.py] [>] FMLoader.PostProcess() action 166 consums 4.71046248296412s[0m
[36m[10:20:06] [Loader.py] [>] FMLoader.update() action 167 consums 4.683962680754208s[0m
[36m[10:20:06] [Loader.py] [>] FMLoader.PostProcess() action 167 consums 4.70734608968099s[0m
[36m[10:20:10] [Loader.py] [>] FMLoader.update() action 168 consums 4.683271260656548s[0m
[36m[10:20:11] [Loader.py] [>] FMLoader.PostProcess() action 168 consums 4.707245127264276s[0m
[36m[10:20:15] [Loader.py] [>] FMLoader.update() action 169 consums 4.683174557545605s[0m
[36m[10:20:16] [Loader.py] [>] FMLoader.PostProcess() action 169 consums 4.706571945887126s[0m
[36m[10:20:19] [Loader.py] [>] FMLoader.update() action 170 consums 4.681506066294442s[0m
[36m[10:20:20] [Loader.py] [>] FMLoader.PostProcess() action 170 consums 4.703901997634342s[0m
[36m[10:20:24] [Loader.py] [>] FMLoader.update() action 171 consums 4.680787137081457s[0m
[36m[10:20:24] [Loader.py] [>] FMLoader.PostProcess() action 171 consums 4.703129820569733s[0m
[36m[10:20:29] [Loader.py] [>] FMLoader.update() action 172 consums 4.680259569531921s[0m
[36m[10:20:29] [Loader.py] [>] FMLoader.PostProcess() action 172 consums 4.7033830782946415s[0m
[36m[10:20:33] [Loader.py] [>] FMLoader.update() action 173 consums 4.678196903617903s[0m
[36m[10:20:33] [Loader.py] [>] FMLoader.PostProcess() action 173 consums 4.700559553347136s[0m
[36m[10:20:37] [Loader.py] [>] FMLoader.update() action 174 consums 4.676107724734715s[0m
[36m[10:20:38] [Loader.py] [>] FMLoader.PostProcess() action 174 consums 4.697965713434441s[0m
[36m[10:20:42] [Loader.py] [>] FMLoader.update() action 175 consums 4.6765318418090995s[0m
[36m[10:20:43] [Loader.py] [>] FMLoader.PostProcess() action 175 consums 4.699404695819568s[0m
[36m[10:20:47] [Loader.py] [>] FMLoader.update() action 176 consums 4.6779173780969305s[0m
[36m[10:20:47] [Loader.py] [>] FMLoader.PostProcess() action 176 consums 4.700193462700679s[0m
[36m[10:20:51] [Loader.py] [>] FMLoader.update() action 177 consums 4.675678616159417s[0m
[36m[10:20:52] [Loader.py] [>] FMLoader.PostProcess() action 177 consums 4.697476256234305s[0m
[36m[10:20:56] [Loader.py] [>] FMLoader.update() action 178 consums 4.6740476818724055s[0m
[36m[10:20:56] [Loader.py] [>] FMLoader.PostProcess() action 178 consums 4.697035804390907s[0m
[36m[10:21:00] [Loader.py] [>] FMLoader.update() action 179 consums 4.674495503637526s[0m
[36m[10:21:01] [Loader.py] [>] FMLoader.PostProcess() action 179 consums 4.69618001496051s[0m
[36m[10:21:05] [Loader.py] [>] FMLoader.update() action 180 consums 4.672591544646584s[0m
[36m[10:21:05] [Loader.py] [>] FMLoader.PostProcess() action 180 consums 4.693131121356836s[0m
[36m[10:21:09] [Loader.py] [>] FMLoader.update() action 181 consums 4.670317618401496s[0m
[36m[10:21:09] [Loader.py] [>] FMLoader.PostProcess() action 181 consums 4.69161154171608s[0m
[36m[10:21:13] [Loader.py] [>] FMLoader.update() action 182 consums 4.66930661891979s[0m
[36m[10:21:14] [Loader.py] [>] FMLoader.PostProcess() action 182 consums 4.690718536906772s[0m
[36m[10:21:18] [Loader.py] [>] FMLoader.update() action 183 consums 4.669689997382786s[0m
[36m[10:21:19] [Loader.py] [>] FMLoader.PostProcess() action 183 consums 4.691190018838282s[0m
[36m[10:21:22] [Loader.py] [>] FMLoader.update() action 184 consums 4.6674223584097785s[0m
[36m[10:21:23] [Loader.py] [>] FMLoader.PostProcess() action 184 consums 4.6889155723236415s[0m
[36m[10:21:28] [Loader.py] [>] FMLoader.update() action 185 consums 4.670222984206292s[0m
[36m[10:21:28] [Loader.py] [>] FMLoader.PostProcess() action 185 consums 4.691669348159123s[0m
[36m[10:21:32] [Loader.py] [>] FMLoader.update() action 186 consums 4.669612321624144s[0m
[36m[10:21:33] [Loader.py] [>] FMLoader.PostProcess() action 186 consums 4.691194636666256s[0m
[36m[10:21:36] [Loader.py] [>] FMLoader.update() action 187 consums 4.667745691030584s[0m
[36m[10:21:37] [Loader.py] [>] FMLoader.PostProcess() action 187 consums 4.688914971738249s[0m
[36m[10:21:41] [Loader.py] [>] FMLoader.update() action 188 consums 4.6661157027754205s[0m
[36m[10:21:41] [Loader.py] [>] FMLoader.PostProcess() action 188 consums 4.687194312772443s[0m
[36m[10:21:46] [Loader.py] [>] FMLoader.update() action 189 consums 4.666633132256959s[0m
[36m[10:21:46] [Loader.py] [>] FMLoader.PostProcess() action 189 consums 4.6878161914845835s[0m
[36m[10:21:50] [Loader.py] [>] FMLoader.update() action 190 consums 4.666873752134633s[0m
[36m[10:21:51] [Loader.py] [>] FMLoader.PostProcess() action 190 consums 4.687422318661467s[0m
[36m[10:21:55] [Loader.py] [>] FMLoader.update() action 191 consums 4.664615483954549s[0m
[36m[10:21:55] [Loader.py] [>] FMLoader.PostProcess() action 191 consums 4.685434203930002s[0m
[36m[10:21:59] [Loader.py] [>] FMLoader.update() action 192 consums 4.663538704264349s[0m
[36m[10:22:00] [Loader.py] [>] FMLoader.PostProcess() action 192 consums 4.684175235346744s[0m
[36m[10:22:04] [Loader.py] [>] FMLoader.update() action 193 consums 4.66299594247464s[0m
[36m[10:22:04] [Loader.py] [>] FMLoader.PostProcess() action 193 consums 4.683382337630107s[0m
[36m[10:22:08] [Loader.py] [>] FMLoader.update() action 194 consums 4.662912648763412s[0m
[36m[10:22:09] [Loader.py] [>] FMLoader.PostProcess() action 194 consums 4.68275901551048s[0m
[36m[10:22:12] [Loader.py] [>] FMLoader.update() action 195 consums 4.660937798266509s[0m
[36m[10:22:17] [Loader.py] [>] FMLoader.update() action 196 consums 4.660328453567428s[0m
[36m[10:22:18] [Loader.py] [>] FMLoader.PostProcess() action 196 consums 4.685641323346548s[0m
[36m[10:22:22] [Loader.py] [>] FMLoader.update() action 197 consums 4.660423788759443s[0m
[36m[10:22:22] [Loader.py] [>] FMLoader.PostProcess() action 197 consums 4.684194237915511s[0m
[36m[10:22:26] [Loader.py] [>] FMLoader.update() action 198 consums 4.659092284926218s[0m
[36m[10:22:27] [Loader.py] [>] FMLoader.PostProcess() action 198 consums 4.683621558164939s[0m
[36m[10:22:30] [Loader.py] [>] FMLoader.update() action 199 consums 4.656699283719063s[0m
[36m[10:22:31] [Loader.py] [>] FMLoader.PostProcess() action 199 consums 4.681819682218591s[0m
[36m[10:22:35] [Loader.py] [>] FMLoader.update() action 200 consums 4.658953698120307s[0m
[36m[10:22:36] [Loader.py] [>] FMLoader.PostProcess() action 200 consums 4.6834169862234045s[0m
[36m[10:22:40] [Loader.py] [>] FMLoader.update() action 201 consums 4.660177545382245s[0m
[36m[10:22:41] [Loader.py] [>] FMLoader.PostProcess() action 201 consums 4.6855243516690805s[0m
[36m[10:22:45] [Loader.py] [>] FMLoader.update() action 202 consums 4.660973144869499s[0m
[36m[10:22:46] [Loader.py] [>] FMLoader.PostProcess() action 202 consums 4.685011758277165s[0m
[36m[10:22:51] [Loader.py] [>] FMLoader.update() action 203 consums 4.664987804258571s[0m
[36m[10:22:51] [Loader.py] [>] FMLoader.PostProcess() action 203 consums 4.689085677862168s[0m
[36m[10:22:59] [Loader.py] [>] FMLoader.update() action 204 consums 4.6839265305821485s[0m
[36m[10:23:21] [Loader.py] [>] FMLoader.update() action 205 consums 4.767331317790504s[0m
[36m[10:23:22] [Loader.py] [>] FMLoader.PostProcess() action 205 consums 4.778130058032363s[0m
[36m[10:23:29] [Loader.py] [>] FMLoader.update() action 206 consums 4.780317154483519s[0m
[36m[10:23:29] [Loader.py] [>] FMLoader.PostProcess() action 206 consums 4.79135524164332s[0m
[36m[10:23:50] [Loader.py] [>] FMLoader.update() action 207 consums 4.861218542433702s[0m
[36m[10:23:50] [Loader.py] [>] FMLoader.PostProcess() action 207 consums 4.871751723031105s[0m
[36m[10:24:10] [Loader.py] [>] FMLoader.update() action 208 consums 4.934139711434761s[0m
[36m[10:24:11] [Loader.py] [>] FMLoader.PostProcess() action 208 consums 4.949553300352657s[0m
[36m[10:24:33] [Loader.py] [>] FMLoader.update() action 209 consums 5.019610268729074s[0m
[36m[10:24:34] [Loader.py] [>] FMLoader.PostProcess() action 209 consums 5.037208937435615s[0m
[36m[10:24:54] [Loader.py] [>] FMLoader.update() action 210 consums 5.093187815770154s[0m
[36m[10:24:55] [Loader.py] [>] FMLoader.PostProcess() action 210 consums 5.11326633842246s[0m
[36m[10:25:13] [Loader.py] [>] FMLoader.update() action 211 consums 5.160535701040952s[0m
[36m[10:25:14] [Loader.py] [>] FMLoader.PostProcess() action 211 consums 5.179618594727079s[0m
[36m[10:25:31] [Loader.py] [>] FMLoader.update() action 212 consums 5.21882486007583s[0m
[36m[10:25:32] [Loader.py] [>] FMLoader.PostProcess() action 212 consums 5.242343146067399s[0m
[36m[10:25:50] [Loader.py] [>] FMLoader.update() action 213 consums 5.284230574269161s[0m
[36m[10:25:51] [Loader.py] [>] FMLoader.PostProcess() action 213 consums 5.307782133230182s[0m
[36m[10:26:09] [Loader.py] [>] FMLoader.update() action 214 consums 5.346536870889885s[0m
[36m[10:26:10] [Loader.py] [>] FMLoader.PostProcess() action 214 consums 5.372988202458337s[0m
[36m[10:27:39] [Loader.py] [>] ___________________ä¸€å…±æœ‰ 680 æ¡æ•°æ®_______________[0m
[36m[10:29:02] [Loader.py] [>]  FMLoader loads action 678 from Cache file [0m
[36m[10:29:02] [Loader.py] [>] self.datalen  : 680[0m
[36m[10:29:11] [Loader.py] [>] FMLoader.update() action 679 consums 8.954368352890015s[0m
[36m[10:29:12] [Loader.py] [>] FMLoader.PostProcess() action 679 consums 9.704509258270264s[0m
[36m[10:31:05] [Loader.py] [>] ___________________ä¸€å…±æœ‰ 680 æ¡æ•°æ®_______________[0m
[36m[10:31:10] [Loader.py] [>]  FMLoader loads action 0 from Cache file [0m
[36m[10:31:10] [Loader.py] [>] self.datalen  : 680[0m
[36m[10:31:17] [Loader.py] [>] FMLoader.update() action 0 consums 7.229037165641785s[0m
[36m[10:31:18] [Loader.py] [>] FMLoader.PostProcess() action 0 consums 7.996448040008545s[0m
[36m[10:31:24] [Loader.py] [>] FMLoader.update() action 1 consums 6.820076525211334s[0m
[36m[10:31:25] [Loader.py] [>] FMLoader.PostProcess() action 1 consums 7.203759431838989s[0m
[36m[10:31:30] [Loader.py] [>] FMLoader.update() action 2 consums 6.61615514755249s[0m
[36m[10:31:31] [Loader.py] [>] FMLoader.PostProcess() action 2 consums 6.84350848197937s[0m
[36m[10:31:34] [Loader.py] [>] FMLoader.update() action 3 consums 6.01254078745842s[0m
[36m[10:31:35] [Loader.py] [>] FMLoader.PostProcess() action 3 consums 6.188701033592224s[0m
[36m[10:31:39] [Loader.py] [>] FMLoader.update() action 4 consums 5.728560137748718s[0m
[36m[10:31:39] [Loader.py] [>] FMLoader.PostProcess() action 4 consums 5.86696572303772s[0m
[36m[10:31:43] [Loader.py] [>] FMLoader.update() action 5 consums 5.563605725765228s[0m
[36m[10:31:44] [Loader.py] [>] FMLoader.PostProcess() action 5 consums 5.672842701276143s[0m
[36m[10:31:48] [Loader.py] [>] FMLoader.update() action 6 consums 5.439488904816764s[0m
[36m[10:31:49] [Loader.py] [>] FMLoader.PostProcess() action 6 consums 5.525067874363491s[0m
[36m[10:32:29] [Loader.py] [>] ___________________ä¸€å…±æœ‰ 680 æ¡æ•°æ®_______________[0m
[36m[10:32:32] [Loader.py] [>]  FMLoader loads action 0 from Cache file [0m
[36m[10:32:32] [Loader.py] [>] self.datalen  : 680[0m
[36m[10:32:38] [Loader.py] [>] FMLoader.update() action 0 consums 5.934203505516052s[0m
[36m[10:32:39] [Loader.py] [>] FMLoader.PostProcess() action 0 consums 6.61881685256958s[0m
[36m[10:32:44] [Loader.py] [>] FMLoader.update() action 1 consums 5.848264276981354s[0m
[36m[10:32:45] [Loader.py] [>] FMLoader.PostProcess() action 1 consums 6.168164134025574s[0m
[36m[10:32:50] [Loader.py] [>] FMLoader.update() action 2 consums 5.958468993504842s[0m
[36m[10:32:51] [Loader.py] [>] FMLoader.PostProcess() action 2 consums 6.153408130009969s[0m
[36m[10:32:54] [Loader.py] [>] FMLoader.update() action 3 consums 5.510295212268829s[0m
[36m[10:32:55] [Loader.py] [>] FMLoader.PostProcess() action 3 consums 5.673197269439697s[0m
[36m[10:32:59] [Loader.py] [>] FMLoader.update() action 4 consums 5.319018077850342s[0m
[36m[10:32:59] [Loader.py] [>] FMLoader.PostProcess() action 4 consums 5.446635723114014s[0m
[36m[10:33:04] [Loader.py] [>] FMLoader.update() action 5 consums 5.227659583091736s[0m
[36m[10:33:04] [Loader.py] [>] FMLoader.PostProcess() action 5 consums 5.316517472267151s[0m
[36m[10:33:08] [Loader.py] [>] FMLoader.update() action 6 consums 5.134234002658299s[0m
[36m[10:33:09] [Loader.py] [>] FMLoader.PostProcess() action 6 consums 5.207677091870989s[0m
[36m[10:33:14] [Loader.py] [>] FMLoader.update() action 7 consums 5.236657038331032s[0m
[36m[10:33:15] [Loader.py] [>] FMLoader.PostProcess() action 7 consums 5.319788813591003s[0m
[36m[10:33:19] [Loader.py] [>] FMLoader.update() action 8 consums 5.151790221532186s[0m
[36m[10:33:19] [Loader.py] [>] FMLoader.PostProcess() action 8 consums 5.246279160181682s[0m
[36m[10:33:24] [Loader.py] [>] FMLoader.update() action 9 consums 5.181401383876801s[0m
[36m[10:33:25] [Loader.py] [>] FMLoader.PostProcess() action 9 consums 5.267708039283752s[0m
[36m[10:33:29] [Loader.py] [>] FMLoader.update() action 10 consums 5.173012896017595s[0m
[36m[10:33:30] [Loader.py] [>] FMLoader.PostProcess() action 10 consums 5.220245036211881s[0m
[36m[10:33:34] [Loader.py] [>] FMLoader.update() action 11 consums 5.1553923686345415s[0m
[36m[10:33:35] [Loader.py] [>] FMLoader.PostProcess() action 11 consums 5.2002038558324175s[0m
[36m[10:33:39] [Loader.py] [>] FMLoader.update() action 12 consums 5.110547790160546s[0m
[36m[10:33:39] [Loader.py] [>] FMLoader.PostProcess() action 12 consums 5.157029133576613s[0m
[36m[10:33:43] [Loader.py] [>] FMLoader.update() action 13 consums 5.084886687142508s[0m
[36m[10:33:44] [Loader.py] [>] FMLoader.PostProcess() action 13 consums 5.133667469024658s[0m
[36m[10:33:48] [Loader.py] [>] FMLoader.update() action 14 consums 5.073708264033s[0m
[36m[10:33:49] [Loader.py] [>] FMLoader.PostProcess() action 14 consums 5.104206466674805s[0m
[36m[10:33:50] [Loader.py] [>] ___________________ä¸€å…±æœ‰ 680 æ¡æ•°æ®_______________[0m
[36m[10:33:53] [Loader.py] [>] FMLoader.update() action 15 consums 5.073959670960903s[0m
[36m[10:33:54] [Loader.py] [>] FMLoader.PostProcess() action 15 consums 5.123325824737549s[0m
[36m[10:33:59] [Loader.py] [>] FMLoader.update() action 16 consums 5.085005353478825s[0m
[36m[10:34:00] [Loader.py] [>] FMLoader.PostProcess() action 16 consums 5.140561510534847s[0m
[36m[10:34:02] [Loader.py] [>]  FMLoader loads action 678 from Cache file [0m
[36m[10:34:02] [Loader.py] [>] self.datalen  : 680[0m
[36m[10:34:04] [Loader.py] [>] FMLoader.update() action 17 consums 5.1197310951020985s[0m
[36m[10:34:05] [Loader.py] [>] FMLoader.PostProcess() action 17 consums 5.161959158049689s[0m
[36m[10:34:08] [Loader.py] [>] FMLoader.update() action 679 consums 5.725611686706543s[0m
[36m[10:34:08] [Loader.py] [>] FMLoader.PostProcess() action 679 consums 6.190836191177368s[0m
[36m[10:34:09] [Loader.py] [>] FMLoader.update() action 18 consums 5.115354318367808s[0m
[36m[10:34:10] [Loader.py] [>] FMLoader.PostProcess() action 18 consums 5.15534318120856s[0m
[36m[10:34:14] [Loader.py] [>] FMLoader.update() action 19 consums 5.108233094215393s[0m
[36m[10:34:15] [Loader.py] [>] FMLoader.PostProcess() action 19 consums 5.152681159973144s[0m
[36m[10:34:19] [Loader.py] [>] FMLoader.update() action 20 consums 5.099168925058274s[0m
[36m[10:34:20] [Loader.py] [>] FMLoader.PostProcess() action 20 consums 5.132824965885708s[0m
[36m[10:34:24] [Loader.py] [>] FMLoader.update() action 21 consums 5.100469589233398s[0m
[36m[10:34:25] [Loader.py] [>] FMLoader.PostProcess() action 21 consums 5.132242235270414s[0m
[36m[10:34:29] [Loader.py] [>] FMLoader.update() action 22 consums 5.0885593528332915s[0m
[36m[10:34:30] [Loader.py] [>] FMLoader.PostProcess() action 22 consums 5.114714798719986s[0m
[36m[10:34:34] [Loader.py] [>] FMLoader.update() action 23 consums 5.082330584526062s[0m
[36m[10:34:35] [Loader.py] [>] FMLoader.PostProcess() action 23 consums 5.104680766661962s[0m
[36m[10:34:40] [Loader.py] [>] FMLoader.update() action 24 consums 5.126635413169861s[0m
[36m[10:34:41] [Loader.py] [>] FMLoader.PostProcess() action 24 consums 5.159429359436035s[0m
[36m[10:34:45] [Loader.py] [>] FMLoader.update() action 25 consums 5.12318202165457s[0m
[36m[10:34:46] [Loader.py] [>] FMLoader.PostProcess() action 25 consums 5.1531988474038934s[0m
[36m[10:34:50] [Loader.py] [>] FMLoader.update() action 26 consums 5.110787453474821s[0m
[36m[10:34:51] [Loader.py] [>] FMLoader.PostProcess() action 26 consums 5.1322701683750855s[0m
[36m[10:34:55] [Loader.py] [>] FMLoader.update() action 27 consums 5.092751290116992s[0m
[36m[10:34:55] [Loader.py] [>] FMLoader.PostProcess() action 27 consums 5.116195729800633s[0m
[36m[10:34:59] [Loader.py] [>] FMLoader.update() action 28 consums 5.065705303488107s[0m
[36m[10:35:00] [Loader.py] [>] FMLoader.PostProcess() action 28 consums 5.089913401110419s[0m
[36m[10:35:04] [Loader.py] [>] FMLoader.update() action 29 consums 5.044352356592814s[0m
[36m[10:35:04] [Loader.py] [>] FMLoader.PostProcess() action 29 consums 5.069235793749491s[0m
[36m[10:35:09] [Loader.py] [>] FMLoader.update() action 30 consums 5.068025896626134s[0m
[36m[10:35:10] [Loader.py] [>] FMLoader.PostProcess() action 30 consums 5.092587424862769s[0m
[36m[10:35:14] [Loader.py] [>] FMLoader.update() action 31 consums 5.0426454693078995s[0m
[36m[10:35:14] [Loader.py] [>] FMLoader.PostProcess() action 31 consums 5.06751124560833s[0m
[36m[10:35:18] [Loader.py] [>] FMLoader.update() action 32 consums 5.027994900038748s[0m
[36m[10:35:19] [Loader.py] [>] FMLoader.PostProcess() action 32 consums 5.047120838454275s[0m
[36m[10:35:24] [Loader.py] [>] FMLoader.update() action 33 consums 5.043850502547095s[0m
[36m[10:35:25] [Loader.py] [>] FMLoader.PostProcess() action 33 consums 5.071195356986102s[0m
[36m[10:35:28] [Loader.py] [>] FMLoader.update() action 34 consums 5.031168791225978s[0m
[36m[10:35:29] [Loader.py] [>] FMLoader.PostProcess() action 34 consums 5.0508614403860905s[0m
[36m[10:35:33] [Loader.py] [>] FMLoader.update() action 35 consums 5.021426300207774s[0m
[36m[10:35:34] [Loader.py] [>] FMLoader.PostProcess() action 35 consums 5.039656314584944s[0m
[36m[10:35:38] [Loader.py] [>] FMLoader.update() action 36 consums 5.005658964853029s[0m
[36m[10:35:38] [Loader.py] [>] FMLoader.PostProcess() action 36 consums 5.026312467214224s[0m
[36m[10:35:42] [Loader.py] [>] FMLoader.update() action 37 consums 4.992122854057111s[0m
[36m[10:35:43] [Loader.py] [>] FMLoader.PostProcess() action 37 consums 5.01808604441191s[0m
[36m[10:35:47] [Loader.py] [>] FMLoader.update() action 38 consums 4.981217136749854s[0m
[36m[10:35:47] [Loader.py] [>] FMLoader.PostProcess() action 38 consums 4.998005102842282s[0m
[36m[10:35:51] [Loader.py] [>] FMLoader.update() action 39 consums 4.9643429785966875s[0m
[36m[10:35:52] [Loader.py] [>] FMLoader.PostProcess() action 39 consums 4.982688027620315s[0m
[36m[10:35:56] [Loader.py] [>] FMLoader.update() action 40 consums 4.960928024315253s[0m
[36m[10:35:56] [Loader.py] [>] FMLoader.PostProcess() action 40 consums 4.969287761827794s[0m
[36m[10:36:00] [Loader.py] [>] FMLoader.update() action 41 consums 4.948986166999454s[0m
[36m[10:36:01] [Loader.py] [>] FMLoader.PostProcess() action 41 consums 4.96675253482092s[0m
[36m[10:36:05] [Loader.py] [>] FMLoader.update() action 42 consums 4.934707954872486s[0m
[36m[10:36:05] [Loader.py] [>] FMLoader.PostProcess() action 42 consums 4.954349717428518s[0m
[36m[10:36:09] [Loader.py] [>] FMLoader.update() action 43 consums 4.92499790950255s[0m
[36m[10:36:10] [Loader.py] [>] FMLoader.PostProcess() action 43 consums 4.940783728252757s[0m
[36m[10:36:14] [Loader.py] [>] FMLoader.update() action 44 consums 4.916765239503649s[0m
[36m[10:36:14] [Loader.py] [>] FMLoader.PostProcess() action 44 consums 4.934696027967665s[0m
[36m[10:36:18] [Loader.py] [>] FMLoader.update() action 45 consums 4.9037173157152925s[0m
[36m[10:36:19] [Loader.py] [>] FMLoader.PostProcess() action 45 consums 4.920161397560783s[0m
[36m[10:36:22] [Loader.py] [>] FMLoader.update() action 46 consums 4.893810010970907s[0m
[36m[10:36:23] [Loader.py] [>] FMLoader.PostProcess() action 46 consums 4.907191733096508s[0m
[36m[10:36:27] [Loader.py] [>] FMLoader.update() action 47 consums 4.890169098973274s[0m
[36m[10:36:28] [Loader.py] [>] FMLoader.PostProcess() action 47 consums 4.90299507478873s[0m
[36m[10:36:32] [Loader.py] [>] FMLoader.update() action 48 consums 4.885249281416134s[0m
[36m[10:36:32] [Loader.py] [>] FMLoader.PostProcess() action 48 consums 4.897715933468877s[0m
[36m[10:36:36] [Loader.py] [>] FMLoader.update() action 49 consums 4.878108386993408s[0m
[36m[10:36:36] [Loader.py] [>] FMLoader.PostProcess() action 49 consums 4.884299535751342s[0m
[36m[10:36:41] [Loader.py] [>] FMLoader.update() action 50 consums 4.8724803293452545s[0m
[36m[10:36:42] [Loader.py] [>] FMLoader.PostProcess() action 50 consums 4.8884224096934s[0m
[36m[10:36:45] [Loader.py] [>] FMLoader.update() action 51 consums 4.866257605644373s[0m
[36m[10:36:46] [Loader.py] [>] FMLoader.PostProcess() action 51 consums 4.879182022351485s[0m
[36m[10:36:50] [Loader.py] [>] FMLoader.update() action 52 consums 4.869342689244252s[0m
[36m[10:36:51] [Loader.py] [>] FMLoader.PostProcess() action 52 consums 4.882941889313032s[0m
[36m[10:36:55] [Loader.py] [>] FMLoader.update() action 53 consums 4.856626002876847s[0m
[36m[10:36:55] [Loader.py] [>] FMLoader.PostProcess() action 53 consums 4.869458070507756s[0m
[36m[10:36:59] [Loader.py] [>] FMLoader.update() action 54 consums 4.849735684828325s[0m
[36m[10:37:00] [Loader.py] [>] FMLoader.PostProcess() action 54 consums 4.863137513940985s[0m
[36m[10:37:04] [Loader.py] [>] FMLoader.update() action 55 consums 4.842097182359014s[0m
[36m[10:37:04] [Loader.py] [>] FMLoader.PostProcess() action 55 consums 4.8547229426247736s[0m
[36m[10:37:08] [Loader.py] [>] FMLoader.update() action 56 consums 4.835130781458135s[0m
[36m[10:37:09] [Loader.py] [>] FMLoader.PostProcess() action 56 consums 4.847337061898751s[0m
[36m[10:37:13] [Loader.py] [>] FMLoader.update() action 57 consums 4.8304217067258115s[0m
[36m[10:37:13] [Loader.py] [>] FMLoader.PostProcess() action 57 consums 4.839520413300087s[0m
[36m[10:37:17] [Loader.py] [>] FMLoader.update() action 58 consums 4.823744303089077s[0m
[36m[10:37:18] [Loader.py] [>] FMLoader.PostProcess() action 58 consums 4.837346796262062s[0m
[36m[10:37:21] [Loader.py] [>] FMLoader.update() action 59 consums 4.816807842254638s[0m
[36m[10:37:22] [Loader.py] [>] FMLoader.PostProcess() action 59 consums 4.828498109181722s[0m
[36m[10:37:26] [Loader.py] [>] FMLoader.update() action 60 consums 4.809644044422712s[0m
[36m[10:37:26] [Loader.py] [>] FMLoader.PostProcess() action 60 consums 4.821531792156032s[0m
[36m[10:37:30] [Loader.py] [>] FMLoader.update() action 61 consums 4.802548012425823s[0m
[36m[10:37:30] [Loader.py] [>] FMLoader.PostProcess() action 61 consums 4.81116001067623s[0m
[36m[10:37:34] [Loader.py] [>] FMLoader.update() action 62 consums 4.792812805327158s[0m
[36m[10:37:35] [Loader.py] [>] FMLoader.PostProcess() action 62 consums 4.807274837342519s[0m
[36m[10:37:39] [Loader.py] [>] FMLoader.update() action 63 consums 4.786549411714077s[0m
[36m[10:37:39] [Loader.py] [>] FMLoader.PostProcess() action 63 consums 4.798499032855034s[0m
[36m[10:37:43] [Loader.py] [>] FMLoader.update() action 64 consums 4.777239806835468s[0m
[36m[10:37:44] [Loader.py] [>] FMLoader.PostProcess() action 64 consums 4.789601454368005s[0m
[36m[10:37:47] [Loader.py] [>] FMLoader.update() action 65 consums 4.7717503688552165s[0m
[36m[10:37:48] [Loader.py] [>] FMLoader.PostProcess() action 65 consums 4.783204786705248s[0m
[36m[10:37:52] [Loader.py] [>] FMLoader.update() action 66 consums 4.764558222756457s[0m
[36m[10:37:52] [Loader.py] [>] FMLoader.PostProcess() action 66 consums 4.777048488161457s[0m
[36m[10:37:56] [Loader.py] [>] FMLoader.update() action 67 consums 4.760260718710282s[0m
[36m[10:37:57] [Loader.py] [>] FMLoader.PostProcess() action 67 consums 4.7709300272604995s[0m
[36m[10:38:00] [Loader.py] [>] FMLoader.update() action 68 consums 4.752116690511289s[0m
[36m[10:38:01] [Loader.py] [>] FMLoader.PostProcess() action 68 consums 4.764004838639411s[0m
[36m[10:38:05] [Loader.py] [>] FMLoader.update() action 69 consums 4.745105969905853s[0m
[36m[10:38:05] [Loader.py] [>] FMLoader.PostProcess() action 69 consums 4.758910066740853s[0m
[36m[10:38:09] [Loader.py] [>] FMLoader.update() action 70 consums 4.739015901592416s[0m
[36m[10:38:10] [Loader.py] [>] FMLoader.PostProcess() action 70 consums 4.7508947614213115s[0m
[36m[10:38:13] [Loader.py] [>] FMLoader.update() action 71 consums 4.735705324345165s[0m
[36m[10:38:14] [Loader.py] [>] FMLoader.PostProcess() action 71 consums 4.750127404928207s[0m
[36m[10:38:18] [Loader.py] [>] FMLoader.update() action 72 consums 4.730977693649187s[0m
[36m[10:38:18] [Loader.py] [>] FMLoader.PostProcess() action 72 consums 4.743325991173313s[0m
[36m[10:38:22] [Loader.py] [>] FMLoader.update() action 73 consums 4.726988826249097s[0m
[36m[10:38:26] [Loader.py] [>] FMLoader.update() action 74 consums 4.7206005636851s[0m
[36m[10:38:27] [Loader.py] [>] FMLoader.PostProcess() action 74 consums 4.744137512670981s[0m
[36m[10:38:31] [Loader.py] [>] FMLoader.update() action 75 consums 4.714779235814747s[0m
[36m[10:38:31] [Loader.py] [>] FMLoader.PostProcess() action 75 consums 4.739423100153605s[0m
[36m[10:38:35] [Loader.py] [>] FMLoader.update() action 76 consums 4.709007448964305s[0m
[36m[10:38:36] [Loader.py] [>] FMLoader.PostProcess() action 76 consums 4.733325675914162s[0m
[36m[10:38:39] [Loader.py] [>] FMLoader.update() action 77 consums 4.70349009678914s[0m
[36m[10:38:40] [Loader.py] [>] FMLoader.PostProcess() action 77 consums 4.726495981216431s[0m
[36m[10:38:44] [Loader.py] [>] FMLoader.update() action 78 consums 4.699981167346617s[0m
[36m[10:38:48] [Loader.py] [>] FMLoader.update() action 79 consums 4.695646761357784s[0m
[36m[10:38:52] [Loader.py] [>] FMLoader.update() action 80 consums 4.691472024093439s[0m
[36m[10:38:53] [Loader.py] [>] FMLoader.PostProcess() action 80 consums 4.73063556658916s[0m
[36m[10:38:57] [Loader.py] [>] FMLoader.update() action 81 consums 4.68480806815915s[0m
[36m[10:38:57] [Loader.py] [>] FMLoader.PostProcess() action 81 consums 4.722726314882689s[0m
[36m[10:39:01] [Loader.py] [>] FMLoader.update() action 82 consums 4.680395110543952s[0m
[36m[10:39:02] [Loader.py] [>] FMLoader.PostProcess() action 82 consums 4.7181307703256605s[0m
[36m[10:39:05] [Loader.py] [>] FMLoader.update() action 83 consums 4.673741075254622s[0m
[36m[10:39:06] [Loader.py] [>] FMLoader.PostProcess() action 83 consums 4.709363248613146s[0m
[36m[10:39:10] [Loader.py] [>] FMLoader.update() action 84 consums 4.671158392289105s[0m
[36m[10:39:10] [Loader.py] [>] FMLoader.PostProcess() action 84 consums 4.7033554199265275s[0m
[36m[10:39:14] [Loader.py] [>] FMLoader.update() action 85 consums 4.667393622010253s[0m
[36m[10:39:18] [Loader.py] [>] FMLoader.update() action 86 consums 4.662567549738391s[0m
[36m[10:39:19] [Loader.py] [>] FMLoader.PostProcess() action 86 consums 4.704417426902127s[0m
[36m[10:39:22] [Loader.py] [>] FMLoader.update() action 87 consums 4.6583171852610326s[0m
[36m[10:39:23] [Loader.py] [>] FMLoader.PostProcess() action 87 consums 4.699193662121182s[0m
[36m[10:39:27] [Loader.py] [>] FMLoader.update() action 88 consums 4.653666298041183s[0m
[36m[10:39:27] [Loader.py] [>] FMLoader.PostProcess() action 88 consums 4.6956606612486s[0m
[36m[10:39:38] [Loader.py] [>] FMLoader.update() action 89 consums 4.729152703285218s[0m
[36m[10:39:39] [Loader.py] [>] FMLoader.PostProcess() action 89 consums 4.774084135543468s[0m
[36m[10:40:08] [Loader.py] [>] FMLoader.update() action 90 consums 5.009139239133059s[0m
[36m[10:40:10] [Loader.py] [>] FMLoader.PostProcess() action 90 consums 5.0721321708854585s[0m
[36m[10:40:13] [Loader.py] [>] FMLoader.update() action 91 consums 5.00906531188799s[0m
[36m[10:40:14] [Loader.py] [>] FMLoader.PostProcess() action 91 consums 5.066438032822176s[0m
[36m[10:40:18] [Loader.py] [>] FMLoader.update() action 92 consums 5.002210081264537s[0m
[36m[10:40:18] [Loader.py] [>] FMLoader.PostProcess() action 92 consums 5.058927316344186s[0m
[36m[10:40:22] [Loader.py] [>] FMLoader.update() action 93 consums 4.99318665266037s[0m
[36m[10:40:23] [Loader.py] [>] FMLoader.PostProcess() action 93 consums 5.049834145439996s[0m
[36m[10:40:26] [Loader.py] [>] FMLoader.update() action 94 consums 4.987652310572172s[0m
[36m[10:40:27] [Loader.py] [>] FMLoader.PostProcess() action 94 consums 5.042423193271343s[0m
[36m[10:40:31] [Loader.py] [>] FMLoader.update() action 95 consums 4.980069833497207s[0m
[36m[10:40:31] [Loader.py] [>] FMLoader.PostProcess() action 95 consums 5.033324962076933s[0m
[36m[10:40:35] [Loader.py] [>] FMLoader.update() action 96 consums 4.973854536862717s[0m
[36m[10:40:36] [Loader.py] [>] FMLoader.PostProcess() action 96 consums 5.02540926266742s[0m
[36m[10:40:39] [Loader.py] [>] FMLoader.update() action 97 consums 4.966431221183465s[0m
[36m[10:40:40] [Loader.py] [>] FMLoader.PostProcess() action 97 consums 5.018325775227648s[0m
[36m[10:40:44] [Loader.py] [>] FMLoader.update() action 98 consums 4.959212734241678s[0m
[36m[10:40:44] [Loader.py] [>] FMLoader.PostProcess() action 98 consums 5.011218736046239s[0m
[36m[10:40:48] [Loader.py] [>] FMLoader.update() action 99 consums 4.956429417133331s[0m
[36m[10:40:49] [Loader.py] [>] FMLoader.PostProcess() action 99 consums 5.006996437907219s[0m
[36m[10:40:52] [Loader.py] [>] FMLoader.update() action 100 consums 4.94834842894337s[0m
[36m[10:40:53] [Loader.py] [>] FMLoader.PostProcess() action 100 consums 4.998280569450142s[0m
[36m[10:40:57] [Loader.py] [>] FMLoader.update() action 101 consums 4.944867698585286s[0m
[36m[10:40:58] [Loader.py] [>] FMLoader.PostProcess() action 101 consums 4.993381724065664s[0m
[36m[10:41:01] [Loader.py] [>] FMLoader.update() action 102 consums 4.938971235914138s[0m
[36m[10:41:02] [Loader.py] [>] FMLoader.PostProcess() action 102 consums 4.987585397681805s[0m
[36m[10:41:06] [Loader.py] [>] FMLoader.update() action 103 consums 4.93356094452051s[0m
[36m[10:41:06] [Loader.py] [>] FMLoader.PostProcess() action 103 consums 4.980930631160736s[0m
[36m[10:41:10] [Loader.py] [>] FMLoader.update() action 104 consums 4.931431437674023s[0m
[36m[10:41:11] [Loader.py] [>] FMLoader.PostProcess() action 104 consums 4.977770507925808s[0m
[36m[10:41:15] [Loader.py] [>] FMLoader.update() action 105 consums 4.925751758071612s[0m
[36m[10:41:15] [Loader.py] [>] FMLoader.PostProcess() action 105 consums 4.9715325575248865s[0m
[36m[10:41:19] [Loader.py] [>] FMLoader.update() action 106 consums 4.9239884748637115s[0m
[36m[10:41:20] [Loader.py] [>] FMLoader.PostProcess() action 106 consums 4.968327904210507s[0m
[36m[10:41:24] [Loader.py] [>] FMLoader.update() action 107 consums 4.917914976676305s[0m
[36m[10:41:24] [Loader.py] [>] FMLoader.PostProcess() action 107 consums 4.961628936804258s[0m
[36m[10:41:28] [Loader.py] [>] FMLoader.update() action 108 consums 4.913934068942289s[0m
[36m[10:41:29] [Loader.py] [>] FMLoader.PostProcess() action 108 consums 4.959681018193563s[0m
[36m[10:41:33] [Loader.py] [>] FMLoader.update() action 109 consums 4.912403365698728s[0m
[36m[10:41:33] [Loader.py] [>] FMLoader.PostProcess() action 109 consums 4.954834985283186s[0m
[36m[10:41:37] [Loader.py] [>] FMLoader.update() action 110 consums 4.907324150875882s[0m
[36m[10:41:38] [Loader.py] [>] FMLoader.PostProcess() action 110 consums 4.947830781758388s[0m
[36m[10:41:42] [Loader.py] [>] FMLoader.update() action 111 consums 4.907278281237398s[0m
[36m[10:41:43] [Loader.py] [>] FMLoader.PostProcess() action 111 consums 4.951206061575148s[0m
[36m[10:41:47] [Loader.py] [>] FMLoader.update() action 112 consums 4.901903167235113s[0m
[36m[10:41:47] [Loader.py] [>] FMLoader.PostProcess() action 112 consums 4.944928239244933s[0m
[36m[10:41:51] [Loader.py] [>] FMLoader.update() action 113 consums 4.897819821248975s[0m
[36m[10:41:52] [Loader.py] [>] FMLoader.PostProcess() action 113 consums 4.940640579570424s[0m
[36m[10:41:56] [Loader.py] [>] FMLoader.update() action 114 consums 4.896448970877606s[0m
[36m[10:41:56] [Loader.py] [>] FMLoader.PostProcess() action 114 consums 4.938520957757761s[0m
[36m[10:42:00] [Loader.py] [>] FMLoader.update() action 115 consums 4.892159389010791s[0m
[36m[10:42:05] [Loader.py] [>] FMLoader.update() action 116 consums 4.8890060074309s[0m
[36m[10:42:05] [Loader.py] [>] FMLoader.PostProcess() action 116 consums 4.941175190465791s[0m
[36m[10:42:09] [Loader.py] [>] FMLoader.update() action 117 consums 4.885388370287621s[0m
[36m[10:42:10] [Loader.py] [>] FMLoader.PostProcess() action 117 consums 4.936308698316591s[0m
[36m[10:42:14] [Loader.py] [>] FMLoader.update() action 118 consums 4.883875110570123s[0m
[36m[10:42:14] [Loader.py] [>] FMLoader.PostProcess() action 118 consums 4.934589503104227s[0m
[36m[10:42:18] [Loader.py] [>] FMLoader.update() action 119 consums 4.879784101247788s[0m
[36m[10:42:19] [Loader.py] [>] FMLoader.PostProcess() action 119 consums 4.930009682282158s[0m
[36m[10:42:23] [Loader.py] [>] FMLoader.update() action 120 consums 4.876283279135207s[0m
[36m[10:42:23] [Loader.py] [>] FMLoader.PostProcess() action 120 consums 4.925571005919884s[0m
[36m[10:42:27] [Loader.py] [>] FMLoader.update() action 121 consums 4.871791805400223s[0m
[36m[10:42:28] [Loader.py] [>] FMLoader.PostProcess() action 121 consums 4.920333216332982s[0m
[36m[10:42:31] [Loader.py] [>] FMLoader.update() action 122 consums 4.868373552958171s[0m
[36m[10:42:32] [Loader.py] [>] FMLoader.PostProcess() action 122 consums 4.915246316942118s[0m
[36m[10:42:36] [Loader.py] [>] FMLoader.update() action 123 consums 4.863803767388867s[0m
[36m[10:42:36] [Loader.py] [>] FMLoader.PostProcess() action 123 consums 4.909763418325857s[0m
[36m[10:42:40] [Loader.py] [>] FMLoader.update() action 124 consums 4.858457374572754s[0m
[36m[10:42:41] [Loader.py] [>] FMLoader.PostProcess() action 124 consums 4.905658398071925s[0m
[36m[10:42:45] [Loader.py] [>] FMLoader.update() action 125 consums 4.856432256244478s[0m
[36m[10:42:45] [Loader.py] [>] FMLoader.PostProcess() action 125 consums 4.903870665337428s[0m
[36m[10:42:50] [Loader.py] [>] FMLoader.update() action 126 consums 4.857729591722563s[0m
[36m[10:42:50] [Loader.py] [>] FMLoader.PostProcess() action 126 consums 4.904334597900266s[0m
[36m[10:42:54] [Loader.py] [>] FMLoader.update() action 127 consums 4.854214251972735s[0m
[36m[10:42:55] [Loader.py] [>] FMLoader.PostProcess() action 127 consums 4.899632155410642s[0m
[36m[10:42:59] [Loader.py] [>] FMLoader.update() action 128 consums 4.8536202547162075s[0m
[36m[10:42:59] [Loader.py] [>] FMLoader.PostProcess() action 128 consums 4.8968606148996665s[0m
[36m[10:43:03] [Loader.py] [>] FMLoader.update() action 129 consums 4.850172858971816s[0m
[36m[10:43:08] [Loader.py] [>] FMLoader.update() action 130 consums 4.8474563551313095s[0m
[36m[10:43:13] [Loader.py] [>] FMLoader.update() action 131 consums 4.847408515937401s[0m
[36m[10:43:13] [Loader.py] [>] FMLoader.PostProcess() action 131 consums 4.901953214645386s[0m
[36m[10:43:17] [Loader.py] [>] FMLoader.update() action 132 consums 4.846232115774226s[0m
[36m[10:43:18] [Loader.py] [>] FMLoader.PostProcess() action 132 consums 4.899740514301119s[0m
[36m[10:43:22] [Loader.py] [>] FMLoader.update() action 133 consums 4.8421188432778886s[0m
[36m[10:43:22] [Loader.py] [>] FMLoader.PostProcess() action 133 consums 4.895026043644101s[0m
[36m[10:43:26] [Loader.py] [>] FMLoader.update() action 134 consums 4.840602933035957s[0m
[36m[10:43:27] [Loader.py] [>] FMLoader.PostProcess() action 134 consums 4.895860319957137s[0m
[36m[10:43:30] [Loader.py] [>] FMLoader.update() action 135 consums 4.836359187960625s[0m
[36m[10:43:31] [Loader.py] [>] ___________________ä¸€å…±æœ‰ 680 æ¡æ•°æ®_______________[0m
[36m[10:43:31] [Loader.py] [>] FMLoader.PostProcess() action 135 consums 4.889123277146687s[0m
[36m[10:43:35] [Loader.py] [>] FMLoader.update() action 136 consums 4.8317116577259815s[0m
[36m[10:43:36] [Loader.py] [>] FMLoader.PostProcess() action 136 consums 4.884580492973328s[0m
[36m[10:43:39] [Loader.py] [>] FMLoader.update() action 137 consums 4.828607592893683s[0m
[36m[10:43:40] [Loader.py] [>] FMLoader.PostProcess() action 137 consums 4.8788901922356995s[0m
[36m[10:43:44] [Loader.py] [>] FMLoader.update() action 138 consums 4.826557370398542s[0m
[36m[10:43:45] [Loader.py] [>] FMLoader.PostProcess() action 138 consums 4.880193596536463s[0m
[36m[10:43:47] [Loader.py] [>] ___________________ä¸€å…±æœ‰ 534 æ¡æ•°æ®_______________[0m
[36m[10:43:48] [Loader.py] [>] FMLoader.update() action 139 consums 4.823916301556996s[0m
[36m[10:43:49] [Loader.py] [>] FMLoader.PostProcess() action 139 consums 4.874899433967762s[0m
[36m[10:43:53] [Loader.py] [>] FMLoader.update() action 140 consums 4.827061550837037s[0m
[36m[10:43:54] [Loader.py] [>] FMLoader.PostProcess() action 140 consums 4.877486216488169s[0m
[36m[10:43:58] [Loader.py] [>] FMLoader.update() action 141 consums 4.827080682969429s[0m
[36m[10:43:59] [Loader.py] [>] FMLoader.PostProcess() action 141 consums 4.877041454668398s[0m
[36m[10:44:03] [Loader.py] [>] FMLoader.update() action 142 consums 4.82491997071913s[0m
[36m[10:44:03] [Loader.py] [>] FMLoader.PostProcess() action 142 consums 4.873632899102042s[0m
[36m[10:44:08] [Loader.py] [>] FMLoader.update() action 143 consums 4.825705620149772s[0m
[36m[10:44:08] [Loader.py] [>] FMLoader.PostProcess() action 143 consums 4.874768740939398s[0m
[36m[10:44:12] [Loader.py] [>] FMLoader.update() action 144 consums 4.822755784823976s[0m
[36m[10:44:13] [Loader.py] [>] FMLoader.PostProcess() action 144 consums 4.871991053871486s[0m
[36m[10:44:17] [Loader.py] [>] FMLoader.update() action 145 consums 4.820299876879339s[0m
[36m[10:44:17] [Loader.py] [>] FMLoader.PostProcess() action 145 consums 4.86892491793461s[0m
[36m[10:44:21] [Loader.py] [>] FMLoader.update() action 146 consums 4.818546831202345s[0m
[36m[10:44:22] [Loader.py] [>] FMLoader.PostProcess() action 146 consums 4.867583053452628s[0m
[36m[10:44:26] [Loader.py] [>] FMLoader.update() action 147 consums 4.820543718499106s[0m
[36m[10:44:27] [Loader.py] [>] FMLoader.PostProcess() action 147 consums 4.86850435852159s[0m
[36m[10:44:30] [Loader.py] [>] FMLoader.update() action 148 consums 4.816460058993141s[0m
[36m[10:44:32] [Loader.py] [>] FMLoader.PostProcess() action 148 consums 4.866518593170274s[0m
[36m[10:44:33] [Loader.py] [>]  FMLoader loads action 532 from Cache file [0m
[36m[10:44:33] [Loader.py] [>] self.datalen  : 534[0m
[36m[10:44:35] [Loader.py] [>] FMLoader.update() action 149 consums 4.815168232917785s[0m
[36m[10:44:36] [Loader.py] [>] FMLoader.PostProcess() action 149 consums 4.863378723184545s[0m
[36m[10:44:40] [Loader.py] [>] FMLoader.update() action 150 consums 4.813456049818077s[0m
[36m[10:44:40] [Loader.py] [>] FMLoader.PostProcess() action 150 consums 4.8598631338940725s[0m
[36m[10:44:41] [Loader.py] [>] FMLoader.update() action 533 consums 7.5228869915008545s[0m
[36m[10:44:41] [Loader.py] [>] FMLoader.PostProcess() action 533 consums 8.324671745300293s[0m
[36m[10:44:44] [Loader.py] [>] FMLoader.update() action 151 consums 4.810712781391646s[0m
[36m[10:44:45] [Loader.py] [>] FMLoader.PostProcess() action 151 consums 4.856847368437668s[0m
[36m[10:44:49] [Loader.py] [>] FMLoader.update() action 152 consums 4.810084972506255s[0m
[36m[10:44:49] [Loader.py] [>] FMLoader.PostProcess() action 152 consums 4.855632889760684s[0m
[36m[10:44:53] [Loader.py] [>] FMLoader.update() action 153 consums 4.809368608833908s[0m
[36m[10:44:54] [Loader.py] [>] FMLoader.PostProcess() action 153 consums 4.854539992857952s[0m
[36m[10:44:58] [Loader.py] [>] FMLoader.update() action 154 consums 4.805622090062787s[0m
[36m[10:45:02] [Loader.py] [>] FMLoader.update() action 155 consums 4.8038562528598s[0m
[36m[10:45:03] [Loader.py] [>] FMLoader.PostProcess() action 155 consums 4.8562612034179065s[0m
[36m[10:45:07] [Loader.py] [>] FMLoader.update() action 156 consums 4.8012556809528615s[0m
[36m[10:45:07] [Loader.py] [>] FMLoader.PostProcess() action 156 consums 4.8540803602077816s[0m
[36m[10:45:11] [Loader.py] [>] FMLoader.update() action 157 consums 4.79937364934366s[0m
[36m[10:45:12] [Loader.py] [>] FMLoader.PostProcess() action 157 consums 4.851403986612956s[0m
[36m[10:45:15] [Loader.py] [>] FMLoader.update() action 158 consums 4.795862730194187s[0m
[36m[10:45:16] [Loader.py] [>] FMLoader.PostProcess() action 158 consums 4.84639665780478s[0m
[36m[10:45:20] [Loader.py] [>] FMLoader.update() action 159 consums 4.793222277611494s[0m
[36m[10:45:20] [Loader.py] [>] FMLoader.PostProcess() action 159 consums 4.843540681035895s[0m
[36m[10:45:24] [Loader.py] [>] FMLoader.update() action 160 consums 4.790899718770329s[0m
[36m[10:45:25] [Loader.py] [>] FMLoader.PostProcess() action 160 consums 4.843778848648071s[0m
[36m[10:45:28] [Loader.py] [>] FMLoader.update() action 161 consums 4.788008267496839s[0m
[36m[10:45:29] [Loader.py] [>] FMLoader.PostProcess() action 161 consums 4.838533387555705s[0m
[36m[10:45:33] [Loader.py] [>] FMLoader.update() action 162 consums 4.785751142384815s[0m
[36m[10:45:34] [Loader.py] [>] FMLoader.PostProcess() action 162 consums 4.835627203602945s[0m
[36m[10:45:37] [Loader.py] [>] FMLoader.update() action 163 consums 4.78344208801665s[0m
[36m[10:45:42] [Loader.py] [>] FMLoader.update() action 164 consums 4.7804687976837155s[0m
[36m[10:45:42] [Loader.py] [>] FMLoader.PostProcess() action 164 consums 4.836928742054181s[0m
[36m[10:45:46] [Loader.py] [>] FMLoader.update() action 165 consums 4.778218101306134s[0m
[36m[10:45:46] [Loader.py] [>] FMLoader.PostProcess() action 165 consums 4.832365245576117s[0m
[36m[10:45:50] [Loader.py] [>] FMLoader.update() action 166 consums 4.776281577384401s[0m
[36m[10:45:51] [Loader.py] [>] FMLoader.PostProcess() action 166 consums 4.832209553899644s[0m
[36m[10:45:59] [Loader.py] [>] FMLoader.update() action 167 consums 4.800273446100099s[0m
[36m[10:46:00] [Loader.py] [>] FMLoader.PostProcess() action 167 consums 4.857684943661s[0m
[36m[15:09:47] [Loader.py] [>] ___________________ä¸€å…±æœ‰ 680 æ¡æ•°æ®_______________[0m
[36m[15:10:41] [Loader.py] [>]  FMLoader loads action 678 from Cache file [0m
[36m[15:10:41] [Loader.py] [>] self.datalen  : 680[0m
[36m[15:10:50] [Loader.py] [>] FMLoader.update() action 679 consums 8.815300345420837s[0m
[36m[15:10:51] [Loader.py] [>] FMLoader.PostProcess() action 679 consums 9.620137214660645s[0m
[36m[15:27:30] [Loader.py] [>] ___________________ä¸€å…±æœ‰ 534 æ¡æ•°æ®_______________[0m
[36m[15:27:44] [Loader.py] [>]  FMLoader loads action 533 from Cache file [0m
[36m[15:27:44] [Loader.py] [>] self.datalen  : 534[0m
[36m[15:27:53] [Loader.py] [>] FMLoader.update() action 533 consums 8.43073284626007s[0m
[36m[15:27:54] [Loader.py] [>] FMLoader.PostProcess() action 533 consums 9.38002347946167s[0m
[36m[15:30:21] [Loader.py] [>] ___________________ä¸€å…±æœ‰ 680 æ¡æ•°æ®_______________[0m
[36m[15:31:20] [Loader.py] [>]  FMLoader loads action 678 from Cache file [0m
[36m[15:31:20] [Loader.py] [>] self.datalen  : 680[0m
[36m[15:31:26] [Loader.py] [>] FMLoader.update() action 679 consums 5.836279630661011s[0m
[36m[15:31:27] [Loader.py] [>] FMLoader.PostProcess() action 679 consums 6.55858588218689s[0m
