[36m[11:45:57] [Loader.py] [>] The pid of FMLoader.update_() : 37837[0m
[36m[11:45:57] [Loader.py] [>] The thread of FMLoader.update() : <Thread(Thread-6, started daemon 139768839010048)>[0m
[36m[11:45:57] [Loader.py] [>] self.datalen  : <Thread(Thread-6, started daemon 139768839010048)>[0m
[36m[11:45:57] [Loader.py] [>] The pid of FMLoader.PostProcess : 37837[0m
[36m[11:45:57] [Loader.py] [>] The thread of FMLoader.PostProcess : <Thread(Thread-8, started daemon 139768830617344)>[0m
[36m[11:46:06] [Loader.py] [>] FMLoader.update() action 0 consums 9.115262389183044s[0m
[36m[11:46:14] [Loader.py] [>] FMLoader.update() action 1 consums 8.618784487247467s[0m
[36m[11:46:21] [Loader.py] [>] FMLoader.update() action 2 consums 8.240426818529764s[0m
[36m[11:46:27] [Loader.py] [>] FMLoader.update() action 3 consums 7.658400475978851s[0m
[36m[11:46:33] [Loader.py] [>] FMLoader.update() action 4 consums 7.232245683670044s[0m
[36m[11:46:39] [Loader.py] [>] FMLoader.update() action 5 consums 7.009852270285289s[0m
[36m[11:46:45] [Loader.py] [>] FMLoader.update() action 6 consums 6.84873218195779s[0m
[36m[11:48:47] [Loader.py] [>] FMLoader.update() action 7 consums 21.300230130553246s[0m
[36m[11:48:53] [Loader.py] [>] FMLoader.update() action 8 consums 19.619316723611618s[0m
[36m[11:48:59] [Loader.py] [>] FMLoader.update() action 9 consums 18.200879621505738s[0m
[36m[11:49:04] [Loader.py] [>] FMLoader.update() action 10 consums 17.059523181481794s[0m
[36m[11:49:10] [Loader.py] [>] FMLoader.update() action 11 consums 16.107107589642208s[0m
[36m[11:49:15] [Loader.py] [>] FMLoader.update() action 12 consums 15.279401201468248s[0m
[36m[11:49:21] [Loader.py] [>] FMLoader.update() action 13 consums 14.620323853833336s[0m
[36m[11:49:28] [Loader.py] [>] FMLoader.update() action 14 consums 14.058460648854574s[0m
[36m[11:49:33] [Loader.py] [>] FMLoader.update() action 15 consums 13.499661594629288s[0m
[36m[11:49:37] [Loader.py] [>] FMLoader.update() action 16 consums 12.988697549876045s[0m
[36m[11:49:43] [Loader.py] [>] FMLoader.update() action 17 consums 12.569326374265883s[0m
[36m[11:49:48] [Loader.py] [>] FMLoader.update() action 18 consums 12.175925618723818s[0m
[36m[11:49:53] [Loader.py] [>] FMLoader.update() action 19 consums 11.820946890115739s[0m
[36m[11:49:58] [Loader.py] [>] FMLoader.update() action 20 consums 11.496137181917826s[0m
[36m[11:50:03] [Loader.py] [>] FMLoader.update() action 21 consums 11.214550473473288s[0m
[36m[11:50:08] [Loader.py] [>] FMLoader.update() action 22 consums 10.94617147549339s[0m
[36m[11:50:14] [Loader.py] [>] FMLoader.update() action 23 consums 10.713480974237124s[0m
[36m[11:50:21] [Loader.py] [>] FMLoader.update() action 24 consums 10.554397349357606s[0m
[36m[11:50:26] [Loader.py] [>] FMLoader.update() action 25 consums 10.351257466352903s[0m
[36m[11:50:31] [Loader.py] [>] FMLoader.update() action 26 consums 10.158652835422092s[0m
[36m[11:50:36] [Loader.py] [>] FMLoader.update() action 27 consums 9.976584941148758s[0m
[36m[11:50:41] [Loader.py] [>] FMLoader.update() action 28 consums 9.801273041758044s[0m
[36m[11:50:46] [Loader.py] [>] FMLoader.update() action 29 consums 9.6462371468544s[0m
[36m[11:50:52] [Loader.py] [>] FMLoader.update() action 30 consums 9.541245879665498s[0m
[36m[11:50:57] [Loader.py] [>] FMLoader.update() action 31 consums 9.390120949596167s[0m
[36m[11:51:02] [Loader.py] [>] FMLoader.update() action 32 consums 9.2560485384681s[0m
[36m[11:51:08] [Loader.py] [>] FMLoader.update() action 33 consums 9.15907071618473s[0m
[36m[11:51:13] [Loader.py] [>] FMLoader.update() action 34 consums 9.042306688853673s[0m
[36m[11:51:19] [Loader.py] [>] FMLoader.update() action 35 consums 8.946842839320501s[0m
[36m[11:51:24] [Loader.py] [>] FMLoader.update() action 36 consums 8.83599011640291s[0m
[36m[11:51:29] [Loader.py] [>] FMLoader.update() action 37 consums 8.74001684628035s[0m
[36m[11:51:34] [Loader.py] [>] FMLoader.update() action 38 consums 8.648665953905155s[0m
[36m[11:51:39] [Loader.py] [>] FMLoader.update() action 39 consums 8.563148632645607s[0m
[36m[11:51:44] [Loader.py] [>] FMLoader.update() action 40 consums 8.480419470042717s[0m
[36m[11:51:49] [Loader.py] [>] FMLoader.update() action 41 consums 8.39824987025488s[0m
[36m[11:51:54] [Loader.py] [>] FMLoader.update() action 42 consums 8.315170437790627s[0m
[36m[11:51:59] [Loader.py] [>] FMLoader.update() action 43 consums 8.244033350185914s[0m
[36m[11:52:04] [Loader.py] [>] FMLoader.update() action 44 consums 8.168937166531881s[0m
[36m[11:52:09] [Loader.py] [>] FMLoader.update() action 45 consums 8.10295788101528s[0m
[36m[11:52:15] [Loader.py] [>] FMLoader.update() action 46 consums 8.04395484163406s[0m
[36m[11:52:20] [Loader.py] [>] FMLoader.update() action 47 consums 7.984093305965264s[0m
[36m[11:52:25] [Loader.py] [>] FMLoader.update() action 48 consums 7.926218718898539s[0m
[36m[11:52:30] [Loader.py] [>] FMLoader.update() action 49 consums 7.859494667053223s[0m
[36m[11:52:35] [Loader.py] [>] FMLoader.update() action 50 consums 7.80009323942895s[0m
[36m[11:52:40] [Loader.py] [>] FMLoader.update() action 51 consums 7.747616499662399s[0m
[36m[11:52:45] [Loader.py] [>] FMLoader.update() action 52 consums 7.697504133548376s[0m
[36m[11:52:49] [Loader.py] [>] FMLoader.update() action 53 consums 7.639614679195263s[0m
[36m[11:52:54] [Loader.py] [>] FMLoader.update() action 54 consums 7.588738283244046s[0m
[36m[11:52:59] [Loader.py] [>] FMLoader.update() action 55 consums 7.544746056199074s[0m
[36m[11:53:04] [Loader.py] [>] FMLoader.update() action 56 consums 7.499737193709926s[0m
[36m[11:53:09] [Loader.py] [>] FMLoader.update() action 57 consums 7.455677776501097s[0m
[36m[11:53:14] [Loader.py] [>] FMLoader.update() action 58 consums 7.409233578180863s[0m
[36m[11:53:19] [Loader.py] [>] FMLoader.update() action 59 consums 7.366168510913849s[0m
[36m[11:53:24] [Loader.py] [>] FMLoader.update() action 60 consums 7.3268023318931705s[0m
[36m[11:53:28] [Loader.py] [>] FMLoader.update() action 61 consums 7.2862315389417835s[0m
[36m[11:53:34] [Loader.py] [>] FMLoader.update() action 62 consums 7.251977093636044s[0m
[36m[11:53:38] [Loader.py] [>] FMLoader.update() action 63 consums 7.213115686550736s[0m
[36m[11:53:43] [Loader.py] [>] FMLoader.update() action 64 consums 7.178798283063449s[0m
[36m[11:53:48] [Loader.py] [>] FMLoader.update() action 65 consums 7.146524772499546s[0m
[36m[11:53:54] [Loader.py] [>] FMLoader.update() action 66 consums 7.116299709277366s[0m
[36m[11:53:59] [Loader.py] [>] FMLoader.update() action 67 consums 7.088052050155752s[0m
[36m[11:54:05] [Loader.py] [>] FMLoader.update() action 68 consums 7.074638793433922s[0m
[36m[11:54:11] [Loader.py] [>] FMLoader.update() action 69 consums 7.055165244851794s[0m
[36m[11:54:16] [Loader.py] [>] FMLoader.update() action 70 consums 7.034181134801515s[0m
[36m[11:54:21] [Loader.py] [>] FMLoader.update() action 71 consums 7.009573191404343s[0m
[36m[11:54:26] [Loader.py] [>] FMLoader.update() action 72 consums 6.980423786868788s[0m
[36m[11:54:32] [Loader.py] [>] FMLoader.update() action 73 consums 6.959336731884931s[0m
[36m[11:54:37] [Loader.py] [>] FMLoader.update() action 74 consums 6.939481089909871s[0m
[36m[11:54:43] [Loader.py] [>] FMLoader.update() action 75 consums 6.921939647511432s[0m
[36m[11:54:49] [Loader.py] [>] FMLoader.update() action 76 consums 6.90945324959693s[0m
[36m[11:54:54] [Loader.py] [>] FMLoader.update() action 77 consums 6.886912680589235s[0m
[36m[11:54:59] [Loader.py] [>] FMLoader.update() action 78 consums 6.866225680218467s[0m
[36m[11:55:04] [Loader.py] [>] FMLoader.update() action 79 consums 6.84158256649971s[0m
[36m[11:55:09] [Loader.py] [>] FMLoader.update() action 80 consums 6.815747074138971s[0m
[36m[11:55:14] [Loader.py] [>] FMLoader.update() action 81 consums 6.793993772529975s[0m
[36m[11:55:20] [Loader.py] [>] FMLoader.update() action 82 consums 6.782128029559032s[0m
[36m[11:55:25] [Loader.py] [>] FMLoader.update() action 83 consums 6.767143940641766s[0m
[36m[11:55:30] [Loader.py] [>] FMLoader.update() action 84 consums 6.747502477028791s[0m
[36m[11:55:36] [Loader.py] [>] FMLoader.update() action 85 consums 6.733358921006668s[0m
[36m[11:55:42] [Loader.py] [>] FMLoader.update() action 86 consums 6.72718097423685s[0m
[36m[11:55:48] [Loader.py] [>] FMLoader.update() action 87 consums 6.718929393724962s[0m
[36m[11:55:53] [Loader.py] [>] FMLoader.update() action 88 consums 6.704297608204103s[0m
[36m[11:55:58] [Loader.py] [>] FMLoader.update() action 89 consums 6.685771678553687s[0m
[36m[11:56:04] [Loader.py] [>] FMLoader.update() action 90 consums 6.672966975432176s[0m
[36m[11:56:10] [Loader.py] [>] FMLoader.update() action 91 consums 6.662652283906937s[0m
[36m[11:56:15] [Loader.py] [>] FMLoader.update() action 92 consums 6.64344383311528s[0m
[36m[11:56:20] [Loader.py] [>] FMLoader.update() action 93 consums 6.630985663292256s[0m
[36m[11:56:25] [Loader.py] [>] FMLoader.update() action 94 consums 6.611032982876426s[0m
[36m[11:56:30] [Loader.py] [>] FMLoader.update() action 95 consums 6.5996589958667755s[0m
[36m[11:56:35] [Loader.py] [>] FMLoader.update() action 96 consums 6.582416755636943s[0m
[36m[11:56:40] [Loader.py] [>] FMLoader.update() action 97 consums 6.563677939833427s[0m
[36m[11:56:45] [Loader.py] [>] FMLoader.update() action 98 consums 6.544003576943369s[0m
[36m[11:56:50] [Loader.py] [>] FMLoader.update() action 99 consums 6.528405975103379s[0m
[36m[11:56:54] [Loader.py] [>] FMLoader.update() action 100 consums 6.511658693304156s[0m
[36m[11:56:59] [Loader.py] [>] FMLoader.update() action 101 consums 6.4936013069807315s[0m
[36m[11:57:04] [Loader.py] [>] FMLoader.update() action 102 consums 6.481897740688138s[0m
[36m[11:57:09] [Loader.py] [>] FMLoader.update() action 103 consums 6.4657790167973594s[0m
[36m[11:57:14] [Loader.py] [>] FMLoader.update() action 104 consums 6.451473448390052s[0m
[36m[11:57:19] [Loader.py] [>] FMLoader.update() action 105 consums 6.440683260278882s[0m
[36m[11:57:24] [Loader.py] [>] FMLoader.update() action 106 consums 6.425476294811641s[0m
[36m[11:57:30] [Loader.py] [>] FMLoader.update() action 107 consums 6.414507251094888s[0m
[36m[11:57:35] [Loader.py] [>] FMLoader.update() action 108 consums 6.4072990461226995s[0m
[36m[11:57:41] [Loader.py] [>] FMLoader.update() action 109 consums 6.398000403967771s[0m
[36m[11:57:45] [Loader.py] [>] FMLoader.update() action 110 consums 6.3838683968191745s[0m
[36m[11:57:50] [Loader.py] [>] FMLoader.update() action 111 consums 6.370106552328382s[0m
[36m[11:57:55] [Loader.py] [>] FMLoader.update() action 112 consums 6.357466669209235s[0m
[36m[11:58:00] [Loader.py] [>] FMLoader.update() action 113 consums 6.34250535463032s[0m
[36m[11:58:05] [Loader.py] [>] FMLoader.update() action 114 consums 6.3319134152453875s[0m
[36m[11:58:10] [Loader.py] [>] FMLoader.update() action 115 consums 6.320715684315254s[0m
[36m[11:58:15] [Loader.py] [>] FMLoader.update() action 116 consums 6.3057284273652945s[0m
[36m[11:58:20] [Loader.py] [>] FMLoader.update() action 117 consums 6.295256356061516s[0m
[36m[11:58:25] [Loader.py] [>] FMLoader.update() action 118 consums 6.285826693062021s[0m
[36m[11:58:29] [Loader.py] [>] FMLoader.update() action 119 consums 6.272258492310842s[0m
[36m[11:58:34] [Loader.py] [>] FMLoader.update() action 120 consums 6.259748749496523s[0m
[36m[11:58:39] [Loader.py] [>] FMLoader.update() action 121 consums 6.248809528155405s[0m
[36m[11:58:44] [Loader.py] [>] FMLoader.update() action 122 consums 6.237278321894204s[0m
[36m[11:58:49] [Loader.py] [>] FMLoader.update() action 123 consums 6.225789724819122s[0m
[36m[11:58:54] [Loader.py] [>] FMLoader.update() action 124 consums 6.214287389755249s[0m
[36m[11:58:58] [Loader.py] [>] FMLoader.update() action 125 consums 6.201949003196898s[0m
[36m[11:59:04] [Loader.py] [>] FMLoader.update() action 126 consums 6.197013640028286s[0m
[36m[11:59:09] [Loader.py] [>] FMLoader.update() action 127 consums 6.189119294285774s[0m
[36m[11:59:14] [Loader.py] [>] FMLoader.update() action 128 consums 6.179010492886683s[0m
[36m[11:59:19] [Loader.py] [>] FMLoader.update() action 129 consums 6.17271112203598s[0m
[36m[11:59:25] [Loader.py] [>] FMLoader.update() action 130 consums 6.167862415313721s[0m
[36m[11:59:31] [Loader.py] [>] FMLoader.update() action 131 consums 6.165305108735056s[0m
[36m[11:59:36] [Loader.py] [>] FMLoader.update() action 132 consums 6.157772984719815s[0m
[36m[11:59:41] [Loader.py] [>] FMLoader.update() action 133 consums 6.1497628822255495s[0m
[36m[11:59:45] [Loader.py] [>] FMLoader.update() action 134 consums 6.138181068279125s[0m
[36m[11:59:50] [Loader.py] [>] FMLoader.update() action 135 consums 6.127898274099126s[0m
[36m[11:59:55] [Loader.py] [>] FMLoader.update() action 136 consums 6.118349871496214s[0m
[36m[12:00:00] [Loader.py] [>] FMLoader.update() action 137 consums 6.1086780653483626s[0m
[36m[12:00:05] [Loader.py] [>] FMLoader.update() action 138 consums 6.100210366489218s[0m
[36m[12:00:10] [Loader.py] [>] FMLoader.update() action 139 consums 6.0929972921098985s[0m
[36m[12:00:15] [Loader.py] [>] FMLoader.update() action 140 consums 6.086756077218563s[0m
[36m[12:00:20] [Loader.py] [>] FMLoader.update() action 141 consums 6.0773474851124725s[0m
[36m[12:00:25] [Loader.py] [>] FMLoader.update() action 142 consums 6.0700802269515455s[0m
[36m[12:00:30] [Loader.py] [>] FMLoader.update() action 143 consums 6.062767172853152s[0m
[36m[12:00:35] [Loader.py] [>] FMLoader.update() action 144 consums 6.053925774837363s[0m
[36m[12:00:40] [Loader.py] [>] FMLoader.update() action 145 consums 6.046517184335891s[0m
[36m[12:00:44] [Loader.py] [>] FMLoader.update() action 146 consums 6.038208181355276s[0m
[36m[12:00:50] [Loader.py] [>] FMLoader.update() action 147 consums 6.032998608576285s[0m
[36m[12:00:55] [Loader.py] [>] FMLoader.update() action 148 consums 6.026006806616815s[0m
[36m[12:01:00] [Loader.py] [>] FMLoader.update() action 149 consums 6.019810724258423s[0m
[36m[12:01:05] [Loader.py] [>] FMLoader.update() action 150 consums 6.011590090019024s[0m
[36m[12:01:10] [Loader.py] [>] FMLoader.update() action 151 consums 6.00530964292978s[0m
[36m[12:01:15] [Loader.py] [>] FMLoader.update() action 152 consums 6.000448424831714s[0m
[36m[12:01:20] [Loader.py] [>] FMLoader.update() action 153 consums 5.996718613358287s[0m
[36m[12:01:26] [Loader.py] [>] FMLoader.update() action 154 consums 5.991937789609356s[0m
[36m[12:01:34] [Loader.py] [>] FMLoader.update() action 155 consums 6.009513224546726s[0m
[36m[12:01:41] [Loader.py] [>] FMLoader.update() action 156 consums 6.011264424415151s[0m
[36m[12:01:46] [Loader.py] [>] FMLoader.update() action 157 consums 6.008416764343841s[0m
[36m[12:01:51] [Loader.py] [>] FMLoader.update() action 158 consums 6.000950350701434s[0m
[36m[12:01:56] [Loader.py] [>] FMLoader.update() action 159 consums 5.993366327881813s[0m
[36m[12:02:01] [Loader.py] [>] FMLoader.update() action 160 consums 5.991461640559368s[0m
[36m[12:02:21] [Loader.py] [>] FMLoader.update() action 161 consums 6.07415928001757s[0m
[36m[12:02:41] [Loader.py] [>] FMLoader.update() action 162 consums 6.15884943608126s[0m
[36m[12:03:00] [Loader.py] [>] FMLoader.update() action 163 consums 6.237639435907689s[0m
[36m[12:03:19] [Loader.py] [>] FMLoader.update() action 164 consums 6.313543028542489s[0m
[36m[12:03:37] [Loader.py] [>] FMLoader.update() action 165 consums 6.386632235653429s[0m
[36m[12:03:56] [Loader.py] [>] FMLoader.update() action 166 consums 6.462185280765602s[0m
[36m[12:04:15] [Loader.py] [>] FMLoader.update() action 167 consums 6.538098062078158s[0m
[36m[12:04:33] [Loader.py] [>] FMLoader.update() action 168 consums 6.603590139975915s[0m
